#
# A fatal error has been detected by the Java Runtime Environment:
#
#  SIGSEGV (0xb) at pc=0x00007f85f778a905, pid=27677, tid=27706
#
# JRE version: OpenJDK Runtime Environment (11.0.5+10) (build 11.0.5+10-post-Ubuntu-0ubuntu1.118.04)
# Java VM: OpenJDK 64-Bit Server VM (11.0.5+10-post-Ubuntu-0ubuntu1.118.04, mixed mode, sharing, tiered, compressed oops, g1 gc, linux-amd64)
# Problematic frame:
# V  [libjvm.so+0x76e905]
#
# Core dump will be written. Default location: Core dumps may be processed with "/usr/share/apport/apport %p %s %c %d %P" (or dumping to /home/rumit/workspace-sts-3.9.11.RELEASE/AMS2/core.27677)
#
# If you would like to submit a bug report, please visit:
#   Unknown
#

---------------  S U M M A R Y ------------

Command Line: -Dcom.sun.management.jmxremote -Dcom.sun.management.jmxremote.port=46217 -Dcom.sun.management.jmxremote.authenticate=false -Dcom.sun.management.jmxremote.ssl=false -Djava.rmi.server.hostname=localhost -Dspring.jmx.enabled=true -Dspring.liveBeansView.mbeanDomain -Dspring.application.admin.enabled=true -Djava.security.egd=file:/dev/./urandom -Xverify:none -XX:TieredStopAtLevel=1 -Dspring.boot.project.name=AMS2 -Dfile.encoding=UTF-8 com.AMS.AMS --spring.output.ansi.enabled=always

Host: Intel(R) Core(TM) i3 CPU         540  @ 3.07GHz, 4 cores, 7G, Ubuntu 18.04.3 LTS
Time: Fri Mar  6 16:06:47 2020 IST elapsed time: 12 seconds (0d 0h 0m 12s)

---------------  T H R E A D  ---------------

Current thread (0x00007f85bc003800):  GCTaskThread "GC Thread#2" [stack: 0x00007f859efcf000,0x00007f859f0cf000] [id=27706]

Stack: [0x00007f859efcf000,0x00007f859f0cf000],  sp=0x00007f859f0cd980,  free space=1018k
Native frames: (J=compiled Java code, A=aot compiled Java code, j=interpreted, Vv=VM code, C=native code)
V  [libjvm.so+0x76e905]
V  [libjvm.so+0x76c0f8]
V  [libjvm.so+0x781866]
V  [libjvm.so+0x6e0038]
V  [libjvm.so+0x72896a]
V  [libjvm.so+0x77b9fd]
V  [libjvm.so+0x77bb5b]
V  [libjvm.so+0x736722]
V  [libjvm.so+0xe172fd]
V  [libjvm.so+0xd7ba0a]
V  [libjvm.so+0xbcd3ce]


siginfo: si_signo: 11 (SIGSEGV), si_code: 1 (SEGV_MAPERR), si_addr: 0x0000000bfff6e050

Register to memory mapping:

RAX=0x0000000000000001 is an unknown value
RBX=0x000000008e185190 points into unknown readable memory: 56 4c 82 2a 28 e2 96 31
RCX=0x0000000000000003 is an unknown value
RDX=0x00007f85f83cd550: <offset 0x00000000013b1550> in /usr/lib/jvm/java-11-openjdk-amd64/lib/server/libjvm.so at 0x00007f85f701c000
RSP=0x00007f859f0cd980 points into unknown readable memory: b0 d9 0c 9f 85 7f 00 00
RBP=0x00007f859f0cda00 points into unknown readable memory: a0 da 0c 9f 85 7f 00 00
RSI=0x0000000000000001 is an unknown value
RDI=0x0000000bfff6e048 is an unknown value
R8 =0x0 is NULL
R9 =0x0 is NULL
R10=0x000000008cbae275 points into unknown readable memory: 51 18 8e
R11=0x0000000000000003 is an unknown value
R12=0x00007f856c000b90 points into unknown readable memory: d0 c3 2f f8 85 7f 00 00
R13=0x0000000000000040 is an unknown value
R14=0x00007f856c000b90 points into unknown readable memory: d0 c3 2f f8 85 7f 00 00
R15=0x000000008cbae274 points into unknown readable memory: 90 51 18 8e


Registers:
RAX=0x0000000000000001, RBX=0x000000008e185190, RCX=0x0000000000000003, RDX=0x00007f85f83cd550
RSP=0x00007f859f0cd980, RBP=0x00007f859f0cda00, RSI=0x0000000000000001, RDI=0x0000000bfff6e048
R8 =0x0000000000000000, R9 =0x0000000000000000, R10=0x000000008cbae275, R11=0x0000000000000003
R12=0x00007f856c000b90, R13=0x0000000000000040, R14=0x00007f856c000b90, R15=0x000000008cbae274
RIP=0x00007f85f778a905, EFLAGS=0x0000000000010206, CSGSFS=0x002b000000000033, ERR=0x0000000000000004
  TRAPNO=0x000000000000000e

Top of Stack: (sp=0x00007f859f0cd980)
0x00007f859f0cd980:   00007f859f0cd9b0 00007f85f8badea6
0x00007f859f0cd990:   00007f8500000001 00007f8500000002
0x00007f859f0cd9a0:   000000000000000c 00000018f7be047f
0x00007f859f0cd9b0:   3196e2282a824c56 000000002e274701 

Instructions: (pc=0x00007f85f778a905)
0x00007f85f778a805:   00 01 49 c7 85 30 01 00 00 00 00 00 00 74 43 4d
0x00007f85f778a815:   8b 4d 10 49 8b 4d 08 49 8d bd 04 01 00 00 4d 8b
0x00007f85f778a825:   7d 50 4c 89 4d c0 48 89 4d c8 e8 ec bd 08 00 4c
0x00007f85f778a835:   8b 4d c0 48 8b 4d c8 48 8d 35 9e 7f 73 00 48 8d
0x00007f85f778a845:   3d 16 25 73 00 48 89 c2 4d 89 f8 31 c0 e8 49 99
0x00007f85f778a855:   fa ff 49 8b 7c 24 08 41 8b b4 24 9c 01 00 00 4c
0x00007f85f778a865:   89 f1 48 89 da e8 b1 b0 fb ff 48 8d 05 76 f5 c6
0x00007f85f778a875:   00 4d 89 ac 24 90 01 00 00 49 8d bc 24 70 01 00
0x00007f85f778a885:   00 80 38 00 75 2d 48 8b 53 08 48 63 4a 0c 48 8d
0x00007f85f778a895:   05 06 e7 c6 00 48 89 de ff 14 c8 48 83 c4 18 48
0x00007f85f778a8a5:   89 d8 5b 41 5c 41 5d 41 5e 41 5f 5d c3 66 0f 1f
0x00007f85f778a8b5:   44 00 00 48 8d 05 91 2c c4 00 8b 53 08 8b 48 08
0x00007f85f778a8c5:   48 d3 e2 48 03 10 eb c2 90 66 90 55 48 89 e5 41
0x00007f85f778a8d5:   57 41 56 41 55 41 54 49 89 fe 53 48 89 d3 48 83
0x00007f85f778a8e5:   ec 58 48 8d 05 fe f4 c6 00 40 88 75 b8 48 89 4d
0x00007f85f778a8f5:   b0 0f b6 00 84 c0 0f 85 7f 01 00 00 48 8b 7a 08
0x00007f85f778a905:   44 8b 6f 08 41 83 fd 00 0f 8e 4d 01 00 00 41 f6
0x00007f85f778a915:   c5 01 0f 85 49 01 00 00 41 c1 fd 03 49 8b 46 08
0x00007f85f778a925:   48 89 da 45 31 db 4d 63 d5 8b 88 c0 02 00 00 48
0x00007f85f778a935:   8b 80 b0 02 00 00 48 d3 ea 80 7d b8 01 48 8b 04
0x00007f85f778a945:   d0 8b 80 40 01 00 00 89 45 ac 0f 84 b3 02 00 00
0x00007f85f778a955:   48 0f be 45 b8 41 80 be c8 01 00 00 00 45 0f b6
0x00007f85f778a965:   bc 06 68 01 00 00 74 0a 41 80 ff 02 0f 84 41 05
0x00007f85f778a975:   00 00 41 80 ff 01 45 0f be c7 40 0f 95 c6 49 8b
0x00007f85f778a985:   7e 60 49 63 c0 8b 8f 28 01 00 00 48 8b 84 c7 10
0x00007f85f778a995:   01 00 00 85 c9 48 8b 50 38 4c 8b 60 30 74 09 40
0x00007f85f778a9a5:   84 f6 0f 84 63 05 00 00 4c 29 e2 48 c1 ea 03 49
0x00007f85f778a9b5:   39 d2 0f 87 7f 03 00 00 4b 8d 14 d4 4d 85 e4 48
0x00007f85f778a9c5:   89 50 30 0f 84 6a 03 00 00 48 8d 05 7b 83 c2 00
0x00007f85f778a9d5:   48 8b 00 41 0f 18 0c 04 4c 89 e1 48 8b 13 48 83
0x00007f85f778a9e5:   c9 03 eb 1b 0f 1f 80 00 00 00 00 48 89 d0 f0 48
0x00007f85f778a9f5:   0f b1 0b 48 39 c2 0f 84 9f 00 00 00 48 89 c2 48 


Stack slot to memory mapping:
stack at sp + 0 slots: 0x00007f859f0cd9b0 points into unknown readable memory: 56 4c 82 2a 28 e2 96 31
stack at sp + 1 slots: 0x00007f85f8badea6: __clock_gettime+0x0000000000000026 in /lib/x86_64-linux-gnu/libc.so.6 at 0x00007f85f8a7d000
stack at sp + 2 slots: 0x00007f8500000001 is an unknown value
stack at sp + 3 slots: 0x00007f8500000002 is an unknown value
stack at sp + 4 slots: 0x000000000000000c is an unknown value
stack at sp + 5 slots: 0x00000018f7be047f is an unknown value
stack at sp + 6 slots: 0x3196e2282a824c56 is an unknown value
stack at sp + 7 slots: 0x000000002e274701 is an unknown value


---------------  P R O C E S S  ---------------

Threads class SMR info:
_java_thread_list=0x00007f8574932690, length=16, elements={
0x00007f85f0017000, 0x00007f85f010d800, 0x00007f85f0117800, 0x00007f85f011d000,
0x00007f85f011f000, 0x00007f85f0121000, 0x00007f85f0136800, 0x00007f85f0166800,
0x00007f85f052b000, 0x00007f85f0533800, 0x00007f85f054c800, 0x00007f85f08ca000,
0x00007f8580002800, 0x00007f8574925000, 0x00007f8574926000, 0x00007f8574931800
}

Java Threads: ( => current thread )
  0x00007f85f0017000 JavaThread "main" [_thread_blocked, id=27683, stack(0x00007f85f917f000,0x00007f85f9280000)]
  0x00007f85f010d800 JavaThread "Reference Handler" daemon [_thread_blocked, id=27690, stack(0x00007f85d8057000,0x00007f85d8158000)]
  0x00007f85f0117800 JavaThread "Finalizer" daemon [_thread_blocked, id=27691, stack(0x00007f85d025f000,0x00007f85d0360000)]
  0x00007f85f011d000 JavaThread "Signal Dispatcher" daemon [_thread_blocked, id=27692, stack(0x00007f85d015e000,0x00007f85d025f000)]
  0x00007f85f011f000 JavaThread "C1 CompilerThread0" daemon [_thread_blocked, id=27693, stack(0x00007f85d005d000,0x00007f85d015e000)]
  0x00007f85f0121000 JavaThread "Sweeper thread" daemon [_thread_blocked, id=27694, stack(0x00007f85c8d30000,0x00007f85c8e31000)]
  0x00007f85f0136800 JavaThread "Common-Cleaner" daemon [_thread_blocked, id=27695, stack(0x00007f85c8c2f000,0x00007f85c8d30000)]
  0x00007f85f0166800 JavaThread "Service Thread" daemon [_thread_blocked, id=27696, stack(0x00007f85c8b2e000,0x00007f85c8c2f000)]
  0x00007f85f052b000 JavaThread "RMI TCP Accept-0" daemon [_thread_in_native, id=27697, stack(0x00007f859f8da000,0x00007f859f9db000)]
  0x00007f85f0533800 JavaThread "RMI TCP Accept-46217" daemon [_thread_in_native, id=27698, stack(0x00007f859f7d9000,0x00007f859f8da000)]
  0x00007f85f054c800 JavaThread "RMI TCP Accept-0" daemon [_thread_in_native, id=27699, stack(0x00007f859f6d8000,0x00007f859f7d9000)]
  0x00007f85f08ca000 JavaThread "Thread-0" [_thread_blocked, id=27703, stack(0x00007f859f2d1000,0x00007f859f3d2000)]
  0x00007f8580002800 JavaThread "restartedMain" [_thread_blocked, id=27704, stack(0x00007f859f1d0000,0x00007f859f2d1000)]
  0x00007f8574925000 JavaThread "ContainerBackgroundProcessor[StandardEngine[Tomcat]]" daemon [_thread_blocked, id=27709, stack(0x00007f859f0cf000,0x00007f859f1d0000)]
  0x00007f8574926000 JavaThread "container-0" [_thread_blocked, id=27710, stack(0x00007f859e5ca000,0x00007f859e6cb000)]
  0x00007f8574931800 JavaThread "Abandoned connection cleanup thread" daemon [_thread_blocked, id=27711, stack(0x00007f859dac9000,0x00007f859dbca000)]

Other Threads:
  0x00007f85f010a800 VMThread "VM Thread" [stack: 0x00007f85d815a000,0x00007f85d825a000] [id=27689]
  0x00007f85f054f000 WatcherThread [stack: 0x00007f859f5d8000,0x00007f859f6d8000] [id=27700]
  0x00007f85f002f800 GCTaskThread "GC Thread#0" [stack: 0x00007f85f5178000,0x00007f85f5278000] [id=27684]
  0x00007f85bc001000 GCTaskThread "GC Thread#1" [stack: 0x00007f859f4d6000,0x00007f859f5d6000] [id=27701]
=>0x00007f85bc003800 GCTaskThread "GC Thread#2" [stack: 0x00007f859efcf000,0x00007f859f0cf000] [id=27706]
  0x00007f85bc005000 GCTaskThread "GC Thread#3" [stack: 0x00007f859eecd000,0x00007f859efcd000] [id=27707]
  0x00007f85f0060000 ConcurrentGCThread "G1 Main Marker" [stack: 0x00007f85f4114000,0x00007f85f4214000] [id=27685]
  0x00007f85f0061800 ConcurrentGCThread "G1 Conc#0" [stack: 0x00007f85f4012000,0x00007f85f4112000] [id=27686]
  0x00007f85f00d8000 ConcurrentGCThread "G1 Refine#0" [stack: 0x00007f85d843a000,0x00007f85d853a000] [id=27687]
  0x00007f85c0001000 ConcurrentGCThread "G1 Refine#1" [stack: 0x00007f859f3d4000,0x00007f859f4d4000] [id=27702]
  0x00007f85f00da000 ConcurrentGCThread "G1 Young RemSet Sampling" [stack: 0x00007f85d8338000,0x00007f85d8438000] [id=27688]

Threads with active compile tasks:

VM state:at safepoint (normal execution)

VM Mutex/Monitor currently owned by a thread:  ([mutex/lock_event])
[0x00007f85f0013390] Threads_lock - owner thread: 0x00007f85f010a800
[0x00007f85f0013ae0] Heap_lock - owner thread: 0x00007f8580002800

Heap address: 0x0000000086c00000, size: 1940 MB, Compressed Oops mode: 32-bit
Narrow klass base: 0x0000000800000000, Narrow klass shift: 3
Compressed class space size: 1073741824 Address: 0x0000000840000000

Heap:
 garbage-first heap   total 152576K, used 64267K [0x0000000086c00000, 0x0000000100000000)
  region size 1024K, 56 young (57344K), 10 survivors (10240K)
 Metaspace       used 34281K, capacity 35483K, committed 35628K, reserved 1079296K
  class space    used 4472K, capacity 4970K, committed 4992K, reserved 1048576K
Heap Regions: E=young(eden), S=young(survivor), O=old, HS=humongous(starts), HC=humongous(continues), CS=collection set, F=free, A=archive, TAMS=top-at-mark-start (previous, next)
|   0|0x0000000086c00000, 0x0000000086d00000, 0x0000000086d00000|100%|HS|  |TAMS 0x0000000086d00000, 0x0000000086d00000| Complete 
|   1|0x0000000086d00000, 0x0000000086e00000, 0x0000000086e00000|100%| O|  |TAMS 0x0000000086e00000, 0x0000000086e00000| Untracked 
|   2|0x0000000086e00000, 0x0000000086f00000, 0x0000000086f00000|100%| O|  |TAMS 0x0000000086f00000, 0x0000000086f00000| Untracked 
|   3|0x0000000086f00000, 0x0000000087000000, 0x0000000087000000|100%| O|  |TAMS 0x0000000087000000, 0x0000000087000000| Untracked 
|   4|0x0000000087000000, 0x0000000087100000, 0x0000000087100000|100%| O|  |TAMS 0x0000000087100000, 0x0000000087100000| Untracked 
|   5|0x0000000087100000, 0x0000000087200000, 0x0000000087200000|100%| O|  |TAMS 0x00000000871dae00, 0x0000000087200000| Untracked 
|   6|0x0000000087200000, 0x0000000087300000, 0x0000000087300000|100%| O|  |TAMS 0x0000000087200000, 0x0000000087300000| Untracked 
|   7|0x0000000087300000, 0x0000000087400000, 0x0000000087400000|100%| O|  |TAMS 0x0000000087300000, 0x0000000087400000| Untracked 
|   8|0x0000000087400000, 0x0000000087500000, 0x0000000087500000|100%| O|  |TAMS 0x0000000087400000, 0x0000000087500000| Untracked 
|   9|0x0000000087500000, 0x0000000087600000, 0x0000000087600000|100%| O|  |TAMS 0x0000000087500000, 0x0000000087600000| Untracked 
|  10|0x0000000087600000, 0x0000000087700000, 0x0000000087700000|100%| O|  |TAMS 0x0000000087600000, 0x0000000087700000| Untracked 
|  11|0x0000000087700000, 0x0000000087794400, 0x0000000087800000| 57%| O|  |TAMS 0x0000000087700000, 0x0000000087800000| Untracked 
|  12|0x0000000087800000, 0x0000000087800000, 0x0000000087900000|  0%| F|  |TAMS 0x0000000087800000, 0x0000000087800000| Untracked 
|  13|0x0000000087900000, 0x0000000087900000, 0x0000000087a00000|  0%| F|  |TAMS 0x0000000087900000, 0x0000000087900000| Untracked 
|  14|0x0000000087a00000, 0x0000000087a00000, 0x0000000087b00000|  0%| F|  |TAMS 0x0000000087a00000, 0x0000000087a00000| Untracked 
|  15|0x0000000087b00000, 0x0000000087b00000, 0x0000000087c00000|  0%| F|  |TAMS 0x0000000087b00000, 0x0000000087b00000| Untracked 
|  16|0x0000000087c00000, 0x0000000087c00000, 0x0000000087d00000|  0%| F|  |TAMS 0x0000000087c00000, 0x0000000087c00000| Untracked 
|  17|0x0000000087d00000, 0x0000000087d00000, 0x0000000087e00000|  0%| F|  |TAMS 0x0000000087d00000, 0x0000000087d00000| Untracked 
|  18|0x0000000087e00000, 0x0000000087e00000, 0x0000000087f00000|  0%| F|  |TAMS 0x0000000087e00000, 0x0000000087e00000| Untracked 
|  19|0x0000000087f00000, 0x0000000087f00000, 0x0000000088000000|  0%| F|  |TAMS 0x0000000087f00000, 0x0000000087f00000| Untracked 
|  20|0x0000000088000000, 0x0000000088000000, 0x0000000088100000|  0%| F|  |TAMS 0x0000000088000000, 0x0000000088000000| Untracked 
|  21|0x0000000088100000, 0x0000000088100000, 0x0000000088200000|  0%| F|  |TAMS 0x0000000088100000, 0x0000000088100000| Untracked 
|  22|0x0000000088200000, 0x0000000088200000, 0x0000000088300000|  0%| F|  |TAMS 0x0000000088200000, 0x0000000088200000| Untracked 
|  23|0x0000000088300000, 0x0000000088300000, 0x0000000088400000|  0%| F|  |TAMS 0x0000000088300000, 0x0000000088300000| Untracked 
|  24|0x0000000088400000, 0x0000000088400000, 0x0000000088500000|  0%| F|  |TAMS 0x0000000088400000, 0x0000000088400000| Untracked 
|  25|0x0000000088500000, 0x0000000088500000, 0x0000000088600000|  0%| F|  |TAMS 0x0000000088500000, 0x0000000088500000| Untracked 
|  26|0x0000000088600000, 0x0000000088600000, 0x0000000088700000|  0%| F|  |TAMS 0x0000000088600000, 0x0000000088600000| Untracked 
|  27|0x0000000088700000, 0x0000000088700000, 0x0000000088800000|  0%| F|  |TAMS 0x0000000088700000, 0x0000000088700000| Untracked 
|  28|0x0000000088800000, 0x0000000088800000, 0x0000000088900000|  0%| F|  |TAMS 0x0000000088800000, 0x0000000088800000| Untracked 
|  29|0x0000000088900000, 0x0000000088900000, 0x0000000088a00000|  0%| F|  |TAMS 0x0000000088900000, 0x0000000088900000| Untracked 
|  30|0x0000000088a00000, 0x0000000088a00000, 0x0000000088b00000|  0%| F|  |TAMS 0x0000000088a00000, 0x0000000088a00000| Untracked 
|  31|0x0000000088b00000, 0x0000000088b00000, 0x0000000088c00000|  0%| F|  |TAMS 0x0000000088b00000, 0x0000000088b00000| Untracked 
|  32|0x0000000088c00000, 0x0000000088c00000, 0x0000000088d00000|  0%| F|  |TAMS 0x0000000088c00000, 0x0000000088c00000| Untracked 
|  33|0x0000000088d00000, 0x0000000088d00000, 0x0000000088e00000|  0%| F|  |TAMS 0x0000000088d00000, 0x0000000088d00000| Untracked 
|  34|0x0000000088e00000, 0x0000000088e00000, 0x0000000088f00000|  0%| F|  |TAMS 0x0000000088e00000, 0x0000000088e00000| Untracked 
|  35|0x0000000088f00000, 0x0000000088f00000, 0x0000000089000000|  0%| F|  |TAMS 0x0000000088f00000, 0x0000000088f00000| Untracked 
|  36|0x0000000089000000, 0x0000000089000000, 0x0000000089100000|  0%| F|  |TAMS 0x0000000089000000, 0x0000000089000000| Untracked 
|  37|0x0000000089100000, 0x0000000089100000, 0x0000000089200000|  0%| F|  |TAMS 0x0000000089100000, 0x0000000089100000| Untracked 
|  38|0x0000000089200000, 0x0000000089200000, 0x0000000089300000|  0%| F|  |TAMS 0x0000000089200000, 0x0000000089200000| Untracked 
|  39|0x0000000089300000, 0x0000000089300000, 0x0000000089400000|  0%| F|  |TAMS 0x0000000089300000, 0x0000000089300000| Untracked 
|  40|0x0000000089400000, 0x0000000089400000, 0x0000000089500000|  0%| F|  |TAMS 0x0000000089400000, 0x0000000089400000| Untracked 
|  41|0x0000000089500000, 0x0000000089500000, 0x0000000089600000|  0%| F|  |TAMS 0x0000000089500000, 0x0000000089500000| Untracked 
|  42|0x0000000089600000, 0x0000000089600000, 0x0000000089700000|  0%| F|  |TAMS 0x0000000089600000, 0x0000000089600000| Untracked 
|  43|0x0000000089700000, 0x0000000089700000, 0x0000000089800000|  0%| F|  |TAMS 0x0000000089700000, 0x0000000089700000| Untracked 
|  44|0x0000000089800000, 0x0000000089800000, 0x0000000089900000|  0%| F|  |TAMS 0x0000000089800000, 0x0000000089800000| Untracked 
|  45|0x0000000089900000, 0x0000000089900000, 0x0000000089a00000|  0%| F|  |TAMS 0x0000000089900000, 0x0000000089900000| Untracked 
|  46|0x0000000089a00000, 0x0000000089a00000, 0x0000000089b00000|  0%| F|  |TAMS 0x0000000089a00000, 0x0000000089a00000| Untracked 
|  47|0x0000000089b00000, 0x0000000089b00000, 0x0000000089c00000|  0%| F|  |TAMS 0x0000000089b00000, 0x0000000089b00000| Untracked 
|  48|0x0000000089c00000, 0x0000000089c00000, 0x0000000089d00000|  0%| F|  |TAMS 0x0000000089c00000, 0x0000000089c00000| Untracked 
|  49|0x0000000089d00000, 0x0000000089d00000, 0x0000000089e00000|  0%| F|  |TAMS 0x0000000089d00000, 0x0000000089d00000| Untracked 
|  50|0x0000000089e00000, 0x0000000089e00000, 0x0000000089f00000|  0%| F|  |TAMS 0x0000000089e00000, 0x0000000089e00000| Untracked 
|  51|0x0000000089f00000, 0x0000000089f00000, 0x000000008a000000|  0%| F|  |TAMS 0x0000000089f00000, 0x0000000089f00000| Untracked 
|  52|0x000000008a000000, 0x000000008a000000, 0x000000008a100000|  0%| F|  |TAMS 0x000000008a000000, 0x000000008a000000| Untracked 
|  53|0x000000008a100000, 0x000000008a100000, 0x000000008a200000|  0%| F|  |TAMS 0x000000008a100000, 0x000000008a100000| Untracked 
|  54|0x000000008a200000, 0x000000008a200000, 0x000000008a300000|  0%| F|  |TAMS 0x000000008a200000, 0x000000008a200000| Untracked 
|  55|0x000000008a300000, 0x000000008a300000, 0x000000008a400000|  0%| F|  |TAMS 0x000000008a300000, 0x000000008a300000| Untracked 
|  56|0x000000008a400000, 0x000000008a400000, 0x000000008a500000|  0%| F|  |TAMS 0x000000008a400000, 0x000000008a400000| Untracked 
|  57|0x000000008a500000, 0x000000008a500000, 0x000000008a600000|  0%| F|  |TAMS 0x000000008a500000, 0x000000008a500000| Untracked 
|  58|0x000000008a600000, 0x000000008a600000, 0x000000008a700000|  0%| F|  |TAMS 0x000000008a600000, 0x000000008a600000| Untracked 
|  59|0x000000008a700000, 0x000000008a700000, 0x000000008a800000|  0%| F|  |TAMS 0x000000008a700000, 0x000000008a700000| Untracked 
|  60|0x000000008a800000, 0x000000008a800000, 0x000000008a900000|  0%| F|  |TAMS 0x000000008a800000, 0x000000008a800000| Untracked 
|  61|0x000000008a900000, 0x000000008a900000, 0x000000008aa00000|  0%| F|  |TAMS 0x000000008a900000, 0x000000008a900000| Untracked 
|  62|0x000000008aa00000, 0x000000008aa00000, 0x000000008ab00000|  0%| F|  |TAMS 0x000000008aa00000, 0x000000008aa00000| Untracked 
|  63|0x000000008ab00000, 0x000000008ab00000, 0x000000008ac00000|  0%| F|  |TAMS 0x000000008ab00000, 0x000000008ab00000| Untracked 
|  64|0x000000008ac00000, 0x000000008ac00000, 0x000000008ad00000|  0%| F|  |TAMS 0x000000008ac00000, 0x000000008ac00000| Untracked 
|  65|0x000000008ad00000, 0x000000008ad00000, 0x000000008ae00000|  0%| F|  |TAMS 0x000000008ad00000, 0x000000008ad00000| Untracked 
|  66|0x000000008ae00000, 0x000000008ae00000, 0x000000008af00000|  0%| F|  |TAMS 0x000000008ae00000, 0x000000008ae00000| Untracked 
|  67|0x000000008af00000, 0x000000008b000000, 0x000000008b000000|100%| E|CS|TAMS 0x000000008af00000, 0x000000008b000000| Complete 
|  68|0x000000008b000000, 0x000000008b000000, 0x000000008b100000|  0%| F|  |TAMS 0x000000008b000000, 0x000000008b000000| Untracked 
|  69|0x000000008b100000, 0x000000008b100000, 0x000000008b200000|  0%| F|  |TAMS 0x000000008b100000, 0x000000008b100000| Untracked 
|  70|0x000000008b200000, 0x000000008b200000, 0x000000008b300000|  0%| F|  |TAMS 0x000000008b200000, 0x000000008b200000| Untracked 
|  71|0x000000008b300000, 0x000000008b300000, 0x000000008b400000|  0%| F|  |TAMS 0x000000008b300000, 0x000000008b300000| Untracked 
|  72|0x000000008b400000, 0x000000008b400000, 0x000000008b500000|  0%| F|  |TAMS 0x000000008b400000, 0x000000008b400000| Untracked 
|  73|0x000000008b500000, 0x000000008b500000, 0x000000008b600000|  0%| F|  |TAMS 0x000000008b500000, 0x000000008b500000| Untracked 
|  74|0x000000008b600000, 0x000000008b700000, 0x000000008b700000|100%| E|CS|TAMS 0x000000008b600000, 0x000000008b700000| Complete 
|  75|0x000000008b700000, 0x000000008b800000, 0x000000008b800000|100%| E|CS|TAMS 0x000000008b700000, 0x000000008b800000| Complete 
|  76|0x000000008b800000, 0x000000008b900000, 0x000000008b900000|100%| E|CS|TAMS 0x000000008b800000, 0x000000008b900000| Complete 
|  77|0x000000008b900000, 0x000000008ba00000, 0x000000008ba00000|100%| E|CS|TAMS 0x000000008b900000, 0x000000008ba00000| Complete 
|  78|0x000000008ba00000, 0x000000008ba00000, 0x000000008bb00000|  0%| F|  |TAMS 0x000000008ba00000, 0x000000008ba00000| Untracked 
|  79|0x000000008bb00000, 0x000000008bb00000, 0x000000008bc00000|  0%| F|  |TAMS 0x000000008bb00000, 0x000000008bb00000| Untracked 
|  80|0x000000008bc00000, 0x000000008bc00000, 0x000000008bd00000|  0%| F|  |TAMS 0x000000008bc00000, 0x000000008bc00000| Untracked 
|  81|0x000000008bd00000, 0x000000008bd00000, 0x000000008be00000|  0%| F|  |TAMS 0x000000008bd00000, 0x000000008bd00000| Untracked 
|  82|0x000000008be00000, 0x000000008be00000, 0x000000008bf00000|  0%| F|  |TAMS 0x000000008be00000, 0x000000008be00000| Untracked 
|  83|0x000000008bf00000, 0x000000008bf00000, 0x000000008c000000|  0%| F|  |TAMS 0x000000008bf00000, 0x000000008bf00000| Untracked 
|  84|0x000000008c000000, 0x000000008c000000, 0x000000008c100000|  0%| F|  |TAMS 0x000000008c000000, 0x000000008c000000| Untracked 
|  85|0x000000008c100000, 0x000000008c100000, 0x000000008c200000|  0%| F|  |TAMS 0x000000008c100000, 0x000000008c100000| Untracked 
|  86|0x000000008c200000, 0x000000008c200000, 0x000000008c300000|  0%| F|  |TAMS 0x000000008c200000, 0x000000008c200000| Untracked 
|  87|0x000000008c300000, 0x000000008c300000, 0x000000008c400000|  0%| F|  |TAMS 0x000000008c300000, 0x000000008c300000| Untracked 
|  88|0x000000008c400000, 0x000000008c400000, 0x000000008c500000|  0%| F|  |TAMS 0x000000008c400000, 0x000000008c400000| Untracked 
|  89|0x000000008c500000, 0x000000008c500000, 0x000000008c600000|  0%| F|  |TAMS 0x000000008c500000, 0x000000008c500000| Untracked 
|  90|0x000000008c600000, 0x000000008c600000, 0x000000008c700000|  0%| F|  |TAMS 0x000000008c600000, 0x000000008c600000| Untracked 
|  91|0x000000008c700000, 0x000000008c7800f0, 0x000000008c800000| 50%| S|  |TAMS 0x000000008c700000, 0x000000008c700000| Complete 
|  92|0x000000008c800000, 0x000000008c900000, 0x000000008c900000|100%| S|  |TAMS 0x000000008c800000, 0x000000008c800000| Complete 
|  93|0x000000008c900000, 0x000000008ca00000, 0x000000008ca00000|100%| S|  |TAMS 0x000000008c900000, 0x000000008c900000| Complete 
|  94|0x000000008ca00000, 0x000000008cb00000, 0x000000008cb00000|100%| S|  |TAMS 0x000000008ca00000, 0x000000008ca00000| Complete 
|  95|0x000000008cb00000, 0x000000008cc00000, 0x000000008cc00000|100%| S|  |TAMS 0x000000008cb00000, 0x000000008cb00000| Complete 
|  96|0x000000008cc00000, 0x000000008cd00000, 0x000000008cd00000|100%| S|  |TAMS 0x000000008cc00000, 0x000000008cc00000| Complete 
|  97|0x000000008cd00000, 0x000000008ce00000, 0x000000008ce00000|100%| S|  |TAMS 0x000000008cd00000, 0x000000008cd00000| Complete 
|  98|0x000000008ce00000, 0x000000008cf00000, 0x000000008cf00000|100%| S|  |TAMS 0x000000008ce00000, 0x000000008ce00000| Complete 
|  99|0x000000008cf00000, 0x000000008d000000, 0x000000008d000000|100%| S|  |TAMS 0x000000008cf00000, 0x000000008cf00000| Complete 
| 100|0x000000008d000000, 0x000000008d100000, 0x000000008d100000|100%| S|  |TAMS 0x000000008d000000, 0x000000008d000000| Complete 
| 101|0x000000008d100000, 0x000000008d180800, 0x000000008d200000| 50%| E|CS|TAMS 0x000000008d100000, 0x000000008d180800| Complete 
| 102|0x000000008d200000, 0x000000008d300000, 0x000000008d300000|100%| E|CS|TAMS 0x000000008d200000, 0x000000008d300000| Complete 
| 103|0x000000008d300000, 0x000000008d400000, 0x000000008d400000|100%| E|CS|TAMS 0x000000008d300000, 0x000000008d400000| Complete 
| 104|0x000000008d400000, 0x000000008d500000, 0x000000008d500000|100%| E|CS|TAMS 0x000000008d400000, 0x000000008d500000| Complete 
| 105|0x000000008d500000, 0x000000008d600000, 0x000000008d600000|100%| E|CS|TAMS 0x000000008d500000, 0x000000008d600000| Complete 
| 106|0x000000008d600000, 0x000000008d700000, 0x000000008d700000|100%| E|CS|TAMS 0x000000008d600000, 0x000000008d700000| Complete 
| 107|0x000000008d700000, 0x000000008d800000, 0x000000008d800000|100%| E|CS|TAMS 0x000000008d700000, 0x000000008d800000| Complete 
| 108|0x000000008d800000, 0x000000008d900000, 0x000000008d900000|100%| E|CS|TAMS 0x000000008d800000, 0x000000008d900000| Complete 
| 109|0x000000008d900000, 0x000000008da00000, 0x000000008da00000|100%| E|CS|TAMS 0x000000008d900000, 0x000000008da00000| Complete 
| 110|0x000000008da00000, 0x000000008db00000, 0x000000008db00000|100%| E|CS|TAMS 0x000000008da00000, 0x000000008db00000| Complete 
| 111|0x000000008db00000, 0x000000008dc00000, 0x000000008dc00000|100%| E|CS|TAMS 0x000000008db00000, 0x000000008dc00000| Complete 
| 112|0x000000008dc00000, 0x000000008dd00000, 0x000000008dd00000|100%| E|CS|TAMS 0x000000008dc00000, 0x000000008dd00000| Complete 
| 113|0x000000008dd00000, 0x000000008de00000, 0x000000008de00000|100%| E|CS|TAMS 0x000000008dd00000, 0x000000008de00000| Complete 
| 114|0x000000008de00000, 0x000000008df00000, 0x000000008df00000|100%| E|CS|TAMS 0x000000008de00000, 0x000000008df00000| Complete 
| 115|0x000000008df00000, 0x000000008e000000, 0x000000008e000000|100%| E|CS|TAMS 0x000000008df00000, 0x000000008e000000| Complete 
| 116|0x000000008e000000, 0x000000008e100000, 0x000000008e100000|100%| E|CS|TAMS 0x000000008e000000, 0x000000008e100000| Complete 
| 117|0x000000008e100000, 0x000000008e200000, 0x000000008e200000|100%| E|CS|TAMS 0x000000008e100000, 0x000000008e200000| Complete 
| 118|0x000000008e200000, 0x000000008e300000, 0x000000008e300000|100%| E|CS|TAMS 0x000000008e200000, 0x000000008e300000| Complete 
| 119|0x000000008e300000, 0x000000008e400000, 0x000000008e400000|100%| E|CS|TAMS 0x000000008e300000, 0x000000008e400000| Complete 
| 120|0x000000008e400000, 0x000000008e500000, 0x000000008e500000|100%| E|CS|TAMS 0x000000008e400000, 0x000000008e500000| Complete 
| 121|0x000000008e500000, 0x000000008e600000, 0x000000008e600000|100%| E|CS|TAMS 0x000000008e500000, 0x000000008e600000| Complete 
| 122|0x000000008e600000, 0x000000008e700000, 0x000000008e700000|100%| E|CS|TAMS 0x000000008e600000, 0x000000008e700000| Complete 
| 123|0x000000008e700000, 0x000000008e800000, 0x000000008e800000|100%| E|CS|TAMS 0x000000008e700000, 0x000000008e800000| Complete 
| 124|0x000000008e800000, 0x000000008e900000, 0x000000008e900000|100%| E|CS|TAMS 0x000000008e800000, 0x000000008e900000| Complete 
| 125|0x000000008e900000, 0x000000008ea00000, 0x000000008ea00000|100%| E|CS|TAMS 0x000000008e900000, 0x000000008ea00000| Complete 
| 126|0x000000008ea00000, 0x000000008eb00000, 0x000000008eb00000|100%| E|CS|TAMS 0x000000008ea00000, 0x000000008eb00000| Complete 
| 127|0x000000008eb00000, 0x000000008ec00000, 0x000000008ec00000|100%| E|CS|TAMS 0x000000008eb00000, 0x000000008ec00000| Complete 
| 128|0x000000008ec00000, 0x000000008ed00000, 0x000000008ed00000|100%| E|CS|TAMS 0x000000008ec00000, 0x000000008ed00000| Complete 
| 129|0x000000008ed00000, 0x000000008ee00000, 0x000000008ee00000|100%| E|CS|TAMS 0x000000008ed00000, 0x000000008ee00000| Complete 
| 130|0x000000008ee00000, 0x000000008ef00000, 0x000000008ef00000|100%| E|CS|TAMS 0x000000008ee00000, 0x000000008ef00000| Complete 
| 131|0x000000008ef00000, 0x000000008f000000, 0x000000008f000000|100%| E|CS|TAMS 0x000000008ef00000, 0x000000008f000000| Complete 
| 132|0x000000008f000000, 0x000000008f100000, 0x000000008f100000|100%| E|CS|TAMS 0x000000008f000000, 0x000000008f100000| Complete 
| 133|0x000000008f100000, 0x000000008f200000, 0x000000008f200000|100%| E|CS|TAMS 0x000000008f100000, 0x000000008f200000| Complete 
| 134|0x000000008f200000, 0x000000008f300000, 0x000000008f300000|100%| E|CS|TAMS 0x000000008f200000, 0x000000008f300000| Complete 
| 135|0x000000008f300000, 0x000000008f400000, 0x000000008f400000|100%| E|CS|TAMS 0x000000008f300000, 0x000000008f400000| Complete 
| 136|0x000000008f400000, 0x000000008f500000, 0x000000008f500000|100%| E|CS|TAMS 0x000000008f400000, 0x000000008f500000| Complete 
| 137|0x000000008f500000, 0x000000008f600000, 0x000000008f600000|100%| E|CS|TAMS 0x000000008f500000, 0x000000008f600000| Complete 
| 138|0x000000008f600000, 0x000000008f700000, 0x000000008f700000|100%| E|CS|TAMS 0x000000008f600000, 0x000000008f700000| Complete 
| 139|0x000000008f700000, 0x000000008f800000, 0x000000008f800000|100%| E|CS|TAMS 0x000000008f700000, 0x000000008f800000| Complete 
| 140|0x000000008f800000, 0x000000008f900000, 0x000000008f900000|100%| E|CS|TAMS 0x000000008f800000, 0x000000008f900000| Complete 
| 141|0x000000008f900000, 0x000000008fa00000, 0x000000008fa00000|100%| E|CS|TAMS 0x000000008f900000, 0x000000008fa00000| Complete 
| 142|0x000000008fa00000, 0x000000008fb00000, 0x000000008fb00000|100%| E|CS|TAMS 0x000000008fa00000, 0x000000008fb00000| Complete 
| 143|0x000000008fb00000, 0x000000008fc00000, 0x000000008fc00000|100%| E|CS|TAMS 0x000000008fb00000, 0x000000008fc00000| Complete 
| 144|0x000000008fc00000, 0x000000008fd00000, 0x000000008fd00000|100%| E|CS|TAMS 0x000000008fc00000, 0x000000008fd00000| Complete 
| 145|0x000000008fd00000, 0x000000008fe00000, 0x000000008fe00000|100%| E|CS|TAMS 0x000000008fd00000, 0x000000008fe00000| Complete 
| 146|0x000000008fe00000, 0x000000008ff00000, 0x000000008ff00000|100%| E|CS|TAMS 0x000000008fe00000, 0x000000008ff00000| Complete 
|1938|0x00000000ffe00000, 0x00000000ffe44000, 0x00000000fff00000| 26%|OA|  |TAMS 0x00000000ffe44000, 0x00000000ffe44000| Untracked 
|1939|0x00000000fff00000, 0x00000000fff6a000, 0x0000000100000000| 41%|CA|  |TAMS 0x00000000fff6a000, 0x00000000fff6a000| Untracked 

Card table byte_map: [0x00007f85f45de000,0x00007f85f49a8000] _byte_map_base: 0x00007f85f41a8000

Marking Bits (Prev, Next): (CMBitMap*) 0x00007f85f0057490, (CMBitMap*) 0x00007f85f0057458
 Prev Bits: [0x00007f85d0360000, 0x00007f85d21b0000)
 Next Bits: [0x00007f85d21b0000, 0x00007f85d4000000)

Polling page: 0x00007f85f92a2000

Metaspace:

Usage:
  Non-class:     29.80 MB capacity,    29.11 MB ( 98%) used,   574.88 KB (  2%) free+waste,   129.56 KB ( <1%) overhead. 
      Class:      4.85 MB capacity,     4.37 MB ( 90%) used,   432.48 KB (  9%) free+waste,    64.81 KB (  1%) overhead. 
       Both:     34.65 MB capacity,    33.48 MB ( 97%) used,  1007.35 KB (  3%) free+waste,   194.38 KB ( <1%) overhead. 

Virtual space:
  Non-class space:       30.00 MB reserved,      29.92 MB (>99%) committed 
      Class space:        1.00 GB reserved,       4.88 MB ( <1%) committed 
             Both:        1.03 GB reserved,      34.79 MB (  3%) committed 

Chunk freelists:
   Non-Class:  103.00 KB
       Class:  22.00 KB
        Both:  125.00 KB

MaxMetaspaceSize: unlimited
CompressedClassSpaceSize: 1.00 GB

CodeHeap 'non-profiled nmethods': size=238948Kb used=7695Kb max_used=7695Kb free=231252Kb
 bounds [0x00007f85d8fe5000, 0x00007f85d9775000, 0x00007f85e793e000]
CodeHeap 'non-nmethods': size=6812Kb used=1196Kb max_used=1196Kb free=5615Kb
 bounds [0x00007f85d893e000, 0x00007f85d8bae000, 0x00007f85d8fe5000]
 total_blobs=4915 nmethods=4330 adapters=487
 compilation: enabled
              stopped_count=0, restarted_count=0
 full_count=0

Compilation events (20 events):
Event: 12.416 Thread 0x00007f85f011f000 4330       1       sun.security.provider.MD5::FF (33 bytes)
Event: 12.416 Thread 0x00007f85f011f000 nmethod 4330 0x00007f85d9765e90 code [0x00007f85d9766040, 0x00007f85d9766170]
Event: 12.416 Thread 0x00007f85f011f000 4331       1       sun.security.provider.MD5::GG (33 bytes)
Event: 12.416 Thread 0x00007f85f011f000 nmethod 4331 0x00007f85d9766210 code [0x00007f85d97663c0, 0x00007f85d97664f0]
Event: 12.416 Thread 0x00007f85f011f000 4332       1       sun.security.provider.MD5::HH (29 bytes)
Event: 12.416 Thread 0x00007f85f011f000 nmethod 4332 0x00007f85d9766590 code [0x00007f85d9766740, 0x00007f85d9766850]
Event: 12.416 Thread 0x00007f85f011f000 4333       1       sun.security.provider.MD5::II (31 bytes)
Event: 12.416 Thread 0x00007f85f011f000 nmethod 4333 0x00007f85d9766890 code [0x00007f85d9766a40, 0x00007f85d9766b50]
Event: 12.422 Thread 0x00007f85f011f000 4334       1       sun.security.jca.Providers::getProviderList (14 bytes)
Event: 12.423 Thread 0x00007f85f011f000 nmethod 4334 0x00007f85d9766b90 code [0x00007f85d9766d40, 0x00007f85d9766ee8]
Event: 12.423 Thread 0x00007f85f011f000 4335       1       sun.security.jca.Providers::getThreadProviderList (18 bytes)
Event: 12.423 Thread 0x00007f85f011f000 nmethod 4335 0x00007f85d9766f90 code [0x00007f85d9767140, 0x00007f85d97672c8]
Event: 12.423 Thread 0x00007f85f011f000 4336       1       sun.security.jca.Providers::getSystemProviderList (4 bytes)
Event: 12.423 Thread 0x00007f85f011f000 nmethod 4336 0x00007f85d9767390 code [0x00007f85d9767540, 0x00007f85d9767630]
Event: 12.447 Thread 0x00007f85f011f000 4337       1       com.sun.crypto.provider.AESCrypt::mul4 (181 bytes)
Event: 12.448 Thread 0x00007f85f011f000 nmethod 4337 0x00007f85d9767690 code [0x00007f85d97678e0, 0x00007f85d9768230]
Event: 12.463 Thread 0x00007f85f011f000 4338       1       java.nio.ByteBuffer::reset (7 bytes)
Event: 12.463 Thread 0x00007f85f011f000 nmethod 4338 0x00007f85d9768790 code [0x00007f85d9768940, 0x00007f85d9768ae8]
Event: 12.463 Thread 0x00007f85f011f000 4339       1       java.nio.Buffer::reset (24 bytes)
Event: 12.464 Thread 0x00007f85f011f000 nmethod 4339 0x00007f85d9768b90 code [0x00007f85d9768d40, 0x00007f85d9768ee8]

GC Heap History (19 events):
Event: 2.698 GC heap before
{Heap before GC invocations=0 (full 0):
 garbage-first heap   total 126976K, used 16056K [0x0000000086c00000, 0x0000000100000000)
  region size 1024K, 14 young (14336K), 0 survivors (0K)
 Metaspace       used 5369K, capacity 5804K, committed 6016K, reserved 1056768K
  class space    used 698K, capacity 800K, committed 896K, reserved 1048576K
}
Event: 2.716 GC heap after
{Heap after GC invocations=1 (full 0):
 garbage-first heap   total 126976K, used 6612K [0x0000000086c00000, 0x0000000100000000)
  region size 1024K, 2 young (2048K), 2 survivors (2048K)
 Metaspace       used 5369K, capacity 5804K, committed 6016K, reserved 1056768K
  class space    used 698K, capacity 800K, committed 896K, reserved 1048576K
}
Event: 3.154 GC heap before
{Heap before GC invocations=1 (full 0):
 garbage-first heap   total 126976K, used 10708K [0x0000000086c00000, 0x0000000100000000)
  region size 1024K, 6 young (6144K), 2 survivors (2048K)
 Metaspace       used 6338K, capacity 6688K, committed 6912K, reserved 1056768K
  class space    used 812K, capacity 964K, committed 1024K, reserved 1048576K
}
Event: 3.167 GC heap after
{Heap after GC invocations=2 (full 0):
 garbage-first heap   total 126976K, used 7358K [0x0000000086c00000, 0x0000000100000000)
  region size 1024K, 1 young (1024K), 1 survivors (1024K)
 Metaspace       used 6338K, capacity 6688K, committed 6912K, reserved 1056768K
  class space    used 812K, capacity 964K, committed 1024K, reserved 1048576K
}
Event: 3.414 GC heap before
{Heap before GC invocations=2 (full 0):
 garbage-first heap   total 126976K, used 24766K [0x0000000086c00000, 0x0000000100000000)
  region size 1024K, 19 young (19456K), 1 survivors (1024K)
 Metaspace       used 7113K, capacity 7435K, committed 7552K, reserved 1056768K
  class space    used 906K, capacity 1044K, committed 1152K, reserved 1048576K
}
Event: 3.419 GC heap after
{Heap after GC invocations=3 (full 0):
 garbage-first heap   total 126976K, used 7774K [0x0000000086c00000, 0x0000000100000000)
  region size 1024K, 2 young (2048K), 2 survivors (2048K)
 Metaspace       used 7113K, capacity 7435K, committed 7552K, reserved 1056768K
  class space    used 906K, capacity 1044K, committed 1152K, reserved 1048576K
}
Event: 3.645 GC heap before
{Heap before GC invocations=3 (full 0):
 garbage-first heap   total 126976K, used 35422K [0x0000000086c00000, 0x0000000100000000)
  region size 1024K, 30 young (30720K), 2 survivors (2048K)
 Metaspace       used 7798K, capacity 8231K, committed 8448K, reserved 1056768K
  class space    used 1016K, capacity 1181K, committed 1280K, reserved 1048576K
}
Event: 3.653 GC heap after
{Heap after GC invocations=4 (full 0):
 garbage-first heap   total 126976K, used 7972K [0x0000000086c00000, 0x0000000100000000)
  region size 1024K, 2 young (2048K), 2 survivors (2048K)
 Metaspace       used 7798K, capacity 8231K, committed 8448K, reserved 1056768K
  class space    used 1016K, capacity 1181K, committed 1280K, reserved 1048576K
}
Event: 6.263 GC heap before
{Heap before GC invocations=4 (full 0):
 garbage-first heap   total 126976K, used 79652K [0x0000000086c00000, 0x0000000100000000)
  region size 1024K, 73 young (74752K), 2 survivors (2048K)
 Metaspace       used 18165K, capacity 18851K, committed 19200K, reserved 1064960K
  class space    used 2453K, capacity 2733K, committed 2816K, reserved 1048576K
}
Event: 6.280 GC heap after
{Heap after GC invocations=5 (full 0):
 garbage-first heap   total 126976K, used 10958K [0x0000000086c00000, 0x0000000100000000)
  region size 1024K, 5 young (5120K), 5 survivors (5120K)
 Metaspace       used 18165K, capacity 18851K, committed 19200K, reserved 1064960K
  class space    used 2453K, capacity 2733K, committed 2816K, reserved 1048576K
}
Event: 7.031 GC heap before
{Heap before GC invocations=5 (full 0):
 garbage-first heap   total 126976K, used 79566K [0x0000000086c00000, 0x0000000100000000)
  region size 1024K, 73 young (74752K), 5 survivors (5120K)
 Metaspace       used 19268K, capacity 20078K, committed 20352K, reserved 1067008K
  class space    used 2604K, capacity 2924K, committed 2944K, reserved 1048576K
}
Event: 7.049 GC heap after
{Heap after GC invocations=6 (full 0):
 garbage-first heap   total 152576K, used 12835K [0x0000000086c00000, 0x0000000100000000)
  region size 1024K, 6 young (6144K), 6 survivors (6144K)
 Metaspace       used 19268K, capacity 20078K, committed 20352K, reserved 1067008K
  class space    used 2604K, capacity 2924K, committed 2944K, reserved 1048576K
}
Event: 8.219 GC heap before
{Heap before GC invocations=6 (full 0):
 garbage-first heap   total 152576K, used 22051K [0x0000000086c00000, 0x0000000100000000)
  region size 1024K, 16 young (16384K), 6 survivors (6144K)
 Metaspace       used 20224K, capacity 21029K, committed 21248K, reserved 1067008K
  class space    used 2739K, capacity 3047K, committed 3072K, reserved 1048576K
}
Event: 8.242 GC heap after
{Heap after GC invocations=7 (full 0):
 garbage-first heap   total 152576K, used 13623K [0x0000000086c00000, 0x0000000100000000)
  region size 1024K, 7 young (7168K), 7 survivors (7168K)
 Metaspace       used 20224K, capacity 21029K, committed 21248K, reserved 1067008K
  class space    used 2739K, capacity 3047K, committed 3072K, reserved 1048576K
}
Event: 10.161 GC heap before
{Heap before GC invocations=8 (full 0):
 garbage-first heap   total 152576K, used 80183K [0x0000000086c00000, 0x0000000100000000)
  region size 1024K, 73 young (74752K), 7 survivors (7168K)
 Metaspace       used 25734K, capacity 26776K, committed 27008K, reserved 1073152K
  class space    used 3498K, capacity 3931K, committed 3968K, reserved 1048576K
}
Event: 10.186 GC heap after
{Heap after GC invocations=9 (full 0):
 garbage-first heap   total 152576K, used 16524K [0x0000000086c00000, 0x0000000100000000)
  region size 1024K, 6 young (6144K), 6 survivors (6144K)
 Metaspace       used 25734K, capacity 26776K, committed 27008K, reserved 1073152K
  class space    used 3498K, capacity 3931K, committed 3968K, reserved 1048576K
}
Event: 10.662 GC heap before
{Heap before GC invocations=9 (full 0):
 garbage-first heap   total 152576K, used 86156K [0x0000000086c00000, 0x0000000100000000)
  region size 1024K, 75 young (76800K), 6 survivors (6144K)
 Metaspace       used 27122K, capacity 28207K, committed 28544K, reserved 1073152K
  class space    used 3641K, capacity 4107K, committed 4224K, reserved 1048576K
}
Event: 10.677 GC heap after
{Heap after GC invocations=10 (full 0):
 garbage-first heap   total 152576K, used 17673K [0x0000000086c00000, 0x0000000100000000)
  region size 1024K, 5 young (5120K), 5 survivors (5120K)
 Metaspace       used 27122K, capacity 28207K, committed 28544K, reserved 1073152K
  class space    used 3641K, capacity 4107K, committed 4224K, reserved 1048576K
}
Event: 12.464 GC heap before
{Heap before GC invocations=10 (full 0):
 garbage-first heap   total 152576K, used 63753K [0x0000000086c00000, 0x0000000100000000)
  region size 1024K, 51 young (52224K), 5 survivors (5120K)
 Metaspace       used 34281K, capacity 35483K, committed 35628K, reserved 1079296K
  class space    used 4472K, capacity 4970K, committed 4992K, reserved 1048576K
}

Deoptimization events (2 events):
Event: 8.505 Thread 0x00007f8580002800 DEOPT PACKING pc=0x00007f85d928fd1c sp=0x00007f859f2cdb40
Event: 8.505 Thread 0x00007f8580002800 DEOPT UNPACKING pc=0x00007f85d8965a2b sp=0x00007f859f2cd068 mode 0

Classes redefined (0 events):
No events

Internal exceptions (20 events):
Event: 11.205 Thread 0x00007f8580002800 Exception <a 'java/lang/NullPointerException'{0x000000008e89ffe8}> (0x000000008e89ffe8) thrown at [/build/openjdk-lts-ioLltV/openjdk-lts-11.0.5+10/src/hotspot/share/runtime/sharedRuntime.cpp, line 584]
Event: 11.205 Thread 0x00007f8580002800 Implicit null exception at 0x00007f85d94e630d to 0x00007f85d94e6657
Event: 11.205 Thread 0x00007f8580002800 Exception <a 'java/lang/NullPointerException'{0x000000008e8a0f80}> (0x000000008e8a0f80) thrown at [/build/openjdk-lts-ioLltV/openjdk-lts-11.0.5+10/src/hotspot/share/runtime/sharedRuntime.cpp, line 584]
Event: 11.205 Thread 0x00007f8580002800 Implicit null exception at 0x00007f85d94e630d to 0x00007f85d94e6657
Event: 11.205 Thread 0x00007f8580002800 Exception <a 'java/lang/NullPointerException'{0x000000008e8a1f28}> (0x000000008e8a1f28) thrown at [/build/openjdk-lts-ioLltV/openjdk-lts-11.0.5+10/src/hotspot/share/runtime/sharedRuntime.cpp, line 584]
Event: 11.251 Thread 0x00007f8580002800 Implicit null exception at 0x00007f85d94e630d to 0x00007f85d94e6657
Event: 11.251 Thread 0x00007f8580002800 Exception <a 'java/lang/NullPointerException'{0x000000008e8d8598}> (0x000000008e8d8598) thrown at [/build/openjdk-lts-ioLltV/openjdk-lts-11.0.5+10/src/hotspot/share/runtime/sharedRuntime.cpp, line 584]
Event: 11.251 Thread 0x00007f8580002800 Implicit null exception at 0x00007f85d94e630d to 0x00007f85d94e6657
Event: 11.251 Thread 0x00007f8580002800 Exception <a 'java/lang/NullPointerException'{0x000000008e8d9540}> (0x000000008e8d9540) thrown at [/build/openjdk-lts-ioLltV/openjdk-lts-11.0.5+10/src/hotspot/share/runtime/sharedRuntime.cpp, line 584]
Event: 11.251 Thread 0x00007f8580002800 Implicit null exception at 0x00007f85d94e630d to 0x00007f85d94e6657
Event: 11.251 Thread 0x00007f8580002800 Exception <a 'java/lang/NullPointerException'{0x000000008e8da4a8}> (0x000000008e8da4a8) thrown at [/build/openjdk-lts-ioLltV/openjdk-lts-11.0.5+10/src/hotspot/share/runtime/sharedRuntime.cpp, line 584]
Event: 11.251 Thread 0x00007f8580002800 Implicit null exception at 0x00007f85d94e630d to 0x00007f85d94e6657
Event: 11.251 Thread 0x00007f8580002800 Exception <a 'java/lang/NullPointerException'{0x000000008e8db440}> (0x000000008e8db440) thrown at [/build/openjdk-lts-ioLltV/openjdk-lts-11.0.5+10/src/hotspot/share/runtime/sharedRuntime.cpp, line 584]
Event: 11.252 Thread 0x00007f8580002800 Implicit null exception at 0x00007f85d94e630d to 0x00007f85d94e6657
Event: 11.252 Thread 0x00007f8580002800 Exception <a 'java/lang/NullPointerException'{0x000000008e8dc3a0}> (0x000000008e8dc3a0) thrown at [/build/openjdk-lts-ioLltV/openjdk-lts-11.0.5+10/src/hotspot/share/runtime/sharedRuntime.cpp, line 584]
Event: 11.252 Thread 0x00007f8580002800 Implicit null exception at 0x00007f85d94e630d to 0x00007f85d94e6657
Event: 11.252 Thread 0x00007f8580002800 Exception <a 'java/lang/NullPointerException'{0x000000008e8dd308}> (0x000000008e8dd308) thrown at [/build/openjdk-lts-ioLltV/openjdk-lts-11.0.5+10/src/hotspot/share/runtime/sharedRuntime.cpp, line 584]
Event: 11.252 Thread 0x00007f8580002800 Implicit null exception at 0x00007f85d94e630d to 0x00007f85d94e6657
Event: 11.252 Thread 0x00007f8580002800 Exception <a 'java/lang/NullPointerException'{0x000000008e8de2f8}> (0x000000008e8de2f8) thrown at [/build/openjdk-lts-ioLltV/openjdk-lts-11.0.5+10/src/hotspot/share/runtime/sharedRuntime.cpp, line 584]
Event: 12.212 Thread 0x00007f8580002800 Exception <a 'java/lang/NoSuchMethodError'{0x000000008d42b9c8}: 'int java.lang.invoke.DirectMethodHandle$Holder.invokeStaticInit(java.lang.Object, java.lang.Object, java.lang.Object, java.lang.Object)'> (0x000000008d42b9c8) thrown at [/build/openjdk-lts-i

Events (20 events):
Event: 12.456 loading class com/sun/crypto/provider/ElectronicCodeBook done
Event: 12.456 loading class com/sun/crypto/provider/PKCS5Padding
Event: 12.456 loading class com/sun/crypto/provider/Padding
Event: 12.456 loading class com/sun/crypto/provider/Padding done
Event: 12.456 loading class com/sun/crypto/provider/PKCS5Padding done
Event: 12.456 loading class com/sun/crypto/provider/CipherBlockChaining
Event: 12.456 loading class com/sun/crypto/provider/CipherBlockChaining done
Event: 12.457 loading class sun/security/ssl/SSLCipher$T11BlockReadCipherGenerator$BlockReadCipher
Event: 12.457 loading class sun/security/ssl/SSLCipher$T11BlockReadCipherGenerator$BlockReadCipher done
Event: 12.459 loading class java/lang/StrictMath
Event: 12.459 loading class java/lang/StrictMath done
Event: 12.460 loading class jdk/internal/event/TLSHandshakeEvent
Event: 12.461 loading class jdk/internal/event/TLSHandshakeEvent done
Event: 12.461 loading class com/mysql/cj/protocol/Security
Event: 12.461 loading class com/mysql/cj/protocol/Security done
Event: 12.463 loading class com/mysql/cj/protocol/a/result/OkPacket
Event: 12.463 loading class com/mysql/cj/protocol/a/result/OkPacket done
Event: 12.464 loading class com/mysql/cj/protocol/a/TimeTrackingPacketSender
Event: 12.464 loading class com/mysql/cj/protocol/a/TimeTrackingPacketSender done
Event: 12.464 Executing VM operation: CollectForMetadataAllocation


Dynamic libraries:
86c00000-8ff00000 rw-p 00000000 00:00 0 
8ff00000-ffe00000 ---p 00000000 00:00 0 
ffe00000-ffe44000 rw-p 01104000 08:02 669192                             /usr/lib/jvm/java-11-openjdk-amd64/lib/server/classes.jsa
ffe44000-fff00000 rw-p 00000000 00:00 0 
fff00000-fff6a000 rw-p 0109a000 08:02 669192                             /usr/lib/jvm/java-11-openjdk-amd64/lib/server/classes.jsa
fff6a000-100000000 rw-p 00000000 00:00 0 
800000000-800002000 rwxp 00001000 08:02 669192                           /usr/lib/jvm/java-11-openjdk-amd64/lib/server/classes.jsa
800002000-8003b8000 rw-p 00003000 08:02 669192                           /usr/lib/jvm/java-11-openjdk-amd64/lib/server/classes.jsa
8003b8000-800a8c000 r--p 003b9000 08:02 669192                           /usr/lib/jvm/java-11-openjdk-amd64/lib/server/classes.jsa
800a8c000-800a8d000 rw-p 00a8d000 08:02 669192                           /usr/lib/jvm/java-11-openjdk-amd64/lib/server/classes.jsa
800a8d000-801099000 r--p 00a8e000 08:02 669192                           /usr/lib/jvm/java-11-openjdk-amd64/lib/server/classes.jsa
840000000-8404e0000 rw-p 00000000 00:00 0 
8404e0000-880000000 ---p 00000000 00:00 0 
559b10eba000-559b10ebb000 r-xp 00000000 08:02 658219                     /usr/lib/jvm/java-11-openjdk-amd64/bin/java
559b110bb000-559b110bc000 r--p 00001000 08:02 658219                     /usr/lib/jvm/java-11-openjdk-amd64/bin/java
559b110bc000-559b110bd000 rw-p 00002000 08:02 658219                     /usr/lib/jvm/java-11-openjdk-amd64/bin/java
559b124d4000-559b124f5000 rw-p 00000000 00:00 0                          [heap]
7f8564000000-7f8564025000 rw-p 00000000 00:00 0 
7f8564025000-7f8568000000 ---p 00000000 00:00 0 
7f8568000000-7f8568021000 rw-p 00000000 00:00 0 
7f8568021000-7f856c000000 ---p 00000000 00:00 0 
7f856c000000-7f856c021000 rw-p 00000000 00:00 0 
7f856c021000-7f8570000000 ---p 00000000 00:00 0 
7f8570000000-7f8570021000 rw-p 00000000 00:00 0 
7f8570021000-7f8574000000 ---p 00000000 00:00 0 
7f8574000000-7f8574aa4000 rw-p 00000000 00:00 0 
7f8574aa4000-7f8578000000 ---p 00000000 00:00 0 
7f8578000000-7f8578397000 rw-p 00000000 00:00 0 
7f8578397000-7f857c000000 ---p 00000000 00:00 0 
7f857c000000-7f857c021000 rw-p 00000000 00:00 0 
7f857c021000-7f8580000000 ---p 00000000 00:00 0 
7f8580000000-7f8580021000 rw-p 00000000 00:00 0 
7f8580021000-7f8584000000 ---p 00000000 00:00 0 
7f8584000000-7f8584021000 rw-p 00000000 00:00 0 
7f8584021000-7f8588000000 ---p 00000000 00:00 0 
7f8588000000-7f8588021000 rw-p 00000000 00:00 0 
7f8588021000-7f858c000000 ---p 00000000 00:00 0 
7f858c000000-7f858c021000 rw-p 00000000 00:00 0 
7f858c021000-7f8590000000 ---p 00000000 00:00 0 
7f8590000000-7f8590021000 rw-p 00000000 00:00 0 
7f8590021000-7f8594000000 ---p 00000000 00:00 0 
7f8594000000-7f8594021000 rw-p 00000000 00:00 0 
7f8594021000-7f8598000000 ---p 00000000 00:00 0 
7f8598000000-7f8598021000 rw-p 00000000 00:00 0 
7f8598021000-7f859c000000 ---p 00000000 00:00 0 
7f859d49a000-7f859d685000 rw-p 00000000 00:00 0 
7f859d685000-7f859d69a000 ---p 00000000 00:00 0 
7f859d69a000-7f859d6c4000 r-xp 00000000 08:02 676448                     /usr/lib/jvm/java-11-openjdk-amd64/lib/libsunec.so
7f859d6c4000-7f859d8c3000 ---p 0002a000 08:02 676448                     /usr/lib/jvm/java-11-openjdk-amd64/lib/libsunec.so
7f859d8c3000-7f859d8c7000 r--p 00029000 08:02 676448                     /usr/lib/jvm/java-11-openjdk-amd64/lib/libsunec.so
7f859d8c7000-7f859d8c9000 rw-p 0002d000 08:02 676448                     /usr/lib/jvm/java-11-openjdk-amd64/lib/libsunec.so
7f859d8c9000-7f859dac9000 rw-p 00000000 00:00 0 
7f859dac9000-7f859dacd000 ---p 00000000 00:00 0 
7f859dacd000-7f859ddca000 rw-p 00000000 00:00 0 
7f859ddca000-7f859dfca000 rw-p 00000000 00:00 0 
7f859dfca000-7f859e1ca000 rw-p 00000000 00:00 0 
7f859e1ca000-7f859e3ca000 rw-p 00000000 00:00 0 
7f859e3ca000-7f859e5ca000 rw-p 00000000 00:00 0 
7f859e5ca000-7f859e5ce000 ---p 00000000 00:00 0 
7f859e5ce000-7f859e8cb000 rw-p 00000000 00:00 0 
7f859e8cb000-7f859eacb000 rw-p 00000000 00:00 0 
7f859eacb000-7f859eccb000 rw-p 00000000 00:00 0 
7f859eccb000-7f859eecb000 rw-p 00000000 00:00 0 
7f859eecb000-7f859eecc000 ---p 00000000 00:00 0 
7f859eecc000-7f859efcd000 rw-p 00000000 00:00 0 
7f859efcd000-7f859efce000 ---p 00000000 00:00 0 
7f859efce000-7f859f0cf000 rw-p 00000000 00:00 0 
7f859f0cf000-7f859f0d3000 ---p 00000000 00:00 0 
7f859f0d3000-7f859f1d0000 rw-p 00000000 00:00 0 
7f859f1d0000-7f859f1d4000 ---p 00000000 00:00 0 
7f859f1d4000-7f859f2d1000 rw-p 00000000 00:00 0 
7f859f2d1000-7f859f2d5000 ---p 00000000 00:00 0 
7f859f2d5000-7f859f3d2000 rw-p 00000000 00:00 0 
7f859f3d2000-7f859f3d3000 ---p 00000000 00:00 0 
7f859f3d3000-7f859f4d4000 rw-p 00000000 00:00 0 
7f859f4d4000-7f859f4d5000 ---p 00000000 00:00 0 
7f859f4d5000-7f859f5d6000 rw-p 00000000 00:00 0 
7f859f5d6000-7f859f5d7000 ---p 00000000 00:00 0 
7f859f5d7000-7f859f6d8000 rw-p 00000000 00:00 0 
7f859f6d8000-7f859f6dc000 ---p 00000000 00:00 0 
7f859f6dc000-7f859f7d9000 rw-p 00000000 00:00 0 
7f859f7d9000-7f859f7dd000 ---p 00000000 00:00 0 
7f859f7dd000-7f859f8da000 rw-p 00000000 00:00 0 
7f859f8da000-7f859f8de000 ---p 00000000 00:00 0 
7f859f8de000-7f859f9db000 rw-p 00000000 00:00 0 
7f859f9db000-7f859f9dd000 r-xp 00000000 08:02 676423                     /usr/lib/jvm/java-11-openjdk-amd64/lib/libextnet.so
7f859f9dd000-7f859fbdc000 ---p 00002000 08:02 676423                     /usr/lib/jvm/java-11-openjdk-amd64/lib/libextnet.so
7f859fbdc000-7f859fbdd000 r--p 00001000 08:02 676423                     /usr/lib/jvm/java-11-openjdk-amd64/lib/libextnet.so
7f859fbdd000-7f859fbde000 rw-p 00002000 08:02 676423                     /usr/lib/jvm/java-11-openjdk-amd64/lib/libextnet.so
7f859fbde000-7f859fbf5000 r-xp 00000000 08:02 397818                     /lib/x86_64-linux-gnu/libresolv-2.27.so
7f859fbf5000-7f859fdf5000 ---p 00017000 08:02 397818                     /lib/x86_64-linux-gnu/libresolv-2.27.so
7f859fdf5000-7f859fdf6000 r--p 00017000 08:02 397818                     /lib/x86_64-linux-gnu/libresolv-2.27.so
7f859fdf6000-7f859fdf7000 rw-p 00018000 08:02 397818                     /lib/x86_64-linux-gnu/libresolv-2.27.so
7f859fdf7000-7f859fdf9000 rw-p 00000000 00:00 0 
7f859fdf9000-7f859fdfe000 r-xp 00000000 08:02 397767                     /lib/x86_64-linux-gnu/libnss_dns-2.27.so
7f859fdfe000-7f859fffe000 ---p 00005000 08:02 397767                     /lib/x86_64-linux-gnu/libnss_dns-2.27.so
7f859fffe000-7f859ffff000 r--p 00005000 08:02 397767                     /lib/x86_64-linux-gnu/libnss_dns-2.27.so
7f859ffff000-7f85a0000000 rw-p 00006000 08:02 397767                     /lib/x86_64-linux-gnu/libnss_dns-2.27.so
7f85a0000000-7f85a0021000 rw-p 00000000 00:00 0 
7f85a0021000-7f85a4000000 ---p 00000000 00:00 0 
7f85a4000000-7f85a4021000 rw-p 00000000 00:00 0 
7f85a4021000-7f85a8000000 ---p 00000000 00:00 0 
7f85a8000000-7f85a8021000 rw-p 00000000 00:00 0 
7f85a8021000-7f85ac000000 ---p 00000000 00:00 0 
7f85ac000000-7f85ac559000 rw-p 00000000 00:00 0 
7f85ac559000-7f85b0000000 ---p 00000000 00:00 0 
7f85b0000000-7f85b0021000 rw-p 00000000 00:00 0 
7f85b0021000-7f85b4000000 ---p 00000000 00:00 0 
7f85b4000000-7f85b4021000 rw-p 00000000 00:00 0 
7f85b4021000-7f85b8000000 ---p 00000000 00:00 0 
7f85b8000000-7f85b8021000 rw-p 00000000 00:00 0 
7f85b8021000-7f85bc000000 ---p 00000000 00:00 0 
7f85bc000000-7f85bc022000 rw-p 00000000 00:00 0 
7f85bc022000-7f85c0000000 ---p 00000000 00:00 0 
7f85c0000000-7f85c0021000 rw-p 00000000 00:00 0 
7f85c0021000-7f85c4000000 ---p 00000000 00:00 0 
7f85c4000000-7f85c4021000 rw-p 00000000 00:00 0 
7f85c4021000-7f85c8000000 ---p 00000000 00:00 0 
7f85c80f8000-7f85c80fa000 r-xp 00000000 08:02 397775                     /lib/x86_64-linux-gnu/libnss_mdns4_minimal.so.2
7f85c80fa000-7f85c82f9000 ---p 00002000 08:02 397775                     /lib/x86_64-linux-gnu/libnss_mdns4_minimal.so.2
7f85c82f9000-7f85c82fa000 r--p 00001000 08:02 397775                     /lib/x86_64-linux-gnu/libnss_mdns4_minimal.so.2
7f85c82fa000-7f85c82fb000 rw-p 00002000 08:02 397775                     /lib/x86_64-linux-gnu/libnss_mdns4_minimal.so.2
7f85c82fb000-7f85c8300000 r-xp 00000000 08:02 676440                     /usr/lib/jvm/java-11-openjdk-amd64/lib/libmanagement_ext.so
7f85c8300000-7f85c84ff000 ---p 00005000 08:02 676440                     /usr/lib/jvm/java-11-openjdk-amd64/lib/libmanagement_ext.so
7f85c84ff000-7f85c8500000 r--p 00004000 08:02 676440                     /usr/lib/jvm/java-11-openjdk-amd64/lib/libmanagement_ext.so
7f85c8500000-7f85c8501000 rw-p 00005000 08:02 676440                     /usr/lib/jvm/java-11-openjdk-amd64/lib/libmanagement_ext.so
7f85c8501000-7f85c8505000 r-xp 00000000 08:02 676438                     /usr/lib/jvm/java-11-openjdk-amd64/lib/libmanagement.so
7f85c8505000-7f85c8704000 ---p 00004000 08:02 676438                     /usr/lib/jvm/java-11-openjdk-amd64/lib/libmanagement.so
7f85c8704000-7f85c8705000 r--p 00003000 08:02 676438                     /usr/lib/jvm/java-11-openjdk-amd64/lib/libmanagement.so
7f85c8705000-7f85c8706000 rw-p 00004000 08:02 676438                     /usr/lib/jvm/java-11-openjdk-amd64/lib/libmanagement.so
7f85c8706000-7f85c871c000 r-xp 00000000 08:02 676442                     /usr/lib/jvm/java-11-openjdk-amd64/lib/libnet.so
7f85c871c000-7f85c891b000 ---p 00016000 08:02 676442                     /usr/lib/jvm/java-11-openjdk-amd64/lib/libnet.so
7f85c891b000-7f85c891c000 r--p 00015000 08:02 676442                     /usr/lib/jvm/java-11-openjdk-amd64/lib/libnet.so
7f85c891c000-7f85c891d000 rw-p 00016000 08:02 676442                     /usr/lib/jvm/java-11-openjdk-amd64/lib/libnet.so
7f85c891d000-7f85c892d000 r-xp 00000000 08:02 676443                     /usr/lib/jvm/java-11-openjdk-amd64/lib/libnio.so
7f85c892d000-7f85c8b2c000 ---p 00010000 08:02 676443                     /usr/lib/jvm/java-11-openjdk-amd64/lib/libnio.so
7f85c8b2c000-7f85c8b2d000 r--p 0000f000 08:02 676443                     /usr/lib/jvm/java-11-openjdk-amd64/lib/libnio.so
7f85c8b2d000-7f85c8b2e000 rw-p 00010000 08:02 676443                     /usr/lib/jvm/java-11-openjdk-amd64/lib/libnio.so
7f85c8b2e000-7f85c8b32000 ---p 00000000 00:00 0 
7f85c8b32000-7f85c8c2f000 rw-p 00000000 00:00 0 
7f85c8c2f000-7f85c8c33000 ---p 00000000 00:00 0 
7f85c8c33000-7f85c8d30000 rw-p 00000000 00:00 0 
7f85c8d30000-7f85c8d34000 ---p 00000000 00:00 0 
7f85c8d34000-7f85c8e31000 rw-p 00000000 00:00 0 
7f85c8e31000-7f85c9800000 r--p 00000000 08:02 660012                     /usr/lib/locale/locale-archive
7f85c9800000-7f85cc000000 rw-p 00000000 00:00 0 
7f85cc000000-7f85cc021000 rw-p 00000000 00:00 0 
7f85cc021000-7f85d0000000 ---p 00000000 00:00 0 
7f85d005d000-7f85d0061000 ---p 00000000 00:00 0 
7f85d0061000-7f85d015e000 rw-p 00000000 00:00 0 
7f85d015e000-7f85d0162000 ---p 00000000 00:00 0 
7f85d0162000-7f85d025f000 rw-p 00000000 00:00 0 
7f85d025f000-7f85d0263000 ---p 00000000 00:00 0 
7f85d0263000-7f85d05ac000 rw-p 00000000 00:00 0 
7f85d05ac000-7f85d21a8000 ---p 00000000 00:00 0 
7f85d21a8000-7f85d23fc000 rw-p 00000000 00:00 0 
7f85d23fc000-7f85d3ff8000 ---p 00000000 00:00 0 
7f85d3ff8000-7f85d4000000 rw-p 00000000 00:00 0 
7f85d4000000-7f85d4021000 rw-p 00000000 00:00 0 
7f85d4021000-7f85d8000000 ---p 00000000 00:00 0 
7f85d8026000-7f85d8057000 rw-p 00000000 00:00 0 
7f85d8057000-7f85d805b000 ---p 00000000 00:00 0 
7f85d805b000-7f85d8158000 rw-p 00000000 00:00 0 
7f85d8158000-7f85d8159000 ---p 00000000 00:00 0 
7f85d8159000-7f85d8336000 rw-p 00000000 00:00 0 
7f85d8336000-7f85d8337000 ---p 00000000 00:00 0 
7f85d8337000-7f85d8438000 rw-p 00000000 00:00 0 
7f85d8438000-7f85d8439000 ---p 00000000 00:00 0 
7f85d8439000-7f85d893e000 rw-p 00000000 00:00 0 
7f85d893e000-7f85d8bae000 rwxp 00000000 00:00 0 
7f85d8bae000-7f85d8fe5000 ---p 00000000 00:00 0 
7f85d8fe5000-7f85d9775000 rwxp 00000000 00:00 0 
7f85d9775000-7f85e793e000 ---p 00000000 00:00 0 
7f85e793e000-7f85f0000000 r--s 00000000 08:02 676452                     /usr/lib/jvm/java-11-openjdk-amd64/lib/modules
7f85f0000000-7f85f08d3000 rw-p 00000000 00:00 0 
7f85f08d3000-7f85f4000000 ---p 00000000 00:00 0 
7f85f4010000-7f85f4011000 ---p 00000000 00:00 0 
7f85f4011000-7f85f4112000 rw-p 00000000 00:00 0 
7f85f4112000-7f85f4113000 ---p 00000000 00:00 0 
7f85f4113000-7f85f425e000 rw-p 00000000 00:00 0 
7f85f425e000-7f85f45dd000 ---p 00000000 00:00 0 
7f85f45dd000-7f85f4628000 rw-p 00000000 00:00 0 
7f85f4628000-7f85f49a7000 ---p 00000000 00:00 0 
7f85f49a7000-7f85f49f2000 rw-p 00000000 00:00 0 
7f85f49f2000-7f85f4d71000 ---p 00000000 00:00 0 
7f85f4d71000-7f85f5176000 rw-p 00000000 00:00 0 
7f85f5176000-7f85f5177000 ---p 00000000 00:00 0 
7f85f5177000-7f85f5288000 rw-p 00000000 00:00 0 
7f85f5288000-7f85f544b000 ---p 00000000 00:00 0 
7f85f544b000-7f85f5450000 r-xp 00000000 08:02 676434                     /usr/lib/jvm/java-11-openjdk-amd64/lib/libjimage.so
7f85f5450000-7f85f564f000 ---p 00005000 08:02 676434                     /usr/lib/jvm/java-11-openjdk-amd64/lib/libjimage.so
7f85f564f000-7f85f5650000 r--p 00004000 08:02 676434                     /usr/lib/jvm/java-11-openjdk-amd64/lib/libjimage.so
7f85f5650000-7f85f5651000 rw-p 00005000 08:02 676434                     /usr/lib/jvm/java-11-openjdk-amd64/lib/libjimage.so
7f85f5651000-7f85f5658000 r-xp 00000000 08:02 676451                     /usr/lib/jvm/java-11-openjdk-amd64/lib/libzip.so
7f85f5658000-7f85f5857000 ---p 00007000 08:02 676451                     /usr/lib/jvm/java-11-openjdk-amd64/lib/libzip.so
7f85f5857000-7f85f5858000 r--p 00006000 08:02 676451                     /usr/lib/jvm/java-11-openjdk-amd64/lib/libzip.so
7f85f5858000-7f85f5859000 rw-p 00007000 08:02 676451                     /usr/lib/jvm/java-11-openjdk-amd64/lib/libzip.so
7f85f5859000-7f85f5864000 r-xp 00000000 08:02 397769                     /lib/x86_64-linux-gnu/libnss_files-2.27.so
7f85f5864000-7f85f5a63000 ---p 0000b000 08:02 397769                     /lib/x86_64-linux-gnu/libnss_files-2.27.so
7f85f5a63000-7f85f5a64000 r--p 0000a000 08:02 397769                     /lib/x86_64-linux-gnu/libnss_files-2.27.so
7f85f5a64000-7f85f5a65000 rw-p 0000b000 08:02 397769                     /lib/x86_64-linux-gnu/libnss_files-2.27.so
7f85f5a65000-7f85f5a6b000 rw-p 00000000 00:00 0 
7f85f5a6b000-7f85f5a82000 r-xp 00000000 08:02 397763                     /lib/x86_64-linux-gnu/libnsl-2.27.so
7f85f5a82000-7f85f5c81000 ---p 00017000 08:02 397763                     /lib/x86_64-linux-gnu/libnsl-2.27.so
7f85f5c81000-7f85f5c82000 r--p 00016000 08:02 397763                     /lib/x86_64-linux-gnu/libnsl-2.27.so
7f85f5c82000-7f85f5c83000 rw-p 00017000 08:02 397763                     /lib/x86_64-linux-gnu/libnsl-2.27.so
7f85f5c83000-7f85f5c85000 rw-p 00000000 00:00 0 
7f85f5c85000-7f85f5c90000 r-xp 00000000 08:02 397780                     /lib/x86_64-linux-gnu/libnss_nis-2.27.so
7f85f5c90000-7f85f5e8f000 ---p 0000b000 08:02 397780                     /lib/x86_64-linux-gnu/libnss_nis-2.27.so
7f85f5e8f000-7f85f5e90000 r--p 0000a000 08:02 397780                     /lib/x86_64-linux-gnu/libnss_nis-2.27.so
7f85f5e90000-7f85f5e91000 rw-p 0000b000 08:02 397780                     /lib/x86_64-linux-gnu/libnss_nis-2.27.so
7f85f5e91000-7f85f5e99000 r-xp 00000000 08:02 397765                     /lib/x86_64-linux-gnu/libnss_compat-2.27.so
7f85f5e99000-7f85f6099000 ---p 00008000 08:02 397765                     /lib/x86_64-linux-gnu/libnss_compat-2.27.so
7f85f6099000-7f85f609a000 r--p 00008000 08:02 397765                     /lib/x86_64-linux-gnu/libnss_compat-2.27.so
7f85f609a000-7f85f609b000 rw-p 00009000 08:02 397765                     /lib/x86_64-linux-gnu/libnss_compat-2.27.so
7f85f609b000-7f85f60c4000 r-xp 00000000 08:02 676430                     /usr/lib/jvm/java-11-openjdk-amd64/lib/libjava.so
7f85f60c4000-7f85f62c3000 ---p 00029000 08:02 676430                     /usr/lib/jvm/java-11-openjdk-amd64/lib/libjava.so
7f85f62c3000-7f85f62c4000 r--p 00028000 08:02 676430                     /usr/lib/jvm/java-11-openjdk-amd64/lib/libjava.so
7f85f62c4000-7f85f62c6000 rw-p 00029000 08:02 676430                     /usr/lib/jvm/java-11-openjdk-amd64/lib/libjava.so
7f85f62c6000-7f85f62d3000 r-xp 00000000 08:02 676450                     /usr/lib/jvm/java-11-openjdk-amd64/lib/libverify.so
7f85f62d3000-7f85f64d2000 ---p 0000d000 08:02 676450                     /usr/lib/jvm/java-11-openjdk-amd64/lib/libverify.so
7f85f64d2000-7f85f64d4000 r--p 0000c000 08:02 676450                     /usr/lib/jvm/java-11-openjdk-amd64/lib/libverify.so
7f85f64d4000-7f85f64d5000 rw-p 0000e000 08:02 676450                     /usr/lib/jvm/java-11-openjdk-amd64/lib/libverify.so
7f85f64d5000-7f85f64dc000 r-xp 00000000 08:02 397820                     /lib/x86_64-linux-gnu/librt-2.27.so
7f85f64dc000-7f85f66db000 ---p 00007000 08:02 397820                     /lib/x86_64-linux-gnu/librt-2.27.so
7f85f66db000-7f85f66dc000 r--p 00006000 08:02 397820                     /lib/x86_64-linux-gnu/librt-2.27.so
7f85f66dc000-7f85f66dd000 rw-p 00007000 08:02 397820                     /lib/x86_64-linux-gnu/librt-2.27.so
7f85f66dd000-7f85f66f4000 r-xp 00000000 08:02 397503                     /lib/x86_64-linux-gnu/libgcc_s.so.1
7f85f66f4000-7f85f68f3000 ---p 00017000 08:02 397503                     /lib/x86_64-linux-gnu/libgcc_s.so.1
7f85f68f3000-7f85f68f4000 r--p 00016000 08:02 397503                     /lib/x86_64-linux-gnu/libgcc_s.so.1
7f85f68f4000-7f85f68f5000 rw-p 00017000 08:02 397503                     /lib/x86_64-linux-gnu/libgcc_s.so.1
7f85f68f5000-7f85f6a92000 r-xp 00000000 08:02 397742                     /lib/x86_64-linux-gnu/libm-2.27.so
7f85f6a92000-7f85f6c91000 ---p 0019d000 08:02 397742                     /lib/x86_64-linux-gnu/libm-2.27.so
7f85f6c91000-7f85f6c92000 r--p 0019c000 08:02 397742                     /lib/x86_64-linux-gnu/libm-2.27.so
7f85f6c92000-7f85f6c93000 rw-p 0019d000 08:02 397742                     /lib/x86_64-linux-gnu/libm-2.27.so
7f85f6c93000-7f85f6e0c000 r-xp 00000000 08:02 653459                     /usr/lib/x86_64-linux-gnu/libstdc++.so.6.0.25
7f85f6e0c000-7f85f700c000 ---p 00179000 08:02 653459                     /usr/lib/x86_64-linux-gnu/libstdc++.so.6.0.25
7f85f700c000-7f85f7016000 r--p 00179000 08:02 653459                     /usr/lib/x86_64-linux-gnu/libstdc++.so.6.0.25
7f85f7016000-7f85f7018000 rw-p 00183000 08:02 653459                     /usr/lib/x86_64-linux-gnu/libstdc++.so.6.0.25
7f85f7018000-7f85f701c000 rw-p 00000000 00:00 0 
7f85f701c000-7f85f80f0000 r-xp 00000000 08:02 676455                     /usr/lib/jvm/java-11-openjdk-amd64/lib/server/libjvm.so
7f85f80f0000-7f85f82f0000 ---p 010d4000 08:02 676455                     /usr/lib/jvm/java-11-openjdk-amd64/lib/server/libjvm.so
7f85f82f0000-7f85f83ad000 r--p 010d4000 08:02 676455                     /usr/lib/jvm/java-11-openjdk-amd64/lib/server/libjvm.so
7f85f83ad000-7f85f83e6000 rw-p 01191000 08:02 676455                     /usr/lib/jvm/java-11-openjdk-amd64/lib/server/libjvm.so
7f85f83e6000-7f85f843d000 rw-p 00000000 00:00 0 
7f85f843d000-7f85f8457000 r-xp 00000000 08:02 397812                     /lib/x86_64-linux-gnu/libpthread-2.27.so
7f85f8457000-7f85f8656000 ---p 0001a000 08:02 397812                     /lib/x86_64-linux-gnu/libpthread-2.27.so
7f85f8656000-7f85f8657000 r--p 00019000 08:02 397812                     /lib/x86_64-linux-gnu/libpthread-2.27.so
7f85f8657000-7f85f8658000 rw-p 0001a000 08:02 397812                     /lib/x86_64-linux-gnu/libpthread-2.27.so
7f85f8658000-7f85f865c000 rw-p 00000000 00:00 0 
7f85f865c000-7f85f865f000 r-xp 00000000 08:02 397702                     /lib/x86_64-linux-gnu/libdl-2.27.so
7f85f865f000-7f85f885e000 ---p 00003000 08:02 397702                     /lib/x86_64-linux-gnu/libdl-2.27.so
7f85f885e000-7f85f885f000 r--p 00002000 08:02 397702                     /lib/x86_64-linux-gnu/libdl-2.27.so
7f85f885f000-7f85f8860000 rw-p 00003000 08:02 397702                     /lib/x86_64-linux-gnu/libdl-2.27.so
7f85f8860000-7f85f887c000 r-xp 00000000 08:02 397851                     /lib/x86_64-linux-gnu/libz.so.1.2.11
7f85f887c000-7f85f8a7b000 ---p 0001c000 08:02 397851                     /lib/x86_64-linux-gnu/libz.so.1.2.11
7f85f8a7b000-7f85f8a7c000 r--p 0001b000 08:02 397851                     /lib/x86_64-linux-gnu/libz.so.1.2.11
7f85f8a7c000-7f85f8a7d000 rw-p 0001c000 08:02 397851                     /lib/x86_64-linux-gnu/libz.so.1.2.11
7f85f8a7d000-7f85f8c64000 r-xp 00000000 08:02 397679                     /lib/x86_64-linux-gnu/libc-2.27.so
7f85f8c64000-7f85f8e64000 ---p 001e7000 08:02 397679                     /lib/x86_64-linux-gnu/libc-2.27.so
7f85f8e64000-7f85f8e68000 r--p 001e7000 08:02 397679                     /lib/x86_64-linux-gnu/libc-2.27.so
7f85f8e68000-7f85f8e6a000 rw-p 001eb000 08:02 397679                     /lib/x86_64-linux-gnu/libc-2.27.so
7f85f8e6a000-7f85f8e6e000 rw-p 00000000 00:00 0 
7f85f8e6e000-7f85f8e7e000 r-xp 00000000 08:02 676412                     /usr/lib/jvm/java-11-openjdk-amd64/lib/jli/libjli.so
7f85f8e7e000-7f85f907d000 ---p 00010000 08:02 676412                     /usr/lib/jvm/java-11-openjdk-amd64/lib/jli/libjli.so
7f85f907d000-7f85f907e000 r--p 0000f000 08:02 676412                     /usr/lib/jvm/java-11-openjdk-amd64/lib/jli/libjli.so
7f85f907e000-7f85f907f000 rw-p 00010000 08:02 676412                     /usr/lib/jvm/java-11-openjdk-amd64/lib/jli/libjli.so
7f85f907f000-7f85f90a6000 r-xp 00000000 08:02 397651                     /lib/x86_64-linux-gnu/ld-2.27.so
7f85f90d4000-7f85f917f000 rw-p 00000000 00:00 0 
7f85f917f000-7f85f9183000 ---p 00000000 00:00 0 
7f85f9183000-7f85f9282000 rw-p 00000000 00:00 0 
7f85f928c000-7f85f9291000 rw-p 00000000 00:00 0 
7f85f9291000-7f85f929a000 ---p 00000000 00:00 0 
7f85f929a000-7f85f92a2000 rw-s 00000000 08:02 1313193                    /tmp/hsperfdata_rumit/27677
7f85f92a2000-7f85f92a3000 ---p 00000000 00:00 0 
7f85f92a3000-7f85f92a4000 r--p 00000000 00:00 0 
7f85f92a4000-7f85f92a6000 rw-p 00000000 00:00 0 
7f85f92a6000-7f85f92a7000 r--p 00027000 08:02 397651                     /lib/x86_64-linux-gnu/ld-2.27.so
7f85f92a7000-7f85f92a8000 rw-p 00028000 08:02 397651                     /lib/x86_64-linux-gnu/ld-2.27.so
7f85f92a8000-7f85f92a9000 rw-p 00000000 00:00 0 
7ffce3c84000-7ffce3ca7000 rw-p 00000000 00:00 0                          [stack]
7ffce3da9000-7ffce3dac000 r--p 00000000 00:00 0                          [vvar]
7ffce3dac000-7ffce3dad000 r-xp 00000000 00:00 0                          [vdso]
ffffffffff600000-ffffffffff601000 --xp 00000000 00:00 0                  [vsyscall]


VM Arguments:
jvm_args: -Dcom.sun.management.jmxremote -Dcom.sun.management.jmxremote.port=46217 -Dcom.sun.management.jmxremote.authenticate=false -Dcom.sun.management.jmxremote.ssl=false -Djava.rmi.server.hostname=localhost -Dspring.jmx.enabled=true -Dspring.liveBeansView.mbeanDomain -Dspring.application.admin.enabled=true -Djava.security.egd=file:/dev/./urandom -Xverify:none -XX:TieredStopAtLevel=1 -Dspring.boot.project.name=AMS2 -Dfile.encoding=UTF-8 
java_command: com.AMS.AMS --spring.output.ansi.enabled=always
java_class_path (initial): /home/rumit/workspace-sts-3.9.11.RELEASE/AMS2/target/classes:/home/rumit/.m2/repository/org/springframework/boot/spring-boot-starter-data-jpa/2.1.0.RELEASE/spring-boot-starter-data-jpa-2.1.0.RELEASE.jar:/home/rumit/.m2/repository/org/springframework/boot/spring-boot-starter-aop/2.1.0.RELEASE/spring-boot-starter-aop-2.1.0.RELEASE.jar:/home/rumit/.m2/repository/org/springframework/spring-aop/5.1.2.RELEASE/spring-aop-5.1.2.RELEASE.jar:/home/rumit/.m2/repository/org/aspectj/aspectjweaver/1.9.2/aspectjweaver-1.9.2.jar:/home/rumit/.m2/repository/org/springframework/boot/spring-boot-starter-jdbc/2.1.0.RELEASE/spring-boot-starter-jdbc-2.1.0.RELEASE.jar:/home/rumit/.m2/repository/com/zaxxer/HikariCP/3.2.0/HikariCP-3.2.0.jar:/home/rumit/.m2/repository/org/springframework/spring-jdbc/5.1.2.RELEASE/spring-jdbc-5.1.2.RELEASE.jar:/home/rumit/.m2/repository/javax/transaction/javax.transaction-api/1.3/javax.transaction-api-1.3.jar:/home/rumit/.m2/repository/javax/xml/bind/jaxb-api/2.3.1/jaxb-api-2.3.1.jar:/home/rumit/.m2/repository/org/springframework/data/spring-data-jpa/2.1.2.RELEASE/spring-data-jpa-2.1.2.RELEASE.jar:/home/rumit/.m2/repository/org/springframework/data/spring-data-commons/2.1.2.RELEASE/spring-data-commons-2.1.2.RELEASE.jar:/home/rumit/.m2/repository/org/springframework/spring-orm/5.1.2.RELEASE/spring-orm-5.1.2.RELEASE.jar:/home/rumit/.m2/repository/org/springframework/spring-context/5.1.2.RELEASE/spring-context-5.1.2.RELEASE.jar:/home/rumit/.m2/repository/org/springframework/spring-tx/5.1.2.RELEASE/spring-tx-5.1.2.RELEASE.jar:/home/rumit/.m2/repository/org/springframework/spring-beans/5.1.2.RELEASE/spring-beans-5.1.2.RELEASE.jar:/home/rumit/.m2/repository/org/slf4j/slf4j-api/1.7.25/slf4j-api-1.7.25.jar:/home/rumit/.m2/repository/org/springframework/spring-aspects/5.1.2.RELEASE/spring-aspects-5.1.2.RELEASE.jar:/home/rumit/.m2/repository/org/apache/tomcat/tomcat-jasper/9.0.30/tomcat-jasper-9.0.30.jar:/home/rumit/.m2/repository/org/apache
Launcher Type: SUN_STANDARD

[Global flags]
     bool BytecodeVerificationLocal                = false                                     {product} {command line}
     bool BytecodeVerificationRemote               = false                                     {product} {command line}
     intx CICompilerCount                          = 3                                         {product} {ergonomic}
     uint ConcGCThreads                            = 1                                         {product} {ergonomic}
     uint G1ConcRefinementThreads                  = 4                                         {product} {ergonomic}
   size_t G1HeapRegionSize                         = 1048576                                   {product} {ergonomic}
    uintx GCDrainStackTargetSize                   = 64                                        {product} {ergonomic}
   size_t InitialHeapSize                          = 127926272                                 {product} {ergonomic}
     bool ManagementServer                         = true                                      {product} {command line}
   size_t MarkStackSize                            = 4194304                                   {product} {ergonomic}
   size_t MaxHeapSize                              = 2034237440                                {product} {ergonomic}
   size_t MaxNewSize                               = 1220542464                                {product} {ergonomic}
   size_t MinHeapDeltaBytes                        = 1048576                                   {product} {ergonomic}
    uintx NonNMethodCodeHeapSize                   = 6973028                                {pd product} {ergonomic}
    uintx NonProfiledCodeHeapSize                  = 244685212                              {pd product} {ergonomic}
    uintx ProfiledCodeHeapSize                     = 0                                      {pd product} {ergonomic}
    uintx ReservedCodeCacheSize                    = 251658240                              {pd product} {ergonomic}
     bool SegmentedCodeCache                       = true                                      {product} {ergonomic}
     intx TieredStopAtLevel                        = 1                                         {product} {command line}
     bool UseCompressedClassPointers               = true                                 {lp64_product} {ergonomic}
     bool UseCompressedOops                        = true                                 {lp64_product} {ergonomic}
     bool UseG1GC                                  = true                                      {product} {ergonomic}

Logging:
Log output configuration:
 #0: stdout all=warning uptime,level,tags
 #1: stderr all=off uptime,level,tags

Environment Variables:
PATH=/usr/local/sbin:/usr/local/bin:/usr/sbin:/usr/bin:/sbin:/bin:/usr/games:/usr/local/games:/snap/bin
USERNAME=rumit
SHELL=/bin/bash
DISPLAY=:0

Signal Handlers:
SIGSEGV: [libjvm.so+0xdeda70], sa_mask[0]=11111111011111111101111111111110, sa_flags=SA_RESTART|SA_SIGINFO
SIGBUS: [libjvm.so+0xdeda70], sa_mask[0]=11111111011111111101111111111110, sa_flags=SA_RESTART|SA_SIGINFO
SIGFPE: [libjvm.so+0xdeda70], sa_mask[0]=11111111011111111101111111111110, sa_flags=SA_RESTART|SA_SIGINFO
SIGPIPE: [libjvm.so+0xbc3040], sa_mask[0]=11111111011111111101111111111110, sa_flags=SA_RESTART|SA_SIGINFO
SIGXFSZ: [libjvm.so+0xbc3040], sa_mask[0]=11111111011111111101111111111110, sa_flags=SA_RESTART|SA_SIGINFO
SIGILL: [libjvm.so+0xdeda70], sa_mask[0]=11111111011111111101111111111110, sa_flags=SA_RESTART|SA_SIGINFO
SIGUSR2: [libjvm.so+0xbc2ee0], sa_mask[0]=00100000000000000000000000000000, sa_flags=SA_RESTART|SA_SIGINFO
SIGHUP: [libjvm.so+0xbc3240], sa_mask[0]=11111111011111111101111111111110, sa_flags=SA_RESTART|SA_SIGINFO
SIGINT: [libjvm.so+0xbc3240], sa_mask[0]=11111111011111111101111111111110, sa_flags=SA_RESTART|SA_SIGINFO
SIGTERM: [libjvm.so+0xbc3240], sa_mask[0]=11111111011111111101111111111110, sa_flags=SA_RESTART|SA_SIGINFO
SIGQUIT: [libjvm.so+0xbc3240], sa_mask[0]=11111111011111111101111111111110, sa_flags=SA_RESTART|SA_SIGINFO


---------------  S Y S T E M  ---------------

OS:DISTRIB_ID=Ubuntu
DISTRIB_RELEASE=18.04
DISTRIB_CODENAME=bionic
DISTRIB_DESCRIPTION="Ubuntu 18.04.3 LTS"
uname:Linux 5.3.0-26-generic #28~18.04.1-Ubuntu SMP Wed Dec 18 16:40:14 UTC 2019 x86_64
libc:glibc 2.27 NPTL 2.27 
rlimit: STACK 8192k, CORE 0k, NPROC 30843, NOFILE 4096, AS infinity, DATA infinity, FSIZE infinity
load average:2.37 1.61 1.56

/proc/meminfo:
MemTotal:        7943188 kB
MemFree:         1262856 kB
MemAvailable:    1908908 kB
Buffers:          203660 kB
Cached:          1457360 kB
SwapCached:        43236 kB
Active:          5011168 kB
Inactive:        1248428 kB
Active(anon):    4349604 kB
Inactive(anon):   934948 kB
Active(file):     661564 kB
Inactive(file):   313480 kB
Unevictable:       77308 kB
Mlocked:             200 kB
SwapTotal:      15999996 kB
SwapFree:       15906044 kB
Dirty:              1152 kB
Writeback:             0 kB
AnonPages:       4632824 kB
Mapped:           859796 kB
Shmem:            686768 kB
KReclaimable:      85296 kB
Slab:             158516 kB
SReclaimable:      85296 kB
SUnreclaim:        73220 kB
KernelStack:       18912 kB
PageTables:        96224 kB
NFS_Unstable:          0 kB
Bounce:                0 kB
WritebackTmp:          0 kB
CommitLimit:    19971588 kB
Committed_AS:   16599704 kB
VmallocTotal:   34359738367 kB
VmallocUsed:       33860 kB
VmallocChunk:          0 kB
Percpu:             5568 kB
HardwareCorrupted:     0 kB
AnonHugePages:         0 kB
ShmemHugePages:        0 kB
ShmemPmdMapped:        0 kB
CmaTotal:              0 kB
CmaFree:               0 kB
HugePages_Total:       0
HugePages_Free:        0
HugePages_Rsvd:        0
HugePages_Surp:        0
Hugepagesize:       2048 kB
Hugetlb:               0 kB
DirectMap4k:      300764 kB
DirectMap2M:     7880704 kB


/proc/sys/kernel/threads-max (system-wide limit on the number of threads):
61687


/proc/sys/vm/max_map_count (maximum number of memory map areas a process may have):
65530


/proc/sys/kernel/pid_max (system-wide limit on number of process identifiers):
32768



container (cgroup) information:
container_type: cgroupv1
cpu_cpuset_cpus: 0-3
cpu_memory_nodes: 0
active_processor_count: 4
cpu_quota: -1
cpu_period: 100000
cpu_shares: -1
memory_limit_in_bytes: -1
memory_and_swap_limit_in_bytes: -2
memory_soft_limit_in_bytes: -1
memory_usage_in_bytes: 6488920064
memory_max_usage_in_bytes: 117084160

Steal ticks since vm start: 0
Steal ticks percentage since vm start:  0.000

CPU:total 4 (initial active 4) (2 cores per cpu, 2 threads per core) family 6 model 37 stepping 5, cmov, cx8, fxsr, mmx, sse, sse2, sse3, ssse3, sse4.1, sse4.2, popcnt, ht, tsc, tscinvbit
CPU Model and flags from /proc/cpuinfo:
model name	: Intel(R) Core(TM) i3 CPU         540  @ 3.07GHz
flags		: fpu vme de pse tsc msr pae mce cx8 apic sep mtrr pge mca cmov pat pse36 clflush dts acpi mmx fxsr sse sse2 ht tm pbe syscall nx rdtscp lm constant_tsc arch_perfmon pebs bts rep_good nopl xtopology nonstop_tsc cpuid aperfmperf pni dtes64 monitor ds_cpl vmx est tm2 ssse3 cx16 xtpr pdcm pcid sse4_1 sse4_2 popcnt lahf_lm pti ssbd ibrs ibpb stibp tpr_shadow vnmi flexpriority ept vpid dtherm arat flush_l1d

Memory: 4k page, physical 7943188k(1262856k free), swap 15999996k(15906044k free)

vm_info: OpenJDK 64-Bit Server VM (11.0.5+10-post-Ubuntu-0ubuntu1.118.04) for linux-amd64 JRE (11.0.5+10-post-Ubuntu-0ubuntu1.118.04), built on Oct 16 2019 22:01:07 by "buildd" with gcc 7.4.0

END.
