#
# A fatal error has been detected by the Java Runtime Environment:
#
#  SIGSEGV (0xb) at pc=0x00007f2deb21d905, pid=27972, tid=28000
#
# JRE version: OpenJDK Runtime Environment (11.0.5+10) (build 11.0.5+10-post-Ubuntu-0ubuntu1.118.04)
# Java VM: OpenJDK 64-Bit Server VM (11.0.5+10-post-Ubuntu-0ubuntu1.118.04, mixed mode, sharing, tiered, compressed oops, g1 gc, linux-amd64)
# Problematic frame:
# V  [libjvm.so+0x76e905]
#
# Core dump will be written. Default location: Core dumps may be processed with "/usr/share/apport/apport %p %s %c %d %P" (or dumping to /home/rumit/workspace-sts-3.9.11.RELEASE/AMS2/core.27972)
#
# If you would like to submit a bug report, please visit:
#   Unknown
#

---------------  S U M M A R Y ------------

Command Line: -Dcom.sun.management.jmxremote -Dcom.sun.management.jmxremote.port=42155 -Dcom.sun.management.jmxremote.authenticate=false -Dcom.sun.management.jmxremote.ssl=false -Djava.rmi.server.hostname=localhost -Dspring.jmx.enabled=true -Dspring.liveBeansView.mbeanDomain -Dspring.application.admin.enabled=true -Djava.security.egd=file:/dev/./urandom -Xverify:none -XX:TieredStopAtLevel=1 -Dspring.boot.project.name=AMS2 -Dfile.encoding=UTF-8 com.AMS.AMS --spring.output.ansi.enabled=always

Host: Intel(R) Core(TM) i3 CPU         540  @ 3.07GHz, 4 cores, 7G, Ubuntu 18.04.3 LTS
Time: Fri Mar  6 16:08:50 2020 IST elapsed time: 2 seconds (0d 0h 0m 2s)

---------------  T H R E A D  ---------------

Current thread (0x00007f2db0003800):  GCTaskThread "GC Thread#2" [stack: 0x00007f2d92ac2000,0x00007f2d92bc2000] [id=28000]

Stack: [0x00007f2d92ac2000,0x00007f2d92bc2000],  sp=0x00007f2d92bc09a0,  free space=1018k
Native frames: (J=compiled Java code, A=aot compiled Java code, j=interpreted, Vv=VM code, C=native code)
V  [libjvm.so+0x76e905]
V  [libjvm.so+0x76c0f8]
V  [libjvm.so+0x59887a]
V  [libjvm.so+0x76b7d5]
V  [libjvm.so+0x59b009]
V  [libjvm.so+0x789dc5]
V  [libjvm.so+0x78a4b8]
V  [libjvm.so+0x73670c]
V  [libjvm.so+0xe172fd]
V  [libjvm.so+0xd7ba0a]
V  [libjvm.so+0xbcd3ce]


siginfo: si_signo: 11 (SIGSEGV), si_code: 1 (SEGV_MAPERR), si_addr: 0x0000000b737b4ba0

Register to memory mapping:

RAX=0x0000000000000001 is an unknown value
RBX=0x000000008b11dbd0 points into unknown readable memory: 75 74 69 6c 3b 76 65 72
RCX=0x0000000000000003 is an unknown value
RDX=0x00007f2debe60550: <offset 0x00000000013b1550> in /usr/lib/jvm/java-11-openjdk-amd64/lib/server/libjvm.so at 0x00007f2deaaaf000
RSP=0x00007f2d92bc09a0 points into unknown readable memory: d0 09 bc 92 2d 7f 00 00
RBP=0x00007f2d92bc0a20 points into unknown readable memory: c0 0a bc 92 2d 7f 00 00
RSI=0x0000000000000001 is an unknown value
RDI=0x0000000b737b4b98 is an unknown value
R8 =0x0 is NULL
R9 =0x0 is NULL
R10=0x000000008a76af6d points into unknown readable memory: db 11 8b
R11=0x0000000000000003 is an unknown value
R12=0x00007f2d60000b90 points into unknown readable memory: d0 f3 d8 eb 2d 7f 00 00
R13=0x0000000000000040 is an unknown value
R14=0x00007f2d60000b90 points into unknown readable memory: d0 f3 d8 eb 2d 7f 00 00
R15=0x000000008a76af6c points into unknown readable memory: d0 db 11 8b


Registers:
RAX=0x0000000000000001, RBX=0x000000008b11dbd0, RCX=0x0000000000000003, RDX=0x00007f2debe60550
RSP=0x00007f2d92bc09a0, RBP=0x00007f2d92bc0a20, RSI=0x0000000000000001, RDI=0x0000000b737b4b98
R8 =0x0000000000000000, R9 =0x0000000000000000, R10=0x000000008a76af6d, R11=0x0000000000000003
R12=0x00007f2d60000b90, R13=0x0000000000000040, R14=0x00007f2d60000b90, R15=0x000000008a76af6c
RIP=0x00007f2deb21d905, EFLAGS=0x0000000000010202, CSGSFS=0x002b000000000033, ERR=0x0000000000000004
  TRAPNO=0x000000000000000e

Top of Stack: (sp=0x00007f2d92bc09a0)
0x00007f2d92bc09a0:   00007f2d92bc09d0 00007f2dec640ea6
0x00007f2d92bc09b0:   00007f2d00000001 00007f2d00000000
0x00007f2d92bc09c0:   0000000000000009 00000062eb67347f
0x00007f2d92bc09d0:   7265763b6c697475 000000000bdba701 

Instructions: (pc=0x00007f2deb21d905)
0x00007f2deb21d805:   00 01 49 c7 85 30 01 00 00 00 00 00 00 74 43 4d
0x00007f2deb21d815:   8b 4d 10 49 8b 4d 08 49 8d bd 04 01 00 00 4d 8b
0x00007f2deb21d825:   7d 50 4c 89 4d c0 48 89 4d c8 e8 ec bd 08 00 4c
0x00007f2deb21d835:   8b 4d c0 48 8b 4d c8 48 8d 35 9e 7f 73 00 48 8d
0x00007f2deb21d845:   3d 16 25 73 00 48 89 c2 4d 89 f8 31 c0 e8 49 99
0x00007f2deb21d855:   fa ff 49 8b 7c 24 08 41 8b b4 24 9c 01 00 00 4c
0x00007f2deb21d865:   89 f1 48 89 da e8 b1 b0 fb ff 48 8d 05 76 f5 c6
0x00007f2deb21d875:   00 4d 89 ac 24 90 01 00 00 49 8d bc 24 70 01 00
0x00007f2deb21d885:   00 80 38 00 75 2d 48 8b 53 08 48 63 4a 0c 48 8d
0x00007f2deb21d895:   05 06 e7 c6 00 48 89 de ff 14 c8 48 83 c4 18 48
0x00007f2deb21d8a5:   89 d8 5b 41 5c 41 5d 41 5e 41 5f 5d c3 66 0f 1f
0x00007f2deb21d8b5:   44 00 00 48 8d 05 91 2c c4 00 8b 53 08 8b 48 08
0x00007f2deb21d8c5:   48 d3 e2 48 03 10 eb c2 90 66 90 55 48 89 e5 41
0x00007f2deb21d8d5:   57 41 56 41 55 41 54 49 89 fe 53 48 89 d3 48 83
0x00007f2deb21d8e5:   ec 58 48 8d 05 fe f4 c6 00 40 88 75 b8 48 89 4d
0x00007f2deb21d8f5:   b0 0f b6 00 84 c0 0f 85 7f 01 00 00 48 8b 7a 08
0x00007f2deb21d905:   44 8b 6f 08 41 83 fd 00 0f 8e 4d 01 00 00 41 f6
0x00007f2deb21d915:   c5 01 0f 85 49 01 00 00 41 c1 fd 03 49 8b 46 08
0x00007f2deb21d925:   48 89 da 45 31 db 4d 63 d5 8b 88 c0 02 00 00 48
0x00007f2deb21d935:   8b 80 b0 02 00 00 48 d3 ea 80 7d b8 01 48 8b 04
0x00007f2deb21d945:   d0 8b 80 40 01 00 00 89 45 ac 0f 84 b3 02 00 00
0x00007f2deb21d955:   48 0f be 45 b8 41 80 be c8 01 00 00 00 45 0f b6
0x00007f2deb21d965:   bc 06 68 01 00 00 74 0a 41 80 ff 02 0f 84 41 05
0x00007f2deb21d975:   00 00 41 80 ff 01 45 0f be c7 40 0f 95 c6 49 8b
0x00007f2deb21d985:   7e 60 49 63 c0 8b 8f 28 01 00 00 48 8b 84 c7 10
0x00007f2deb21d995:   01 00 00 85 c9 48 8b 50 38 4c 8b 60 30 74 09 40
0x00007f2deb21d9a5:   84 f6 0f 84 63 05 00 00 4c 29 e2 48 c1 ea 03 49
0x00007f2deb21d9b5:   39 d2 0f 87 7f 03 00 00 4b 8d 14 d4 4d 85 e4 48
0x00007f2deb21d9c5:   89 50 30 0f 84 6a 03 00 00 48 8d 05 7b 83 c2 00
0x00007f2deb21d9d5:   48 8b 00 41 0f 18 0c 04 4c 89 e1 48 8b 13 48 83
0x00007f2deb21d9e5:   c9 03 eb 1b 0f 1f 80 00 00 00 00 48 89 d0 f0 48
0x00007f2deb21d9f5:   0f b1 0b 48 39 c2 0f 84 9f 00 00 00 48 89 c2 48 


Stack slot to memory mapping:
stack at sp + 0 slots: 0x00007f2d92bc09d0 points into unknown readable memory: 75 74 69 6c 3b 76 65 72
stack at sp + 1 slots: 0x00007f2dec640ea6: __clock_gettime+0x0000000000000026 in /lib/x86_64-linux-gnu/libc.so.6 at 0x00007f2dec510000
stack at sp + 2 slots: 0x00007f2d00000001 is an unknown value
stack at sp + 3 slots: 0x00007f2d00000000 is an unknown value
stack at sp + 4 slots: 0x0000000000000009 is an unknown value
stack at sp + 5 slots: 0x00000062eb67347f is an unknown value
stack at sp + 6 slots: 0x7265763b6c697475 is an unknown value
stack at sp + 7 slots: 0x000000000bdba701 is an unknown value


---------------  P R O C E S S  ---------------

Threads class SMR info:
_java_thread_list=0x00007f2d6c3345e0, length=13, elements={
0x00007f2de4017000, 0x00007f2de410d800, 0x00007f2de4117800, 0x00007f2de411d000,
0x00007f2de411f000, 0x00007f2de4121000, 0x00007f2de412e800, 0x00007f2de415e800,
0x00007f2de4542800, 0x00007f2de4549800, 0x00007f2de4562000, 0x00007f2de4918000,
0x00007f2d74002800
}

Java Threads: ( => current thread )
  0x00007f2de4017000 JavaThread "main" [_thread_blocked, id=27977, stack(0x00007f2decc12000,0x00007f2decd13000)]
  0x00007f2de410d800 JavaThread "Reference Handler" daemon [_thread_blocked, id=27984, stack(0x00007f2dbd57c000,0x00007f2dbd67d000)]
  0x00007f2de4117800 JavaThread "Finalizer" daemon [_thread_blocked, id=27985, stack(0x00007f2dbd47b000,0x00007f2dbd57c000)]
  0x00007f2de411d000 JavaThread "Signal Dispatcher" daemon [_thread_blocked, id=27986, stack(0x00007f2dbc9ab000,0x00007f2dbcaac000)]
  0x00007f2de411f000 JavaThread "C1 CompilerThread0" daemon [_thread_blocked, id=27987, stack(0x00007f2dbc8aa000,0x00007f2dbc9ab000)]
  0x00007f2de4121000 JavaThread "Sweeper thread" daemon [_thread_blocked, id=27988, stack(0x00007f2dbc7a9000,0x00007f2dbc8aa000)]
  0x00007f2de412e800 JavaThread "Common-Cleaner" daemon [_thread_blocked, id=27989, stack(0x00007f2dbc6a8000,0x00007f2dbc7a9000)]
  0x00007f2de415e800 JavaThread "Service Thread" daemon [_thread_blocked, id=27990, stack(0x00007f2dbc5a7000,0x00007f2dbc6a8000)]
  0x00007f2de4542800 JavaThread "RMI TCP Accept-0" daemon [_thread_in_native, id=27991, stack(0x00007f2dbc07e000,0x00007f2dbc17f000)]
  0x00007f2de4549800 JavaThread "RMI TCP Accept-42155" daemon [_thread_in_native, id=27992, stack(0x00007f2d932cc000,0x00007f2d933cd000)]
  0x00007f2de4562000 JavaThread "RMI TCP Accept-0" daemon [_thread_in_native, id=27993, stack(0x00007f2d931cb000,0x00007f2d932cc000)]
  0x00007f2de4918000 JavaThread "Thread-0" [_thread_blocked, id=27997, stack(0x00007f2d92dc4000,0x00007f2d92ec5000)]
  0x00007f2d74002800 JavaThread "restartedMain" [_thread_blocked, id=27998, stack(0x00007f2d92cc3000,0x00007f2d92dc4000)]

Other Threads:
  0x00007f2de410a800 VMThread "VM Thread" [stack: 0x00007f2dbd67f000,0x00007f2dbd77f000] [id=27983]
  0x00007f2de4565000 WatcherThread [stack: 0x00007f2d930cb000,0x00007f2d931cb000] [id=27994]
  0x00007f2de402f800 GCTaskThread "GC Thread#0" [stack: 0x00007f2de8c0b000,0x00007f2de8d0b000] [id=27978]
  0x00007f2db0001000 GCTaskThread "GC Thread#1" [stack: 0x00007f2d92fc9000,0x00007f2d930c9000] [id=27995]
=>0x00007f2db0003800 GCTaskThread "GC Thread#2" [stack: 0x00007f2d92ac2000,0x00007f2d92bc2000] [id=28000]
  0x00007f2db0005000 GCTaskThread "GC Thread#3" [stack: 0x00007f2d929c0000,0x00007f2d92ac0000] [id=28001]
  0x00007f2de4060000 ConcurrentGCThread "G1 Main Marker" [stack: 0x00007f2dcc474000,0x00007f2dcc574000] [id=27979]
  0x00007f2de4061800 ConcurrentGCThread "G1 Conc#0" [stack: 0x00007f2dcc372000,0x00007f2dcc472000] [id=27980]
  0x00007f2de40d8000 ConcurrentGCThread "G1 Refine#0" [stack: 0x00007f2dc415f000,0x00007f2dc425f000] [id=27981]
  0x00007f2db4001000 ConcurrentGCThread "G1 Refine#1" [stack: 0x00007f2d92ec7000,0x00007f2d92fc7000] [id=27996]
  0x00007f2de40da000 ConcurrentGCThread "G1 Young RemSet Sampling" [stack: 0x00007f2dc405d000,0x00007f2dc415d000] [id=27982]

Threads with active compile tasks:

VM state:at safepoint (normal execution)

VM Mutex/Monitor currently owned by a thread:  ([mutex/lock_event])
[0x00007f2de4013390] Threads_lock - owner thread: 0x00007f2de410a800
[0x00007f2de4013ae0] Heap_lock - owner thread: 0x00007f2d74002800

Heap address: 0x0000000086c00000, size: 1940 MB, Compressed Oops mode: 32-bit
Narrow klass base: 0x0000000800000000, Narrow klass shift: 3
Compressed class space size: 1073741824 Address: 0x0000000840000000

Heap:
 garbage-first heap   total 179200K, used 113881K [0x0000000086c00000, 0x0000000100000000)
  region size 1024K, 109 young (111616K), 11 survivors (11264K)
 Metaspace       used 26647K, capacity 27745K, committed 27900K, reserved 1073152K
  class space    used 3572K, capacity 4037K, committed 4096K, reserved 1048576K
Heap Regions: E=young(eden), S=young(survivor), O=old, HS=humongous(starts), HC=humongous(continues), CS=collection set, F=free, A=archive, TAMS=top-at-mark-start (previous, next)
|   0|0x0000000086c00000, 0x0000000086d00000, 0x0000000086d00000|100%|HS|  |TAMS 0x0000000086d00000, 0x0000000086c00000| Complete 
|   1|0x0000000086d00000, 0x0000000086e00000, 0x0000000086e00000|100%| O|  |TAMS 0x0000000086e00000, 0x0000000086d00000| Untracked 
|   2|0x0000000086e00000, 0x0000000086f00000, 0x0000000086f00000|100%| O|  |TAMS 0x0000000086f00000, 0x0000000086e00000| Untracked 
|   3|0x0000000086f00000, 0x0000000087000000, 0x0000000087000000|100%| O|  |TAMS 0x0000000087000000, 0x0000000086f00000| Untracked 
|   4|0x0000000087000000, 0x0000000087100000, 0x0000000087100000|100%| O|  |TAMS 0x0000000087100000, 0x0000000087000000| Untracked 
|   5|0x0000000087100000, 0x00000000871f4a00, 0x0000000087200000| 95%| O|  |TAMS 0x00000000871f4a00, 0x0000000087100000| Untracked 
|   6|0x0000000087200000, 0x0000000087200000, 0x0000000087300000|  0%| F|  |TAMS 0x0000000087200000, 0x0000000087200000| Untracked 
|   7|0x0000000087300000, 0x0000000087300000, 0x0000000087400000|  0%| F|  |TAMS 0x0000000087300000, 0x0000000087300000| Untracked 
|   8|0x0000000087400000, 0x0000000087400000, 0x0000000087500000|  0%| F|  |TAMS 0x0000000087400000, 0x0000000087400000| Untracked 
|   9|0x0000000087500000, 0x0000000087500000, 0x0000000087600000|  0%| F|  |TAMS 0x0000000087500000, 0x0000000087500000| Untracked 
|  10|0x0000000087600000, 0x0000000087600000, 0x0000000087700000|  0%| F|  |TAMS 0x0000000087600000, 0x0000000087600000| Untracked 
|  11|0x0000000087700000, 0x0000000087700000, 0x0000000087800000|  0%| F|  |TAMS 0x0000000087700000, 0x0000000087700000| Untracked 
|  12|0x0000000087800000, 0x0000000087800000, 0x0000000087900000|  0%| F|  |TAMS 0x0000000087800000, 0x0000000087800000| Untracked 
|  13|0x0000000087900000, 0x0000000087900000, 0x0000000087a00000|  0%| F|  |TAMS 0x0000000087900000, 0x0000000087900000| Untracked 
|  14|0x0000000087a00000, 0x0000000087a00000, 0x0000000087b00000|  0%| F|  |TAMS 0x0000000087a00000, 0x0000000087a00000| Untracked 
|  15|0x0000000087b00000, 0x0000000087b00000, 0x0000000087c00000|  0%| F|  |TAMS 0x0000000087b00000, 0x0000000087b00000| Untracked 
|  16|0x0000000087c00000, 0x0000000087c00000, 0x0000000087d00000|  0%| F|  |TAMS 0x0000000087c00000, 0x0000000087c00000| Untracked 
|  17|0x0000000087d00000, 0x0000000087d00000, 0x0000000087e00000|  0%| F|  |TAMS 0x0000000087d00000, 0x0000000087d00000| Untracked 
|  18|0x0000000087e00000, 0x0000000087e00000, 0x0000000087f00000|  0%| F|  |TAMS 0x0000000087e00000, 0x0000000087e00000| Untracked 
|  19|0x0000000087f00000, 0x0000000087f00000, 0x0000000088000000|  0%| F|  |TAMS 0x0000000087f00000, 0x0000000087f00000| Untracked 
|  20|0x0000000088000000, 0x0000000088000000, 0x0000000088100000|  0%| F|  |TAMS 0x0000000088000000, 0x0000000088000000| Untracked 
|  21|0x0000000088100000, 0x0000000088100000, 0x0000000088200000|  0%| F|  |TAMS 0x0000000088100000, 0x0000000088100000| Untracked 
|  22|0x0000000088200000, 0x0000000088200000, 0x0000000088300000|  0%| F|  |TAMS 0x0000000088200000, 0x0000000088200000| Untracked 
|  23|0x0000000088300000, 0x0000000088300000, 0x0000000088400000|  0%| F|  |TAMS 0x0000000088300000, 0x0000000088300000| Untracked 
|  24|0x0000000088400000, 0x0000000088400000, 0x0000000088500000|  0%| F|  |TAMS 0x0000000088400000, 0x0000000088400000| Untracked 
|  25|0x0000000088500000, 0x0000000088500000, 0x0000000088600000|  0%| F|  |TAMS 0x0000000088500000, 0x0000000088500000| Untracked 
|  26|0x0000000088600000, 0x0000000088600000, 0x0000000088700000|  0%| F|  |TAMS 0x0000000088600000, 0x0000000088600000| Untracked 
|  27|0x0000000088700000, 0x0000000088700000, 0x0000000088800000|  0%| F|  |TAMS 0x0000000088700000, 0x0000000088700000| Untracked 
|  28|0x0000000088800000, 0x0000000088800000, 0x0000000088900000|  0%| F|  |TAMS 0x0000000088800000, 0x0000000088800000| Untracked 
|  29|0x0000000088900000, 0x0000000088900000, 0x0000000088a00000|  0%| F|  |TAMS 0x0000000088900000, 0x0000000088900000| Untracked 
|  30|0x0000000088a00000, 0x0000000088a00000, 0x0000000088b00000|  0%| F|  |TAMS 0x0000000088a00000, 0x0000000088a00000| Untracked 
|  31|0x0000000088b00000, 0x0000000088b00000, 0x0000000088c00000|  0%| F|  |TAMS 0x0000000088b00000, 0x0000000088b00000| Untracked 
|  32|0x0000000088c00000, 0x0000000088c00000, 0x0000000088d00000|  0%| F|  |TAMS 0x0000000088c00000, 0x0000000088c00000| Untracked 
|  33|0x0000000088d00000, 0x0000000088d00000, 0x0000000088e00000|  0%| F|  |TAMS 0x0000000088d00000, 0x0000000088d00000| Untracked 
|  34|0x0000000088e00000, 0x0000000088e00000, 0x0000000088f00000|  0%| F|  |TAMS 0x0000000088e00000, 0x0000000088e00000| Untracked 
|  35|0x0000000088f00000, 0x0000000088f00000, 0x0000000089000000|  0%| F|  |TAMS 0x0000000088f00000, 0x0000000088f00000| Untracked 
|  36|0x0000000089000000, 0x0000000089000000, 0x0000000089100000|  0%| F|  |TAMS 0x0000000089000000, 0x0000000089000000| Untracked 
|  37|0x0000000089100000, 0x0000000089100000, 0x0000000089200000|  0%| F|  |TAMS 0x0000000089100000, 0x0000000089100000| Untracked 
|  38|0x0000000089200000, 0x0000000089200000, 0x0000000089300000|  0%| F|  |TAMS 0x0000000089200000, 0x0000000089200000| Untracked 
|  39|0x0000000089300000, 0x0000000089300000, 0x0000000089400000|  0%| F|  |TAMS 0x0000000089300000, 0x0000000089300000| Untracked 
|  40|0x0000000089400000, 0x0000000089400000, 0x0000000089500000|  0%| F|  |TAMS 0x0000000089400000, 0x0000000089400000| Untracked 
|  41|0x0000000089500000, 0x0000000089500000, 0x0000000089600000|  0%| F|  |TAMS 0x0000000089500000, 0x0000000089500000| Untracked 
|  42|0x0000000089600000, 0x0000000089600000, 0x0000000089700000|  0%| F|  |TAMS 0x0000000089600000, 0x0000000089600000| Untracked 
|  43|0x0000000089700000, 0x0000000089700000, 0x0000000089800000|  0%| F|  |TAMS 0x0000000089700000, 0x0000000089700000| Untracked 
|  44|0x0000000089800000, 0x0000000089800000, 0x0000000089900000|  0%| F|  |TAMS 0x0000000089800000, 0x0000000089800000| Untracked 
|  45|0x0000000089900000, 0x0000000089900000, 0x0000000089a00000|  0%| F|  |TAMS 0x0000000089900000, 0x0000000089900000| Untracked 
|  46|0x0000000089a00000, 0x0000000089a00000, 0x0000000089b00000|  0%| F|  |TAMS 0x0000000089a00000, 0x0000000089a00000| Untracked 
|  47|0x0000000089b00000, 0x0000000089b00000, 0x0000000089c00000|  0%| F|  |TAMS 0x0000000089b00000, 0x0000000089b00000| Untracked 
|  48|0x0000000089c00000, 0x0000000089c00000, 0x0000000089d00000|  0%| F|  |TAMS 0x0000000089c00000, 0x0000000089c00000| Untracked 
|  49|0x0000000089d00000, 0x0000000089d00000, 0x0000000089e00000|  0%| F|  |TAMS 0x0000000089d00000, 0x0000000089d00000| Untracked 
|  50|0x0000000089e00000, 0x0000000089e00000, 0x0000000089f00000|  0%| F|  |TAMS 0x0000000089e00000, 0x0000000089e00000| Untracked 
|  51|0x0000000089f00000, 0x0000000089f00000, 0x000000008a000000|  0%| F|  |TAMS 0x0000000089f00000, 0x0000000089f00000| Untracked 
|  52|0x000000008a000000, 0x000000008a000000, 0x000000008a100000|  0%| F|  |TAMS 0x000000008a000000, 0x000000008a000000| Untracked 
|  53|0x000000008a100000, 0x000000008a100000, 0x000000008a200000|  0%| F|  |TAMS 0x000000008a100000, 0x000000008a100000| Untracked 
|  54|0x000000008a200000, 0x000000008a200000, 0x000000008a300000|  0%| F|  |TAMS 0x000000008a200000, 0x000000008a200000| Untracked 
|  55|0x000000008a300000, 0x000000008a300000, 0x000000008a400000|  0%| F|  |TAMS 0x000000008a300000, 0x000000008a300000| Untracked 
|  56|0x000000008a400000, 0x000000008a400000, 0x000000008a500000|  0%| F|  |TAMS 0x000000008a400000, 0x000000008a400000| Untracked 
|  57|0x000000008a500000, 0x000000008a544ca0, 0x000000008a600000| 26%| S|  |TAMS 0x000000008a500000, 0x000000008a500000| Complete 
|  58|0x000000008a600000, 0x000000008a700000, 0x000000008a700000|100%| S|  |TAMS 0x000000008a600000, 0x000000008a600000| Complete 
|  59|0x000000008a700000, 0x000000008a800000, 0x000000008a800000|100%| S|  |TAMS 0x000000008a700000, 0x000000008a700000| Complete 
|  60|0x000000008a800000, 0x000000008a900000, 0x000000008a900000|100%| S|  |TAMS 0x000000008a800000, 0x000000008a800000| Complete 
|  61|0x000000008a900000, 0x000000008aa00000, 0x000000008aa00000|100%| S|  |TAMS 0x000000008a900000, 0x000000008a900000| Complete 
|  62|0x000000008aa00000, 0x000000008ab00000, 0x000000008ab00000|100%| S|  |TAMS 0x000000008aa00000, 0x000000008aa00000| Complete 
|  63|0x000000008ab00000, 0x000000008ac00000, 0x000000008ac00000|100%| S|  |TAMS 0x000000008ab00000, 0x000000008ab00000| Complete 
|  64|0x000000008ac00000, 0x000000008ad00000, 0x000000008ad00000|100%| S|  |TAMS 0x000000008ac00000, 0x000000008ac00000| Complete 
|  65|0x000000008ad00000, 0x000000008ae00000, 0x000000008ae00000|100%| S|  |TAMS 0x000000008ad00000, 0x000000008ad00000| Complete 
|  66|0x000000008ae00000, 0x000000008af00000, 0x000000008af00000|100%| S|  |TAMS 0x000000008ae00000, 0x000000008ae00000| Complete 
|  67|0x000000008af00000, 0x000000008b000000, 0x000000008b000000|100%| S|  |TAMS 0x000000008af00000, 0x000000008af00000| Complete 
|  68|0x000000008b000000, 0x000000008b100000, 0x000000008b100000|100%| E|CS|TAMS 0x000000008b000000, 0x000000008b000000| Complete 
|  69|0x000000008b100000, 0x000000008b200000, 0x000000008b200000|100%| E|CS|TAMS 0x000000008b100000, 0x000000008b100000| Complete 
|  70|0x000000008b200000, 0x000000008b300000, 0x000000008b300000|100%| E|CS|TAMS 0x000000008b200000, 0x000000008b200000| Complete 
|  71|0x000000008b300000, 0x000000008b400000, 0x000000008b400000|100%| E|CS|TAMS 0x000000008b300000, 0x000000008b300000| Complete 
|  72|0x000000008b400000, 0x000000008b500000, 0x000000008b500000|100%| E|CS|TAMS 0x000000008b400000, 0x000000008b400000| Complete 
|  73|0x000000008b500000, 0x000000008b600000, 0x000000008b600000|100%| E|CS|TAMS 0x000000008b500000, 0x000000008b500000| Complete 
|  74|0x000000008b600000, 0x000000008b700000, 0x000000008b700000|100%| E|CS|TAMS 0x000000008b600000, 0x000000008b600000| Complete 
|  75|0x000000008b700000, 0x000000008b800000, 0x000000008b800000|100%| E|CS|TAMS 0x000000008b700000, 0x000000008b700000| Complete 
|  76|0x000000008b800000, 0x000000008b900000, 0x000000008b900000|100%| E|CS|TAMS 0x000000008b800000, 0x000000008b800000| Complete 
|  77|0x000000008b900000, 0x000000008ba00000, 0x000000008ba00000|100%| E|CS|TAMS 0x000000008b900000, 0x000000008b900000| Complete 
|  78|0x000000008ba00000, 0x000000008bb00000, 0x000000008bb00000|100%| E|CS|TAMS 0x000000008ba00000, 0x000000008ba00000| Complete 
|  79|0x000000008bb00000, 0x000000008bc00000, 0x000000008bc00000|100%| E|CS|TAMS 0x000000008bb00000, 0x000000008bb00000| Complete 
|  80|0x000000008bc00000, 0x000000008bd00000, 0x000000008bd00000|100%| E|CS|TAMS 0x000000008bc00000, 0x000000008bc00000| Complete 
|  81|0x000000008bd00000, 0x000000008be00000, 0x000000008be00000|100%| E|CS|TAMS 0x000000008bd00000, 0x000000008bd00000| Complete 
|  82|0x000000008be00000, 0x000000008bf00000, 0x000000008bf00000|100%| E|CS|TAMS 0x000000008be00000, 0x000000008be00000| Complete 
|  83|0x000000008bf00000, 0x000000008c000000, 0x000000008c000000|100%| E|CS|TAMS 0x000000008bf00000, 0x000000008bf00000| Complete 
|  84|0x000000008c000000, 0x000000008c100000, 0x000000008c100000|100%| E|CS|TAMS 0x000000008c000000, 0x000000008c000000| Complete 
|  85|0x000000008c100000, 0x000000008c200000, 0x000000008c200000|100%| E|CS|TAMS 0x000000008c100000, 0x000000008c100000| Complete 
|  86|0x000000008c200000, 0x000000008c300000, 0x000000008c300000|100%| E|CS|TAMS 0x000000008c200000, 0x000000008c200000| Complete 
|  87|0x000000008c300000, 0x000000008c400000, 0x000000008c400000|100%| E|CS|TAMS 0x000000008c300000, 0x000000008c300000| Complete 
|  88|0x000000008c400000, 0x000000008c500000, 0x000000008c500000|100%| E|CS|TAMS 0x000000008c400000, 0x000000008c400000| Complete 
|  89|0x000000008c500000, 0x000000008c600000, 0x000000008c600000|100%| E|CS|TAMS 0x000000008c500000, 0x000000008c500000| Complete 
|  90|0x000000008c600000, 0x000000008c693cc0, 0x000000008c700000| 57%| E|CS|TAMS 0x000000008c600000, 0x000000008c600000| Complete 
|  91|0x000000008c700000, 0x000000008c800000, 0x000000008c800000|100%| E|CS|TAMS 0x000000008c700000, 0x000000008c700000| Complete 
|  92|0x000000008c800000, 0x000000008c900000, 0x000000008c900000|100%| E|CS|TAMS 0x000000008c800000, 0x000000008c800000| Complete 
|  93|0x000000008c900000, 0x000000008ca00000, 0x000000008ca00000|100%| E|CS|TAMS 0x000000008c900000, 0x000000008c900000| Complete 
|  94|0x000000008ca00000, 0x000000008cb00000, 0x000000008cb00000|100%| E|CS|TAMS 0x000000008ca00000, 0x000000008ca00000| Complete 
|  95|0x000000008cb00000, 0x000000008cc00000, 0x000000008cc00000|100%| E|CS|TAMS 0x000000008cb00000, 0x000000008cb00000| Complete 
|  96|0x000000008cc00000, 0x000000008cd00000, 0x000000008cd00000|100%| E|CS|TAMS 0x000000008cc00000, 0x000000008cc00000| Complete 
|  97|0x000000008cd00000, 0x000000008ce00000, 0x000000008ce00000|100%| E|CS|TAMS 0x000000008cd00000, 0x000000008cd00000| Complete 
|  98|0x000000008ce00000, 0x000000008cf00000, 0x000000008cf00000|100%| E|CS|TAMS 0x000000008ce00000, 0x000000008ce00000| Complete 
|  99|0x000000008cf00000, 0x000000008d000000, 0x000000008d000000|100%| E|CS|TAMS 0x000000008cf00000, 0x000000008cf00000| Complete 
| 100|0x000000008d000000, 0x000000008d100000, 0x000000008d100000|100%| E|CS|TAMS 0x000000008d000000, 0x000000008d000000| Complete 
| 101|0x000000008d100000, 0x000000008d200000, 0x000000008d200000|100%| E|CS|TAMS 0x000000008d100000, 0x000000008d100000| Complete 
| 102|0x000000008d200000, 0x000000008d300000, 0x000000008d300000|100%| E|CS|TAMS 0x000000008d200000, 0x000000008d200000| Complete 
| 103|0x000000008d300000, 0x000000008d400000, 0x000000008d400000|100%| E|CS|TAMS 0x000000008d300000, 0x000000008d300000| Complete 
| 104|0x000000008d400000, 0x000000008d500000, 0x000000008d500000|100%| E|CS|TAMS 0x000000008d400000, 0x000000008d400000| Complete 
| 105|0x000000008d500000, 0x000000008d600000, 0x000000008d600000|100%| E|CS|TAMS 0x000000008d500000, 0x000000008d500000| Complete 
| 106|0x000000008d600000, 0x000000008d700000, 0x000000008d700000|100%| E|CS|TAMS 0x000000008d600000, 0x000000008d600000| Complete 
| 107|0x000000008d700000, 0x000000008d800000, 0x000000008d800000|100%| E|CS|TAMS 0x000000008d700000, 0x000000008d700000| Complete 
| 108|0x000000008d800000, 0x000000008d900000, 0x000000008d900000|100%| E|CS|TAMS 0x000000008d800000, 0x000000008d800000| Complete 
| 109|0x000000008d900000, 0x000000008da00000, 0x000000008da00000|100%| E|CS|TAMS 0x000000008d900000, 0x000000008d900000| Complete 
| 110|0x000000008da00000, 0x000000008db00000, 0x000000008db00000|100%| E|CS|TAMS 0x000000008da00000, 0x000000008da00000| Complete 
| 111|0x000000008db00000, 0x000000008dc00000, 0x000000008dc00000|100%| E|CS|TAMS 0x000000008db00000, 0x000000008db00000| Complete 
| 112|0x000000008dc00000, 0x000000008dd00000, 0x000000008dd00000|100%| E|CS|TAMS 0x000000008dc00000, 0x000000008dc00000| Complete 
| 113|0x000000008dd00000, 0x000000008de00000, 0x000000008de00000|100%| E|CS|TAMS 0x000000008dd00000, 0x000000008dd00000| Complete 
| 114|0x000000008de00000, 0x000000008df00000, 0x000000008df00000|100%| E|CS|TAMS 0x000000008de00000, 0x000000008de00000| Complete 
| 115|0x000000008df00000, 0x000000008e000000, 0x000000008e000000|100%| E|CS|TAMS 0x000000008df00000, 0x000000008df00000| Complete 
| 116|0x000000008e000000, 0x000000008e100000, 0x000000008e100000|100%| E|CS|TAMS 0x000000008e000000, 0x000000008e000000| Complete 
| 117|0x000000008e100000, 0x000000008e200000, 0x000000008e200000|100%| E|CS|TAMS 0x000000008e100000, 0x000000008e100000| Complete 
| 118|0x000000008e200000, 0x000000008e300000, 0x000000008e300000|100%| E|CS|TAMS 0x000000008e200000, 0x000000008e200000| Complete 
| 119|0x000000008e300000, 0x000000008e400000, 0x000000008e400000|100%| E|CS|TAMS 0x000000008e300000, 0x000000008e300000| Complete 
| 120|0x000000008e400000, 0x000000008e500000, 0x000000008e500000|100%| E|CS|TAMS 0x000000008e400000, 0x000000008e400000| Complete 
| 121|0x000000008e500000, 0x000000008e600000, 0x000000008e600000|100%| E|CS|TAMS 0x000000008e500000, 0x000000008e500000| Complete 
| 122|0x000000008e600000, 0x000000008e700000, 0x000000008e700000|100%| E|CS|TAMS 0x000000008e600000, 0x000000008e600000| Complete 
| 123|0x000000008e700000, 0x000000008e800000, 0x000000008e800000|100%| E|CS|TAMS 0x000000008e700000, 0x000000008e700000| Complete 
| 124|0x000000008e800000, 0x000000008e900000, 0x000000008e900000|100%| E|CS|TAMS 0x000000008e800000, 0x000000008e800000| Complete 
| 125|0x000000008e900000, 0x000000008ea00000, 0x000000008ea00000|100%| E|CS|TAMS 0x000000008e900000, 0x000000008e900000| Complete 
| 126|0x000000008ea00000, 0x000000008eb00000, 0x000000008eb00000|100%| E|CS|TAMS 0x000000008ea00000, 0x000000008ea00000| Complete 
| 127|0x000000008eb00000, 0x000000008ec00000, 0x000000008ec00000|100%| E|CS|TAMS 0x000000008eb00000, 0x000000008eb00000| Complete 
| 128|0x000000008ec00000, 0x000000008ed00000, 0x000000008ed00000|100%| E|CS|TAMS 0x000000008ec00000, 0x000000008ec00000| Complete 
| 129|0x000000008ed00000, 0x000000008ee00000, 0x000000008ee00000|100%| E|CS|TAMS 0x000000008ed00000, 0x000000008ed00000| Complete 
| 130|0x000000008ee00000, 0x000000008ef00000, 0x000000008ef00000|100%| E|CS|TAMS 0x000000008ee00000, 0x000000008ee00000| Complete 
| 131|0x000000008ef00000, 0x000000008f000000, 0x000000008f000000|100%| E|CS|TAMS 0x000000008ef00000, 0x000000008ef00000| Complete 
| 132|0x000000008f000000, 0x000000008f100000, 0x000000008f100000|100%| E|CS|TAMS 0x000000008f000000, 0x000000008f000000| Complete 
| 133|0x000000008f100000, 0x000000008f200000, 0x000000008f200000|100%| E|CS|TAMS 0x000000008f100000, 0x000000008f100000| Complete 
| 134|0x000000008f200000, 0x000000008f300000, 0x000000008f300000|100%| E|CS|TAMS 0x000000008f200000, 0x000000008f200000| Complete 
| 135|0x000000008f300000, 0x000000008f400000, 0x000000008f400000|100%| E|CS|TAMS 0x000000008f300000, 0x000000008f300000| Complete 
| 136|0x000000008f400000, 0x000000008f500000, 0x000000008f500000|100%| E|CS|TAMS 0x000000008f400000, 0x000000008f400000| Complete 
| 137|0x000000008f500000, 0x000000008f600000, 0x000000008f600000|100%| E|CS|TAMS 0x000000008f500000, 0x000000008f500000| Complete 
| 138|0x000000008f600000, 0x000000008f700000, 0x000000008f700000|100%| E|CS|TAMS 0x000000008f600000, 0x000000008f600000| Complete 
| 139|0x000000008f700000, 0x000000008f800000, 0x000000008f800000|100%| E|CS|TAMS 0x000000008f700000, 0x000000008f700000| Complete 
| 140|0x000000008f800000, 0x000000008f900000, 0x000000008f900000|100%| E|CS|TAMS 0x000000008f800000, 0x000000008f800000| Complete 
| 141|0x000000008f900000, 0x000000008fa00000, 0x000000008fa00000|100%| E|CS|TAMS 0x000000008f900000, 0x000000008f900000| Complete 
| 142|0x000000008fa00000, 0x000000008fb00000, 0x000000008fb00000|100%| E|CS|TAMS 0x000000008fa00000, 0x000000008fa00000| Complete 
| 143|0x000000008fb00000, 0x000000008fc00000, 0x000000008fc00000|100%| E|CS|TAMS 0x000000008fb00000, 0x000000008fb00000| Complete 
| 144|0x000000008fc00000, 0x000000008fd00000, 0x000000008fd00000|100%| E|CS|TAMS 0x000000008fc00000, 0x000000008fc00000| Complete 
| 145|0x000000008fd00000, 0x000000008fe00000, 0x000000008fe00000|100%| E|CS|TAMS 0x000000008fd00000, 0x000000008fd00000| Complete 
| 146|0x000000008fe00000, 0x000000008ff00000, 0x000000008ff00000|100%| E|CS|TAMS 0x000000008fe00000, 0x000000008fe00000| Complete 
| 147|0x000000008ff00000, 0x0000000090000000, 0x0000000090000000|100%| E|CS|TAMS 0x000000008ff00000, 0x000000008ff00000| Complete 
| 148|0x0000000090000000, 0x0000000090100000, 0x0000000090100000|100%| E|CS|TAMS 0x0000000090000000, 0x0000000090000000| Complete 
| 149|0x0000000090100000, 0x0000000090200000, 0x0000000090200000|100%| E|CS|TAMS 0x0000000090100000, 0x0000000090100000| Complete 
| 150|0x0000000090200000, 0x0000000090300000, 0x0000000090300000|100%| E|CS|TAMS 0x0000000090200000, 0x0000000090200000| Complete 
| 151|0x0000000090300000, 0x0000000090400000, 0x0000000090400000|100%| E|CS|TAMS 0x0000000090300000, 0x0000000090300000| Complete 
| 152|0x0000000090400000, 0x0000000090500000, 0x0000000090500000|100%| E|CS|TAMS 0x0000000090400000, 0x0000000090400000| Complete 
| 153|0x0000000090500000, 0x0000000090600000, 0x0000000090600000|100%| E|CS|TAMS 0x0000000090500000, 0x0000000090500000| Complete 
| 154|0x0000000090600000, 0x0000000090700000, 0x0000000090700000|100%| E|CS|TAMS 0x0000000090600000, 0x0000000090600000| Complete 
| 155|0x0000000090700000, 0x0000000090800000, 0x0000000090800000|100%| E|CS|TAMS 0x0000000090700000, 0x0000000090700000| Complete 
| 156|0x0000000090800000, 0x0000000090900000, 0x0000000090900000|100%| E|CS|TAMS 0x0000000090800000, 0x0000000090800000| Complete 
| 157|0x0000000090900000, 0x0000000090a00000, 0x0000000090a00000|100%| E|CS|TAMS 0x0000000090900000, 0x0000000090900000| Complete 
| 158|0x0000000090a00000, 0x0000000090b00000, 0x0000000090b00000|100%| E|CS|TAMS 0x0000000090a00000, 0x0000000090a00000| Complete 
| 159|0x0000000090b00000, 0x0000000090c00000, 0x0000000090c00000|100%| E|CS|TAMS 0x0000000090b00000, 0x0000000090b00000| Complete 
| 160|0x0000000090c00000, 0x0000000090d00000, 0x0000000090d00000|100%| E|CS|TAMS 0x0000000090c00000, 0x0000000090c00000| Complete 
| 161|0x0000000090d00000, 0x0000000090e00000, 0x0000000090e00000|100%| E|CS|TAMS 0x0000000090d00000, 0x0000000090d00000| Complete 
| 162|0x0000000090e00000, 0x0000000090f00000, 0x0000000090f00000|100%| E|CS|TAMS 0x0000000090e00000, 0x0000000090e00000| Complete 
| 163|0x0000000090f00000, 0x0000000091000000, 0x0000000091000000|100%| E|CS|TAMS 0x0000000090f00000, 0x0000000090f00000| Complete 
| 164|0x0000000091000000, 0x0000000091100000, 0x0000000091100000|100%| E|CS|TAMS 0x0000000091000000, 0x0000000091000000| Complete 
| 165|0x0000000091100000, 0x0000000091200000, 0x0000000091200000|100%| E|CS|TAMS 0x0000000091100000, 0x0000000091100000| Complete 
| 166|0x0000000091200000, 0x0000000091300000, 0x0000000091300000|100%| E|CS|TAMS 0x0000000091200000, 0x0000000091200000| Complete 
| 167|0x0000000091300000, 0x0000000091400000, 0x0000000091400000|100%| E|CS|TAMS 0x0000000091300000, 0x0000000091300000| Complete 
| 168|0x0000000091400000, 0x0000000091500000, 0x0000000091500000|100%| E|CS|TAMS 0x0000000091400000, 0x0000000091400000| Complete 
| 169|0x0000000091500000, 0x0000000091600000, 0x0000000091600000|100%| E|CS|TAMS 0x0000000091500000, 0x0000000091500000| Complete 
| 170|0x0000000091600000, 0x0000000091700000, 0x0000000091700000|100%| E|CS|TAMS 0x0000000091600000, 0x0000000091600000| Complete 
| 171|0x0000000091700000, 0x0000000091800000, 0x0000000091800000|100%| E|CS|TAMS 0x0000000091700000, 0x0000000091700000| Complete 
| 172|0x0000000091800000, 0x0000000091900000, 0x0000000091900000|100%| E|CS|TAMS 0x0000000091800000, 0x0000000091800000| Complete 
|1938|0x00000000ffe00000, 0x00000000ffe44000, 0x00000000fff00000| 26%|OA|  |TAMS 0x00000000ffe44000, 0x00000000ffe00000| Untracked 
|1939|0x00000000fff00000, 0x00000000fff6a000, 0x0000000100000000| 41%|CA|  |TAMS 0x00000000fff6a000, 0x00000000fff00000| Untracked 

Card table byte_map: [0x00007f2de8071000,0x00007f2de843b000] _byte_map_base: 0x00007f2de7c3b000

Marking Bits (Prev, Next): (CMBitMap*) 0x00007f2de4057490, (CMBitMap*) 0x00007f2de4057458
 Prev Bits: [0x00007f2dc4360000, 0x00007f2dc61b0000)
 Next Bits: [0x00007f2dc61b0000, 0x00007f2dc8000000)

Polling page: 0x00007f2decd35000

Metaspace:

Usage:
  Non-class:     23.15 MB capacity,    22.53 MB ( 97%) used,   521.88 KB (  2%) free+waste,   111.12 KB ( <1%) overhead. 
      Class:      3.94 MB capacity,     3.49 MB ( 88%) used,   407.74 KB ( 10%) free+waste,    56.88 KB (  1%) overhead. 
       Both:     27.09 MB capacity,    26.02 MB ( 96%) used,   929.62 KB (  3%) free+waste,   168.00 KB ( <1%) overhead. 

Virtual space:
  Non-class space:       24.00 MB reserved,      23.25 MB ( 97%) committed 
      Class space:        1.00 GB reserved,       4.00 MB ( <1%) committed 
             Both:        1.02 GB reserved,      27.25 MB (  3%) committed 

Chunk freelists:
   Non-Class:  44.00 KB
       Class:  27.00 KB
        Both:  71.00 KB

MaxMetaspaceSize: unlimited
CompressedClassSpaceSize: 1.00 GB

CodeHeap 'non-profiled nmethods': size=238948Kb used=6277Kb max_used=6277Kb free=232670Kb
 bounds [0x00007f2dccfe5000, 0x00007f2dcd615000, 0x00007f2ddb93e000]
CodeHeap 'non-nmethods': size=6812Kb used=1155Kb max_used=1155Kb free=5656Kb
 bounds [0x00007f2dcc93e000, 0x00007f2dccbae000, 0x00007f2dccfe5000]
 total_blobs=4140 nmethods=3617 adapters=426
 compilation: enabled
              stopped_count=0, restarted_count=0
 full_count=0

Compilation events (20 events):
Event: 2.870 Thread 0x00007f2de411f000 3632       1       java.util.zip.InflaterInputStream::close (34 bytes)
Event: 2.870 Thread 0x00007f2de411f000 nmethod 3632 0x00007f2dcd602a90 code [0x00007f2dcd602c60, 0x00007f2dcd602e18]
Event: 2.871 Thread 0x00007f2de411f000 3633   !   1       java.util.zip.Inflater::getBytesWritten (23 bytes)
Event: 2.871 Thread 0x00007f2de411f000 nmethod 3633 0x00007f2dcd602f10 code [0x00007f2dcd6030c0, 0x00007f2dcd6033e8]
Event: 2.872 Thread 0x00007f2de411f000 3634       1       java.util.zip.ZipUtils::get16 (21 bytes)
Event: 2.872 Thread 0x00007f2de411f000 nmethod 3634 0x00007f2dcd603510 code [0x00007f2dcd6036c0, 0x00007f2dcd603810]
Event: 2.874 Thread 0x00007f2de411f000 3635  s    1       java.io.ByteArrayInputStream::read (73 bytes)
Event: 2.874 Thread 0x00007f2de411f000 nmethod 3635 0x00007f2dcd603d10 code [0x00007f2dcd603ee0, 0x00007f2dcd6043f8]
Event: 2.874 Thread 0x00007f2de411f000 3636       1       java.util.zip.ZipUtils::get32 (23 bytes)
Event: 2.874 Thread 0x00007f2de411f000 nmethod 3636 0x00007f2dcd604590 code [0x00007f2dcd604740, 0x00007f2dcd604910]
Event: 2.874 Thread 0x00007f2de411f000 3637       1       java.io.FileInputStream::read (8 bytes)
Event: 2.874 Thread 0x00007f2de411f000 nmethod 3637 0x00007f2dcd604a10 code [0x00007f2dcd604bc0, 0x00007f2dcd604d08]
Event: 2.875 Thread 0x00007f2de411f000 3639       1       java.util.zip.ZipInputStream::ensureOpen (18 bytes)
Event: 2.875 Thread 0x00007f2de411f000 nmethod 3639 0x00007f2dcd604d90 code [0x00007f2dcd604f40, 0x00007f2dcd605148]
Event: 2.875 Thread 0x00007f2de411f000 3640       1       java.io.PushbackInputStream::ensureOpen (18 bytes)
Event: 2.875 Thread 0x00007f2de411f000 nmethod 3640 0x00007f2dcd605210 code [0x00007f2dcd6053c0, 0x00007f2dcd6055c8]
Event: 2.875 Thread 0x00007f2de411f000 3641       1       java.util.jar.Attributes::<init> (17 bytes)
Event: 2.875 Thread 0x00007f2de411f000 nmethod 3641 0x00007f2dcd605690 code [0x00007f2dcd605880, 0x00007f2dcd605ac8]
Event: 2.875 Thread 0x00007f2de411f000 3642       1       java.io.PushbackInputStream::read (145 bytes)
Event: 2.876 Thread 0x00007f2de411f000 nmethod 3642 0x00007f2dcd605b90 code [0x00007f2dcd605da0, 0x00007f2dcd6062a8]

GC Heap History (13 events):
Event: 0.517 GC heap before
{Heap before GC invocations=0 (full 0):
 garbage-first heap   total 126976K, used 16056K [0x0000000086c00000, 0x0000000100000000)
  region size 1024K, 14 young (14336K), 0 survivors (0K)
 Metaspace       used 5378K, capacity 5804K, committed 6016K, reserved 1056768K
  class space    used 698K, capacity 800K, committed 896K, reserved 1048576K
}
Event: 0.534 GC heap after
{Heap after GC invocations=1 (full 0):
 garbage-first heap   total 126976K, used 6525K [0x0000000086c00000, 0x0000000100000000)
  region size 1024K, 2 young (2048K), 2 survivors (2048K)
 Metaspace       used 5378K, capacity 5804K, committed 6016K, reserved 1056768K
  class space    used 698K, capacity 800K, committed 896K, reserved 1048576K
}
Event: 0.636 GC heap before
{Heap before GC invocations=1 (full 0):
 garbage-first heap   total 126976K, used 10621K [0x0000000086c00000, 0x0000000100000000)
  region size 1024K, 6 young (6144K), 2 survivors (2048K)
 Metaspace       used 6344K, capacity 6696K, committed 6912K, reserved 1056768K
  class space    used 811K, capacity 964K, committed 1024K, reserved 1048576K
}
Event: 0.645 GC heap after
{Heap after GC invocations=2 (full 0):
 garbage-first heap   total 126976K, used 7457K [0x0000000086c00000, 0x0000000100000000)
  region size 1024K, 1 young (1024K), 1 survivors (1024K)
 Metaspace       used 6344K, capacity 6696K, committed 6912K, reserved 1056768K
  class space    used 811K, capacity 964K, committed 1024K, reserved 1048576K
}
Event: 0.747 GC heap before
{Heap before GC invocations=2 (full 0):
 garbage-first heap   total 126976K, used 25889K [0x0000000086c00000, 0x0000000100000000)
  region size 1024K, 20 young (20480K), 1 survivors (1024K)
 Metaspace       used 7123K, capacity 7443K, committed 7552K, reserved 1056768K
  class space    used 906K, capacity 1044K, committed 1152K, reserved 1048576K
}
Event: 0.751 GC heap after
{Heap after GC invocations=3 (full 0):
 garbage-first heap   total 126976K, used 7879K [0x0000000086c00000, 0x0000000100000000)
  region size 1024K, 2 young (2048K), 2 survivors (2048K)
 Metaspace       used 7123K, capacity 7443K, committed 7552K, reserved 1056768K
  class space    used 906K, capacity 1044K, committed 1152K, reserved 1048576K
}
Event: 0.863 GC heap before
{Heap before GC invocations=3 (full 0):
 garbage-first heap   total 126976K, used 36551K [0x0000000086c00000, 0x0000000100000000)
  region size 1024K, 31 young (31744K), 2 survivors (2048K)
 Metaspace       used 8169K, capacity 8546K, committed 8704K, reserved 1056768K
  class space    used 1079K, capacity 1266K, committed 1280K, reserved 1048576K
}
Event: 0.870 GC heap after
{Heap after GC invocations=4 (full 0):
 garbage-first heap   total 126976K, used 8250K [0x0000000086c00000, 0x0000000100000000)
  region size 1024K, 2 young (2048K), 2 survivors (2048K)
 Metaspace       used 8169K, capacity 8546K, committed 8704K, reserved 1056768K
  class space    used 1079K, capacity 1266K, committed 1280K, reserved 1048576K
}
Event: 1.447 GC heap before
{Heap before GC invocations=4 (full 0):
 garbage-first heap   total 126976K, used 79930K [0x0000000086c00000, 0x0000000100000000)
  region size 1024K, 73 young (74752K), 2 survivors (2048K)
 Metaspace       used 18525K, capacity 19296K, committed 19712K, reserved 1067008K
  class space    used 2479K, capacity 2753K, committed 2816K, reserved 1048576K
}
Event: 1.459 GC heap after
{Heap after GC invocations=5 (full 0):
 garbage-first heap   total 179200K, used 11337K [0x0000000086c00000, 0x0000000100000000)
  region size 1024K, 5 young (5120K), 5 survivors (5120K)
 Metaspace       used 18525K, capacity 19296K, committed 19712K, reserved 1067008K
  class space    used 2479K, capacity 2753K, committed 2816K, reserved 1048576K
}
Event: 2.015 GC heap before
{Heap before GC invocations=5 (full 0):
 garbage-first heap   total 179200K, used 87113K [0x0000000086c00000, 0x0000000100000000)
  region size 1024K, 81 young (82944K), 5 survivors (5120K)
 Metaspace       used 20320K, capacity 21165K, committed 21248K, reserved 1067008K
  class space    used 2739K, capacity 3047K, committed 3072K, reserved 1048576K
}
Event: 2.031 GC heap after
{Heap after GC invocations=6 (full 0):
 garbage-first heap   total 179200K, used 13529K [0x0000000086c00000, 0x0000000100000000)
  region size 1024K, 7 young (7168K), 7 survivors (7168K)
 Metaspace       used 20320K, capacity 21165K, committed 21248K, reserved 1067008K
  class space    used 2739K, capacity 3047K, committed 3072K, reserved 1048576K
}
Event: 2.877 GC heap before
{Heap before GC invocations=7 (full 0):
 garbage-first heap   total 179200K, used 112857K [0x0000000086c00000, 0x0000000100000000)
  region size 1024K, 105 young (107520K), 7 survivors (7168K)
 Metaspace       used 26647K, capacity 27745K, committed 27900K, reserved 1073152K
  class space    used 3572K, capacity 4037K, committed 4096K, reserved 1048576K
}

Deoptimization events (2 events):
Event: 2.118 Thread 0x00007f2d74002800 DEOPT PACKING pc=0x00007f2dcd3e189c sp=0x00007f2d92dc0b40
Event: 2.118 Thread 0x00007f2d74002800 DEOPT UNPACKING pc=0x00007f2dcc965a2b sp=0x00007f2d92dc0068 mode 0

Classes redefined (0 events):
No events

Internal exceptions (20 events):
Event: 2.499 Thread 0x00007f2d74002800 Exception <a 'java/lang/ClassNotFoundException'{0x000000008f58ea98}: org/springframework/beans/factory/AwareCustomizer> (0x000000008f58ea98) thrown at [/build/openjdk-lts-ioLltV/openjdk-lts-11.0.5+10/src/hotspot/share/classfile/systemDictionary.cpp, line 
Event: 2.499 Thread 0x00007f2d74002800 Exception <a 'java/lang/ClassNotFoundException'{0x000000008f59a410}: org/springframework/core/OrderedCustomizer> (0x000000008f59a410) thrown at [/build/openjdk-lts-ioLltV/openjdk-lts-11.0.5+10/src/hotspot/share/classfile/systemDictionary.cpp, line 231]
Event: 2.500 Thread 0x00007f2d74002800 Exception <a 'java/lang/ClassNotFoundException'{0x000000008f5a8e68}: org/springframework/beans/factory/BeanClassLoaderAwareCustomizer> (0x000000008f5a8e68) thrown at [/build/openjdk-lts-ioLltV/openjdk-lts-11.0.5+10/src/hotspot/share/classfile/systemDictio
Event: 2.500 Thread 0x00007f2d74002800 Exception <a 'java/lang/ClassNotFoundException'{0x000000008f5b5ec8}: org/springframework/beans/factory/AwareCustomizer> (0x000000008f5b5ec8) thrown at [/build/openjdk-lts-ioLltV/openjdk-lts-11.0.5+10/src/hotspot/share/classfile/systemDictionary.cpp, line 
Event: 2.500 Thread 0x00007f2d74002800 Exception <a 'java/lang/ClassNotFoundException'{0x000000008f5c3de8}: org/springframework/aop/framework/AopInfrastructureBeanCustomizer> (0x000000008f5c3de8) thrown at [/build/openjdk-lts-ioLltV/openjdk-lts-11.0.5+10/src/hotspot/share/classfile/systemDicti
Event: 2.549 Thread 0x00007f2d74002800 Exception <a 'java/lang/ClassNotFoundException'{0x000000008f3d4f70}: java/lang/ObjectCustomizer> (0x000000008f3d4f70) thrown at [/build/openjdk-lts-ioLltV/openjdk-lts-11.0.5+10/src/hotspot/share/classfile/systemDictionary.cpp, line 231]
Event: 2.549 Thread 0x00007f2d74002800 Exception <a 'java/lang/ClassNotFoundException'{0x000000008f3e9fa8}: org/springframework/transaction/annotation/AbstractTransactionManagementConfigurationCustomizer> (0x000000008f3e9fa8) thrown at [/build/openjdk-lts-ioLltV/openjdk-lts-11.0.5+10/src/hotsp
Event: 2.550 Thread 0x00007f2d74002800 Exception <a 'java/lang/ClassNotFoundException'{0x000000008f3fe1c0}: org/springframework/transaction/annotation/ProxyTransactionManagementConfigurationCustomizer> (0x000000008f3fe1c0) thrown at [/build/openjdk-lts-ioLltV/openjdk-lts-11.0.5+10/src/hotspot/
Event: 2.551 Thread 0x00007f2d74002800 Exception <a 'java/lang/ClassNotFoundException'{0x000000008f215790}: org/springframework/transaction/annotation/ProxyTransactionManagementConfiguration$$EnhancerBySpringCGLIB$$9c1a69a0Customizer> (0x000000008f215790) thrown at [/build/openjdk-lts-ioLltV/o
Event: 2.552 Thread 0x00007f2d74002800 Exception <a 'java/lang/ClassNotFoundException'{0x000000008f22fb48}: org/springframework/context/annotation/ConfigurationClassEnhancer$EnhancedConfigurationCustomizer> (0x000000008f22fb48) thrown at [/build/openjdk-lts-ioLltV/openjdk-lts-11.0.5+10/src/hot
Event: 2.553 Thread 0x00007f2d74002800 Exception <a 'java/lang/ClassNotFoundException'{0x000000008f23e158}: org/springframework/beans/factory/BeanFactoryAwareCustomizer> (0x000000008f23e158) thrown at [/build/openjdk-lts-ioLltV/openjdk-lts-11.0.5+10/src/hotspot/share/classfile/systemDictionary
Event: 2.553 Thread 0x00007f2d74002800 Exception <a 'java/lang/ClassNotFoundException'{0x000000008f24beb0}: org/springframework/beans/factory/AwareCustomizer> (0x000000008f24beb0) thrown at [/build/openjdk-lts-ioLltV/openjdk-lts-11.0.5+10/src/hotspot/share/classfile/systemDictionary.cpp, line 
Event: 2.554 Thread 0x00007f2d74002800 Exception <a 'java/lang/ClassNotFoundException'{0x000000008f25a5f0}: org/springframework/context/annotation/ImportAwareCustomizer> (0x000000008f25a5f0) thrown at [/build/openjdk-lts-ioLltV/openjdk-lts-11.0.5+10/src/hotspot/share/classfile/systemDictionary
Event: 2.554 Thread 0x00007f2d74002800 Exception <a 'java/lang/ClassNotFoundException'{0x000000008f268268}: org/springframework/beans/factory/AwareCustomizer> (0x000000008f268268) thrown at [/build/openjdk-lts-ioLltV/openjdk-lts-11.0.5+10/src/hotspot/share/classfile/systemDictionary.cpp, line 
Event: 2.645 Thread 0x00007f2d74002800 Exception <a 'java/lang/NoSuchMethodError'{0x000000008eced880}: 'java.lang.Object java.lang.invoke.DirectMethodHandle$Holder.invokeSpecial(java.lang.Object, java.lang.Object, java.lang.Object, java.lang.Object, java.lang.Object, java.lang.Object, int)'> (
Event: 2.646 Thread 0x00007f2d74002800 Exception <a 'java/lang/NoSuchMethodError'{0x000000008ecf7830}: 'java.lang.Object java.lang.invoke.DirectMethodHandle$Holder.invokeSpecial(java.lang.Object, java.lang.Object, java.lang.Object, java.lang.Object, java.lang.Object, java.lang.Object, java.lan
Event: 2.646 Thread 0x00007f2d74002800 Exception <a 'java/lang/NoSuchMethodError'{0x000000008ecfbc28}: 'java.lang.Object java.lang.invoke.Invokers$Holder.linkToTargetMethod(java.lang.Object, java.lang.Object, java.lang.Object, java.lang.Object, java.lang.Object, int, java.lang.Object)'> (0x000
Event: 2.682 Thread 0x00007f2d74002800 Exception <a 'java/lang/NoSuchMethodError'{0x000000008e9303f0}: 'void java.lang.invoke.DirectMethodHandle$Holder.invokeInterface(java.lang.Object, java.lang.Object, int)'> (0x000000008e9303f0) thrown at [/build/openjdk-lts-ioLltV/openjdk-lts-11.0.5+10/src
Event: 2.686 Thread 0x00007f2d74002800 Exception <a 'java/lang/NoSuchMethodError'{0x000000008e9741d0}: 'void java.lang.invoke.DirectMethodHandle$Holder.invokeStatic(java.lang.Object, int, java.lang.Object)'> (0x000000008e9741d0) thrown at [/build/openjdk-lts-ioLltV/openjdk-lts-11.0.5+10/src/ho
Event: 2.688 Thread 0x00007f2d74002800 Exception <a 'java/lang/NoSuchMethodError'{0x000000008e997710}: 'int java.lang.invoke.DirectMethodHandle$Holder.invokeVirtual(java.lang.Object, java.lang.Object)'> (0x000000008e997710) thrown at [/build/openjdk-lts-ioLltV/openjdk-lts-11.0.5+10/src/hotspot

Events (20 events):
Event: 2.864 loading class sun/util/resources/cldr/TimeZoneNames_en done
Event: 2.864 loading class sun/util/resources/cldr/TimeZoneNames_en_US
Event: 2.864 loading class sun/util/resources/cldr/TimeZoneNames_en_US done
Event: 2.867 loading class org/apache/tomcat/util/http/LocalStrings
Event: 2.867 loading class org/apache/tomcat/util/http/LocalStrings done
Event: 2.868 loading class org/apache/catalina/util/ExtensionValidator
Event: 2.868 loading class org/apache/catalina/util/ExtensionValidator done
Event: 2.869 loading class java/util/jar/JarInputStream
Event: 2.869 loading class java/util/zip/ZipInputStream
Event: 2.869 loading class java/util/zip/ZipInputStream done
Event: 2.869 loading class java/util/jar/JarInputStream done
Event: 2.869 loading class java/io/PushbackInputStream
Event: 2.869 loading class java/io/PushbackInputStream done
Event: 2.870 loading class sun/security/util/ManifestEntryVerifier
Event: 2.870 loading class sun/security/util/ManifestEntryVerifier done
Event: 2.870 loading class org/apache/catalina/util/ManifestResource
Event: 2.870 loading class org/apache/catalina/util/ManifestResource done
Event: 2.872 loading class org/apache/catalina/util/Extension
Event: 2.872 loading class org/apache/catalina/util/Extension done
Event: 2.877 Executing VM operation: G1CollectForAllocation


Dynamic libraries:
86c00000-91900000 rw-p 00000000 00:00 0 
91900000-ffe00000 ---p 00000000 00:00 0 
ffe00000-ffe44000 rw-p 01104000 08:02 669192                             /usr/lib/jvm/java-11-openjdk-amd64/lib/server/classes.jsa
ffe44000-fff00000 rw-p 00000000 00:00 0 
fff00000-fff6a000 rw-p 0109a000 08:02 669192                             /usr/lib/jvm/java-11-openjdk-amd64/lib/server/classes.jsa
fff6a000-100000000 rw-p 00000000 00:00 0 
800000000-800002000 rwxp 00001000 08:02 669192                           /usr/lib/jvm/java-11-openjdk-amd64/lib/server/classes.jsa
800002000-8003b8000 rw-p 00003000 08:02 669192                           /usr/lib/jvm/java-11-openjdk-amd64/lib/server/classes.jsa
8003b8000-800a8c000 r--p 003b9000 08:02 669192                           /usr/lib/jvm/java-11-openjdk-amd64/lib/server/classes.jsa
800a8c000-800a8d000 rw-p 00a8d000 08:02 669192                           /usr/lib/jvm/java-11-openjdk-amd64/lib/server/classes.jsa
800a8d000-801099000 r--p 00a8e000 08:02 669192                           /usr/lib/jvm/java-11-openjdk-amd64/lib/server/classes.jsa
840000000-840400000 rw-p 00000000 00:00 0 
840400000-880000000 ---p 00000000 00:00 0 
557a84dd9000-557a84dda000 r-xp 00000000 08:02 658219                     /usr/lib/jvm/java-11-openjdk-amd64/bin/java
557a84fda000-557a84fdb000 r--p 00001000 08:02 658219                     /usr/lib/jvm/java-11-openjdk-amd64/bin/java
557a84fdb000-557a84fdc000 rw-p 00002000 08:02 658219                     /usr/lib/jvm/java-11-openjdk-amd64/bin/java
557a86006000-557a86027000 rw-p 00000000 00:00 0                          [heap]
7f2d58000000-7f2d58021000 rw-p 00000000 00:00 0 
7f2d58021000-7f2d5c000000 ---p 00000000 00:00 0 
7f2d60000000-7f2d60021000 rw-p 00000000 00:00 0 
7f2d60021000-7f2d64000000 ---p 00000000 00:00 0 
7f2d64000000-7f2d64021000 rw-p 00000000 00:00 0 
7f2d64021000-7f2d68000000 ---p 00000000 00:00 0 
7f2d68000000-7f2d68858000 rw-p 00000000 00:00 0 
7f2d68858000-7f2d6c000000 ---p 00000000 00:00 0 
7f2d6c000000-7f2d6c33e000 rw-p 00000000 00:00 0 
7f2d6c33e000-7f2d70000000 ---p 00000000 00:00 0 
7f2d70000000-7f2d70021000 rw-p 00000000 00:00 0 
7f2d70021000-7f2d74000000 ---p 00000000 00:00 0 
7f2d74000000-7f2d74021000 rw-p 00000000 00:00 0 
7f2d74021000-7f2d78000000 ---p 00000000 00:00 0 
7f2d78000000-7f2d78021000 rw-p 00000000 00:00 0 
7f2d78021000-7f2d7c000000 ---p 00000000 00:00 0 
7f2d7c000000-7f2d7c021000 rw-p 00000000 00:00 0 
7f2d7c021000-7f2d80000000 ---p 00000000 00:00 0 
7f2d80000000-7f2d80021000 rw-p 00000000 00:00 0 
7f2d80021000-7f2d84000000 ---p 00000000 00:00 0 
7f2d84000000-7f2d84021000 rw-p 00000000 00:00 0 
7f2d84021000-7f2d88000000 ---p 00000000 00:00 0 
7f2d88000000-7f2d88021000 rw-p 00000000 00:00 0 
7f2d88021000-7f2d8c000000 ---p 00000000 00:00 0 
7f2d8c000000-7f2d8c021000 rw-p 00000000 00:00 0 
7f2d8c021000-7f2d90000000 ---p 00000000 00:00 0 
7f2d918bd000-7f2d919fd000 rw-p 00000000 00:00 0 
7f2d919fd000-7f2d91abd000 ---p 00000000 00:00 0 
7f2d91abd000-7f2d91cbd000 rw-p 00000000 00:00 0 
7f2d91cbd000-7f2d91ebd000 rw-p 00000000 00:00 0 
7f2d91ebd000-7f2d920bc000 rw-p 00000000 00:00 0 
7f2d920bc000-7f2d920c1000 ---p 00000000 00:00 0 
7f2d920c1000-7f2d923be000 rw-p 00000000 00:00 0 
7f2d923be000-7f2d925be000 rw-p 00000000 00:00 0 
7f2d925be000-7f2d927be000 rw-p 00000000 00:00 0 
7f2d927be000-7f2d929be000 rw-p 00000000 00:00 0 
7f2d929be000-7f2d929bf000 ---p 00000000 00:00 0 
7f2d929bf000-7f2d92ac0000 rw-p 00000000 00:00 0 
7f2d92ac0000-7f2d92ac1000 ---p 00000000 00:00 0 
7f2d92ac1000-7f2d92bc2000 rw-p 00000000 00:00 0 
7f2d92bc2000-7f2d92bc6000 ---p 00000000 00:00 0 
7f2d92bc6000-7f2d92cc3000 rw-p 00000000 00:00 0 
7f2d92cc3000-7f2d92cc7000 ---p 00000000 00:00 0 
7f2d92cc7000-7f2d92dc4000 rw-p 00000000 00:00 0 
7f2d92dc4000-7f2d92dc8000 ---p 00000000 00:00 0 
7f2d92dc8000-7f2d92ec5000 rw-p 00000000 00:00 0 
7f2d92ec5000-7f2d92ec6000 ---p 00000000 00:00 0 
7f2d92ec6000-7f2d92fc7000 rw-p 00000000 00:00 0 
7f2d92fc7000-7f2d92fc8000 ---p 00000000 00:00 0 
7f2d92fc8000-7f2d930c9000 rw-p 00000000 00:00 0 
7f2d930c9000-7f2d930ca000 ---p 00000000 00:00 0 
7f2d930ca000-7f2d931cb000 rw-p 00000000 00:00 0 
7f2d931cb000-7f2d931cf000 ---p 00000000 00:00 0 
7f2d931cf000-7f2d932cc000 rw-p 00000000 00:00 0 
7f2d932cc000-7f2d932d0000 ---p 00000000 00:00 0 
7f2d932d0000-7f2d933cd000 rw-p 00000000 00:00 0 
7f2d933cd000-7f2d933cf000 r-xp 00000000 08:02 676423                     /usr/lib/jvm/java-11-openjdk-amd64/lib/libextnet.so
7f2d933cf000-7f2d935ce000 ---p 00002000 08:02 676423                     /usr/lib/jvm/java-11-openjdk-amd64/lib/libextnet.so
7f2d935ce000-7f2d935cf000 r--p 00001000 08:02 676423                     /usr/lib/jvm/java-11-openjdk-amd64/lib/libextnet.so
7f2d935cf000-7f2d935d0000 rw-p 00002000 08:02 676423                     /usr/lib/jvm/java-11-openjdk-amd64/lib/libextnet.so
7f2d935d0000-7f2d935e7000 r-xp 00000000 08:02 397818                     /lib/x86_64-linux-gnu/libresolv-2.27.so
7f2d935e7000-7f2d937e7000 ---p 00017000 08:02 397818                     /lib/x86_64-linux-gnu/libresolv-2.27.so
7f2d937e7000-7f2d937e8000 r--p 00017000 08:02 397818                     /lib/x86_64-linux-gnu/libresolv-2.27.so
7f2d937e8000-7f2d937e9000 rw-p 00018000 08:02 397818                     /lib/x86_64-linux-gnu/libresolv-2.27.so
7f2d937e9000-7f2d937eb000 rw-p 00000000 00:00 0 
7f2d937eb000-7f2d937f0000 r-xp 00000000 08:02 397767                     /lib/x86_64-linux-gnu/libnss_dns-2.27.so
7f2d937f0000-7f2d939f0000 ---p 00005000 08:02 397767                     /lib/x86_64-linux-gnu/libnss_dns-2.27.so
7f2d939f0000-7f2d939f1000 r--p 00005000 08:02 397767                     /lib/x86_64-linux-gnu/libnss_dns-2.27.so
7f2d939f1000-7f2d939f2000 rw-p 00006000 08:02 397767                     /lib/x86_64-linux-gnu/libnss_dns-2.27.so
7f2d939f2000-7f2d939f4000 r-xp 00000000 08:02 397775                     /lib/x86_64-linux-gnu/libnss_mdns4_minimal.so.2
7f2d939f4000-7f2d93bf3000 ---p 00002000 08:02 397775                     /lib/x86_64-linux-gnu/libnss_mdns4_minimal.so.2
7f2d93bf3000-7f2d93bf4000 r--p 00001000 08:02 397775                     /lib/x86_64-linux-gnu/libnss_mdns4_minimal.so.2
7f2d93bf4000-7f2d93bf5000 rw-p 00002000 08:02 397775                     /lib/x86_64-linux-gnu/libnss_mdns4_minimal.so.2
7f2d93bf5000-7f2d93bfa000 r-xp 00000000 08:02 676440                     /usr/lib/jvm/java-11-openjdk-amd64/lib/libmanagement_ext.so
7f2d93bfa000-7f2d93df9000 ---p 00005000 08:02 676440                     /usr/lib/jvm/java-11-openjdk-amd64/lib/libmanagement_ext.so
7f2d93df9000-7f2d93dfa000 r--p 00004000 08:02 676440                     /usr/lib/jvm/java-11-openjdk-amd64/lib/libmanagement_ext.so
7f2d93dfa000-7f2d93dfb000 rw-p 00005000 08:02 676440                     /usr/lib/jvm/java-11-openjdk-amd64/lib/libmanagement_ext.so
7f2d93dfb000-7f2d93dff000 r-xp 00000000 08:02 676438                     /usr/lib/jvm/java-11-openjdk-amd64/lib/libmanagement.so
7f2d93dff000-7f2d93ffe000 ---p 00004000 08:02 676438                     /usr/lib/jvm/java-11-openjdk-amd64/lib/libmanagement.so
7f2d93ffe000-7f2d93fff000 r--p 00003000 08:02 676438                     /usr/lib/jvm/java-11-openjdk-amd64/lib/libmanagement.so
7f2d93fff000-7f2d94000000 rw-p 00004000 08:02 676438                     /usr/lib/jvm/java-11-openjdk-amd64/lib/libmanagement.so
7f2d94000000-7f2d94021000 rw-p 00000000 00:00 0 
7f2d94021000-7f2d98000000 ---p 00000000 00:00 0 
7f2d98000000-7f2d98021000 rw-p 00000000 00:00 0 
7f2d98021000-7f2d9c000000 ---p 00000000 00:00 0 
7f2d9c000000-7f2d9c021000 rw-p 00000000 00:00 0 
7f2d9c021000-7f2da0000000 ---p 00000000 00:00 0 
7f2da0000000-7f2da0596000 rw-p 00000000 00:00 0 
7f2da0596000-7f2da4000000 ---p 00000000 00:00 0 
7f2da4000000-7f2da4021000 rw-p 00000000 00:00 0 
7f2da4021000-7f2da8000000 ---p 00000000 00:00 0 
7f2da8000000-7f2da8021000 rw-p 00000000 00:00 0 
7f2da8021000-7f2dac000000 ---p 00000000 00:00 0 
7f2dac000000-7f2dac021000 rw-p 00000000 00:00 0 
7f2dac021000-7f2db0000000 ---p 00000000 00:00 0 
7f2db0000000-7f2db0037000 rw-p 00000000 00:00 0 
7f2db0037000-7f2db4000000 ---p 00000000 00:00 0 
7f2db4000000-7f2db4021000 rw-p 00000000 00:00 0 
7f2db4021000-7f2db8000000 ---p 00000000 00:00 0 
7f2db8000000-7f2db8021000 rw-p 00000000 00:00 0 
7f2db8021000-7f2dbc000000 ---p 00000000 00:00 0 
7f2dbc07e000-7f2dbc082000 ---p 00000000 00:00 0 
7f2dbc082000-7f2dbc17f000 rw-p 00000000 00:00 0 
7f2dbc17f000-7f2dbc195000 r-xp 00000000 08:02 676442                     /usr/lib/jvm/java-11-openjdk-amd64/lib/libnet.so
7f2dbc195000-7f2dbc394000 ---p 00016000 08:02 676442                     /usr/lib/jvm/java-11-openjdk-amd64/lib/libnet.so
7f2dbc394000-7f2dbc395000 r--p 00015000 08:02 676442                     /usr/lib/jvm/java-11-openjdk-amd64/lib/libnet.so
7f2dbc395000-7f2dbc396000 rw-p 00016000 08:02 676442                     /usr/lib/jvm/java-11-openjdk-amd64/lib/libnet.so
7f2dbc396000-7f2dbc3a6000 r-xp 00000000 08:02 676443                     /usr/lib/jvm/java-11-openjdk-amd64/lib/libnio.so
7f2dbc3a6000-7f2dbc5a5000 ---p 00010000 08:02 676443                     /usr/lib/jvm/java-11-openjdk-amd64/lib/libnio.so
7f2dbc5a5000-7f2dbc5a6000 r--p 0000f000 08:02 676443                     /usr/lib/jvm/java-11-openjdk-amd64/lib/libnio.so
7f2dbc5a6000-7f2dbc5a7000 rw-p 00010000 08:02 676443                     /usr/lib/jvm/java-11-openjdk-amd64/lib/libnio.so
7f2dbc5a7000-7f2dbc5ab000 ---p 00000000 00:00 0 
7f2dbc5ab000-7f2dbc6a8000 rw-p 00000000 00:00 0 
7f2dbc6a8000-7f2dbc6ac000 ---p 00000000 00:00 0 
7f2dbc6ac000-7f2dbc7a9000 rw-p 00000000 00:00 0 
7f2dbc7a9000-7f2dbc7ad000 ---p 00000000 00:00 0 
7f2dbc7ad000-7f2dbc8aa000 rw-p 00000000 00:00 0 
7f2dbc8aa000-7f2dbc8ae000 ---p 00000000 00:00 0 
7f2dbc8ae000-7f2dbc9ab000 rw-p 00000000 00:00 0 
7f2dbc9ab000-7f2dbc9af000 ---p 00000000 00:00 0 
7f2dbc9af000-7f2dbcaac000 rw-p 00000000 00:00 0 
7f2dbcaac000-7f2dbd47b000 r--p 00000000 08:02 660012                     /usr/lib/locale/locale-archive
7f2dbd47b000-7f2dbd47f000 ---p 00000000 00:00 0 
7f2dbd47f000-7f2dbd57c000 rw-p 00000000 00:00 0 
7f2dbd57c000-7f2dbd580000 ---p 00000000 00:00 0 
7f2dbd580000-7f2dbd67d000 rw-p 00000000 00:00 0 
7f2dbd67d000-7f2dbd67e000 ---p 00000000 00:00 0 
7f2dbd67e000-7f2dc0000000 rw-p 00000000 00:00 0 
7f2dc0000000-7f2dc0021000 rw-p 00000000 00:00 0 
7f2dc0021000-7f2dc4000000 ---p 00000000 00:00 0 
7f2dc405b000-7f2dc405c000 ---p 00000000 00:00 0 
7f2dc405c000-7f2dc415d000 rw-p 00000000 00:00 0 
7f2dc415d000-7f2dc415e000 ---p 00000000 00:00 0 
7f2dc415e000-7f2dc4614000 rw-p 00000000 00:00 0 
7f2dc4614000-7f2dc61a8000 ---p 00000000 00:00 0 
7f2dc61a8000-7f2dc6464000 rw-p 00000000 00:00 0 
7f2dc6464000-7f2dc7ff8000 ---p 00000000 00:00 0 
7f2dc7ff8000-7f2dc8000000 rw-p 00000000 00:00 0 
7f2dc8000000-7f2dc8021000 rw-p 00000000 00:00 0 
7f2dc8021000-7f2dcc000000 ---p 00000000 00:00 0 
7f2dcc03c000-7f2dcc370000 rw-p 00000000 00:00 0 
7f2dcc370000-7f2dcc371000 ---p 00000000 00:00 0 
7f2dcc371000-7f2dcc472000 rw-p 00000000 00:00 0 
7f2dcc472000-7f2dcc473000 ---p 00000000 00:00 0 
7f2dcc473000-7f2dcc5cb000 rw-p 00000000 00:00 0 
7f2dcc5cb000-7f2dcc93d000 ---p 00000000 00:00 0 
7f2dcc93d000-7f2dcc93e000 rw-p 00000000 00:00 0 
7f2dcc93e000-7f2dccbae000 rwxp 00000000 00:00 0 
7f2dccbae000-7f2dccfe5000 ---p 00000000 00:00 0 
7f2dccfe5000-7f2dcd615000 rwxp 00000000 00:00 0 
7f2dcd615000-7f2ddb93e000 ---p 00000000 00:00 0 
7f2ddb93e000-7f2de4000000 r--s 00000000 08:02 676452                     /usr/lib/jvm/java-11-openjdk-amd64/lib/modules
7f2de4000000-7f2de4922000 rw-p 00000000 00:00 0 
7f2de4922000-7f2de8000000 ---p 00000000 00:00 0 
7f2de8016000-7f2de80c8000 rw-p 00000000 00:00 0 
7f2de80c8000-7f2de843a000 ---p 00000000 00:00 0 
7f2de843a000-7f2de8492000 rw-p 00000000 00:00 0 
7f2de8492000-7f2de8804000 ---p 00000000 00:00 0 
7f2de8804000-7f2de8c09000 rw-p 00000000 00:00 0 
7f2de8c09000-7f2de8c0a000 ---p 00000000 00:00 0 
7f2de8c0a000-7f2de8d18000 rw-p 00000000 00:00 0 
7f2de8d18000-7f2de8ede000 ---p 00000000 00:00 0 
7f2de8ede000-7f2de8ee3000 r-xp 00000000 08:02 676434                     /usr/lib/jvm/java-11-openjdk-amd64/lib/libjimage.so
7f2de8ee3000-7f2de90e2000 ---p 00005000 08:02 676434                     /usr/lib/jvm/java-11-openjdk-amd64/lib/libjimage.so
7f2de90e2000-7f2de90e3000 r--p 00004000 08:02 676434                     /usr/lib/jvm/java-11-openjdk-amd64/lib/libjimage.so
7f2de90e3000-7f2de90e4000 rw-p 00005000 08:02 676434                     /usr/lib/jvm/java-11-openjdk-amd64/lib/libjimage.so
7f2de90e4000-7f2de90eb000 r-xp 00000000 08:02 676451                     /usr/lib/jvm/java-11-openjdk-amd64/lib/libzip.so
7f2de90eb000-7f2de92ea000 ---p 00007000 08:02 676451                     /usr/lib/jvm/java-11-openjdk-amd64/lib/libzip.so
7f2de92ea000-7f2de92eb000 r--p 00006000 08:02 676451                     /usr/lib/jvm/java-11-openjdk-amd64/lib/libzip.so
7f2de92eb000-7f2de92ec000 rw-p 00007000 08:02 676451                     /usr/lib/jvm/java-11-openjdk-amd64/lib/libzip.so
7f2de92ec000-7f2de92f7000 r-xp 00000000 08:02 397769                     /lib/x86_64-linux-gnu/libnss_files-2.27.so
7f2de92f7000-7f2de94f6000 ---p 0000b000 08:02 397769                     /lib/x86_64-linux-gnu/libnss_files-2.27.so
7f2de94f6000-7f2de94f7000 r--p 0000a000 08:02 397769                     /lib/x86_64-linux-gnu/libnss_files-2.27.so
7f2de94f7000-7f2de94f8000 rw-p 0000b000 08:02 397769                     /lib/x86_64-linux-gnu/libnss_files-2.27.so
7f2de94f8000-7f2de94fe000 rw-p 00000000 00:00 0 
7f2de94fe000-7f2de9515000 r-xp 00000000 08:02 397763                     /lib/x86_64-linux-gnu/libnsl-2.27.so
7f2de9515000-7f2de9714000 ---p 00017000 08:02 397763                     /lib/x86_64-linux-gnu/libnsl-2.27.so
7f2de9714000-7f2de9715000 r--p 00016000 08:02 397763                     /lib/x86_64-linux-gnu/libnsl-2.27.so
7f2de9715000-7f2de9716000 rw-p 00017000 08:02 397763                     /lib/x86_64-linux-gnu/libnsl-2.27.so
7f2de9716000-7f2de9718000 rw-p 00000000 00:00 0 
7f2de9718000-7f2de9723000 r-xp 00000000 08:02 397780                     /lib/x86_64-linux-gnu/libnss_nis-2.27.so
7f2de9723000-7f2de9922000 ---p 0000b000 08:02 397780                     /lib/x86_64-linux-gnu/libnss_nis-2.27.so
7f2de9922000-7f2de9923000 r--p 0000a000 08:02 397780                     /lib/x86_64-linux-gnu/libnss_nis-2.27.so
7f2de9923000-7f2de9924000 rw-p 0000b000 08:02 397780                     /lib/x86_64-linux-gnu/libnss_nis-2.27.so
7f2de9924000-7f2de992c000 r-xp 00000000 08:02 397765                     /lib/x86_64-linux-gnu/libnss_compat-2.27.so
7f2de992c000-7f2de9b2c000 ---p 00008000 08:02 397765                     /lib/x86_64-linux-gnu/libnss_compat-2.27.so
7f2de9b2c000-7f2de9b2d000 r--p 00008000 08:02 397765                     /lib/x86_64-linux-gnu/libnss_compat-2.27.so
7f2de9b2d000-7f2de9b2e000 rw-p 00009000 08:02 397765                     /lib/x86_64-linux-gnu/libnss_compat-2.27.so
7f2de9b2e000-7f2de9b57000 r-xp 00000000 08:02 676430                     /usr/lib/jvm/java-11-openjdk-amd64/lib/libjava.so
7f2de9b57000-7f2de9d56000 ---p 00029000 08:02 676430                     /usr/lib/jvm/java-11-openjdk-amd64/lib/libjava.so
7f2de9d56000-7f2de9d57000 r--p 00028000 08:02 676430                     /usr/lib/jvm/java-11-openjdk-amd64/lib/libjava.so
7f2de9d57000-7f2de9d59000 rw-p 00029000 08:02 676430                     /usr/lib/jvm/java-11-openjdk-amd64/lib/libjava.so
7f2de9d59000-7f2de9d66000 r-xp 00000000 08:02 676450                     /usr/lib/jvm/java-11-openjdk-amd64/lib/libverify.so
7f2de9d66000-7f2de9f65000 ---p 0000d000 08:02 676450                     /usr/lib/jvm/java-11-openjdk-amd64/lib/libverify.so
7f2de9f65000-7f2de9f67000 r--p 0000c000 08:02 676450                     /usr/lib/jvm/java-11-openjdk-amd64/lib/libverify.so
7f2de9f67000-7f2de9f68000 rw-p 0000e000 08:02 676450                     /usr/lib/jvm/java-11-openjdk-amd64/lib/libverify.so
7f2de9f68000-7f2de9f6f000 r-xp 00000000 08:02 397820                     /lib/x86_64-linux-gnu/librt-2.27.so
7f2de9f6f000-7f2dea16e000 ---p 00007000 08:02 397820                     /lib/x86_64-linux-gnu/librt-2.27.so
7f2dea16e000-7f2dea16f000 r--p 00006000 08:02 397820                     /lib/x86_64-linux-gnu/librt-2.27.so
7f2dea16f000-7f2dea170000 rw-p 00007000 08:02 397820                     /lib/x86_64-linux-gnu/librt-2.27.so
7f2dea170000-7f2dea187000 r-xp 00000000 08:02 397503                     /lib/x86_64-linux-gnu/libgcc_s.so.1
7f2dea187000-7f2dea386000 ---p 00017000 08:02 397503                     /lib/x86_64-linux-gnu/libgcc_s.so.1
7f2dea386000-7f2dea387000 r--p 00016000 08:02 397503                     /lib/x86_64-linux-gnu/libgcc_s.so.1
7f2dea387000-7f2dea388000 rw-p 00017000 08:02 397503                     /lib/x86_64-linux-gnu/libgcc_s.so.1
7f2dea388000-7f2dea525000 r-xp 00000000 08:02 397742                     /lib/x86_64-linux-gnu/libm-2.27.so
7f2dea525000-7f2dea724000 ---p 0019d000 08:02 397742                     /lib/x86_64-linux-gnu/libm-2.27.so
7f2dea724000-7f2dea725000 r--p 0019c000 08:02 397742                     /lib/x86_64-linux-gnu/libm-2.27.so
7f2dea725000-7f2dea726000 rw-p 0019d000 08:02 397742                     /lib/x86_64-linux-gnu/libm-2.27.so
7f2dea726000-7f2dea89f000 r-xp 00000000 08:02 653459                     /usr/lib/x86_64-linux-gnu/libstdc++.so.6.0.25
7f2dea89f000-7f2deaa9f000 ---p 00179000 08:02 653459                     /usr/lib/x86_64-linux-gnu/libstdc++.so.6.0.25
7f2deaa9f000-7f2deaaa9000 r--p 00179000 08:02 653459                     /usr/lib/x86_64-linux-gnu/libstdc++.so.6.0.25
7f2deaaa9000-7f2deaaab000 rw-p 00183000 08:02 653459                     /usr/lib/x86_64-linux-gnu/libstdc++.so.6.0.25
7f2deaaab000-7f2deaaaf000 rw-p 00000000 00:00 0 
7f2deaaaf000-7f2debb83000 r-xp 00000000 08:02 676455                     /usr/lib/jvm/java-11-openjdk-amd64/lib/server/libjvm.so
7f2debb83000-7f2debd83000 ---p 010d4000 08:02 676455                     /usr/lib/jvm/java-11-openjdk-amd64/lib/server/libjvm.so
7f2debd83000-7f2debe40000 r--p 010d4000 08:02 676455                     /usr/lib/jvm/java-11-openjdk-amd64/lib/server/libjvm.so
7f2debe40000-7f2debe79000 rw-p 01191000 08:02 676455                     /usr/lib/jvm/java-11-openjdk-amd64/lib/server/libjvm.so
7f2debe79000-7f2debed0000 rw-p 00000000 00:00 0 
7f2debed0000-7f2debeea000 r-xp 00000000 08:02 397812                     /lib/x86_64-linux-gnu/libpthread-2.27.so
7f2debeea000-7f2dec0e9000 ---p 0001a000 08:02 397812                     /lib/x86_64-linux-gnu/libpthread-2.27.so
7f2dec0e9000-7f2dec0ea000 r--p 00019000 08:02 397812                     /lib/x86_64-linux-gnu/libpthread-2.27.so
7f2dec0ea000-7f2dec0eb000 rw-p 0001a000 08:02 397812                     /lib/x86_64-linux-gnu/libpthread-2.27.so
7f2dec0eb000-7f2dec0ef000 rw-p 00000000 00:00 0 
7f2dec0ef000-7f2dec0f2000 r-xp 00000000 08:02 397702                     /lib/x86_64-linux-gnu/libdl-2.27.so
7f2dec0f2000-7f2dec2f1000 ---p 00003000 08:02 397702                     /lib/x86_64-linux-gnu/libdl-2.27.so
7f2dec2f1000-7f2dec2f2000 r--p 00002000 08:02 397702                     /lib/x86_64-linux-gnu/libdl-2.27.so
7f2dec2f2000-7f2dec2f3000 rw-p 00003000 08:02 397702                     /lib/x86_64-linux-gnu/libdl-2.27.so
7f2dec2f3000-7f2dec30f000 r-xp 00000000 08:02 397851                     /lib/x86_64-linux-gnu/libz.so.1.2.11
7f2dec30f000-7f2dec50e000 ---p 0001c000 08:02 397851                     /lib/x86_64-linux-gnu/libz.so.1.2.11
7f2dec50e000-7f2dec50f000 r--p 0001b000 08:02 397851                     /lib/x86_64-linux-gnu/libz.so.1.2.11
7f2dec50f000-7f2dec510000 rw-p 0001c000 08:02 397851                     /lib/x86_64-linux-gnu/libz.so.1.2.11
7f2dec510000-7f2dec6f7000 r-xp 00000000 08:02 397679                     /lib/x86_64-linux-gnu/libc-2.27.so
7f2dec6f7000-7f2dec8f7000 ---p 001e7000 08:02 397679                     /lib/x86_64-linux-gnu/libc-2.27.so
7f2dec8f7000-7f2dec8fb000 r--p 001e7000 08:02 397679                     /lib/x86_64-linux-gnu/libc-2.27.so
7f2dec8fb000-7f2dec8fd000 rw-p 001eb000 08:02 397679                     /lib/x86_64-linux-gnu/libc-2.27.so
7f2dec8fd000-7f2dec901000 rw-p 00000000 00:00 0 
7f2dec901000-7f2dec911000 r-xp 00000000 08:02 676412                     /usr/lib/jvm/java-11-openjdk-amd64/lib/jli/libjli.so
7f2dec911000-7f2decb10000 ---p 00010000 08:02 676412                     /usr/lib/jvm/java-11-openjdk-amd64/lib/jli/libjli.so
7f2decb10000-7f2decb11000 r--p 0000f000 08:02 676412                     /usr/lib/jvm/java-11-openjdk-amd64/lib/jli/libjli.so
7f2decb11000-7f2decb12000 rw-p 00010000 08:02 676412                     /usr/lib/jvm/java-11-openjdk-amd64/lib/jli/libjli.so
7f2decb12000-7f2decb39000 r-xp 00000000 08:02 397651                     /lib/x86_64-linux-gnu/ld-2.27.so
7f2decb67000-7f2decc12000 rw-p 00000000 00:00 0 
7f2decc12000-7f2decc16000 ---p 00000000 00:00 0 
7f2decc16000-7f2decd15000 rw-p 00000000 00:00 0 
7f2decd1f000-7f2decd24000 rw-p 00000000 00:00 0 
7f2decd24000-7f2decd2d000 ---p 00000000 00:00 0 
7f2decd2d000-7f2decd35000 rw-s 00000000 08:02 1313193                    /tmp/hsperfdata_rumit/27972
7f2decd35000-7f2decd36000 ---p 00000000 00:00 0 
7f2decd36000-7f2decd37000 r--p 00000000 00:00 0 
7f2decd37000-7f2decd39000 rw-p 00000000 00:00 0 
7f2decd39000-7f2decd3a000 r--p 00027000 08:02 397651                     /lib/x86_64-linux-gnu/ld-2.27.so
7f2decd3a000-7f2decd3b000 rw-p 00028000 08:02 397651                     /lib/x86_64-linux-gnu/ld-2.27.so
7f2decd3b000-7f2decd3c000 rw-p 00000000 00:00 0 
7ffc63426000-7ffc63449000 rw-p 00000000 00:00 0                          [stack]
7ffc63534000-7ffc63537000 r--p 00000000 00:00 0                          [vvar]
7ffc63537000-7ffc63538000 r-xp 00000000 00:00 0                          [vdso]
ffffffffff600000-ffffffffff601000 --xp 00000000 00:00 0                  [vsyscall]


VM Arguments:
jvm_args: -Dcom.sun.management.jmxremote -Dcom.sun.management.jmxremote.port=42155 -Dcom.sun.management.jmxremote.authenticate=false -Dcom.sun.management.jmxremote.ssl=false -Djava.rmi.server.hostname=localhost -Dspring.jmx.enabled=true -Dspring.liveBeansView.mbeanDomain -Dspring.application.admin.enabled=true -Djava.security.egd=file:/dev/./urandom -Xverify:none -XX:TieredStopAtLevel=1 -Dspring.boot.project.name=AMS2 -Dfile.encoding=UTF-8 
java_command: com.AMS.AMS --spring.output.ansi.enabled=always
java_class_path (initial): /home/rumit/workspace-sts-3.9.11.RELEASE/AMS2/target/classes:/home/rumit/.m2/repository/org/springframework/boot/spring-boot-starter-data-jpa/2.1.0.RELEASE/spring-boot-starter-data-jpa-2.1.0.RELEASE.jar:/home/rumit/.m2/repository/org/springframework/boot/spring-boot-starter-aop/2.1.0.RELEASE/spring-boot-starter-aop-2.1.0.RELEASE.jar:/home/rumit/.m2/repository/org/springframework/spring-aop/5.1.2.RELEASE/spring-aop-5.1.2.RELEASE.jar:/home/rumit/.m2/repository/org/aspectj/aspectjweaver/1.9.2/aspectjweaver-1.9.2.jar:/home/rumit/.m2/repository/org/springframework/boot/spring-boot-starter-jdbc/2.1.0.RELEASE/spring-boot-starter-jdbc-2.1.0.RELEASE.jar:/home/rumit/.m2/repository/com/zaxxer/HikariCP/3.2.0/HikariCP-3.2.0.jar:/home/rumit/.m2/repository/org/springframework/spring-jdbc/5.1.2.RELEASE/spring-jdbc-5.1.2.RELEASE.jar:/home/rumit/.m2/repository/javax/transaction/javax.transaction-api/1.3/javax.transaction-api-1.3.jar:/home/rumit/.m2/repository/javax/xml/bind/jaxb-api/2.3.1/jaxb-api-2.3.1.jar:/home/rumit/.m2/repository/org/springframework/data/spring-data-jpa/2.1.2.RELEASE/spring-data-jpa-2.1.2.RELEASE.jar:/home/rumit/.m2/repository/org/springframework/data/spring-data-commons/2.1.2.RELEASE/spring-data-commons-2.1.2.RELEASE.jar:/home/rumit/.m2/repository/org/springframework/spring-orm/5.1.2.RELEASE/spring-orm-5.1.2.RELEASE.jar:/home/rumit/.m2/repository/org/springframework/spring-context/5.1.2.RELEASE/spring-context-5.1.2.RELEASE.jar:/home/rumit/.m2/repository/org/springframework/spring-tx/5.1.2.RELEASE/spring-tx-5.1.2.RELEASE.jar:/home/rumit/.m2/repository/org/springframework/spring-beans/5.1.2.RELEASE/spring-beans-5.1.2.RELEASE.jar:/home/rumit/.m2/repository/org/slf4j/slf4j-api/1.7.25/slf4j-api-1.7.25.jar:/home/rumit/.m2/repository/org/springframework/spring-aspects/5.1.2.RELEASE/spring-aspects-5.1.2.RELEASE.jar:/home/rumit/.m2/repository/org/apache/tomcat/tomcat-jasper/9.0.30/tomcat-jasper-9.0.30.jar:/home/rumit/.m2/repository/org/apache
Launcher Type: SUN_STANDARD

[Global flags]
     bool BytecodeVerificationLocal                = false                                     {product} {command line}
     bool BytecodeVerificationRemote               = false                                     {product} {command line}
     intx CICompilerCount                          = 3                                         {product} {ergonomic}
     uint ConcGCThreads                            = 1                                         {product} {ergonomic}
     uint G1ConcRefinementThreads                  = 4                                         {product} {ergonomic}
   size_t G1HeapRegionSize                         = 1048576                                   {product} {ergonomic}
    uintx GCDrainStackTargetSize                   = 64                                        {product} {ergonomic}
   size_t InitialHeapSize                          = 127926272                                 {product} {ergonomic}
     bool ManagementServer                         = true                                      {product} {command line}
   size_t MarkStackSize                            = 4194304                                   {product} {ergonomic}
   size_t MaxHeapSize                              = 2034237440                                {product} {ergonomic}
   size_t MaxNewSize                               = 1220542464                                {product} {ergonomic}
   size_t MinHeapDeltaBytes                        = 1048576                                   {product} {ergonomic}
    uintx NonNMethodCodeHeapSize                   = 6973028                                {pd product} {ergonomic}
    uintx NonProfiledCodeHeapSize                  = 244685212                              {pd product} {ergonomic}
    uintx ProfiledCodeHeapSize                     = 0                                      {pd product} {ergonomic}
    uintx ReservedCodeCacheSize                    = 251658240                              {pd product} {ergonomic}
     bool SegmentedCodeCache                       = true                                      {product} {ergonomic}
     intx TieredStopAtLevel                        = 1                                         {product} {command line}
     bool UseCompressedClassPointers               = true                                 {lp64_product} {ergonomic}
     bool UseCompressedOops                        = true                                 {lp64_product} {ergonomic}
     bool UseG1GC                                  = true                                      {product} {ergonomic}

Logging:
Log output configuration:
 #0: stdout all=warning uptime,level,tags
 #1: stderr all=off uptime,level,tags

Environment Variables:
PATH=/usr/local/sbin:/usr/local/bin:/usr/sbin:/usr/bin:/sbin:/bin:/usr/games:/usr/local/games:/snap/bin
USERNAME=rumit
SHELL=/bin/bash
DISPLAY=:0

Signal Handlers:
SIGSEGV: [libjvm.so+0xdeda70], sa_mask[0]=11111111011111111101111111111110, sa_flags=SA_RESTART|SA_SIGINFO
SIGBUS: [libjvm.so+0xdeda70], sa_mask[0]=11111111011111111101111111111110, sa_flags=SA_RESTART|SA_SIGINFO
SIGFPE: [libjvm.so+0xdeda70], sa_mask[0]=11111111011111111101111111111110, sa_flags=SA_RESTART|SA_SIGINFO
SIGPIPE: [libjvm.so+0xbc3040], sa_mask[0]=11111111011111111101111111111110, sa_flags=SA_RESTART|SA_SIGINFO
SIGXFSZ: [libjvm.so+0xbc3040], sa_mask[0]=11111111011111111101111111111110, sa_flags=SA_RESTART|SA_SIGINFO
SIGILL: [libjvm.so+0xdeda70], sa_mask[0]=11111111011111111101111111111110, sa_flags=SA_RESTART|SA_SIGINFO
SIGUSR2: [libjvm.so+0xbc2ee0], sa_mask[0]=00100000000000000000000000000000, sa_flags=SA_RESTART|SA_SIGINFO
SIGHUP: [libjvm.so+0xbc3240], sa_mask[0]=11111111011111111101111111111110, sa_flags=SA_RESTART|SA_SIGINFO
SIGINT: [libjvm.so+0xbc3240], sa_mask[0]=11111111011111111101111111111110, sa_flags=SA_RESTART|SA_SIGINFO
SIGTERM: [libjvm.so+0xbc3240], sa_mask[0]=11111111011111111101111111111110, sa_flags=SA_RESTART|SA_SIGINFO
SIGQUIT: [libjvm.so+0xbc3240], sa_mask[0]=11111111011111111101111111111110, sa_flags=SA_RESTART|SA_SIGINFO


---------------  S Y S T E M  ---------------

OS:DISTRIB_ID=Ubuntu
DISTRIB_RELEASE=18.04
DISTRIB_CODENAME=bionic
DISTRIB_DESCRIPTION="Ubuntu 18.04.3 LTS"
uname:Linux 5.3.0-26-generic #28~18.04.1-Ubuntu SMP Wed Dec 18 16:40:14 UTC 2019 x86_64
libc:glibc 2.27 NPTL 2.27 
rlimit: STACK 8192k, CORE 0k, NPROC 30843, NOFILE 4096, AS infinity, DATA infinity, FSIZE infinity
load average:8.43 6.07 3.33

/proc/meminfo:
MemTotal:        7943188 kB
MemFree:         1092044 kB
MemAvailable:    2036456 kB
Buffers:          206760 kB
Cached:          1732296 kB
SwapCached:        42468 kB
Active:          4938940 kB
Inactive:        1504984 kB
Active(anon):    4245660 kB
Inactive(anon):   926708 kB
Active(file):     693280 kB
Inactive(file):   578276 kB
Unevictable:       65936 kB
Mlocked:             104 kB
SwapTotal:      15999996 kB
SwapFree:       15913980 kB
Dirty:               368 kB
Writeback:             0 kB
AnonPages:       4528456 kB
Mapped:           850892 kB
Shmem:            668024 kB
KReclaimable:      88992 kB
Slab:             161952 kB
SReclaimable:      88992 kB
SUnreclaim:        72960 kB
KernelStack:       17504 kB
PageTables:        90836 kB
NFS_Unstable:          0 kB
Bounce:                0 kB
WritebackTmp:          0 kB
CommitLimit:    19971588 kB
Committed_AS:   15890988 kB
VmallocTotal:   34359738367 kB
VmallocUsed:       32484 kB
VmallocChunk:          0 kB
Percpu:             5568 kB
HardwareCorrupted:     0 kB
AnonHugePages:         0 kB
ShmemHugePages:        0 kB
ShmemPmdMapped:        0 kB
CmaTotal:              0 kB
CmaFree:               0 kB
HugePages_Total:       0
HugePages_Free:        0
HugePages_Rsvd:        0
HugePages_Surp:        0
Hugepagesize:       2048 kB
Hugetlb:               0 kB
DirectMap4k:      300764 kB
DirectMap2M:     7880704 kB


/proc/sys/kernel/threads-max (system-wide limit on the number of threads):
61687


/proc/sys/vm/max_map_count (maximum number of memory map areas a process may have):
65530


/proc/sys/kernel/pid_max (system-wide limit on number of process identifiers):
32768



container (cgroup) information:
container_type: cgroupv1
cpu_cpuset_cpus: 0-3
cpu_memory_nodes: 0
active_processor_count: 4
cpu_quota: -1
cpu_period: 100000
cpu_shares: -1
memory_limit_in_bytes: -1
memory_and_swap_limit_in_bytes: -2
memory_soft_limit_in_bytes: -1
memory_usage_in_bytes: 6666141696
memory_max_usage_in_bytes: 117084160

Steal ticks since vm start: 0
Steal ticks percentage since vm start:  0.000

CPU:total 4 (initial active 4) (2 cores per cpu, 2 threads per core) family 6 model 37 stepping 5, cmov, cx8, fxsr, mmx, sse, sse2, sse3, ssse3, sse4.1, sse4.2, popcnt, ht, tsc, tscinvbit
CPU Model and flags from /proc/cpuinfo:
model name	: Intel(R) Core(TM) i3 CPU         540  @ 3.07GHz
flags		: fpu vme de pse tsc msr pae mce cx8 apic sep mtrr pge mca cmov pat pse36 clflush dts acpi mmx fxsr sse sse2 ht tm pbe syscall nx rdtscp lm constant_tsc arch_perfmon pebs bts rep_good nopl xtopology nonstop_tsc cpuid aperfmperf pni dtes64 monitor ds_cpl vmx est tm2 ssse3 cx16 xtpr pdcm pcid sse4_1 sse4_2 popcnt lahf_lm pti ssbd ibrs ibpb stibp tpr_shadow vnmi flexpriority ept vpid dtherm arat flush_l1d

Memory: 4k page, physical 7943188k(1092044k free), swap 15999996k(15913980k free)

vm_info: OpenJDK 64-Bit Server VM (11.0.5+10-post-Ubuntu-0ubuntu1.118.04) for linux-amd64 JRE (11.0.5+10-post-Ubuntu-0ubuntu1.118.04), built on Oct 16 2019 22:01:07 by "buildd" with gcc 7.4.0

END.
