#
# A fatal error has been detected by the Java Runtime Environment:
#
#  SIGSEGV (0xb) at pc=0x00007f714ca30427, pid=27775, tid=27804
#
# JRE version: OpenJDK Runtime Environment (11.0.5+10) (build 11.0.5+10-post-Ubuntu-0ubuntu1.118.04)
# Java VM: OpenJDK 64-Bit Server VM (11.0.5+10-post-Ubuntu-0ubuntu1.118.04, mixed mode, sharing, tiered, compressed oops, g1 gc, linux-amd64)
# Problematic frame:
# v  ~BufferBlob::vtable chunks
#
# Core dump will be written. Default location: Core dumps may be processed with "/usr/share/apport/apport %p %s %c %d %P" (or dumping to /home/rumit/workspace-sts-3.9.11.RELEASE/AMS2/core.27775)
#
# If you would like to submit a bug report, please visit:
#   Unknown
#

---------------  S U M M A R Y ------------

Command Line: -Dcom.sun.management.jmxremote -Dcom.sun.management.jmxremote.port=38993 -Dcom.sun.management.jmxremote.authenticate=false -Dcom.sun.management.jmxremote.ssl=false -Djava.rmi.server.hostname=localhost -Dspring.jmx.enabled=true -Dspring.liveBeansView.mbeanDomain -Dspring.application.admin.enabled=true -Djava.security.egd=file:/dev/./urandom -Xverify:none -XX:TieredStopAtLevel=1 -Dspring.boot.project.name=AMS2 -Dfile.encoding=UTF-8 com.AMS.AMS --spring.output.ansi.enabled=always

Host: Intel(R) Core(TM) i3 CPU         540  @ 3.07GHz, 4 cores, 7G, Ubuntu 18.04.3 LTS
Time: Fri Mar  6 16:07:56 2020 IST elapsed time: 3 seconds (0d 0h 0m 3s)

---------------  T H R E A D  ---------------

Current thread (0x00007f70f4002800):  JavaThread "restartedMain" [_thread_in_Java, id=27804, stack(0x00007f71135d9000,0x00007f71136da000)]

Stack: [0x00007f71135d9000,0x00007f71136da000],  sp=0x00007f71136d5488,  free space=1009k
Native frames: (J=compiled Java code, A=aot compiled Java code, j=interpreted, Vv=VM code, C=native code)
v  ~BufferBlob::vtable chunks
j  org.springframework.aop.framework.autoproxy.AbstractAutoProxyCreator.postProcessBeforeInstantiation(Ljava/lang/Class;Ljava/lang/String;)Ljava/lang/Object;+44
j  org.springframework.beans.factory.support.AbstractAutowireCapableBeanFactory.applyBeanPostProcessorsBeforeInstantiation(Ljava/lang/Class;Ljava/lang/String;)Ljava/lang/Object;+49
j  org.springframework.beans.factory.support.AbstractAutowireCapableBeanFactory.resolveBeforeInstantiation(Ljava/lang/String;Lorg/springframework/beans/factory/support/RootBeanDefinition;)Ljava/lang/Object;+50
j  org.springframework.beans.factory.support.AbstractAutowireCapableBeanFactory.createBean(Ljava/lang/String;Lorg/springframework/beans/factory/support/RootBeanDefinition;[Ljava/lang/Object;)Ljava/lang/Object;+128
j  org.springframework.beans.factory.support.AbstractBeanFactory.lambda$doGetBean$0(Ljava/lang/String;Lorg/springframework/beans/factory/support/RootBeanDefinition;[Ljava/lang/Object;)Ljava/lang/Object;+4
j  org.springframework.beans.factory.support.AbstractBeanFactory$$Lambda$218.getObject()Ljava/lang/Object;+16
j  org.springframework.beans.factory.support.DefaultSingletonBeanRegistry.getSingleton(Ljava/lang/String;Lorg/springframework/beans/factory/ObjectFactory;)Ljava/lang/Object;+132
j  org.springframework.beans.factory.support.AbstractBeanFactory.doGetBean(Ljava/lang/String;Ljava/lang/Class;[Ljava/lang/Object;Z)Ljava/lang/Object;+467
j  org.springframework.beans.factory.support.AbstractBeanFactory.getBean(Ljava/lang/String;)Ljava/lang/Object;+5
j  org.springframework.beans.factory.support.ConstructorResolver.instantiateUsingFactoryMethod(Ljava/lang/String;Lorg/springframework/beans/factory/support/RootBeanDefinition;[Ljava/lang/Object;)Lorg/springframework/beans/BeanWrapper;+59
j  org.springframework.beans.factory.support.AbstractAutowireCapableBeanFactory.instantiateUsingFactoryMethod(Ljava/lang/String;Lorg/springframework/beans/factory/support/RootBeanDefinition;[Ljava/lang/Object;)Lorg/springframework/beans/BeanWrapper;+11
j  org.springframework.beans.factory.support.AbstractAutowireCapableBeanFactory.createBeanInstance(Ljava/lang/String;Lorg/springframework/beans/factory/support/RootBeanDefinition;[Ljava/lang/Object;)Lorg/springframework/beans/BeanWrapper;+101
j  org.springframework.beans.factory.support.AbstractAutowireCapableBeanFactory.doCreateBean(Ljava/lang/String;Lorg/springframework/beans/factory/support/RootBeanDefinition;[Ljava/lang/Object;)Ljava/lang/Object;+34
j  org.springframework.beans.factory.support.AbstractAutowireCapableBeanFactory.createBean(Ljava/lang/String;Lorg/springframework/beans/factory/support/RootBeanDefinition;[Ljava/lang/Object;)Ljava/lang/Object;+169
j  org.springframework.beans.factory.support.AbstractBeanFactory.lambda$doGetBean$0(Ljava/lang/String;Lorg/springframework/beans/factory/support/RootBeanDefinition;[Ljava/lang/Object;)Ljava/lang/Object;+4
j  org.springframework.beans.factory.support.AbstractBeanFactory$$Lambda$218.getObject()Ljava/lang/Object;+16
j  org.springframework.beans.factory.support.DefaultSingletonBeanRegistry.getSingleton(Ljava/lang/String;Lorg/springframework/beans/factory/ObjectFactory;)Ljava/lang/Object;+132
j  org.springframework.beans.factory.support.AbstractBeanFactory.doGetBean(Ljava/lang/String;Ljava/lang/Class;[Ljava/lang/Object;Z)Ljava/lang/Object;+467
j  org.springframework.beans.factory.support.AbstractBeanFactory.getBean(Ljava/lang/String;)Ljava/lang/Object;+5
j  org.springframework.beans.factory.config.DependencyDescriptor.resolveCandidate(Ljava/lang/String;Ljava/lang/Class;Lorg/springframework/beans/factory/BeanFactory;)Ljava/lang/Object;+2
j  org.springframework.beans.factory.support.DefaultListableBeanFactory.doResolveDependency(Lorg/springframework/beans/factory/config/DependencyDescriptor;Ljava/lang/String;Ljava/util/Set;Lorg/springframework/beans/TypeConverter;)Ljava/lang/Object;+412
j  org.springframework.beans.factory.support.DefaultListableBeanFactory$DependencyObjectProvider.getIfAvailable()Ljava/lang/Object;+51
j  org.springframework.boot.autoconfigure.orm.jpa.JpaBaseConfiguration.<init>(Ljavax/sql/DataSource;Lorg/springframework/boot/autoconfigure/orm/jpa/JpaProperties;Lorg/springframework/beans/factory/ObjectProvider;Lorg/springframework/beans/factory/ObjectProvider;)V+30
j  org.springframework.boot.autoconfigure.orm.jpa.HibernateJpaConfiguration.<init>(Ljavax/sql/DataSource;Lorg/springframework/boot/autoconfigure/orm/jpa/JpaProperties;Lorg/springframework/beans/factory/config/ConfigurableListableBeanFactory;Lorg/springframework/beans/factory/ObjectProvider;Lorg/springframework/beans/factory/ObjectProvider;Lorg/springframework/boot/autoconfigure/orm/jpa/HibernateProperties;Lorg/springframework/beans/factory/ObjectProvider;Lorg/springframework/beans/factory/ObjectProvider;Lorg/springframework/beans/factory/ObjectProvider;Lorg/springframework/beans/factory/ObjectProvider;Lorg/springframework/beans/factory/ObjectProvider;)V+7
j  org.springframework.boot.autoconfigure.orm.jpa.HibernateJpaConfiguration$$EnhancerBySpringCGLIB$$d03010bc.<init>(Ljavax/sql/DataSource;Lorg/springframework/boot/autoconfigure/orm/jpa/JpaProperties;Lorg/springframework/beans/factory/config/ConfigurableListableBeanFactory;Lorg/springframework/beans/factory/ObjectProvider;Lorg/springframework/beans/factory/ObjectProvider;Lorg/springframework/boot/autoconfigure/orm/jpa/HibernateProperties;Lorg/springframework/beans/factory/ObjectProvider;Lorg/springframework/beans/factory/ObjectProvider;Lorg/springframework/beans/factory/ObjectProvider;Lorg/springframework/beans/factory/ObjectProvider;Lorg/springframework/beans/factory/ObjectProvider;)V+21
v  ~StubRoutines::call_stub
V  [libjvm.so+0x847df9]
V  [libjvm.so+0xc6cb76]
V  [libjvm.so+0xc6d9ac]
V  [libjvm.so+0x8f88d9]  JVM_NewInstanceFromConstructor+0x79
J 1542  jdk.internal.reflect.NativeConstructorAccessorImpl.newInstance0(Ljava/lang/reflect/Constructor;[Ljava/lang/Object;)Ljava/lang/Object; java.base@11.0.5 (0 bytes) @ 0x00007f714d220da5 [0x00007f714d220cc0+0x00000000000000e5]
J 1541 c1 jdk.internal.reflect.NativeConstructorAccessorImpl.newInstance([Ljava/lang/Object;)Ljava/lang/Object; java.base@11.0.5 (89 bytes) @ 0x00007f714d221544 [0x00007f714d2211c0+0x0000000000000384]
J 1446 c1 jdk.internal.reflect.DelegatingConstructorAccessorImpl.newInstance([Ljava/lang/Object;)Ljava/lang/Object; java.base@11.0.5 (9 bytes) @ 0x00007f714d1fec24 [0x00007f714d1febc0+0x0000000000000064]
J 2565 c1 org.springframework.beans.BeanUtils.instantiateClass(Ljava/lang/reflect/Constructor;[Ljava/lang/Object;)Ljava/lang/Object; (95 bytes) @ 0x00007f714d40d774 [0x00007f714d40d6a0+0x00000000000000d4]
j  org.springframework.beans.factory.support.SimpleInstantiationStrategy.instantiate(Lorg/springframework/beans/factory/support/RootBeanDefinition;Ljava/lang/String;Lorg/springframework/beans/factory/BeanFactory;Ljava/lang/reflect/Constructor;[Ljava/lang/Object;)Ljava/lang/Object;+28
j  org.springframework.beans.factory.support.ConstructorResolver.instantiate(Ljava/lang/String;Lorg/springframework/beans/factory/support/RootBeanDefinition;Ljava/lang/reflect/Constructor;[Ljava/lang/Object;)Ljava/lang/Object;+50
j  org.springframework.beans.factory.support.ConstructorResolver.autowireConstructor(Ljava/lang/String;Lorg/springframework/beans/factory/support/RootBeanDefinition;[Ljava/lang/reflect/Constructor;[Ljava/lang/Object;)Lorg/springframework/beans/BeanWrapper;+920
j  org.springframework.beans.factory.support.AbstractAutowireCapableBeanFactory.autowireConstructor(Ljava/lang/String;Lorg/springframework/beans/factory/support/RootBeanDefinition;[Ljava/lang/reflect/Constructor;[Ljava/lang/Object;)Lorg/springframework/beans/BeanWrapper;+13
j  org.springframework.beans.factory.support.AbstractAutowireCapableBeanFactory.createBeanInstance(Ljava/lang/String;Lorg/springframework/beans/factory/support/RootBeanDefinition;[Ljava/lang/Object;)Lorg/springframework/beans/BeanWrapper;+221
j  org.springframework.beans.factory.support.AbstractAutowireCapableBeanFactory.doCreateBean(Ljava/lang/String;Lorg/springframework/beans/factory/support/RootBeanDefinition;[Ljava/lang/Object;)Ljava/lang/Object;+34
j  org.springframework.beans.factory.support.AbstractAutowireCapableBeanFactory.createBean(Ljava/lang/String;Lorg/springframework/beans/factory/support/RootBeanDefinition;[Ljava/lang/Object;)Ljava/lang/Object;+169
j  org.springframework.beans.factory.support.AbstractBeanFactory.lambda$doGetBean$0(Ljava/lang/String;Lorg/springframework/beans/factory/support/RootBeanDefinition;[Ljava/lang/Object;)Ljava/lang/Object;+4
j  org.springframework.beans.factory.support.AbstractBeanFactory$$Lambda$218.getObject()Ljava/lang/Object;+16
j  org.springframework.beans.factory.support.DefaultSingletonBeanRegistry.getSingleton(Ljava/lang/String;Lorg/springframework/beans/factory/ObjectFactory;)Ljava/lang/Object;+132
j  org.springframework.beans.factory.support.AbstractBeanFactory.doGetBean(Ljava/lang/String;Ljava/lang/Class;[Ljava/lang/Object;Z)Ljava/lang/Object;+467
j  org.springframework.beans.factory.support.AbstractBeanFactory.getBean(Ljava/lang/String;)Ljava/lang/Object;+5
j  org.springframework.beans.factory.support.ConstructorResolver.instantiateUsingFactoryMethod(Ljava/lang/String;Lorg/springframework/beans/factory/support/RootBeanDefinition;[Ljava/lang/Object;)Lorg/springframework/beans/BeanWrapper;+59
j  org.springframework.beans.factory.support.AbstractAutowireCapableBeanFactory.instantiateUsingFactoryMethod(Ljava/lang/String;Lorg/springframework/beans/factory/support/RootBeanDefinition;[Ljava/lang/Object;)Lorg/springframework/beans/BeanWrapper;+11
j  org.springframework.beans.factory.support.AbstractAutowireCapableBeanFactory.createBeanInstance(Ljava/lang/String;Lorg/springframework/beans/factory/support/RootBeanDefinition;[Ljava/lang/Object;)Lorg/springframework/beans/BeanWrapper;+101
j  org.springframework.beans.factory.support.AbstractAutowireCapableBeanFactory.doCreateBean(Ljava/lang/String;Lorg/springframework/beans/factory/support/RootBeanDefinition;[Ljava/lang/Object;)Ljava/lang/Object;+34
j  org.springframework.beans.factory.support.AbstractAutowireCapableBeanFactory.createBean(Ljava/lang/String;Lorg/springframework/beans/factory/support/RootBeanDefinition;[Ljava/lang/Object;)Ljava/lang/Object;+169
j  org.springframework.beans.factory.support.AbstractBeanFactory.lambda$doGetBean$0(Ljava/lang/String;Lorg/springframework/beans/factory/support/RootBeanDefinition;[Ljava/lang/Object;)Ljava/lang/Object;+4
j  org.springframework.beans.factory.support.AbstractBeanFactory$$Lambda$218.getObject()Ljava/lang/Object;+16
j  org.springframework.beans.factory.support.DefaultSingletonBeanRegistry.getSingleton(Ljava/lang/String;Lorg/springframework/beans/factory/ObjectFactory;)Ljava/lang/Object;+132
j  org.springframework.beans.factory.support.AbstractBeanFactory.doGetBean(Ljava/lang/String;Ljava/lang/Class;[Ljava/lang/Object;Z)Ljava/lang/Object;+467
j  org.springframework.beans.factory.support.AbstractBeanFactory.getBean(Ljava/lang/String;)Ljava/lang/Object;+5
j  org.springframework.context.support.AbstractApplicationContext.getBean(Ljava/lang/String;)Ljava/lang/Object;+9
j  org.springframework.context.support.AbstractApplicationContext.finishBeanFactoryInitialization(Lorg/springframework/beans/factory/config/ConfigurableListableBeanFactory;)V+100
j  org.springframework.context.support.AbstractApplicationContext.refresh()V+54
j  org.springframework.boot.web.servlet.context.ServletWebServerApplicationContext.refresh()V+1
j  org.springframework.boot.SpringApplication.refresh(Lorg/springframework/context/ApplicationContext;)V+10
j  org.springframework.boot.SpringApplication.refreshContext(Lorg/springframework/context/ConfigurableApplicationContext;)V+2
j  org.springframework.boot.SpringApplication.run([Ljava/lang/String;)Lorg/springframework/context/ConfigurableApplicationContext;+118
j  org.springframework.boot.SpringApplication.run([Ljava/lang/Class;[Ljava/lang/String;)Lorg/springframework/context/ConfigurableApplicationContext;+9
j  org.springframework.boot.SpringApplication.run(Ljava/lang/Class;[Ljava/lang/String;)Lorg/springframework/context/ConfigurableApplicationContext;+9
j  com.AMS.AMS.main([Ljava/lang/String;)V+3
v  ~StubRoutines::call_stub
V  [libjvm.so+0x847df9]
V  [libjvm.so+0xc6cb76]
V  [libjvm.so+0xc6db82]
V  [libjvm.so+0x8f874c]  JVM_InvokeMethod+0xfc
j  jdk.internal.reflect.NativeMethodAccessorImpl.invoke0(Ljava/lang/reflect/Method;Ljava/lang/Object;[Ljava/lang/Object;)Ljava/lang/Object;+0 java.base@11.0.5
j  jdk.internal.reflect.NativeMethodAccessorImpl.invoke(Ljava/lang/Object;[Ljava/lang/Object;)Ljava/lang/Object;+100 java.base@11.0.5
j  jdk.internal.reflect.DelegatingMethodAccessorImpl.invoke(Ljava/lang/Object;[Ljava/lang/Object;)Ljava/lang/Object;+6 java.base@11.0.5
j  java.lang.reflect.Method.invoke(Ljava/lang/Object;[Ljava/lang/Object;)Ljava/lang/Object;+59 java.base@11.0.5
j  org.springframework.boot.devtools.restart.RestartLauncher.run()V+41
v  ~StubRoutines::call_stub
V  [libjvm.so+0x847df9]
V  [libjvm.so+0x845f3d]
V  [libjvm.so+0x8efa6c]
V  [libjvm.so+0xd7fa03]
V  [libjvm.so+0xd7fcd5]
V  [libjvm.so+0xd7ba0a]
V  [libjvm.so+0xbcd3ce]


siginfo: si_signo: 11 (SIGSEGV), si_code: 1 (SEGV_MAPERR), si_addr: 0x0000000c52689b44

Register to memory mapping:

RAX=0x00000008400de178 is a pointer to class: 
org.springframework.util.ConcurrentReferenceHashMap$Reference {0x00000008400de178}
RBX=0x00000008400de178 is a pointer to class: 
org.springframework.util.ConcurrentReferenceHashMap$Reference {0x00000008400de178}
RCX=0x000000008a782888 points into unknown readable memory: 09 8f 38 90 62 00 00 00
RDX=0x000000008c11a108 points into unknown readable memory: 87 83 02 00 11 00 00 00
RSP=0x00007f71136d5488 is pointing into the stack for thread: 0x00007f70f4002800
RBP=0x00007f71136d59b0 is pointing into the stack for thread: 0x00007f70f4002800
RSI=0x000000008c11a108 points into unknown readable memory: 87 83 02 00 11 00 00 00
RDI=0x00000000000000e5 is an unknown value
R8 =
[error occurred during error reporting (printing register info), id 0xb, SIGSEGV (0xb) at pc=0x00007f716bbc3a20]

Registers:
RAX=0x00000008400de178, RBX=0x00000008400de178, RCX=0x000000008a782888, RDX=0x000000008c11a108
RSP=0x00007f71136d5488, RBP=0x00007f71136d59b0, RSI=0x000000008c11a108, RDI=0x00000000000000e5
R8 =0x00000000a8aa68e5, R9 =0x0000000000000008, R10=0x0000000c52689a80, R11=0x00000000000002d8
R12=0x0000000000000000, R13=0x00007f71136d5958, R14=0x0000000840383328, R15=0x00007f70f4002800
RIP=0x00007f714ca30427, EFLAGS=0x0000000000010246, CSGSFS=0x002b000000000033, ERR=0x0000000000000004
  TRAPNO=0x000000000000000e

Top of Stack: (sp=0x00007f71136d5488)
0x00007f71136d5488:   00007f714d49037c 00007f71136d5540
0x00007f71136d5498:   00007f716bfac993 3ff0000000000000
0x00007f71136d54a8:   0000000000000000 0000000000000000
0x00007f71136d54b8:   00000000a8aa68e5 000000008c11a108 

Instructions: (pc=0x00007f714ca30427)
0x00007f714ca30327:   48 8b 98 e8 01 00 00 ff 63 38 00 00 00 00 00 00
0x00007f714ca30337:   00 00 00 00 00 00 00 00 00 00 00 00 00 00 00 00
0x00007f714ca30347:   00 00 00 00 00 00 00 00 00 00 00 00 00 00 00 00
0x00007f714ca30357:   00 01 00 1e 00 00 00 01 00 8b 46 08 48 c1 e0 03
0x00007f714ca30367:   49 bc 00 00 00 00 08 00 00 00 49 03 c4 4d 33 e4
0x00007f714ca30377:   48 8b 98 d8 01 00 00 ff 63 38 00 00 00 00 00 00
0x00007f714ca30387:   00 00 00 00 00 00 00 00 00 1e 00 1e 00 00 00 01
0x00007f714ca30397:   00 8b 46 08 48 c1 e0 03 49 bc 00 00 00 00 08 00
0x00007f714ca303a7:   00 00 49 03 c4 4d 33 e4 48 8b 98 c0 02 00 00 ff
0x00007f714ca303b7:   63 38 00 00 00 00 00 00 00 00 00 00 00 00 00 00
0x00007f714ca303c7:   00 24 00 1e 00 00 00 01 00 8b 46 08 48 c1 e0 03
0x00007f714ca303d7:   49 bc 00 00 00 00 08 00 00 00 49 03 c4 4d 33 e4
0x00007f714ca303e7:   48 8b 98 f0 02 00 00 ff 63 38 00 00 00 00 00 00
0x00007f714ca303f7:   00 00 00 00 00 00 00 00 00 03 00 9b 00 07 00 00
0x00007f714ca30407:   00 48 8b 58 08 48 8b 00 44 8b 56 08 49 c1 e2 03
0x00007f714ca30417:   49 bc 00 00 00 00 08 00 00 00 4d 03 d4 4d 33 e4
0x00007f714ca30427:   45 8b 9a c4 00 00 00 4f 8d 9c da d0 01 00 00 4d
0x00007f714ca30437:   8b 13 49 3b da 74 15 4d 85 d2 0f 84 5f 00 00 00
0x00007f714ca30447:   49 83 c3 10 4d 8b 13 49 3b da 75 eb 44 8b 56 08
0x00007f714ca30457:   49 c1 e2 03 49 bc 00 00 00 00 08 00 00 00 4d 03
0x00007f714ca30467:   d4 4d 33 e4 45 8b 9a c4 00 00 00 4f 8d 9c da d0
0x00007f714ca30477:   01 00 00 4d 8d 52 18 49 8b 1b 48 3b c3 74 15 48
0x00007f714ca30487:   85 db 0f 84 17 00 00 00 49 83 c3 10 49 8b 1b 48
0x00007f714ca30497:   3b c3 75 eb 45 8b 5b 08 4b 8b 1c 1a ff 63 38 e9
0x00007f714ca304a7:   d5 58 f1 ff 00 00 00 00 00 00 00 00 00 00 00 00
0x00007f714ca304b7:   00 00 00 00 00 00 00 00 00 00 00 00 00 00 00 00
0x00007f714ca304c7:   00 00 00 00 00 00 00 00 00 00 00 00 00 00 00 00
0x00007f714ca304d7:   00 00 00 00 00 00 00 00 00 00 00 00 00 00 00 00
0x00007f714ca304e7:   00 00 00 00 00 00 00 00 00 00 00 00 00 00 00 00
0x00007f714ca304f7:   00 00 00 00 00 00 00 00 00 00 00 00 00 00 00 00
0x00007f714ca30507:   00 00 00 00 00 00 00 00 00 0a 00 1e 00 00 00 01
0x00007f714ca30517:   00 8b 46 08 48 c1 e0 03 49 bc 00 00 00 00 08 00 


Stack slot to memory mapping:
stack at sp + 0 slots: 0x00007f714d49037c is at entry_point+124 in (nmethod*)0x00007f714d490110
stack at sp + 1 slots: 0x00007f71136d5540 is pointing into the stack for thread: 0x00007f70f4002800
stack at sp + 2 slots: 0x00007f716bfac993: <offset 0x0000000000b0f993> in /usr/lib/jvm/java-11-openjdk-amd64/lib/server/libjvm.so at 0x00007f716b49d000
stack at sp + 3 slots: 0x3ff0000000000000 is an unknown value
stack at sp + 4 slots: 0x0 is NULL
stack at sp + 5 slots: 0x0 is NULL
stack at sp + 6 slots: 
[error occurred during error reporting (inspecting top of stack), id 0xb, SIGSEGV (0xb) at pc=0x00007f716bbc3a20]



---------------  P R O C E S S  ---------------

Threads class SMR info:
_java_thread_list=0x00007f70e88dce40, length=16, elements={
0x00007f7164017000, 0x00007f716410d800, 0x00007f716410f800, 0x00007f7164115000,
0x00007f7164117000, 0x00007f7164119000, 0x00007f716413e800, 0x00007f716416e000,
0x00007f716453a000, 0x00007f7164540800, 0x00007f7164559800, 0x00007f7164920800,
0x00007f70f4002800, 0x00007f70e88c9800, 0x00007f70e88cc000, 0x00007f70e88de800
}

Java Threads: ( => current thread )
  0x00007f7164017000 JavaThread "main" [_thread_blocked, id=27780, stack(0x00007f716d600000,0x00007f716d701000)]
  0x00007f716410d800 JavaThread "Reference Handler" daemon [_thread_blocked, id=27787, stack(0x00007f714c4b6000,0x00007f714c5b7000)]
  0x00007f716410f800 JavaThread "Finalizer" daemon [_thread_blocked, id=27788, stack(0x00007f714c3b5000,0x00007f714c4b6000)]
  0x00007f7164115000 JavaThread "Signal Dispatcher" daemon [_thread_blocked, id=27789, stack(0x00007f714c2b4000,0x00007f714c3b5000)]
  0x00007f7164117000 JavaThread "C1 CompilerThread0" daemon [_thread_blocked, id=27790, stack(0x00007f714c1b3000,0x00007f714c2b4000)]
  0x00007f7164119000 JavaThread "Sweeper thread" daemon [_thread_blocked, id=27791, stack(0x00007f714c0b2000,0x00007f714c1b3000)]
  0x00007f716413e800 JavaThread "Common-Cleaner" daemon [_thread_blocked, id=27792, stack(0x00007f714425f000,0x00007f7144360000)]
  0x00007f716416e000 JavaThread "Service Thread" daemon [_thread_blocked, id=27793, stack(0x00007f714415e000,0x00007f714425f000)]
  0x00007f716453a000 JavaThread "RMI TCP Accept-0" daemon [_thread_in_native, id=27794, stack(0x00007f714405d000,0x00007f714415e000)]
  0x00007f7164540800 JavaThread "RMI TCP Accept-38993" daemon [_thread_in_native, id=27795, stack(0x00007f713c0f3000,0x00007f713c1f4000)]
  0x00007f7164559800 JavaThread "RMI TCP Accept-0" daemon [_thread_in_native, id=27796, stack(0x00007f7113ae1000,0x00007f7113be2000)]
  0x00007f7164920800 JavaThread "Thread-0" [_thread_blocked, id=27803, stack(0x00007f71136da000,0x00007f71137db000)]
=>0x00007f70f4002800 JavaThread "restartedMain" [_thread_in_Java, id=27804, stack(0x00007f71135d9000,0x00007f71136da000)]
  0x00007f70e88c9800 JavaThread "ContainerBackgroundProcessor[StandardEngine[Tomcat]]" daemon [_thread_blocked, id=27809, stack(0x00007f71134d8000,0x00007f71135d9000)]
  0x00007f70e88cc000 JavaThread "container-0" [_thread_blocked, id=27810, stack(0x00007f71129d3000,0x00007f7112ad4000)]
  0x00007f70e88de800 JavaThread "Abandoned connection cleanup thread" daemon [_thread_blocked, id=27811, stack(0x00007f7111ed2000,0x00007f7111fd3000)]

Other Threads:
  0x00007f716410a800 VMThread "VM Thread" [stack: 0x00007f714c5b9000,0x00007f714c6b9000] [id=27786]
  0x00007f716455c800 WatcherThread [stack: 0x00007f71139e1000,0x00007f7113ae1000] [id=27797]
  0x00007f716402f800 GCTaskThread "GC Thread#0" [stack: 0x00007f71695f9000,0x00007f71696f9000] [id=27781]
  0x00007f7130001000 GCTaskThread "GC Thread#1" [stack: 0x00007f71138df000,0x00007f71139df000] [id=27798]
  0x00007f7130004000 GCTaskThread "GC Thread#2" [stack: 0x00007f7112dd8000,0x00007f7112ed8000] [id=27806]
  0x00007f7130005800 GCTaskThread "GC Thread#3" [stack: 0x00007f7112cd6000,0x00007f7112dd6000] [id=27807]
  0x00007f7164060000 ConcurrentGCThread "G1 Main Marker" [stack: 0x00007f7168595000,0x00007f7168695000] [id=27782]
  0x00007f7164061800 ConcurrentGCThread "G1 Conc#0" [stack: 0x00007f7168493000,0x00007f7168593000] [id=27783]
  0x00007f71640d8000 ConcurrentGCThread "G1 Refine#0" [stack: 0x00007f714c83e000,0x00007f714c93e000] [id=27784]
  0x00007f7134001000 ConcurrentGCThread "G1 Refine#1" [stack: 0x00007f71137dd000,0x00007f71138dd000] [id=27799]
  0x00007f71640da000 ConcurrentGCThread "G1 Young RemSet Sampling" [stack: 0x00007f714c73c000,0x00007f714c83c000] [id=27785]

Threads with active compile tasks:

VM state:not at safepoint (normal execution)

VM Mutex/Monitor currently owned by a thread: None

Heap address: 0x0000000086c00000, size: 1940 MB, Compressed Oops mode: 32-bit
Narrow klass base: 0x0000000800000000, Narrow klass shift: 3
Compressed class space size: 1073741824 Address: 0x0000000840000000

Heap:
 garbage-first heap   total 162816K, used 88232K [0x0000000086c00000, 0x0000000100000000)
  region size 1024K, 81 young (82944K), 9 survivors (9216K)
 Metaspace       used 28326K, capacity 29500K, committed 29692K, reserved 1075200K
  class space    used 3800K, capacity 4284K, committed 4352K, reserved 1048576K
Heap Regions: E=young(eden), S=young(survivor), O=old, HS=humongous(starts), HC=humongous(continues), CS=collection set, F=free, A=archive, TAMS=top-at-mark-start (previous, next)
|   0|0x0000000086c00000, 0x0000000086d00000, 0x0000000086d00000|100%|HS|  |TAMS 0x0000000086d00000, 0x0000000086c00000| Complete 
|   1|0x0000000086d00000, 0x0000000086e00000, 0x0000000086e00000|100%| O|  |TAMS 0x0000000086e00000, 0x0000000086d00000| Untracked 
|   2|0x0000000086e00000, 0x0000000086f00000, 0x0000000086f00000|100%| O|  |TAMS 0x0000000086f00000, 0x0000000086e00000| Untracked 
|   3|0x0000000086f00000, 0x0000000087000000, 0x0000000087000000|100%| O|  |TAMS 0x0000000087000000, 0x0000000086f00000| Untracked 
|   4|0x0000000087000000, 0x0000000087100000, 0x0000000087100000|100%| O|  |TAMS 0x0000000087100000, 0x0000000087000000| Untracked 
|   5|0x0000000087100000, 0x0000000087200000, 0x0000000087200000|100%| O|  |TAMS 0x00000000871dc000, 0x0000000087100000| Untracked 
|   6|0x0000000087200000, 0x00000000872a3c00, 0x0000000087300000| 63%| O|  |TAMS 0x0000000087200000, 0x0000000087200000| Untracked 
|   7|0x0000000087300000, 0x0000000087300000, 0x0000000087400000|  0%| F|  |TAMS 0x0000000087300000, 0x0000000087300000| Untracked 
|   8|0x0000000087400000, 0x0000000087400000, 0x0000000087500000|  0%| F|  |TAMS 0x0000000087400000, 0x0000000087400000| Untracked 
|   9|0x0000000087500000, 0x0000000087500000, 0x0000000087600000|  0%| F|  |TAMS 0x0000000087500000, 0x0000000087500000| Untracked 
|  10|0x0000000087600000, 0x0000000087600000, 0x0000000087700000|  0%| F|  |TAMS 0x0000000087600000, 0x0000000087600000| Untracked 
|  11|0x0000000087700000, 0x0000000087700000, 0x0000000087800000|  0%| F|  |TAMS 0x0000000087700000, 0x0000000087700000| Untracked 
|  12|0x0000000087800000, 0x0000000087800000, 0x0000000087900000|  0%| F|  |TAMS 0x0000000087800000, 0x0000000087800000| Untracked 
|  13|0x0000000087900000, 0x0000000087900000, 0x0000000087a00000|  0%| F|  |TAMS 0x0000000087900000, 0x0000000087900000| Untracked 
|  14|0x0000000087a00000, 0x0000000087a00000, 0x0000000087b00000|  0%| F|  |TAMS 0x0000000087a00000, 0x0000000087a00000| Untracked 
|  15|0x0000000087b00000, 0x0000000087b00000, 0x0000000087c00000|  0%| F|  |TAMS 0x0000000087b00000, 0x0000000087b00000| Untracked 
|  16|0x0000000087c00000, 0x0000000087c00000, 0x0000000087d00000|  0%| F|  |TAMS 0x0000000087c00000, 0x0000000087c00000| Untracked 
|  17|0x0000000087d00000, 0x0000000087d00000, 0x0000000087e00000|  0%| F|  |TAMS 0x0000000087d00000, 0x0000000087d00000| Untracked 
|  18|0x0000000087e00000, 0x0000000087e00000, 0x0000000087f00000|  0%| F|  |TAMS 0x0000000087e00000, 0x0000000087e00000| Untracked 
|  19|0x0000000087f00000, 0x0000000087f00000, 0x0000000088000000|  0%| F|  |TAMS 0x0000000087f00000, 0x0000000087f00000| Untracked 
|  20|0x0000000088000000, 0x0000000088000000, 0x0000000088100000|  0%| F|  |TAMS 0x0000000088000000, 0x0000000088000000| Untracked 
|  21|0x0000000088100000, 0x0000000088100000, 0x0000000088200000|  0%| F|  |TAMS 0x0000000088100000, 0x0000000088100000| Untracked 
|  22|0x0000000088200000, 0x0000000088200000, 0x0000000088300000|  0%| F|  |TAMS 0x0000000088200000, 0x0000000088200000| Untracked 
|  23|0x0000000088300000, 0x0000000088300000, 0x0000000088400000|  0%| F|  |TAMS 0x0000000088300000, 0x0000000088300000| Untracked 
|  24|0x0000000088400000, 0x0000000088400000, 0x0000000088500000|  0%| F|  |TAMS 0x0000000088400000, 0x0000000088400000| Untracked 
|  25|0x0000000088500000, 0x0000000088500000, 0x0000000088600000|  0%| F|  |TAMS 0x0000000088500000, 0x0000000088500000| Untracked 
|  26|0x0000000088600000, 0x0000000088600000, 0x0000000088700000|  0%| F|  |TAMS 0x0000000088600000, 0x0000000088600000| Untracked 
|  27|0x0000000088700000, 0x0000000088700000, 0x0000000088800000|  0%| F|  |TAMS 0x0000000088700000, 0x0000000088700000| Untracked 
|  28|0x0000000088800000, 0x0000000088800000, 0x0000000088900000|  0%| F|  |TAMS 0x0000000088800000, 0x0000000088800000| Untracked 
|  29|0x0000000088900000, 0x0000000088900000, 0x0000000088a00000|  0%| F|  |TAMS 0x0000000088900000, 0x0000000088900000| Untracked 
|  30|0x0000000088a00000, 0x0000000088a00000, 0x0000000088b00000|  0%| F|  |TAMS 0x0000000088a00000, 0x0000000088a00000| Untracked 
|  31|0x0000000088b00000, 0x0000000088b00000, 0x0000000088c00000|  0%| F|  |TAMS 0x0000000088b00000, 0x0000000088b00000| Untracked 
|  32|0x0000000088c00000, 0x0000000088c00000, 0x0000000088d00000|  0%| F|  |TAMS 0x0000000088c00000, 0x0000000088c00000| Untracked 
|  33|0x0000000088d00000, 0x0000000088d00000, 0x0000000088e00000|  0%| F|  |TAMS 0x0000000088d00000, 0x0000000088d00000| Untracked 
|  34|0x0000000088e00000, 0x0000000088e00000, 0x0000000088f00000|  0%| F|  |TAMS 0x0000000088e00000, 0x0000000088e00000| Untracked 
|  35|0x0000000088f00000, 0x0000000088f00000, 0x0000000089000000|  0%| F|  |TAMS 0x0000000088f00000, 0x0000000088f00000| Untracked 
|  36|0x0000000089000000, 0x0000000089000000, 0x0000000089100000|  0%| F|  |TAMS 0x0000000089000000, 0x0000000089000000| Untracked 
|  37|0x0000000089100000, 0x0000000089100000, 0x0000000089200000|  0%| F|  |TAMS 0x0000000089100000, 0x0000000089100000| Untracked 
|  38|0x0000000089200000, 0x0000000089200000, 0x0000000089300000|  0%| F|  |TAMS 0x0000000089200000, 0x0000000089200000| Untracked 
|  39|0x0000000089300000, 0x0000000089300000, 0x0000000089400000|  0%| F|  |TAMS 0x0000000089300000, 0x0000000089300000| Untracked 
|  40|0x0000000089400000, 0x0000000089400000, 0x0000000089500000|  0%| F|  |TAMS 0x0000000089400000, 0x0000000089400000| Untracked 
|  41|0x0000000089500000, 0x0000000089500000, 0x0000000089600000|  0%| F|  |TAMS 0x0000000089500000, 0x0000000089500000| Untracked 
|  42|0x0000000089600000, 0x0000000089600000, 0x0000000089700000|  0%| F|  |TAMS 0x0000000089600000, 0x0000000089600000| Untracked 
|  43|0x0000000089700000, 0x0000000089700000, 0x0000000089800000|  0%| F|  |TAMS 0x0000000089700000, 0x0000000089700000| Untracked 
|  44|0x0000000089800000, 0x0000000089800000, 0x0000000089900000|  0%| F|  |TAMS 0x0000000089800000, 0x0000000089800000| Untracked 
|  45|0x0000000089900000, 0x0000000089900000, 0x0000000089a00000|  0%| F|  |TAMS 0x0000000089900000, 0x0000000089900000| Untracked 
|  46|0x0000000089a00000, 0x0000000089a00000, 0x0000000089b00000|  0%| F|  |TAMS 0x0000000089a00000, 0x0000000089a00000| Untracked 
|  47|0x0000000089b00000, 0x0000000089b00000, 0x0000000089c00000|  0%| F|  |TAMS 0x0000000089b00000, 0x0000000089b00000| Untracked 
|  48|0x0000000089c00000, 0x0000000089c00000, 0x0000000089d00000|  0%| F|  |TAMS 0x0000000089c00000, 0x0000000089c00000| Untracked 
|  49|0x0000000089d00000, 0x0000000089d00000, 0x0000000089e00000|  0%| F|  |TAMS 0x0000000089d00000, 0x0000000089d00000| Untracked 
|  50|0x0000000089e00000, 0x0000000089e00000, 0x0000000089f00000|  0%| F|  |TAMS 0x0000000089e00000, 0x0000000089e00000| Untracked 
|  51|0x0000000089f00000, 0x0000000089f00000, 0x000000008a000000|  0%| F|  |TAMS 0x0000000089f00000, 0x0000000089f00000| Untracked 
|  52|0x000000008a000000, 0x000000008a000000, 0x000000008a100000|  0%| F|  |TAMS 0x000000008a000000, 0x000000008a000000| Untracked 
|  53|0x000000008a100000, 0x000000008a1d87e0, 0x000000008a200000| 84%| S|CS|TAMS 0x000000008a100000, 0x000000008a100000| Complete 
|  54|0x000000008a200000, 0x000000008a300000, 0x000000008a300000|100%| S|CS|TAMS 0x000000008a200000, 0x000000008a200000| Complete 
|  55|0x000000008a300000, 0x000000008a400000, 0x000000008a400000|100%| S|CS|TAMS 0x000000008a300000, 0x000000008a300000| Complete 
|  56|0x000000008a400000, 0x000000008a500000, 0x000000008a500000|100%| S|CS|TAMS 0x000000008a400000, 0x000000008a400000| Complete 
|  57|0x000000008a500000, 0x000000008a600000, 0x000000008a600000|100%| S|CS|TAMS 0x000000008a500000, 0x000000008a500000| Complete 
|  58|0x000000008a600000, 0x000000008a700000, 0x000000008a700000|100%| S|CS|TAMS 0x000000008a600000, 0x000000008a600000| Complete 
|  59|0x000000008a700000, 0x000000008a800000, 0x000000008a800000|100%| S|CS|TAMS 0x000000008a700000, 0x000000008a700000| Complete 
|  60|0x000000008a800000, 0x000000008a900000, 0x000000008a900000|100%| S|CS|TAMS 0x000000008a800000, 0x000000008a800000| Complete 
|  61|0x000000008a900000, 0x000000008aa00000, 0x000000008aa00000|100%| S|CS|TAMS 0x000000008a900000, 0x000000008a900000| Complete 
|  62|0x000000008aa00000, 0x000000008aa00000, 0x000000008ab00000|  0%| F|  |TAMS 0x000000008aa00000, 0x000000008aa00000| Untracked 
|  63|0x000000008ab00000, 0x000000008ab00000, 0x000000008ac00000|  0%| F|  |TAMS 0x000000008ab00000, 0x000000008ab00000| Untracked 
|  64|0x000000008ac00000, 0x000000008ac00000, 0x000000008ad00000|  0%| F|  |TAMS 0x000000008ac00000, 0x000000008ac00000| Untracked 
|  65|0x000000008ad00000, 0x000000008ad00000, 0x000000008ae00000|  0%| F|  |TAMS 0x000000008ad00000, 0x000000008ad00000| Untracked 
|  66|0x000000008ae00000, 0x000000008ae00000, 0x000000008af00000|  0%| F|  |TAMS 0x000000008ae00000, 0x000000008ae00000| Untracked 
|  67|0x000000008af00000, 0x000000008af00000, 0x000000008b000000|  0%| F|  |TAMS 0x000000008af00000, 0x000000008af00000| Untracked 
|  68|0x000000008b000000, 0x000000008b000000, 0x000000008b100000|  0%| F|  |TAMS 0x000000008b000000, 0x000000008b000000| Untracked 
|  69|0x000000008b100000, 0x000000008b100000, 0x000000008b200000|  0%| F|  |TAMS 0x000000008b100000, 0x000000008b100000| Untracked 
|  70|0x000000008b200000, 0x000000008b200000, 0x000000008b300000|  0%| F|  |TAMS 0x000000008b200000, 0x000000008b200000| Untracked 
|  71|0x000000008b300000, 0x000000008b300000, 0x000000008b400000|  0%| F|  |TAMS 0x000000008b300000, 0x000000008b300000| Untracked 
|  72|0x000000008b400000, 0x000000008b400000, 0x000000008b500000|  0%| F|  |TAMS 0x000000008b400000, 0x000000008b400000| Untracked 
|  73|0x000000008b500000, 0x000000008b500000, 0x000000008b600000|  0%| F|  |TAMS 0x000000008b500000, 0x000000008b500000| Untracked 
|  74|0x000000008b600000, 0x000000008b600000, 0x000000008b700000|  0%| F|  |TAMS 0x000000008b600000, 0x000000008b600000| Untracked 
|  75|0x000000008b700000, 0x000000008b700000, 0x000000008b800000|  0%| F|  |TAMS 0x000000008b700000, 0x000000008b700000| Untracked 
|  76|0x000000008b800000, 0x000000008b800000, 0x000000008b900000|  0%| F|  |TAMS 0x000000008b800000, 0x000000008b800000| Untracked 
|  77|0x000000008b900000, 0x000000008b900000, 0x000000008ba00000|  0%| F|  |TAMS 0x000000008b900000, 0x000000008b900000| Untracked 
|  78|0x000000008ba00000, 0x000000008ba00000, 0x000000008bb00000|  0%| F|  |TAMS 0x000000008ba00000, 0x000000008ba00000| Untracked 
|  79|0x000000008bb00000, 0x000000008bb00000, 0x000000008bc00000|  0%| F|  |TAMS 0x000000008bb00000, 0x000000008bb00000| Untracked 
|  80|0x000000008bc00000, 0x000000008bc00000, 0x000000008bd00000|  0%| F|  |TAMS 0x000000008bc00000, 0x000000008bc00000| Untracked 
|  81|0x000000008bd00000, 0x000000008bd00000, 0x000000008be00000|  0%| F|  |TAMS 0x000000008bd00000, 0x000000008bd00000| Untracked 
|  82|0x000000008be00000, 0x000000008be00000, 0x000000008bf00000|  0%| F|  |TAMS 0x000000008be00000, 0x000000008be00000| Untracked 
|  83|0x000000008bf00000, 0x000000008bf00000, 0x000000008c000000|  0%| F|  |TAMS 0x000000008bf00000, 0x000000008bf00000| Untracked 
|  84|0x000000008c000000, 0x000000008c000000, 0x000000008c100000|  0%| F|  |TAMS 0x000000008c000000, 0x000000008c000000| Untracked 
|  85|0x000000008c100000, 0x000000008c180800, 0x000000008c200000| 50%| E|  |TAMS 0x000000008c100000, 0x000000008c100000| Complete 
|  86|0x000000008c200000, 0x000000008c300000, 0x000000008c300000|100%| E|CS|TAMS 0x000000008c200000, 0x000000008c200000| Complete 
|  87|0x000000008c300000, 0x000000008c400000, 0x000000008c400000|100%| E|CS|TAMS 0x000000008c300000, 0x000000008c300000| Complete 
|  88|0x000000008c400000, 0x000000008c500000, 0x000000008c500000|100%| E|CS|TAMS 0x000000008c400000, 0x000000008c400000| Complete 
|  89|0x000000008c500000, 0x000000008c600000, 0x000000008c600000|100%| E|CS|TAMS 0x000000008c500000, 0x000000008c500000| Complete 
|  90|0x000000008c600000, 0x000000008c700000, 0x000000008c700000|100%| E|CS|TAMS 0x000000008c600000, 0x000000008c600000| Complete 
|  91|0x000000008c700000, 0x000000008c800000, 0x000000008c800000|100%| E|CS|TAMS 0x000000008c700000, 0x000000008c700000| Complete 
|  92|0x000000008c800000, 0x000000008c900000, 0x000000008c900000|100%| E|CS|TAMS 0x000000008c800000, 0x000000008c800000| Complete 
|  93|0x000000008c900000, 0x000000008ca00000, 0x000000008ca00000|100%| E|CS|TAMS 0x000000008c900000, 0x000000008c900000| Complete 
|  94|0x000000008ca00000, 0x000000008cb00000, 0x000000008cb00000|100%| E|CS|TAMS 0x000000008ca00000, 0x000000008ca00000| Complete 
|  95|0x000000008cb00000, 0x000000008cc00000, 0x000000008cc00000|100%| E|CS|TAMS 0x000000008cb00000, 0x000000008cb00000| Complete 
|  96|0x000000008cc00000, 0x000000008cd00000, 0x000000008cd00000|100%| E|CS|TAMS 0x000000008cc00000, 0x000000008cc00000| Complete 
|  97|0x000000008cd00000, 0x000000008ce00000, 0x000000008ce00000|100%| E|CS|TAMS 0x000000008cd00000, 0x000000008cd00000| Complete 
|  98|0x000000008ce00000, 0x000000008cf00000, 0x000000008cf00000|100%| E|CS|TAMS 0x000000008ce00000, 0x000000008ce00000| Complete 
|  99|0x000000008cf00000, 0x000000008d000000, 0x000000008d000000|100%| E|CS|TAMS 0x000000008cf00000, 0x000000008cf00000| Complete 
| 100|0x000000008d000000, 0x000000008d100000, 0x000000008d100000|100%| E|CS|TAMS 0x000000008d000000, 0x000000008d000000| Complete 
| 101|0x000000008d100000, 0x000000008d200000, 0x000000008d200000|100%| E|CS|TAMS 0x000000008d100000, 0x000000008d100000| Complete 
| 102|0x000000008d200000, 0x000000008d300000, 0x000000008d300000|100%| E|CS|TAMS 0x000000008d200000, 0x000000008d200000| Complete 
| 103|0x000000008d300000, 0x000000008d400000, 0x000000008d400000|100%| E|CS|TAMS 0x000000008d300000, 0x000000008d300000| Complete 
| 104|0x000000008d400000, 0x000000008d500000, 0x000000008d500000|100%| E|CS|TAMS 0x000000008d400000, 0x000000008d400000| Complete 
| 105|0x000000008d500000, 0x000000008d600000, 0x000000008d600000|100%| E|CS|TAMS 0x000000008d500000, 0x000000008d500000| Complete 
| 106|0x000000008d600000, 0x000000008d700000, 0x000000008d700000|100%| E|CS|TAMS 0x000000008d600000, 0x000000008d600000| Complete 
| 107|0x000000008d700000, 0x000000008d800000, 0x000000008d800000|100%| E|CS|TAMS 0x000000008d700000, 0x000000008d700000| Complete 
| 108|0x000000008d800000, 0x000000008d900000, 0x000000008d900000|100%| E|CS|TAMS 0x000000008d800000, 0x000000008d800000| Complete 
| 109|0x000000008d900000, 0x000000008da00000, 0x000000008da00000|100%| E|CS|TAMS 0x000000008d900000, 0x000000008d900000| Complete 
| 110|0x000000008da00000, 0x000000008db00000, 0x000000008db00000|100%| E|CS|TAMS 0x000000008da00000, 0x000000008da00000| Complete 
| 111|0x000000008db00000, 0x000000008dc00000, 0x000000008dc00000|100%| E|CS|TAMS 0x000000008db00000, 0x000000008db00000| Complete 
| 112|0x000000008dc00000, 0x000000008dd00000, 0x000000008dd00000|100%| E|CS|TAMS 0x000000008dc00000, 0x000000008dc00000| Complete 
| 113|0x000000008dd00000, 0x000000008de00000, 0x000000008de00000|100%| E|CS|TAMS 0x000000008dd00000, 0x000000008dd00000| Complete 
| 114|0x000000008de00000, 0x000000008df00000, 0x000000008df00000|100%| E|CS|TAMS 0x000000008de00000, 0x000000008de00000| Complete 
| 115|0x000000008df00000, 0x000000008e000000, 0x000000008e000000|100%| E|CS|TAMS 0x000000008df00000, 0x000000008df00000| Complete 
| 116|0x000000008e000000, 0x000000008e100000, 0x000000008e100000|100%| E|CS|TAMS 0x000000008e000000, 0x000000008e000000| Complete 
| 117|0x000000008e100000, 0x000000008e200000, 0x000000008e200000|100%| E|CS|TAMS 0x000000008e100000, 0x000000008e100000| Complete 
| 118|0x000000008e200000, 0x000000008e300000, 0x000000008e300000|100%| E|CS|TAMS 0x000000008e200000, 0x000000008e200000| Complete 
| 119|0x000000008e300000, 0x000000008e400000, 0x000000008e400000|100%| E|CS|TAMS 0x000000008e300000, 0x000000008e300000| Complete 
| 120|0x000000008e400000, 0x000000008e500000, 0x000000008e500000|100%| E|  |TAMS 0x000000008e400000, 0x000000008e400000| Complete 
| 121|0x000000008e500000, 0x000000008e600000, 0x000000008e600000|100%| E|CS|TAMS 0x000000008e500000, 0x000000008e500000| Complete 
| 122|0x000000008e600000, 0x000000008e700000, 0x000000008e700000|100%| E|CS|TAMS 0x000000008e600000, 0x000000008e600000| Complete 
| 123|0x000000008e700000, 0x000000008e800000, 0x000000008e800000|100%| E|CS|TAMS 0x000000008e700000, 0x000000008e700000| Complete 
| 124|0x000000008e800000, 0x000000008e900000, 0x000000008e900000|100%| E|CS|TAMS 0x000000008e800000, 0x000000008e800000| Complete 
| 125|0x000000008e900000, 0x000000008ea00000, 0x000000008ea00000|100%| E|CS|TAMS 0x000000008e900000, 0x000000008e900000| Complete 
| 126|0x000000008ea00000, 0x000000008eb00000, 0x000000008eb00000|100%| E|CS|TAMS 0x000000008ea00000, 0x000000008ea00000| Complete 
| 127|0x000000008eb00000, 0x000000008ec00000, 0x000000008ec00000|100%| E|CS|TAMS 0x000000008eb00000, 0x000000008eb00000| Complete 
| 128|0x000000008ec00000, 0x000000008ed00000, 0x000000008ed00000|100%| E|CS|TAMS 0x000000008ec00000, 0x000000008ec00000| Complete 
| 129|0x000000008ed00000, 0x000000008ee00000, 0x000000008ee00000|100%| E|CS|TAMS 0x000000008ed00000, 0x000000008ed00000| Complete 
| 130|0x000000008ee00000, 0x000000008ef00000, 0x000000008ef00000|100%| E|CS|TAMS 0x000000008ee00000, 0x000000008ee00000| Complete 
| 131|0x000000008ef00000, 0x000000008f000000, 0x000000008f000000|100%| E|CS|TAMS 0x000000008ef00000, 0x000000008ef00000| Complete 
| 132|0x000000008f000000, 0x000000008f100000, 0x000000008f100000|100%| E|CS|TAMS 0x000000008f000000, 0x000000008f000000| Complete 
| 133|0x000000008f100000, 0x000000008f200000, 0x000000008f200000|100%| E|CS|TAMS 0x000000008f100000, 0x000000008f100000| Complete 
| 134|0x000000008f200000, 0x000000008f300000, 0x000000008f300000|100%| E|CS|TAMS 0x000000008f200000, 0x000000008f200000| Complete 
| 135|0x000000008f300000, 0x000000008f400000, 0x000000008f400000|100%| E|CS|TAMS 0x000000008f300000, 0x000000008f300000| Complete 
| 136|0x000000008f400000, 0x000000008f500000, 0x000000008f500000|100%| E|CS|TAMS 0x000000008f400000, 0x000000008f400000| Complete 
| 137|0x000000008f500000, 0x000000008f600000, 0x000000008f600000|100%| E|CS|TAMS 0x000000008f500000, 0x000000008f500000| Complete 
| 138|0x000000008f600000, 0x000000008f700000, 0x000000008f700000|100%| E|CS|TAMS 0x000000008f600000, 0x000000008f600000| Complete 
| 139|0x000000008f700000, 0x000000008f800000, 0x000000008f800000|100%| E|CS|TAMS 0x000000008f700000, 0x000000008f700000| Complete 
| 140|0x000000008f800000, 0x000000008f900000, 0x000000008f900000|100%| E|CS|TAMS 0x000000008f800000, 0x000000008f800000| Complete 
| 141|0x000000008f900000, 0x000000008fa00000, 0x000000008fa00000|100%| E|CS|TAMS 0x000000008f900000, 0x000000008f900000| Complete 
| 142|0x000000008fa00000, 0x000000008fb00000, 0x000000008fb00000|100%| E|CS|TAMS 0x000000008fa00000, 0x000000008fa00000| Complete 
| 143|0x000000008fb00000, 0x000000008fc00000, 0x000000008fc00000|100%| E|CS|TAMS 0x000000008fb00000, 0x000000008fb00000| Complete 
| 144|0x000000008fc00000, 0x000000008fd00000, 0x000000008fd00000|100%| E|CS|TAMS 0x000000008fc00000, 0x000000008fc00000| Complete 
| 145|0x000000008fd00000, 0x000000008fe00000, 0x000000008fe00000|100%| E|CS|TAMS 0x000000008fd00000, 0x000000008fd00000| Complete 
| 146|0x000000008fe00000, 0x000000008ff00000, 0x000000008ff00000|100%| E|CS|TAMS 0x000000008fe00000, 0x000000008fe00000| Complete 
| 147|0x000000008ff00000, 0x0000000090000000, 0x0000000090000000|100%| E|CS|TAMS 0x000000008ff00000, 0x000000008ff00000| Complete 
| 148|0x0000000090000000, 0x0000000090100000, 0x0000000090100000|100%| E|CS|TAMS 0x0000000090000000, 0x0000000090000000| Complete 
| 149|0x0000000090100000, 0x0000000090200000, 0x0000000090200000|100%| E|CS|TAMS 0x0000000090100000, 0x0000000090100000| Complete 
| 150|0x0000000090200000, 0x0000000090300000, 0x0000000090300000|100%| E|CS|TAMS 0x0000000090200000, 0x0000000090200000| Complete 
| 151|0x0000000090300000, 0x0000000090400000, 0x0000000090400000|100%| E|CS|TAMS 0x0000000090300000, 0x0000000090300000| Complete 
| 152|0x0000000090400000, 0x0000000090500000, 0x0000000090500000|100%| E|CS|TAMS 0x0000000090400000, 0x0000000090400000| Complete 
| 153|0x0000000090500000, 0x0000000090600000, 0x0000000090600000|100%| E|CS|TAMS 0x0000000090500000, 0x0000000090500000| Complete 
| 154|0x0000000090600000, 0x0000000090700000, 0x0000000090700000|100%| E|CS|TAMS 0x0000000090600000, 0x0000000090600000| Complete 
| 155|0x0000000090700000, 0x0000000090800000, 0x0000000090800000|100%| E|CS|TAMS 0x0000000090700000, 0x0000000090700000| Complete 
| 156|0x0000000090800000, 0x0000000090900000, 0x0000000090900000|100%| E|CS|TAMS 0x0000000090800000, 0x0000000090800000| Complete 
|1938|0x00000000ffe00000, 0x00000000ffe44000, 0x00000000fff00000| 26%|OA|  |TAMS 0x00000000ffe44000, 0x00000000ffe00000| Untracked 
|1939|0x00000000fff00000, 0x00000000fff6a000, 0x0000000100000000| 41%|CA|  |TAMS 0x00000000fff6a000, 0x00000000fff00000| Untracked 

Card table byte_map: [0x00007f7168a5f000,0x00007f7168e29000] _byte_map_base: 0x00007f7168629000

Marking Bits (Prev, Next): (CMBitMap*) 0x00007f7164057490, (CMBitMap*) 0x00007f7164057458
 Prev Bits: [0x00007f7144360000, 0x00007f71461b0000)
 Next Bits: [0x00007f71461b0000, 0x00007f7148000000)

Polling page: 0x00007f716d723000

Metaspace:

Usage:
  Non-class:     24.62 MB capacity,    23.95 MB ( 97%) used,   570.33 KB (  2%) free+waste,   119.12 KB ( <1%) overhead. 
      Class:      4.18 MB capacity,     3.71 MB ( 89%) used,   423.07 KB ( 10%) free+waste,    60.69 KB (  1%) overhead. 
       Both:     28.81 MB capacity,    27.66 MB ( 96%) used,   993.40 KB (  3%) free+waste,   179.81 KB ( <1%) overhead. 

Virtual space:
  Non-class space:       26.00 MB reserved,      24.75 MB ( 95%) committed 
      Class space:        1.00 GB reserved,       4.25 MB ( <1%) committed 
             Both:        1.03 GB reserved,      29.00 MB (  3%) committed 

Chunk freelists:
   Non-Class:  48.00 KB
       Class:  4.00 KB
        Both:  52.00 KB

MaxMetaspaceSize: unlimited
CompressedClassSpaceSize: 1.00 GB

CodeHeap 'non-profiled nmethods': size=238948Kb used=7072Kb max_used=7072Kb free=231875Kb
 bounds [0x00007f714cfe5000, 0x00007f714d6d5000, 0x00007f715b93e000]
CodeHeap 'non-nmethods': size=6812Kb used=1155Kb max_used=1155Kb free=5657Kb
 bounds [0x00007f714c93e000, 0x00007f714cbae000, 0x00007f714cfe5000]
 total_blobs=4514 nmethods=3986 adapters=432
 compilation: enabled
              stopped_count=0, restarted_count=0
 full_count=0

Compilation events (20 events):
Event: 3.492 Thread 0x00007f7164117000 nmethod 4001 0x00007f714d6c7e90 code [0x00007f714d6c8080, 0x00007f714d6c8398]
Event: 3.492 Thread 0x00007f7164117000 4002       1       jdk.internal.org.objectweb.asm.ClassReader::<init> (257 bytes)
Event: 3.492 Thread 0x00007f7164117000 nmethod 4002 0x00007f714d6c8610 code [0x00007f714d6c8800, 0x00007f714d6c8ec8]
Event: 3.495 Thread 0x00007f7164117000 4003   !   1       org.springframework.beans.factory.support.AbstractAutowireCapableBeanFactory::getSingletonFactoryBeanForTypeCheck (187 bytes)
Event: 3.496 Thread 0x00007f7164117000 nmethod 4003 0x00007f714d6c9210 code [0x00007f714d6c94c0, 0x00007f714d6ca028]
Event: 3.497 Thread 0x00007f7164117000 4004       1       org.springframework.boot.context.properties.bind.JavaBeanBinder$Bean::isCandidate (56 bytes)
Event: 3.497 Thread 0x00007f7164117000 nmethod 4004 0x00007f714d6ca810 code [0x00007f714d6ca9c0, 0x00007f714d6cabd0]
Event: 3.498 Thread 0x00007f7164117000 4005       1       org.springframework.boot.context.properties.bind.MapBinder$$Lambda$416/0x0000000840378c40::test (12 bytes)
Event: 3.498 Thread 0x00007f7164117000 nmethod 4005 0x00007f714d6cac90 code [0x00007f714d6cae40, 0x00007f714d6cafe8]
Event: 3.499 Thread 0x00007f7164117000 4006       1       org.springframework.boot.context.properties.source.ConfigurationPropertyName$ElementsParser::parse (6 bytes)
Event: 3.499 Thread 0x00007f7164117000 nmethod 4006 0x00007f714d6cb090 code [0x00007f714d6cb240, 0x00007f714d6cb3a8]
Event: 3.502 Thread 0x00007f7164117000 4007       1       java.util.TimSort::sort (229 bytes)
Event: 3.503 Thread 0x00007f7164117000 nmethod 4007 0x00007f714d6cb490 code [0x00007f714d6cb6a0, 0x00007f714d6cbad8]
Event: 3.504 Thread 0x00007f7164117000 4008       1       org.springframework.boot.context.properties.bind.JavaBeanBinder$BeanProperty::getName (5 bytes)
Event: 3.504 Thread 0x00007f7164117000 nmethod 4008 0x00007f714d6cbe10 code [0x00007f714d6cbfc0, 0x00007f714d6cc0f0]
Event: 3.504 Thread 0x00007f7164117000 4009       1       org.springframework.beans.factory.InjectionPoint::obtainMethodParameter (22 bytes)
Event: 3.504 Thread 0x00007f7164117000 nmethod 4009 0x00007f714d6cc190 code [0x00007f714d6cc340, 0x00007f714d6cc568]
Event: 3.504 Thread 0x00007f7164117000 4010       1       org.springframework.core.MethodParameter::getParameterType (59 bytes)
Event: 3.505 Thread 0x00007f7164117000 nmethod 4010 0x00007f714d6cc690 code [0x00007f714d6cc860, 0x00007f714d6ccb28]
Event: 3.506 Thread 0x00007f7164117000 4011       1       org.springframework.beans.factory.support.AbstractBeanDefinition::resolveBeanClass (24 bytes)

GC Heap History (14 events):
Event: 0.632 GC heap before
{Heap before GC invocations=0 (full 0):
 garbage-first heap   total 126976K, used 16056K [0x0000000086c00000, 0x0000000100000000)
  region size 1024K, 14 young (14336K), 0 survivors (0K)
 Metaspace       used 5368K, capacity 5804K, committed 6016K, reserved 1056768K
  class space    used 698K, capacity 800K, committed 896K, reserved 1048576K
}
Event: 0.648 GC heap after
{Heap after GC invocations=1 (full 0):
 garbage-first heap   total 126976K, used 6550K [0x0000000086c00000, 0x0000000100000000)
  region size 1024K, 2 young (2048K), 2 survivors (2048K)
 Metaspace       used 5368K, capacity 5804K, committed 6016K, reserved 1056768K
  class space    used 698K, capacity 800K, committed 896K, reserved 1048576K
}
Event: 0.812 GC heap before
{Heap before GC invocations=1 (full 0):
 garbage-first heap   total 126976K, used 16790K [0x0000000086c00000, 0x0000000100000000)
  region size 1024K, 13 young (13312K), 2 survivors (2048K)
 Metaspace       used 7121K, capacity 7439K, committed 7552K, reserved 1056768K
  class space    used 906K, capacity 1044K, committed 1152K, reserved 1048576K
}
Event: 0.822 GC heap after
{Heap after GC invocations=2 (full 0):
 garbage-first heap   total 126976K, used 7777K [0x0000000086c00000, 0x0000000100000000)
  region size 1024K, 2 young (2048K), 2 survivors (2048K)
 Metaspace       used 7121K, capacity 7439K, committed 7552K, reserved 1056768K
  class space    used 906K, capacity 1044K, committed 1152K, reserved 1048576K
}
Event: 0.837 GC heap before
{Heap before GC invocations=2 (full 0):
 garbage-first heap   total 126976K, used 30305K [0x0000000086c00000, 0x0000000100000000)
  region size 1024K, 25 young (25600K), 2 survivors (2048K)
 Metaspace       used 7121K, capacity 7439K, committed 7552K, reserved 1056768K
  class space    used 906K, capacity 1044K, committed 1152K, reserved 1048576K
}
Event: 0.840 GC heap after
{Heap after GC invocations=3 (full 0):
 garbage-first heap   total 126976K, used 7802K [0x0000000086c00000, 0x0000000100000000)
  region size 1024K, 2 young (2048K), 2 survivors (2048K)
 Metaspace       used 7121K, capacity 7439K, committed 7552K, reserved 1056768K
  class space    used 906K, capacity 1044K, committed 1152K, reserved 1048576K
}
Event: 1.284 GC heap before
{Heap before GC invocations=3 (full 0):
 garbage-first heap   total 126976K, used 79482K [0x0000000086c00000, 0x0000000100000000)
  region size 1024K, 73 young (74752K), 2 survivors (2048K)
 Metaspace       used 15639K, capacity 16318K, committed 16512K, reserved 1062912K
  class space    used 2132K, capacity 2395K, committed 2432K, reserved 1048576K
}
Event: 1.291 GC heap after
{Heap after GC invocations=4 (full 0):
 garbage-first heap   total 126976K, used 9905K [0x0000000086c00000, 0x0000000100000000)
  region size 1024K, 4 young (4096K), 4 survivors (4096K)
 Metaspace       used 15639K, capacity 16318K, committed 16512K, reserved 1062912K
  class space    used 2132K, capacity 2395K, committed 2432K, reserved 1048576K
}
Event: 1.723 GC heap before
{Heap before GC invocations=4 (full 0):
 garbage-first heap   total 126976K, used 79537K [0x0000000086c00000, 0x0000000100000000)
  region size 1024K, 73 young (74752K), 4 survivors (4096K)
 Metaspace       used 19146K, capacity 19996K, committed 20096K, reserved 1067008K
  class space    used 2558K, capacity 2877K, committed 2944K, reserved 1048576K
}
Event: 1.732 GC heap after
{Heap after GC invocations=5 (full 0):
 garbage-first heap   total 162816K, used 12327K [0x0000000086c00000, 0x0000000100000000)
  region size 1024K, 6 young (6144K), 6 survivors (6144K)
 Metaspace       used 19146K, capacity 19996K, committed 20096K, reserved 1067008K
  class space    used 2558K, capacity 2877K, committed 2944K, reserved 1048576K
}
Event: 2.019 GC heap before
{Heap before GC invocations=5 (full 0):
 garbage-first heap   total 162816K, used 37927K [0x0000000086c00000, 0x0000000100000000)
  region size 1024K, 32 young (32768K), 6 survivors (6144K)
 Metaspace       used 20327K, capacity 21161K, committed 21248K, reserved 1067008K
  class space    used 2738K, capacity 3047K, committed 3072K, reserved 1048576K
}
Event: 2.038 GC heap after
{Heap after GC invocations=6 (full 0):
 garbage-first heap   total 162816K, used 13530K [0x0000000086c00000, 0x0000000100000000)
  region size 1024K, 7 young (7168K), 7 survivors (7168K)
 Metaspace       used 20327K, capacity 21161K, committed 21248K, reserved 1067008K
  class space    used 2738K, capacity 3047K, committed 3072K, reserved 1048576K
}
Event: 2.951 GC heap before
{Heap before GC invocations=7 (full 0):
 garbage-first heap   total 162816K, used 102618K [0x0000000086c00000, 0x0000000100000000)
  region size 1024K, 95 young (97280K), 7 survivors (7168K)
 Metaspace       used 25825K, capacity 26908K, committed 27260K, reserved 1073152K
  class space    used 3499K, capacity 3931K, committed 3968K, reserved 1048576K
}
Event: 2.967 GC heap after
{Heap after GC invocations=8 (full 0):
 garbage-first heap   total 162816K, used 16552K [0x0000000086c00000, 0x0000000100000000)
  region size 1024K, 9 young (9216K), 9 survivors (9216K)
 Metaspace       used 25825K, capacity 26908K, committed 27260K, reserved 1073152K
  class space    used 3499K, capacity 3931K, committed 3968K, reserved 1048576K
}

Deoptimization events (2 events):
Event: 2.128 Thread 0x00007f70f4002800 DEOPT PACKING pc=0x00007f714d3d2a9c sp=0x00007f71136d6b40
Event: 2.128 Thread 0x00007f70f4002800 DEOPT UNPACKING pc=0x00007f714c965a2b sp=0x00007f71136d6068 mode 0

Classes redefined (0 events):
No events

Internal exceptions (20 events):
Event: 3.465 Thread 0x00007f70f4002800 Implicit null exception at 0x00007f714d4c330d to 0x00007f714d4c3657
Event: 3.465 Thread 0x00007f70f4002800 Exception <a 'java/lang/NullPointerException'{0x000000008c4d0958}> (0x000000008c4d0958) thrown at [/build/openjdk-lts-ioLltV/openjdk-lts-11.0.5+10/src/hotspot/share/runtime/sharedRuntime.cpp, line 584]
Event: 3.465 Thread 0x00007f70f4002800 Implicit null exception at 0x00007f714d4c330d to 0x00007f714d4c3657
Event: 3.465 Thread 0x00007f70f4002800 Exception <a 'java/lang/NullPointerException'{0x000000008c4d18f0}> (0x000000008c4d18f0) thrown at [/build/openjdk-lts-ioLltV/openjdk-lts-11.0.5+10/src/hotspot/share/runtime/sharedRuntime.cpp, line 584]
Event: 3.465 Thread 0x00007f70f4002800 Implicit null exception at 0x00007f714d4c330d to 0x00007f714d4c3657
Event: 3.465 Thread 0x00007f70f4002800 Exception <a 'java/lang/NullPointerException'{0x000000008c4d2898}> (0x000000008c4d2898) thrown at [/build/openjdk-lts-ioLltV/openjdk-lts-11.0.5+10/src/hotspot/share/runtime/sharedRuntime.cpp, line 584]
Event: 3.471 Thread 0x00007f70f4002800 Implicit null exception at 0x00007f714d4c330d to 0x00007f714d4c3657
Event: 3.471 Thread 0x00007f70f4002800 Exception <a 'java/lang/NullPointerException'{0x000000008c309720}> (0x000000008c309720) thrown at [/build/openjdk-lts-ioLltV/openjdk-lts-11.0.5+10/src/hotspot/share/runtime/sharedRuntime.cpp, line 584]
Event: 3.471 Thread 0x00007f70f4002800 Implicit null exception at 0x00007f714d4c330d to 0x00007f714d4c3657
Event: 3.471 Thread 0x00007f70f4002800 Exception <a 'java/lang/NullPointerException'{0x000000008c30a6c8}> (0x000000008c30a6c8) thrown at [/build/openjdk-lts-ioLltV/openjdk-lts-11.0.5+10/src/hotspot/share/runtime/sharedRuntime.cpp, line 584]
Event: 3.471 Thread 0x00007f70f4002800 Implicit null exception at 0x00007f714d4c330d to 0x00007f714d4c3657
Event: 3.471 Thread 0x00007f70f4002800 Exception <a 'java/lang/NullPointerException'{0x000000008c30b630}> (0x000000008c30b630) thrown at [/build/openjdk-lts-ioLltV/openjdk-lts-11.0.5+10/src/hotspot/share/runtime/sharedRuntime.cpp, line 584]
Event: 3.471 Thread 0x00007f70f4002800 Implicit null exception at 0x00007f714d4c330d to 0x00007f714d4c3657
Event: 3.471 Thread 0x00007f70f4002800 Exception <a 'java/lang/NullPointerException'{0x000000008c30c5c8}> (0x000000008c30c5c8) thrown at [/build/openjdk-lts-ioLltV/openjdk-lts-11.0.5+10/src/hotspot/share/runtime/sharedRuntime.cpp, line 584]
Event: 3.471 Thread 0x00007f70f4002800 Implicit null exception at 0x00007f714d4c330d to 0x00007f714d4c3657
Event: 3.471 Thread 0x00007f70f4002800 Exception <a 'java/lang/NullPointerException'{0x000000008c30d528}> (0x000000008c30d528) thrown at [/build/openjdk-lts-ioLltV/openjdk-lts-11.0.5+10/src/hotspot/share/runtime/sharedRuntime.cpp, line 584]
Event: 3.471 Thread 0x00007f70f4002800 Implicit null exception at 0x00007f714d4c330d to 0x00007f714d4c3657
Event: 3.471 Thread 0x00007f70f4002800 Exception <a 'java/lang/NullPointerException'{0x000000008c30e490}> (0x000000008c30e490) thrown at [/build/openjdk-lts-ioLltV/openjdk-lts-11.0.5+10/src/hotspot/share/runtime/sharedRuntime.cpp, line 584]
Event: 3.471 Thread 0x00007f70f4002800 Implicit null exception at 0x00007f714d4c330d to 0x00007f714d4c3657
Event: 3.471 Thread 0x00007f70f4002800 Exception <a 'java/lang/NullPointerException'{0x000000008c30f480}> (0x000000008c30f480) thrown at [/build/openjdk-lts-ioLltV/openjdk-lts-11.0.5+10/src/hotspot/share/runtime/sharedRuntime.cpp, line 584]

Events (20 events):
Event: 3.470 loading class java/sql/Driver
Event: 3.470 loading class java/sql/Driver done
Event: 3.477 loading class org/springframework/beans/factory/config/NamedBeanHolder
Event: 3.477 loading class org/springframework/beans/factory/config/NamedBeanHolder done
Event: 3.478 loading class org/springframework/beans/factory/NamedBean
Event: 3.478 loading class org/springframework/beans/factory/NamedBean done
Event: 3.478 loading class org/springframework/boot/autoconfigure/jdbc/DataSourceInitializer
Event: 3.478 loading class org/springframework/boot/autoconfigure/jdbc/DataSourceInitializer done
Event: 3.479 loading class org/springframework/boot/autoconfigure/jdbc/DataSourceSchemaCreatedEvent
Event: 3.479 loading class org/springframework/boot/autoconfigure/jdbc/DataSourceSchemaCreatedEvent done
Event: 3.482 loading class org/springframework/beans/factory/support/DefaultListableBeanFactory$DependencyObjectProvider$3
Event: 3.482 loading class org/springframework/beans/factory/support/DefaultListableBeanFactory$DependencyObjectProvider$3 done
Event: 3.484 loading class org/springframework/jdbc/config/SortedResourcesFactoryBean
Event: 3.484 loading class org/springframework/jdbc/config/SortedResourcesFactoryBean done
Event: 3.485 loading class org/springframework/core/io/Resource
Event: 3.485 loading class org/springframework/core/io/Resource done
Event: 3.485 loading class org/springframework/core/io/Resource
Event: 3.485 loading class org/springframework/core/io/Resource done
Event: 3.494 loading class org/springframework/boot/jdbc/SchemaManagementProvider
Event: 3.494 loading class org/springframework/boot/jdbc/SchemaManagementProvider done


Dynamic libraries:
86c00000-90900000 rw-p 00000000 00:00 0 
90900000-ffe00000 ---p 00000000 00:00 0 
ffe00000-ffe44000 rw-p 01104000 08:02 669192                             /usr/lib/jvm/java-11-openjdk-amd64/lib/server/classes.jsa
ffe44000-fff00000 rw-p 00000000 00:00 0 
fff00000-fff6a000 rw-p 0109a000 08:02 669192                             /usr/lib/jvm/java-11-openjdk-amd64/lib/server/classes.jsa
fff6a000-100000000 rw-p 00000000 00:00 0 
800000000-800002000 rwxp 00001000 08:02 669192                           /usr/lib/jvm/java-11-openjdk-amd64/lib/server/classes.jsa
800002000-8003b8000 rw-p 00003000 08:02 669192                           /usr/lib/jvm/java-11-openjdk-amd64/lib/server/classes.jsa
8003b8000-800a8c000 r--p 003b9000 08:02 669192                           /usr/lib/jvm/java-11-openjdk-amd64/lib/server/classes.jsa
800a8c000-800a8d000 rw-p 00a8d000 08:02 669192                           /usr/lib/jvm/java-11-openjdk-amd64/lib/server/classes.jsa
800a8d000-801099000 r--p 00a8e000 08:02 669192                           /usr/lib/jvm/java-11-openjdk-amd64/lib/server/classes.jsa
840000000-840440000 rw-p 00000000 00:00 0 
840440000-880000000 ---p 00000000 00:00 0 
55775cfb0000-55775cfb1000 r-xp 00000000 08:02 658219                     /usr/lib/jvm/java-11-openjdk-amd64/bin/java
55775d1b1000-55775d1b2000 r--p 00001000 08:02 658219                     /usr/lib/jvm/java-11-openjdk-amd64/bin/java
55775d1b2000-55775d1b3000 rw-p 00002000 08:02 658219                     /usr/lib/jvm/java-11-openjdk-amd64/bin/java
55775d1bc000-55775d1dd000 rw-p 00000000 00:00 0                          [heap]
7f70d8000000-7f70d8021000 rw-p 00000000 00:00 0 
7f70d8021000-7f70dc000000 ---p 00000000 00:00 0 
7f70dc000000-7f70dc021000 rw-p 00000000 00:00 0 
7f70dc021000-7f70e0000000 ---p 00000000 00:00 0 
7f70e0000000-7f70e0021000 rw-p 00000000 00:00 0 
7f70e0021000-7f70e4000000 ---p 00000000 00:00 0 
7f70e4000000-7f70e4021000 rw-p 00000000 00:00 0 
7f70e4021000-7f70e8000000 ---p 00000000 00:00 0 
7f70e8000000-7f70e8901000 rw-p 00000000 00:00 0 
7f70e8901000-7f70ec000000 ---p 00000000 00:00 0 
7f70ec000000-7f70ec366000 rw-p 00000000 00:00 0 
7f70ec366000-7f70f0000000 ---p 00000000 00:00 0 
7f70f0000000-7f70f0021000 rw-p 00000000 00:00 0 
7f70f0021000-7f70f4000000 ---p 00000000 00:00 0 
7f70f4000000-7f70f4021000 rw-p 00000000 00:00 0 
7f70f4021000-7f70f8000000 ---p 00000000 00:00 0 
7f70f8000000-7f70f8021000 rw-p 00000000 00:00 0 
7f70f8021000-7f70fc000000 ---p 00000000 00:00 0 
7f70fc000000-7f70fc021000 rw-p 00000000 00:00 0 
7f70fc021000-7f7100000000 ---p 00000000 00:00 0 
7f7100000000-7f7100021000 rw-p 00000000 00:00 0 
7f7100021000-7f7104000000 ---p 00000000 00:00 0 
7f7104000000-7f7104021000 rw-p 00000000 00:00 0 
7f7104021000-7f7108000000 ---p 00000000 00:00 0 
7f7108000000-7f7108021000 rw-p 00000000 00:00 0 
7f7108021000-7f710c000000 ---p 00000000 00:00 0 
7f710c000000-7f710c021000 rw-p 00000000 00:00 0 
7f710c021000-7f7110000000 ---p 00000000 00:00 0 
7f7111ed2000-7f7111ed6000 ---p 00000000 00:00 0 
7f7111ed6000-7f7112093000 rw-p 00000000 00:00 0 
7f7112093000-7f71121d3000 ---p 00000000 00:00 0 
7f71121d3000-7f71123d3000 rw-p 00000000 00:00 0 
7f71123d3000-7f71125d3000 rw-p 00000000 00:00 0 
7f71125d3000-7f71127d3000 rw-p 00000000 00:00 0 
7f71127d3000-7f71129d2000 rw-p 00000000 00:00 0 
7f71129d2000-7f71129d3000 ---p 00000000 00:00 0 
7f71129d3000-7f71129d7000 ---p 00000000 00:00 0 
7f71129d7000-7f7112cd4000 rw-p 00000000 00:00 0 
7f7112cd4000-7f7112cd5000 ---p 00000000 00:00 0 
7f7112cd5000-7f7112dd6000 rw-p 00000000 00:00 0 
7f7112dd6000-7f7112dd7000 ---p 00000000 00:00 0 
7f7112dd7000-7f71130d8000 rw-p 00000000 00:00 0 
7f71130d8000-7f71132d8000 rw-p 00000000 00:00 0 
7f71132d8000-7f71134d8000 rw-p 00000000 00:00 0 
7f71134d8000-7f71134dc000 ---p 00000000 00:00 0 
7f71134dc000-7f71135d9000 rw-p 00000000 00:00 0 
7f71135d9000-7f71135dd000 ---p 00000000 00:00 0 
7f71135dd000-7f71136da000 rw-p 00000000 00:00 0 
7f71136da000-7f71136de000 ---p 00000000 00:00 0 
7f71136de000-7f71137db000 rw-p 00000000 00:00 0 
7f71137db000-7f71137dc000 ---p 00000000 00:00 0 
7f71137dc000-7f71138dd000 rw-p 00000000 00:00 0 
7f71138dd000-7f71138de000 ---p 00000000 00:00 0 
7f71138de000-7f71139df000 rw-p 00000000 00:00 0 
7f71139df000-7f71139e0000 ---p 00000000 00:00 0 
7f71139e0000-7f7113ae1000 rw-p 00000000 00:00 0 
7f7113ae1000-7f7113ae5000 ---p 00000000 00:00 0 
7f7113ae5000-7f7113be2000 rw-p 00000000 00:00 0 
7f7113be2000-7f7113be4000 r-xp 00000000 08:02 676423                     /usr/lib/jvm/java-11-openjdk-amd64/lib/libextnet.so
7f7113be4000-7f7113de3000 ---p 00002000 08:02 676423                     /usr/lib/jvm/java-11-openjdk-amd64/lib/libextnet.so
7f7113de3000-7f7113de4000 r--p 00001000 08:02 676423                     /usr/lib/jvm/java-11-openjdk-amd64/lib/libextnet.so
7f7113de4000-7f7113de5000 rw-p 00002000 08:02 676423                     /usr/lib/jvm/java-11-openjdk-amd64/lib/libextnet.so
7f7113de5000-7f7113dfc000 r-xp 00000000 08:02 397818                     /lib/x86_64-linux-gnu/libresolv-2.27.so
7f7113dfc000-7f7113ffc000 ---p 00017000 08:02 397818                     /lib/x86_64-linux-gnu/libresolv-2.27.so
7f7113ffc000-7f7113ffd000 r--p 00017000 08:02 397818                     /lib/x86_64-linux-gnu/libresolv-2.27.so
7f7113ffd000-7f7113ffe000 rw-p 00018000 08:02 397818                     /lib/x86_64-linux-gnu/libresolv-2.27.so
7f7113ffe000-7f7114000000 rw-p 00000000 00:00 0 
7f7114000000-7f7114021000 rw-p 00000000 00:00 0 
7f7114021000-7f7118000000 ---p 00000000 00:00 0 
7f7118000000-7f7118021000 rw-p 00000000 00:00 0 
7f7118021000-7f711c000000 ---p 00000000 00:00 0 
7f711c000000-7f711c021000 rw-p 00000000 00:00 0 
7f711c021000-7f7120000000 ---p 00000000 00:00 0 
7f7120000000-7f7120564000 rw-p 00000000 00:00 0 
7f7120564000-7f7124000000 ---p 00000000 00:00 0 
7f7124000000-7f7124021000 rw-p 00000000 00:00 0 
7f7124021000-7f7128000000 ---p 00000000 00:00 0 
7f7128000000-7f7128021000 rw-p 00000000 00:00 0 
7f7128021000-7f712c000000 ---p 00000000 00:00 0 
7f712c000000-7f712c021000 rw-p 00000000 00:00 0 
7f712c021000-7f7130000000 ---p 00000000 00:00 0 
7f7130000000-7f713002a000 rw-p 00000000 00:00 0 
7f713002a000-7f7134000000 ---p 00000000 00:00 0 
7f7134000000-7f7134021000 rw-p 00000000 00:00 0 
7f7134021000-7f7138000000 ---p 00000000 00:00 0 
7f7138000000-7f7138021000 rw-p 00000000 00:00 0 
7f7138021000-7f713c000000 ---p 00000000 00:00 0 
7f713c0f3000-7f713c0f7000 ---p 00000000 00:00 0 
7f713c0f7000-7f713c1f4000 rw-p 00000000 00:00 0 
7f713c1f4000-7f713c1f9000 r-xp 00000000 08:02 397767                     /lib/x86_64-linux-gnu/libnss_dns-2.27.so
7f713c1f9000-7f713c3f9000 ---p 00005000 08:02 397767                     /lib/x86_64-linux-gnu/libnss_dns-2.27.so
7f713c3f9000-7f713c3fa000 r--p 00005000 08:02 397767                     /lib/x86_64-linux-gnu/libnss_dns-2.27.so
7f713c3fa000-7f713c3fb000 rw-p 00006000 08:02 397767                     /lib/x86_64-linux-gnu/libnss_dns-2.27.so
7f713c3fb000-7f713c3fd000 r-xp 00000000 08:02 397775                     /lib/x86_64-linux-gnu/libnss_mdns4_minimal.so.2
7f713c3fd000-7f713c5fc000 ---p 00002000 08:02 397775                     /lib/x86_64-linux-gnu/libnss_mdns4_minimal.so.2
7f713c5fc000-7f713c5fd000 r--p 00001000 08:02 397775                     /lib/x86_64-linux-gnu/libnss_mdns4_minimal.so.2
7f713c5fd000-7f713c5fe000 rw-p 00002000 08:02 397775                     /lib/x86_64-linux-gnu/libnss_mdns4_minimal.so.2
7f713c5fe000-7f713c603000 r-xp 00000000 08:02 676440                     /usr/lib/jvm/java-11-openjdk-amd64/lib/libmanagement_ext.so
7f713c603000-7f713c802000 ---p 00005000 08:02 676440                     /usr/lib/jvm/java-11-openjdk-amd64/lib/libmanagement_ext.so
7f713c802000-7f713c803000 r--p 00004000 08:02 676440                     /usr/lib/jvm/java-11-openjdk-amd64/lib/libmanagement_ext.so
7f713c803000-7f713c804000 rw-p 00005000 08:02 676440                     /usr/lib/jvm/java-11-openjdk-amd64/lib/libmanagement_ext.so
7f713c804000-7f713c808000 r-xp 00000000 08:02 676438                     /usr/lib/jvm/java-11-openjdk-amd64/lib/libmanagement.so
7f713c808000-7f713ca07000 ---p 00004000 08:02 676438                     /usr/lib/jvm/java-11-openjdk-amd64/lib/libmanagement.so
7f713ca07000-7f713ca08000 r--p 00003000 08:02 676438                     /usr/lib/jvm/java-11-openjdk-amd64/lib/libmanagement.so
7f713ca08000-7f713ca09000 rw-p 00004000 08:02 676438                     /usr/lib/jvm/java-11-openjdk-amd64/lib/libmanagement.so
7f713ca09000-7f713ca1f000 r-xp 00000000 08:02 676442                     /usr/lib/jvm/java-11-openjdk-amd64/lib/libnet.so
7f713ca1f000-7f713cc1e000 ---p 00016000 08:02 676442                     /usr/lib/jvm/java-11-openjdk-amd64/lib/libnet.so
7f713cc1e000-7f713cc1f000 r--p 00015000 08:02 676442                     /usr/lib/jvm/java-11-openjdk-amd64/lib/libnet.so
7f713cc1f000-7f713cc20000 rw-p 00016000 08:02 676442                     /usr/lib/jvm/java-11-openjdk-amd64/lib/libnet.so
7f713cc20000-7f713cc30000 r-xp 00000000 08:02 676443                     /usr/lib/jvm/java-11-openjdk-amd64/lib/libnio.so
7f713cc30000-7f713ce2f000 ---p 00010000 08:02 676443                     /usr/lib/jvm/java-11-openjdk-amd64/lib/libnio.so
7f713ce2f000-7f713ce30000 r--p 0000f000 08:02 676443                     /usr/lib/jvm/java-11-openjdk-amd64/lib/libnio.so
7f713ce30000-7f713ce31000 rw-p 00010000 08:02 676443                     /usr/lib/jvm/java-11-openjdk-amd64/lib/libnio.so
7f713ce31000-7f713d800000 r--p 00000000 08:02 660012                     /usr/lib/locale/locale-archive
7f713d800000-7f7140000000 rw-p 00000000 00:00 0 
7f7140000000-7f7140021000 rw-p 00000000 00:00 0 
7f7140021000-7f7144000000 ---p 00000000 00:00 0 
7f714405d000-7f7144061000 ---p 00000000 00:00 0 
7f7144061000-7f714415e000 rw-p 00000000 00:00 0 
7f714415e000-7f7144162000 ---p 00000000 00:00 0 
7f7144162000-7f714425f000 rw-p 00000000 00:00 0 
7f714425f000-7f7144263000 ---p 00000000 00:00 0 
7f7144263000-7f71445d4000 rw-p 00000000 00:00 0 
7f71445d4000-7f71461a8000 ---p 00000000 00:00 0 
7f71461a8000-7f7146424000 rw-p 00000000 00:00 0 
7f7146424000-7f7147ff8000 ---p 00000000 00:00 0 
7f7147ff8000-7f7148000000 rw-p 00000000 00:00 0 
7f7148000000-7f7148021000 rw-p 00000000 00:00 0 
7f7148021000-7f714c000000 ---p 00000000 00:00 0 
7f714c0b2000-7f714c0b6000 ---p 00000000 00:00 0 
7f714c0b6000-7f714c1b3000 rw-p 00000000 00:00 0 
7f714c1b3000-7f714c1b7000 ---p 00000000 00:00 0 
7f714c1b7000-7f714c2b4000 rw-p 00000000 00:00 0 
7f714c2b4000-7f714c2b8000 ---p 00000000 00:00 0 
7f714c2b8000-7f714c3b5000 rw-p 00000000 00:00 0 
7f714c3b5000-7f714c3b9000 ---p 00000000 00:00 0 
7f714c3b9000-7f714c4b6000 rw-p 00000000 00:00 0 
7f714c4b6000-7f714c4ba000 ---p 00000000 00:00 0 
7f714c4ba000-7f714c5b7000 rw-p 00000000 00:00 0 
7f714c5b7000-7f714c5b8000 ---p 00000000 00:00 0 
7f714c5b8000-7f714c73a000 rw-p 00000000 00:00 0 
7f714c73a000-7f714c73b000 ---p 00000000 00:00 0 
7f714c73b000-7f714c83c000 rw-p 00000000 00:00 0 
7f714c83c000-7f714c83d000 ---p 00000000 00:00 0 
7f714c83d000-7f714c93e000 rw-p 00000000 00:00 0 
7f714c93e000-7f714cbae000 rwxp 00000000 00:00 0 
7f714cbae000-7f714cfe5000 ---p 00000000 00:00 0 
7f714cfe5000-7f714d6d5000 rwxp 00000000 00:00 0 
7f714d6d5000-7f715b93e000 ---p 00000000 00:00 0 
7f715b93e000-7f7164000000 r--s 00000000 08:02 676452                     /usr/lib/jvm/java-11-openjdk-amd64/lib/modules
7f7164000000-7f716492a000 rw-p 00000000 00:00 0 
7f716492a000-7f7168000000 ---p 00000000 00:00 0 
7f7168001000-7f7168491000 rw-p 00000000 00:00 0 
7f7168491000-7f7168492000 ---p 00000000 00:00 0 
7f7168492000-7f7168593000 rw-p 00000000 00:00 0 
7f7168593000-7f7168594000 ---p 00000000 00:00 0 
7f7168594000-7f71686e4000 rw-p 00000000 00:00 0 
7f71686e4000-7f7168a5e000 ---p 00000000 00:00 0 
7f7168a5e000-7f7168aae000 rw-p 00000000 00:00 0 
7f7168aae000-7f7168e28000 ---p 00000000 00:00 0 
7f7168e28000-7f7168e78000 rw-p 00000000 00:00 0 
7f7168e78000-7f71691f2000 ---p 00000000 00:00 0 
7f71691f2000-7f71695f7000 rw-p 00000000 00:00 0 
7f71695f7000-7f71695f8000 ---p 00000000 00:00 0 
7f71695f8000-7f7169707000 rw-p 00000000 00:00 0 
7f7169707000-7f71698cc000 ---p 00000000 00:00 0 
7f71698cc000-7f71698d1000 r-xp 00000000 08:02 676434                     /usr/lib/jvm/java-11-openjdk-amd64/lib/libjimage.so
7f71698d1000-7f7169ad0000 ---p 00005000 08:02 676434                     /usr/lib/jvm/java-11-openjdk-amd64/lib/libjimage.so
7f7169ad0000-7f7169ad1000 r--p 00004000 08:02 676434                     /usr/lib/jvm/java-11-openjdk-amd64/lib/libjimage.so
7f7169ad1000-7f7169ad2000 rw-p 00005000 08:02 676434                     /usr/lib/jvm/java-11-openjdk-amd64/lib/libjimage.so
7f7169ad2000-7f7169ad9000 r-xp 00000000 08:02 676451                     /usr/lib/jvm/java-11-openjdk-amd64/lib/libzip.so
7f7169ad9000-7f7169cd8000 ---p 00007000 08:02 676451                     /usr/lib/jvm/java-11-openjdk-amd64/lib/libzip.so
7f7169cd8000-7f7169cd9000 r--p 00006000 08:02 676451                     /usr/lib/jvm/java-11-openjdk-amd64/lib/libzip.so
7f7169cd9000-7f7169cda000 rw-p 00007000 08:02 676451                     /usr/lib/jvm/java-11-openjdk-amd64/lib/libzip.so
7f7169cda000-7f7169ce5000 r-xp 00000000 08:02 397769                     /lib/x86_64-linux-gnu/libnss_files-2.27.so
7f7169ce5000-7f7169ee4000 ---p 0000b000 08:02 397769                     /lib/x86_64-linux-gnu/libnss_files-2.27.so
7f7169ee4000-7f7169ee5000 r--p 0000a000 08:02 397769                     /lib/x86_64-linux-gnu/libnss_files-2.27.so
7f7169ee5000-7f7169ee6000 rw-p 0000b000 08:02 397769                     /lib/x86_64-linux-gnu/libnss_files-2.27.so
7f7169ee6000-7f7169eec000 rw-p 00000000 00:00 0 
7f7169eec000-7f7169f03000 r-xp 00000000 08:02 397763                     /lib/x86_64-linux-gnu/libnsl-2.27.so
7f7169f03000-7f716a102000 ---p 00017000 08:02 397763                     /lib/x86_64-linux-gnu/libnsl-2.27.so
7f716a102000-7f716a103000 r--p 00016000 08:02 397763                     /lib/x86_64-linux-gnu/libnsl-2.27.so
7f716a103000-7f716a104000 rw-p 00017000 08:02 397763                     /lib/x86_64-linux-gnu/libnsl-2.27.so
7f716a104000-7f716a106000 rw-p 00000000 00:00 0 
7f716a106000-7f716a111000 r-xp 00000000 08:02 397780                     /lib/x86_64-linux-gnu/libnss_nis-2.27.so
7f716a111000-7f716a310000 ---p 0000b000 08:02 397780                     /lib/x86_64-linux-gnu/libnss_nis-2.27.so
7f716a310000-7f716a311000 r--p 0000a000 08:02 397780                     /lib/x86_64-linux-gnu/libnss_nis-2.27.so
7f716a311000-7f716a312000 rw-p 0000b000 08:02 397780                     /lib/x86_64-linux-gnu/libnss_nis-2.27.so
7f716a312000-7f716a31a000 r-xp 00000000 08:02 397765                     /lib/x86_64-linux-gnu/libnss_compat-2.27.so
7f716a31a000-7f716a51a000 ---p 00008000 08:02 397765                     /lib/x86_64-linux-gnu/libnss_compat-2.27.so
7f716a51a000-7f716a51b000 r--p 00008000 08:02 397765                     /lib/x86_64-linux-gnu/libnss_compat-2.27.so
7f716a51b000-7f716a51c000 rw-p 00009000 08:02 397765                     /lib/x86_64-linux-gnu/libnss_compat-2.27.so
7f716a51c000-7f716a545000 r-xp 00000000 08:02 676430                     /usr/lib/jvm/java-11-openjdk-amd64/lib/libjava.so
7f716a545000-7f716a744000 ---p 00029000 08:02 676430                     /usr/lib/jvm/java-11-openjdk-amd64/lib/libjava.so
7f716a744000-7f716a745000 r--p 00028000 08:02 676430                     /usr/lib/jvm/java-11-openjdk-amd64/lib/libjava.so
7f716a745000-7f716a747000 rw-p 00029000 08:02 676430                     /usr/lib/jvm/java-11-openjdk-amd64/lib/libjava.so
7f716a747000-7f716a754000 r-xp 00000000 08:02 676450                     /usr/lib/jvm/java-11-openjdk-amd64/lib/libverify.so
7f716a754000-7f716a953000 ---p 0000d000 08:02 676450                     /usr/lib/jvm/java-11-openjdk-amd64/lib/libverify.so
7f716a953000-7f716a955000 r--p 0000c000 08:02 676450                     /usr/lib/jvm/java-11-openjdk-amd64/lib/libverify.so
7f716a955000-7f716a956000 rw-p 0000e000 08:02 676450                     /usr/lib/jvm/java-11-openjdk-amd64/lib/libverify.so
7f716a956000-7f716a95d000 r-xp 00000000 08:02 397820                     /lib/x86_64-linux-gnu/librt-2.27.so
7f716a95d000-7f716ab5c000 ---p 00007000 08:02 397820                     /lib/x86_64-linux-gnu/librt-2.27.so
7f716ab5c000-7f716ab5d000 r--p 00006000 08:02 397820                     /lib/x86_64-linux-gnu/librt-2.27.so
7f716ab5d000-7f716ab5e000 rw-p 00007000 08:02 397820                     /lib/x86_64-linux-gnu/librt-2.27.so
7f716ab5e000-7f716ab75000 r-xp 00000000 08:02 397503                     /lib/x86_64-linux-gnu/libgcc_s.so.1
7f716ab75000-7f716ad74000 ---p 00017000 08:02 397503                     /lib/x86_64-linux-gnu/libgcc_s.so.1
7f716ad74000-7f716ad75000 r--p 00016000 08:02 397503                     /lib/x86_64-linux-gnu/libgcc_s.so.1
7f716ad75000-7f716ad76000 rw-p 00017000 08:02 397503                     /lib/x86_64-linux-gnu/libgcc_s.so.1
7f716ad76000-7f716af13000 r-xp 00000000 08:02 397742                     /lib/x86_64-linux-gnu/libm-2.27.so
7f716af13000-7f716b112000 ---p 0019d000 08:02 397742                     /lib/x86_64-linux-gnu/libm-2.27.so
7f716b112000-7f716b113000 r--p 0019c000 08:02 397742                     /lib/x86_64-linux-gnu/libm-2.27.so
7f716b113000-7f716b114000 rw-p 0019d000 08:02 397742                     /lib/x86_64-linux-gnu/libm-2.27.so
7f716b114000-7f716b28d000 r-xp 00000000 08:02 653459                     /usr/lib/x86_64-linux-gnu/libstdc++.so.6.0.25
7f716b28d000-7f716b48d000 ---p 00179000 08:02 653459                     /usr/lib/x86_64-linux-gnu/libstdc++.so.6.0.25
7f716b48d000-7f716b497000 r--p 00179000 08:02 653459                     /usr/lib/x86_64-linux-gnu/libstdc++.so.6.0.25
7f716b497000-7f716b499000 rw-p 00183000 08:02 653459                     /usr/lib/x86_64-linux-gnu/libstdc++.so.6.0.25
7f716b499000-7f716b49d000 rw-p 00000000 00:00 0 
7f716b49d000-7f716c571000 r-xp 00000000 08:02 676455                     /usr/lib/jvm/java-11-openjdk-amd64/lib/server/libjvm.so
7f716c571000-7f716c771000 ---p 010d4000 08:02 676455                     /usr/lib/jvm/java-11-openjdk-amd64/lib/server/libjvm.so
7f716c771000-7f716c82e000 r--p 010d4000 08:02 676455                     /usr/lib/jvm/java-11-openjdk-amd64/lib/server/libjvm.so
7f716c82e000-7f716c867000 rw-p 01191000 08:02 676455                     /usr/lib/jvm/java-11-openjdk-amd64/lib/server/libjvm.so
7f716c867000-7f716c8be000 rw-p 00000000 00:00 0 
7f716c8be000-7f716c8d8000 r-xp 00000000 08:02 397812                     /lib/x86_64-linux-gnu/libpthread-2.27.so
7f716c8d8000-7f716cad7000 ---p 0001a000 08:02 397812                     /lib/x86_64-linux-gnu/libpthread-2.27.so
7f716cad7000-7f716cad8000 r--p 00019000 08:02 397812                     /lib/x86_64-linux-gnu/libpthread-2.27.so
7f716cad8000-7f716cad9000 rw-p 0001a000 08:02 397812                     /lib/x86_64-linux-gnu/libpthread-2.27.so
7f716cad9000-7f716cadd000 rw-p 00000000 00:00 0 
7f716cadd000-7f716cae0000 r-xp 00000000 08:02 397702                     /lib/x86_64-linux-gnu/libdl-2.27.so
7f716cae0000-7f716ccdf000 ---p 00003000 08:02 397702                     /lib/x86_64-linux-gnu/libdl-2.27.so
7f716ccdf000-7f716cce0000 r--p 00002000 08:02 397702                     /lib/x86_64-linux-gnu/libdl-2.27.so
7f716cce0000-7f716cce1000 rw-p 00003000 08:02 397702                     /lib/x86_64-linux-gnu/libdl-2.27.so
7f716cce1000-7f716ccfd000 r-xp 00000000 08:02 397851                     /lib/x86_64-linux-gnu/libz.so.1.2.11
7f716ccfd000-7f716cefc000 ---p 0001c000 08:02 397851                     /lib/x86_64-linux-gnu/libz.so.1.2.11
7f716cefc000-7f716cefd000 r--p 0001b000 08:02 397851                     /lib/x86_64-linux-gnu/libz.so.1.2.11
7f716cefd000-7f716cefe000 rw-p 0001c000 08:02 397851                     /lib/x86_64-linux-gnu/libz.so.1.2.11
7f716cefe000-7f716d0e5000 r-xp 00000000 08:02 397679                     /lib/x86_64-linux-gnu/libc-2.27.so
7f716d0e5000-7f716d2e5000 ---p 001e7000 08:02 397679                     /lib/x86_64-linux-gnu/libc-2.27.so
7f716d2e5000-7f716d2e9000 r--p 001e7000 08:02 397679                     /lib/x86_64-linux-gnu/libc-2.27.so
7f716d2e9000-7f716d2eb000 rw-p 001eb000 08:02 397679                     /lib/x86_64-linux-gnu/libc-2.27.so
7f716d2eb000-7f716d2ef000 rw-p 00000000 00:00 0 
7f716d2ef000-7f716d2ff000 r-xp 00000000 08:02 676412                     /usr/lib/jvm/java-11-openjdk-amd64/lib/jli/libjli.so
7f716d2ff000-7f716d4fe000 ---p 00010000 08:02 676412                     /usr/lib/jvm/java-11-openjdk-amd64/lib/jli/libjli.so
7f716d4fe000-7f716d4ff000 r--p 0000f000 08:02 676412                     /usr/lib/jvm/java-11-openjdk-amd64/lib/jli/libjli.so
7f716d4ff000-7f716d500000 rw-p 00010000 08:02 676412                     /usr/lib/jvm/java-11-openjdk-amd64/lib/jli/libjli.so
7f716d500000-7f716d527000 r-xp 00000000 08:02 397651                     /lib/x86_64-linux-gnu/ld-2.27.so
7f716d555000-7f716d600000 rw-p 00000000 00:00 0 
7f716d600000-7f716d604000 ---p 00000000 00:00 0 
7f716d604000-7f716d703000 rw-p 00000000 00:00 0 
7f716d70d000-7f716d712000 rw-p 00000000 00:00 0 
7f716d712000-7f716d71b000 ---p 00000000 00:00 0 
7f716d71b000-7f716d723000 rw-s 00000000 08:02 1313193                    /tmp/hsperfdata_rumit/27775
7f716d723000-7f716d724000 ---p 00000000 00:00 0 
7f716d724000-7f716d725000 r--p 00000000 00:00 0 
7f716d725000-7f716d727000 rw-p 00000000 00:00 0 
7f716d727000-7f716d728000 r--p 00027000 08:02 397651                     /lib/x86_64-linux-gnu/ld-2.27.so
7f716d728000-7f716d729000 rw-p 00028000 08:02 397651                     /lib/x86_64-linux-gnu/ld-2.27.so
7f716d729000-7f716d72a000 rw-p 00000000 00:00 0 
7ffe04177000-7ffe0419a000 rw-p 00000000 00:00 0                          [stack]
7ffe041db000-7ffe041de000 r--p 00000000 00:00 0                          [vvar]
7ffe041de000-7ffe041df000 r-xp 00000000 00:00 0                          [vdso]
ffffffffff600000-ffffffffff601000 --xp 00000000 00:00 0                  [vsyscall]


VM Arguments:
jvm_args: -Dcom.sun.management.jmxremote -Dcom.sun.management.jmxremote.port=38993 -Dcom.sun.management.jmxremote.authenticate=false -Dcom.sun.management.jmxremote.ssl=false -Djava.rmi.server.hostname=localhost -Dspring.jmx.enabled=true -Dspring.liveBeansView.mbeanDomain -Dspring.application.admin.enabled=true -Djava.security.egd=file:/dev/./urandom -Xverify:none -XX:TieredStopAtLevel=1 -Dspring.boot.project.name=AMS2 -Dfile.encoding=UTF-8 
java_command: com.AMS.AMS --spring.output.ansi.enabled=always
java_class_path (initial): /home/rumit/workspace-sts-3.9.11.RELEASE/AMS2/target/classes:/home/rumit/.m2/repository/org/springframework/boot/spring-boot-starter-data-jpa/2.1.0.RELEASE/spring-boot-starter-data-jpa-2.1.0.RELEASE.jar:/home/rumit/.m2/repository/org/springframework/boot/spring-boot-starter-aop/2.1.0.RELEASE/spring-boot-starter-aop-2.1.0.RELEASE.jar:/home/rumit/.m2/repository/org/springframework/spring-aop/5.1.2.RELEASE/spring-aop-5.1.2.RELEASE.jar:/home/rumit/.m2/repository/org/aspectj/aspectjweaver/1.9.2/aspectjweaver-1.9.2.jar:/home/rumit/.m2/repository/org/springframework/boot/spring-boot-starter-jdbc/2.1.0.RELEASE/spring-boot-starter-jdbc-2.1.0.RELEASE.jar:/home/rumit/.m2/repository/com/zaxxer/HikariCP/3.2.0/HikariCP-3.2.0.jar:/home/rumit/.m2/repository/org/springframework/spring-jdbc/5.1.2.RELEASE/spring-jdbc-5.1.2.RELEASE.jar:/home/rumit/.m2/repository/javax/transaction/javax.transaction-api/1.3/javax.transaction-api-1.3.jar:/home/rumit/.m2/repository/javax/xml/bind/jaxb-api/2.3.1/jaxb-api-2.3.1.jar:/home/rumit/.m2/repository/org/springframework/data/spring-data-jpa/2.1.2.RELEASE/spring-data-jpa-2.1.2.RELEASE.jar:/home/rumit/.m2/repository/org/springframework/data/spring-data-commons/2.1.2.RELEASE/spring-data-commons-2.1.2.RELEASE.jar:/home/rumit/.m2/repository/org/springframework/spring-orm/5.1.2.RELEASE/spring-orm-5.1.2.RELEASE.jar:/home/rumit/.m2/repository/org/springframework/spring-context/5.1.2.RELEASE/spring-context-5.1.2.RELEASE.jar:/home/rumit/.m2/repository/org/springframework/spring-tx/5.1.2.RELEASE/spring-tx-5.1.2.RELEASE.jar:/home/rumit/.m2/repository/org/springframework/spring-beans/5.1.2.RELEASE/spring-beans-5.1.2.RELEASE.jar:/home/rumit/.m2/repository/org/slf4j/slf4j-api/1.7.25/slf4j-api-1.7.25.jar:/home/rumit/.m2/repository/org/springframework/spring-aspects/5.1.2.RELEASE/spring-aspects-5.1.2.RELEASE.jar:/home/rumit/.m2/repository/org/apache/tomcat/tomcat-jasper/9.0.30/tomcat-jasper-9.0.30.jar:/home/rumit/.m2/repository/org/apache
Launcher Type: SUN_STANDARD

[Global flags]
     bool BytecodeVerificationLocal                = false                                     {product} {command line}
     bool BytecodeVerificationRemote               = false                                     {product} {command line}
     intx CICompilerCount                          = 3                                         {product} {ergonomic}
     uint ConcGCThreads                            = 1                                         {product} {ergonomic}
     uint G1ConcRefinementThreads                  = 4                                         {product} {ergonomic}
   size_t G1HeapRegionSize                         = 1048576                                   {product} {ergonomic}
    uintx GCDrainStackTargetSize                   = 64                                        {product} {ergonomic}
   size_t InitialHeapSize                          = 127926272                                 {product} {ergonomic}
     bool ManagementServer                         = true                                      {product} {command line}
   size_t MarkStackSize                            = 4194304                                   {product} {ergonomic}
   size_t MaxHeapSize                              = 2034237440                                {product} {ergonomic}
   size_t MaxNewSize                               = 1220542464                                {product} {ergonomic}
   size_t MinHeapDeltaBytes                        = 1048576                                   {product} {ergonomic}
    uintx NonNMethodCodeHeapSize                   = 6973028                                {pd product} {ergonomic}
    uintx NonProfiledCodeHeapSize                  = 244685212                              {pd product} {ergonomic}
    uintx ProfiledCodeHeapSize                     = 0                                      {pd product} {ergonomic}
    uintx ReservedCodeCacheSize                    = 251658240                              {pd product} {ergonomic}
     bool SegmentedCodeCache                       = true                                      {product} {ergonomic}
     intx TieredStopAtLevel                        = 1                                         {product} {command line}
     bool UseCompressedClassPointers               = true                                 {lp64_product} {ergonomic}
     bool UseCompressedOops                        = true                                 {lp64_product} {ergonomic}
     bool UseG1GC                                  = true                                      {product} {ergonomic}

Logging:
Log output configuration:
 #0: stdout all=warning uptime,level,tags
 #1: stderr all=off uptime,level,tags

Environment Variables:
PATH=/usr/local/sbin:/usr/local/bin:/usr/sbin:/usr/bin:/sbin:/bin:/usr/games:/usr/local/games:/snap/bin
USERNAME=rumit
SHELL=/bin/bash
DISPLAY=:0

Signal Handlers:
SIGSEGV: [libjvm.so+0xdeda70], sa_mask[0]=11111111011111111101111111111110, sa_flags=SA_RESTART|SA_SIGINFO
SIGBUS: [libjvm.so+0xdeda70], sa_mask[0]=11111111011111111101111111111110, sa_flags=SA_RESTART|SA_SIGINFO
SIGFPE: [libjvm.so+0xdeda70], sa_mask[0]=11111111011111111101111111111110, sa_flags=SA_RESTART|SA_SIGINFO
SIGPIPE: [libjvm.so+0xbc3040], sa_mask[0]=11111111011111111101111111111110, sa_flags=SA_RESTART|SA_SIGINFO
SIGXFSZ: [libjvm.so+0xbc3040], sa_mask[0]=11111111011111111101111111111110, sa_flags=SA_RESTART|SA_SIGINFO
SIGILL: [libjvm.so+0xdeda70], sa_mask[0]=11111111011111111101111111111110, sa_flags=SA_RESTART|SA_SIGINFO
SIGUSR2: [libjvm.so+0xbc2ee0], sa_mask[0]=00100000000000000000000000000000, sa_flags=SA_RESTART|SA_SIGINFO
SIGHUP: [libjvm.so+0xbc3240], sa_mask[0]=11111111011111111101111111111110, sa_flags=SA_RESTART|SA_SIGINFO
SIGINT: [libjvm.so+0xbc3240], sa_mask[0]=11111111011111111101111111111110, sa_flags=SA_RESTART|SA_SIGINFO
SIGTERM: [libjvm.so+0xbc3240], sa_mask[0]=11111111011111111101111111111110, sa_flags=SA_RESTART|SA_SIGINFO
SIGQUIT: [libjvm.so+0xbc3240], sa_mask[0]=11111111011111111101111111111110, sa_flags=SA_RESTART|SA_SIGINFO


---------------  S Y S T E M  ---------------

OS:DISTRIB_ID=Ubuntu
DISTRIB_RELEASE=18.04
DISTRIB_CODENAME=bionic
DISTRIB_DESCRIPTION="Ubuntu 18.04.3 LTS"
uname:Linux 5.3.0-26-generic #28~18.04.1-Ubuntu SMP Wed Dec 18 16:40:14 UTC 2019 x86_64
libc:glibc 2.27 NPTL 2.27 
rlimit: STACK 8192k, CORE 0k, NPROC 30843, NOFILE 4096, AS infinity, DATA infinity, FSIZE infinity
load average:19.00 7.01 3.45

/proc/meminfo:
MemTotal:        7943188 kB
MemFree:         1035532 kB
MemAvailable:    1978016 kB
Buffers:          205564 kB
Cached:          1731196 kB
SwapCached:        43220 kB
Active:          4989044 kB
Inactive:        1504136 kB
Active(anon):    4300984 kB
Inactive(anon):   922588 kB
Active(file):     688060 kB
Inactive(file):   581548 kB
Unevictable:       70748 kB
Mlocked:             200 kB
SwapTotal:      15999996 kB
SwapFree:       15906044 kB
Dirty:               872 kB
Writeback:             0 kB
AnonPages:       4584056 kB
Mapped:           856136 kB
Shmem:            667664 kB
KReclaimable:      89028 kB
Slab:             162232 kB
SReclaimable:      89028 kB
SUnreclaim:        73204 kB
KernelStack:       18496 kB
PageTables:        94924 kB
NFS_Unstable:          0 kB
Bounce:                0 kB
WritebackTmp:          0 kB
CommitLimit:    19971588 kB
Committed_AS:   16359116 kB
VmallocTotal:   34359738367 kB
VmallocUsed:       33428 kB
VmallocChunk:          0 kB
Percpu:             5568 kB
HardwareCorrupted:     0 kB
AnonHugePages:         0 kB
ShmemHugePages:        0 kB
ShmemPmdMapped:        0 kB
CmaTotal:              0 kB
CmaFree:               0 kB
HugePages_Total:       0
HugePages_Free:        0
HugePages_Rsvd:        0
HugePages_Surp:        0
Hugepagesize:       2048 kB
Hugetlb:               0 kB
DirectMap4k:      300764 kB
DirectMap2M:     7880704 kB


/proc/sys/kernel/threads-max (system-wide limit on the number of threads):
61687


/proc/sys/vm/max_map_count (maximum number of memory map areas a process may have):
65530


/proc/sys/kernel/pid_max (system-wide limit on number of process identifiers):
32768



container (cgroup) information:
container_type: cgroupv1
cpu_cpuset_cpus: 0-3
cpu_memory_nodes: 0
active_processor_count: 4
cpu_quota: -1
cpu_period: 100000
cpu_shares: -1
memory_limit_in_bytes: -1
memory_and_swap_limit_in_bytes: -2
memory_soft_limit_in_bytes: -1
memory_usage_in_bytes: 6720880640
memory_max_usage_in_bytes: 117084160

Steal ticks since vm start: 0
Steal ticks percentage since vm start:  0.000

CPU:total 4 (initial active 4) (2 cores per cpu, 2 threads per core) family 6 model 37 stepping 5, cmov, cx8, fxsr, mmx, sse, sse2, sse3, ssse3, sse4.1, sse4.2, popcnt, ht, tsc, tscinvbit
CPU Model and flags from /proc/cpuinfo:
model name	: Intel(R) Core(TM) i3 CPU         540  @ 3.07GHz
flags		: fpu vme de pse tsc msr pae mce cx8 apic sep mtrr pge mca cmov pat pse36 clflush dts acpi mmx fxsr sse sse2 ht tm pbe syscall nx rdtscp lm constant_tsc arch_perfmon pebs bts rep_good nopl xtopology nonstop_tsc cpuid aperfmperf pni dtes64 monitor ds_cpl vmx est tm2 ssse3 cx16 xtpr pdcm pcid sse4_1 sse4_2 popcnt lahf_lm pti ssbd ibrs ibpb stibp tpr_shadow vnmi flexpriority ept vpid dtherm arat flush_l1d

Memory: 4k page, physical 7943188k(1035280k free), swap 15999996k(15906044k free)

vm_info: OpenJDK 64-Bit Server VM (11.0.5+10-post-Ubuntu-0ubuntu1.118.04) for linux-amd64 JRE (11.0.5+10-post-Ubuntu-0ubuntu1.118.04), built on Oct 16 2019 22:01:07 by "buildd" with gcc 7.4.0

END.
