#
# A fatal error has been detected by the Java Runtime Environment:
#
#  SIGSEGV (0xb) at pc=0x0000007a0000002a, pid=22998, tid=23028
#
# JRE version: OpenJDK Runtime Environment (11.0.5+10) (build 11.0.5+10-post-Ubuntu-0ubuntu1.118.04)
# Java VM: OpenJDK 64-Bit Server VM (11.0.5+10-post-Ubuntu-0ubuntu1.118.04, mixed mode, sharing, tiered, compressed oops, g1 gc, linux-amd64)
# Problematic frame:
# C  0x0000007a0000002a
#
# Core dump will be written. Default location: Core dumps may be processed with "/usr/share/apport/apport %p %s %c %d %P" (or dumping to /home/rumit/workspace-sts-3.9.11.RELEASE/AMS3/core.22998)
#
# If you would like to submit a bug report, please visit:
#   Unknown
#

---------------  S U M M A R Y ------------

Command Line: -Dcom.sun.management.jmxremote -Dcom.sun.management.jmxremote.port=39695 -Dcom.sun.management.jmxremote.authenticate=false -Dcom.sun.management.jmxremote.ssl=false -Djava.rmi.server.hostname=localhost -Dspring.jmx.enabled=true -Dspring.liveBeansView.mbeanDomain -Dspring.application.admin.enabled=true -Djava.security.egd=file:/dev/./urandom -Xverify:none -XX:TieredStopAtLevel=1 -Dspring.boot.project.name=AMS3 -Dfile.encoding=UTF-8 com.AMS.AMS --spring.output.ansi.enabled=always

Host: Intel(R) Core(TM) i3 CPU         540  @ 3.07GHz, 4 cores, 7G, Ubuntu 18.04.3 LTS
Time: Wed Mar 11 16:35:33 2020 IST elapsed time: 1034 seconds (0d 0h 17m 14s)

---------------  T H R E A D  ---------------

Current thread (0x00007f4c10005000):  GCTaskThread "GC Thread#3" [stack: 0x00007f4c18dc3000,0x00007f4c18ec3000] [id=23028]

Stack: [0x00007f4c18dc3000,0x00007f4c18ec3000],  sp=0x00007f4c18ec0558,  free space=1013k
Native frames: (J=compiled Java code, A=aot compiled Java code, j=interpreted, Vv=VM code, C=native code)
C  0x0000007a0000002a
V  [libjvm.so+0x76c0f8]
V  [libjvm.so+0xbb4e23]
V  [libjvm.so+0x712552]
V  [libjvm.so+0xd74977]
V  [libjvm.so+0xd79c50]
V  [libjvm.so+0x789e0d]
V  [libjvm.so+0x78a4b8]
V  [libjvm.so+0x73670c]
V  [libjvm.so+0xe172fd]
V  [libjvm.so+0xd7ba0a]
V  [libjvm.so+0xbcd3ce]

JavaThread 0x000055611982e800 (nid = 24163) was being processed
Java frames: (J=compiled Java code, j=interpreted, Vv=VM code)
v  ~RuntimeStub::new_type_array Runtime1 stub
J 244 c1 java.lang.AbstractStringBuilder.<init>(I)V java.base@11.0.5 (39 bytes) @ 0x00007f4c341af9ee [0x00007f4c341af8c0+0x000000000000012e]
J 6612 c1 java.lang.Class.methodToString(Ljava/lang/String;[Ljava/lang/Class;)Ljava/lang/String; java.base@11.0.5 (98 bytes) @ 0x00007f4c34c9eda4 [0x00007f4c34c9ec60+0x0000000000000144]
J 2683 c1 java.lang.Class.getMethod(Ljava/lang/String;[Ljava/lang/Class;)Ljava/lang/reflect/Method; java.base@11.0.5 (59 bytes) @ 0x00007f4c345e1b1c [0x00007f4c345e17e0+0x000000000000033c]
J 3386 c1 org.springframework.util.ClassUtils.getMostSpecificMethod(Ljava/lang/reflect/Method;Ljava/lang/Class;)Ljava/lang/reflect/Method; (72 bytes) @ 0x00007f4c3472b0ec [0x00007f4c3472b000+0x00000000000000ec]
J 6844 c1 org.springframework.core.MethodIntrospector.lambda$selectMethods$0(Ljava/lang/Class;Lorg/springframework/core/MethodIntrospector$MetadataLookup;Ljava/util/Map;Ljava/lang/reflect/Method;)V (59 bytes) @ 0x00007f4c34d063a4 [0x00007f4c34d06380+0x0000000000000024]
J 6843 c1 org.springframework.core.MethodIntrospector$$Lambda$815.doWith(Ljava/lang/reflect/Method;)V (17 bytes) @ 0x00007f4c34d0602c [0x00007f4c34d05fc0+0x000000000000006c]
J 2744 c1 org.springframework.util.ReflectionUtils.doWithMethods(Ljava/lang/Class;Lorg/springframework/util/ReflectionUtils$MethodCallback;Lorg/springframework/util/ReflectionUtils$MethodFilter;)V (176 bytes) @ 0x00007f4c345fa804 [0x00007f4c345fa740+0x00000000000000c4]
J 2744 c1 org.springframework.util.ReflectionUtils.doWithMethods(Ljava/lang/Class;Lorg/springframework/util/ReflectionUtils$MethodCallback;Lorg/springframework/util/ReflectionUtils$MethodFilter;)V (176 bytes) @ 0x00007f4c345fa8bc [0x00007f4c345fa740+0x000000000000017c]
J 10523 c1 org.springframework.core.MethodIntrospector.selectMethods(Ljava/lang/Class;Lorg/springframework/core/MethodIntrospector$MetadataLookup;)Ljava/util/Map; (118 bytes) @ 0x00007f4c3549bda4 [0x00007f4c3549b620+0x0000000000000784]
J 9688 c1 org.springframework.context.event.EventListenerMethodProcessor.processBean(Ljava/lang/String;Ljava/lang/Class;)V (395 bytes) @ 0x00007f4c352ca0fc [0x00007f4c352c9e20+0x00000000000002dc]
j  org.springframework.context.event.EventListenerMethodProcessor.afterSingletonsInstantiated()V+218
j  org.springframework.beans.factory.support.DefaultListableBeanFactory.preInstantiateSingletons()V+329
j  org.springframework.context.support.AbstractApplicationContext.finishBeanFactoryInitialization(Lorg/springframework/beans/factory/config/ConfigurableListableBeanFactory;)V+124
j  org.springframework.context.support.AbstractApplicationContext.refresh()V+54
j  org.springframework.boot.web.servlet.context.ServletWebServerApplicationContext.refresh()V+1
j  org.springframework.boot.SpringApplication.refresh(Lorg/springframework/context/ApplicationContext;)V+10
j  org.springframework.boot.SpringApplication.refreshContext(Lorg/springframework/context/ConfigurableApplicationContext;)V+2
j  org.springframework.boot.SpringApplication.run([Ljava/lang/String;)Lorg/springframework/context/ConfigurableApplicationContext;+118
j  org.springframework.boot.SpringApplication.run([Ljava/lang/Class;[Ljava/lang/String;)Lorg/springframework/context/ConfigurableApplicationContext;+9
j  org.springframework.boot.SpringApplication.run(Ljava/lang/Class;[Ljava/lang/String;)Lorg/springframework/context/ConfigurableApplicationContext;+9
j  com.AMS.AMS.main([Ljava/lang/String;)V+3
v  ~StubRoutines::call_stub
J 2836  jdk.internal.reflect.NativeMethodAccessorImpl.invoke0(Ljava/lang/reflect/Method;Ljava/lang/Object;[Ljava/lang/Object;)Ljava/lang/Object; java.base@11.0.5 (0 bytes) @ 0x00007f4c346271c7 [0x00007f4c34627140+0x0000000000000087]
J 2230 c1 jdk.internal.reflect.NativeMethodAccessorImpl.invoke(Ljava/lang/Object;[Ljava/lang/Object;)Ljava/lang/Object; java.base@11.0.5 (104 bytes) @ 0x00007f4c344e34fc [0x00007f4c344e3140+0x00000000000003bc]
J 2206 c1 jdk.internal.reflect.DelegatingMethodAccessorImpl.invoke(Ljava/lang/Object;[Ljava/lang/Object;)Ljava/lang/Object; java.base@11.0.5 (10 bytes) @ 0x00007f4c344da224 [0x00007f4c344da1c0+0x0000000000000064]
J 2232 c1 java.lang.reflect.Method.invoke(Ljava/lang/Object;[Ljava/lang/Object;)Ljava/lang/Object; java.base@11.0.5 (65 bytes) @ 0x00007f4c344e4f84 [0x00007f4c344e4e60+0x0000000000000124]
j  org.springframework.boot.devtools.restart.RestartLauncher.run()V+41
v  ~StubRoutines::call_stub

siginfo: si_signo: 11 (SIGSEGV), si_code: 1 (SEGV_MAPERR), si_addr: 0x0000007a0000002a

Register to memory mapping:

RAX=0x00007f4c522fafa0: <offset 0x00000000013dcfa0> in /usr/lib/jvm/java-11-openjdk-amd64/lib/server/libjvm.so at 0x00007f4c50f1e000
RBX=
[error occurred during error reporting (printing register info), id 0xb, SIGSEGV (0xb) at pc=0x00007f4c5170cd8d]

Registers:
RAX=0x00007f4c522fafa0, RBX=0x000000009051b6d8, RCX=0x00000000000000e2, RDX=0x0000000800000000
RSP=0x00007f4c18ec0558, RBP=0x00007f4c18ec05e0, RSI=0x000000008ca70d20, RDI=0x00007f4bcc063c70
R8 =0x0000000000000003, R9 =0x0000000800000000, R10=0x0000000000000009, R11=0x000000000000000e
R12=0x000000008ca70d20, R13=0x0000000000000009, R14=0x00007f4bcc063b00, R15=0x0000000000000002
RIP=0x0000007a0000002a, EFLAGS=0x0000000000010206, CSGSFS=0x002b000000000033, ERR=0x0000000000000014
  TRAPNO=0x000000000000000e

Top of Stack: (sp=0x00007f4c18ec0558)
0x00007f4c18ec0558:   00007f4c5168cd1f 00007f4c18ec0590
0x00007f4c18ec0568:   00007f4c51a9b54e 0000000000000001
0x00007f4c18ec0578:   00007f4c0000000e 0000000000000009
0x00007f4c18ec0588:   000000174c011e30 0000000800076df5 

Instructions: (pc=0x0000007a0000002a)
0x00000079ffffff2a:   ?? ?? ?? ?? ?? ?? ?? ?? ?? ?? ?? ?? ?? ?? ?? ??
0x00000079ffffff3a:   ?? ?? ?? ?? ?? ?? ?? ?? ?? ?? ?? ?? ?? ?? ?? ??
0x00000079ffffff4a:   ?? ?? ?? ?? ?? ?? ?? ?? ?? ?? ?? ?? ?? ?? ?? ??
0x00000079ffffff5a:   ?? ?? ?? ?? ?? ?? ?? ?? ?? ?? ?? ?? ?? ?? ?? ??
0x00000079ffffff6a:   ?? ?? ?? ?? ?? ?? ?? ?? ?? ?? ?? ?? ?? ?? ?? ??
0x00000079ffffff7a:   ?? ?? ?? ?? ?? ?? ?? ?? ?? ?? ?? ?? ?? ?? ?? ??
0x00000079ffffff8a:   ?? ?? ?? ?? ?? ?? ?? ?? ?? ?? ?? ?? ?? ?? ?? ??
0x00000079ffffff9a:   ?? ?? ?? ?? ?? ?? ?? ?? ?? ?? ?? ?? ?? ?? ?? ??
0x00000079ffffffaa:   ?? ?? ?? ?? ?? ?? ?? ?? ?? ?? ?? ?? ?? ?? ?? ??
0x00000079ffffffba:   ?? ?? ?? ?? ?? ?? ?? ?? ?? ?? ?? ?? ?? ?? ?? ??
0x00000079ffffffca:   ?? ?? ?? ?? ?? ?? ?? ?? ?? ?? ?? ?? ?? ?? ?? ??
0x00000079ffffffda:   ?? ?? ?? ?? ?? ?? ?? ?? ?? ?? ?? ?? ?? ?? ?? ??
0x00000079ffffffea:   ?? ?? ?? ?? ?? ?? ?? ?? ?? ?? ?? ?? ?? ?? ?? ??
0x00000079fffffffa:   ?? ?? ?? ?? ?? ?? ?? ?? ?? ?? ?? ?? ?? ?? ?? ??
0x0000007a0000000a:   ?? ?? ?? ?? ?? ?? ?? ?? ?? ?? ?? ?? ?? ?? ?? ??
0x0000007a0000001a:   ?? ?? ?? ?? ?? ?? ?? ?? ?? ?? ?? ?? ?? ?? ?? ??
0x0000007a0000002a:   ?? ?? ?? ?? ?? ?? ?? ?? ?? ?? ?? ?? ?? ?? ?? ??
0x0000007a0000003a:   ?? ?? ?? ?? ?? ?? ?? ?? ?? ?? ?? ?? ?? ?? ?? ??
0x0000007a0000004a:   ?? ?? ?? ?? ?? ?? ?? ?? ?? ?? ?? ?? ?? ?? ?? ??
0x0000007a0000005a:   ?? ?? ?? ?? ?? ?? ?? ?? ?? ?? ?? ?? ?? ?? ?? ??
0x0000007a0000006a:   ?? ?? ?? ?? ?? ?? ?? ?? ?? ?? ?? ?? ?? ?? ?? ??
0x0000007a0000007a:   ?? ?? ?? ?? ?? ?? ?? ?? ?? ?? ?? ?? ?? ?? ?? ??
0x0000007a0000008a:   ?? ?? ?? ?? ?? ?? ?? ?? ?? ?? ?? ?? ?? ?? ?? ??
0x0000007a0000009a:   ?? ?? ?? ?? ?? ?? ?? ?? ?? ?? ?? ?? ?? ?? ?? ??
0x0000007a000000aa:   ?? ?? ?? ?? ?? ?? ?? ?? ?? ?? ?? ?? ?? ?? ?? ??
0x0000007a000000ba:   ?? ?? ?? ?? ?? ?? ?? ?? ?? ?? ?? ?? ?? ?? ?? ??
0x0000007a000000ca:   ?? ?? ?? ?? ?? ?? ?? ?? ?? ?? ?? ?? ?? ?? ?? ??
0x0000007a000000da:   ?? ?? ?? ?? ?? ?? ?? ?? ?? ?? ?? ?? ?? ?? ?? ??
0x0000007a000000ea:   ?? ?? ?? ?? ?? ?? ?? ?? ?? ?? ?? ?? ?? ?? ?? ??
0x0000007a000000fa:   ?? ?? ?? ?? ?? ?? ?? ?? ?? ?? ?? ?? ?? ?? ?? ??
0x0000007a0000010a:   ?? ?? ?? ?? ?? ?? ?? ?? ?? ?? ?? ?? ?? ?? ?? ??
0x0000007a0000011a:   ?? ?? ?? ?? ?? ?? ?? ?? ?? ?? ?? ?? ?? ?? ?? ?? 


Stack slot to memory mapping:
stack at sp + 0 slots: 0x00007f4c5168cd1f: <offset 0x000000000076ed1f> in /usr/lib/jvm/java-11-openjdk-amd64/lib/server/libjvm.so at 0x00007f4c50f1e000
stack at sp + 1 slots: 0x00007f4c18ec0590 points into unknown readable memory: f5 6d 07 00 08 00 00 00
stack at sp + 2 slots: 0x00007f4c51a9b54e: <offset 0x0000000000b7d54e> in /usr/lib/jvm/java-11-openjdk-amd64/lib/server/libjvm.so at 0x00007f4c50f1e000
stack at sp + 3 slots: 0x0000000000000001 is an unknown value
stack at sp + 4 slots: 0x00007f4c0000000e points into unknown readable memory: 00 00
stack at sp + 5 slots: 0x0000000000000009 is an unknown value
stack at sp + 6 slots: 0x000000174c011e30 is an unknown value
stack at sp + 7 slots: 0x0000000800076df5 is pointing into metadata


---------------  P R O C E S S  ---------------

Threads class SMR info:
_java_thread_list=0x00007f4bb8033d70, length=27, elements={
0x00007f4c4c10d800, 0x00007f4c4c117800, 0x00007f4c4c11d000, 0x00007f4c4c11f000,
0x00007f4c4c121000, 0x00007f4c4c147000, 0x00007f4c4c176000, 0x00007f4c4c53a800,
0x00007f4c4c541800, 0x00007f4c4c55a000, 0x00007f4bd0964000, 0x00007f4bd10f6000,
0x00007f4c4c017000, 0x00007f4be4010000, 0x00007f4be4009800, 0x00007f4be401b800,
0x00007f4be401d800, 0x00007f4be401e800, 0x00007f4be4020800, 0x00007f4be4023800,
0x00007f4be8008000, 0x000055611982e800, 0x00007f4bb802e000, 0x00007f4bb802e800,
0x00007f4bb8030000, 0x00007f4bcc00b000, 0x00007f4bb8039800
}

Java Threads: ( => current thread )
  0x00007f4c4c10d800 JavaThread "Reference Handler" daemon [_thread_blocked, id=23011, stack(0x00007f4c300ae000,0x00007f4c301af000)]
  0x00007f4c4c117800 JavaThread "Finalizer" daemon [_thread_blocked, id=23012, stack(0x00007f4c280af000,0x00007f4c281b0000)]
  0x00007f4c4c11d000 JavaThread "Signal Dispatcher" daemon [_thread_blocked, id=23013, stack(0x00007f4c1ad30000,0x00007f4c1ae31000)]
  0x00007f4c4c11f000 JavaThread "C1 CompilerThread0" daemon [_thread_blocked, id=23014, stack(0x00007f4c1ac2f000,0x00007f4c1ad30000)]
  0x00007f4c4c121000 JavaThread "Sweeper thread" daemon [_thread_blocked, id=23015, stack(0x00007f4c1ab2e000,0x00007f4c1ac2f000)]
  0x00007f4c4c147000 JavaThread "Common-Cleaner" daemon [_thread_blocked, id=23016, stack(0x00007f4c1aa2d000,0x00007f4c1ab2e000)]
  0x00007f4c4c176000 JavaThread "Service Thread" daemon [_thread_blocked, id=23017, stack(0x00007f4c1a92c000,0x00007f4c1aa2d000)]
  0x00007f4c4c53a800 JavaThread "RMI TCP Accept-0" daemon [_thread_in_native, id=23018, stack(0x00007f4c197d0000,0x00007f4c198d1000)]
  0x00007f4c4c541800 JavaThread "RMI TCP Accept-39695" daemon [_thread_in_native, id=23019, stack(0x00007f4c196cf000,0x00007f4c197d0000)]
  0x00007f4c4c55a000 JavaThread "RMI TCP Accept-0" daemon [_thread_in_native, id=23020, stack(0x00007f4c195ce000,0x00007f4c196cf000)]
  0x00007f4bd0964000 JavaThread "Abandoned connection cleanup thread" daemon [_thread_blocked, id=23032, stack(0x00007f4bc78ff000,0x00007f4bc7a00000)]
  0x00007f4bd10f6000 JavaThread "Live Reload Server" daemon [_thread_in_native, id=23038, stack(0x00007f4bc63cd000,0x00007f4bc64ce000)]
  0x00007f4c4c017000 JavaThread "DestroyJavaVM" [_thread_blocked, id=23004, stack(0x00007f4c53081000,0x00007f4c53182000)]
  0x00007f4be4010000 JavaThread "File Watcher" daemon [_thread_blocked, id=23549, stack(0x00007f4bc57c7000,0x00007f4bc58c8000)]
  0x00007f4be4009800 JavaThread "File Watcher" daemon [_thread_blocked, id=23668, stack(0x00007f4bc4dbd000,0x00007f4bc4ebe000)]
  0x00007f4be401b800 JavaThread "File Watcher" daemon [_thread_blocked, id=23691, stack(0x00007f4c191c7000,0x00007f4c192c8000)]
  0x00007f4be401d800 JavaThread "File Watcher" daemon [_thread_blocked, id=23747, stack(0x00007f4bc50c0000,0x00007f4bc51c1000)]
  0x00007f4be401e800 JavaThread "File Watcher" daemon [_thread_blocked, id=23774, stack(0x00007f4bc4ebe000,0x00007f4bc4fbf000)]
  0x00007f4be4020800 JavaThread "File Watcher" daemon [_thread_blocked, id=23817, stack(0x00007f4c184c0000,0x00007f4c185c1000)]
  0x00007f4be4023800 JavaThread "File Watcher" daemon [_thread_blocked, id=23844, stack(0x00007f4bc55c5000,0x00007f4bc56c6000)]
  0x00007f4be8008000 JavaThread "Thread-72" [_thread_blocked, id=24160, stack(0x00007f4bc40bc000,0x00007f4bc41bd000)]
  0x000055611982e800 JavaThread "restartedMain" [_thread_blocked, id=24163, stack(0x00007f4bab8ff000,0x00007f4baba00000)]
  0x00007f4bb802e000 JavaThread "ContainerBackgroundProcessor[StandardEngine[Tomcat-7]]" daemon [_thread_blocked, id=24165, stack(0x00007f4bc58c8000,0x00007f4bc59c9000)]
  0x00007f4bb802e800 JavaThread "container-7" [_thread_blocked, id=24166, stack(0x00007f4bc54c4000,0x00007f4bc55c5000)]
  0x00007f4bb8030000 JavaThread "HikariPool-17 housekeeper" daemon [_thread_blocked, id=24167, stack(0x00007f4bab3fa000,0x00007f4bab4fb000)]
  0x00007f4bcc00b000 JavaThread "HikariPool-17 connection adder" daemon [_thread_blocked, id=24168, stack(0x00007f4bc51c1000,0x00007f4bc52c2000)]
  0x00007f4bb8039800 JavaThread "File Watcher" daemon [_thread_blocked, id=24169, stack(0x00007f4bc56c6000,0x00007f4bc57c7000)]

Other Threads:
  0x00007f4c4c10a800 VMThread "VM Thread" [stack: 0x00007f4c301b1000,0x00007f4c302b1000] [id=23010]
  0x00007f4c4c55d000 WatcherThread [stack: 0x00007f4c194ce000,0x00007f4c195ce000] [id=23021]
  0x00007f4c4c02f800 GCTaskThread "GC Thread#0" [stack: 0x00007f4c500c8000,0x00007f4c501c8000] [id=23005]
  0x00007f4c10001000 GCTaskThread "GC Thread#1" [stack: 0x00007f4c193cc000,0x00007f4c194cc000] [id=23022]
  0x00007f4c10003800 GCTaskThread "GC Thread#2" [stack: 0x00007f4c18ec5000,0x00007f4c18fc5000] [id=23027]
=>0x00007f4c10005000 GCTaskThread "GC Thread#3" [stack: 0x00007f4c18dc3000,0x00007f4c18ec3000] [id=23028]
  0x00007f4c4c060000 ConcurrentGCThread "G1 Main Marker" [stack: 0x00007f4c30a3e000,0x00007f4c30b3e000] [id=23006]
  0x00007f4c4c061800 ConcurrentGCThread "G1 Conc#0" [stack: 0x00007f4c3093c000,0x00007f4c30a3c000] [id=23007]
  0x00007f4c4c0d8000 ConcurrentGCThread "G1 Refine#0" [stack: 0x00007f4c30436000,0x00007f4c30536000] [id=23008]
  0x00007f4c20001000 ConcurrentGCThread "G1 Refine#1" [stack: 0x00007f4c192ca000,0x00007f4c193ca000] [id=23023]
  0x00007f4c4c0da000 ConcurrentGCThread "G1 Young RemSet Sampling" [stack: 0x00007f4c30334000,0x00007f4c30434000] [id=23009]

Threads with active compile tasks:

VM state:at safepoint (normal execution)

VM Mutex/Monitor currently owned by a thread:  ([mutex/lock_event])
[0x00007f4c4c013390] Threads_lock - owner thread: 0x00007f4c4c10a800
[0x00007f4c4c013ae0] Heap_lock - owner thread: 0x000055611982e800

Heap address: 0x0000000086c00000, size: 1940 MB, Compressed Oops mode: 32-bit
Narrow klass base: 0x0000000800000000, Narrow klass shift: 3
Compressed class space size: 1073741824 Address: 0x0000000840000000

Heap:
 garbage-first heap   total 177152K, used 140690K [0x0000000086c00000, 0x0000000100000000)
  region size 1024K, 46 young (47104K), 3 survivors (3072K)
 Metaspace       used 76396K, capacity 80261K, committed 80552K, reserved 1120256K
  class space    used 9430K, capacity 10809K, committed 10828K, reserved 1048576K
Heap Regions: E=young(eden), S=young(survivor), O=old, HS=humongous(starts), HC=humongous(continues), CS=collection set, F=free, A=archive, TAMS=top-at-mark-start (previous, next)
|   0|0x0000000086c00000, 0x0000000086d00000, 0x0000000086d00000|100%|HS|  |TAMS 0x0000000086d00000, 0x0000000086d00000| Complete 
|   1|0x0000000086d00000, 0x0000000086dffff8, 0x0000000086e00000| 99%| O|  |TAMS 0x0000000086dffff8, 0x0000000086dffff8| Untracked 
|   2|0x0000000086e00000, 0x0000000086efffe8, 0x0000000086f00000| 99%| O|  |TAMS 0x0000000086efffe8, 0x0000000086efffe8| Untracked 
|   3|0x0000000086f00000, 0x0000000086fffff8, 0x0000000087000000| 99%| O|  |TAMS 0x0000000086fffff8, 0x0000000086fffff8| Untracked 
|   4|0x0000000087000000, 0x00000000870fff88, 0x0000000087100000| 99%| O|  |TAMS 0x00000000870fff88, 0x00000000870fff88| Untracked 
|   5|0x0000000087100000, 0x00000000871ffff8, 0x0000000087200000| 99%| O|  |TAMS 0x00000000871ffff8, 0x00000000871ffff8| Untracked 
|   6|0x0000000087200000, 0x00000000872fffc8, 0x0000000087300000| 99%| O|  |TAMS 0x00000000872fffc8, 0x00000000872fffc8| Untracked 
|   7|0x0000000087300000, 0x00000000873ffff8, 0x0000000087400000| 99%| O|  |TAMS 0x00000000873ffff8, 0x00000000873ffff8| Untracked 
|   8|0x0000000087400000, 0x00000000874fffb8, 0x0000000087500000| 99%| O|  |TAMS 0x00000000874fffb8, 0x00000000874fffb8| Untracked 
|   9|0x0000000087500000, 0x00000000875ffff8, 0x0000000087600000| 99%| O|  |TAMS 0x00000000875ffff8, 0x00000000875ffff8| Untracked 
|  10|0x0000000087600000, 0x00000000876ffff0, 0x0000000087700000| 99%| O|  |TAMS 0x00000000876ffff0, 0x00000000876ffff0| Untracked 
|  11|0x0000000087700000, 0x0000000087800000, 0x0000000087800000|100%| O|  |TAMS 0x0000000087800000, 0x0000000087800000| Untracked 
|  12|0x0000000087800000, 0x00000000878fff98, 0x0000000087900000| 99%| O|  |TAMS 0x00000000878fff98, 0x00000000878fff98| Untracked 
|  13|0x0000000087900000, 0x00000000879ffce0, 0x0000000087a00000| 99%| O|  |TAMS 0x00000000879ffce0, 0x00000000879ffce0| Untracked 
|  14|0x0000000087a00000, 0x0000000087affff8, 0x0000000087b00000| 99%| O|  |TAMS 0x0000000087affff8, 0x0000000087affff8| Untracked 
|  15|0x0000000087b00000, 0x0000000087bfffb8, 0x0000000087c00000| 99%| O|  |TAMS 0x0000000087bfffb8, 0x0000000087bfffb8| Untracked 
|  16|0x0000000087c00000, 0x0000000087cfffd0, 0x0000000087d00000| 99%| O|  |TAMS 0x0000000087cfffd0, 0x0000000087cfffd0| Untracked 
|  17|0x0000000087d00000, 0x0000000087dffff0, 0x0000000087e00000| 99%| O|  |TAMS 0x0000000087dffff0, 0x0000000087dffff0| Untracked 
|  18|0x0000000087e00000, 0x0000000087efffb0, 0x0000000087f00000| 99%| O|  |TAMS 0x0000000087efffb0, 0x0000000087efffb0| Untracked 
|  19|0x0000000087f00000, 0x0000000087fffe28, 0x0000000088000000| 99%| O|  |TAMS 0x0000000087fffe28, 0x0000000087fffe28| Untracked 
|  20|0x0000000088000000, 0x00000000880ffff8, 0x0000000088100000| 99%| O|  |TAMS 0x00000000880ffff8, 0x00000000880ffff8| Untracked 
|  21|0x0000000088100000, 0x00000000881ffff8, 0x0000000088200000| 99%| O|  |TAMS 0x00000000881ffff8, 0x00000000881ffff8| Untracked 
|  22|0x0000000088200000, 0x00000000882ffff0, 0x0000000088300000| 99%| O|  |TAMS 0x00000000882ffff0, 0x00000000882ffff0| Untracked 
|  23|0x0000000088300000, 0x00000000883ffff8, 0x0000000088400000| 99%| O|  |TAMS 0x00000000883ffff8, 0x00000000883ffff8| Untracked 
|  24|0x0000000088400000, 0x00000000884fffd0, 0x0000000088500000| 99%| O|  |TAMS 0x00000000884fffd0, 0x00000000884fffd0| Untracked 
|  25|0x0000000088500000, 0x0000000088600000, 0x0000000088600000|100%| O|  |TAMS 0x0000000088600000, 0x0000000088600000| Untracked 
|  26|0x0000000088600000, 0x00000000886ffff8, 0x0000000088700000| 99%| O|  |TAMS 0x00000000886ffff8, 0x00000000886ffff8| Untracked 
|  27|0x0000000088700000, 0x00000000887ffff8, 0x0000000088800000| 99%| O|  |TAMS 0x00000000887ffff8, 0x00000000887ffff8| Untracked 
|  28|0x0000000088800000, 0x00000000888ffff8, 0x0000000088900000| 99%| O|  |TAMS 0x00000000888ffff8, 0x00000000888ffff8| Untracked 
|  29|0x0000000088900000, 0x0000000088a00000, 0x0000000088a00000|100%| O|  |TAMS 0x0000000088a00000, 0x0000000088a00000| Untracked 
|  30|0x0000000088a00000, 0x0000000088affff0, 0x0000000088b00000| 99%| O|  |TAMS 0x0000000088affff0, 0x0000000088affff0| Untracked 
|  31|0x0000000088b00000, 0x0000000088bffff8, 0x0000000088c00000| 99%| O|  |TAMS 0x0000000088bffff8, 0x0000000088bffff8| Untracked 
|  32|0x0000000088c00000, 0x0000000088cffff0, 0x0000000088d00000| 99%| O|  |TAMS 0x0000000088cffff0, 0x0000000088cffff0| Untracked 
|  33|0x0000000088d00000, 0x0000000088dfffe8, 0x0000000088e00000| 99%| O|  |TAMS 0x0000000088dfffe8, 0x0000000088dfffe8| Untracked 
|  34|0x0000000088e00000, 0x0000000088efffe0, 0x0000000088f00000| 99%| O|  |TAMS 0x0000000088efffe0, 0x0000000088efffe0| Untracked 
|  35|0x0000000088f00000, 0x0000000088ffffe0, 0x0000000089000000| 99%| O|  |TAMS 0x0000000088ffffe0, 0x0000000088ffffe0| Untracked 
|  36|0x0000000089000000, 0x0000000089100000, 0x0000000089100000|100%| O|  |TAMS 0x0000000089100000, 0x0000000089100000| Untracked 
|  37|0x0000000089100000, 0x00000000891ffff8, 0x0000000089200000| 99%| O|  |TAMS 0x00000000891ffff8, 0x00000000891ffff8| Untracked 
|  38|0x0000000089200000, 0x00000000892fffe0, 0x0000000089300000| 99%| O|  |TAMS 0x00000000892fffe0, 0x00000000892fffe0| Untracked 
|  39|0x0000000089300000, 0x00000000893ffff0, 0x0000000089400000| 99%| O|  |TAMS 0x00000000893ffff0, 0x00000000893ffff0| Untracked 
|  40|0x0000000089400000, 0x00000000894ffff8, 0x0000000089500000| 99%| O|  |TAMS 0x00000000894ffff8, 0x00000000894ffff8| Untracked 
|  41|0x0000000089500000, 0x00000000895fffe8, 0x0000000089600000| 99%| O|  |TAMS 0x00000000895fffe8, 0x00000000895fffe8| Untracked 
|  42|0x0000000089600000, 0x00000000896fffe8, 0x0000000089700000| 99%| O|  |TAMS 0x00000000896fffe8, 0x00000000896fffe8| Untracked 
|  43|0x0000000089700000, 0x00000000897ffff0, 0x0000000089800000| 99%| O|  |TAMS 0x00000000897ffff0, 0x00000000897ffff0| Untracked 
|  44|0x0000000089800000, 0x00000000898fffe0, 0x0000000089900000| 99%| O|  |TAMS 0x00000000898fffe0, 0x00000000898fffe0| Untracked 
|  45|0x0000000089900000, 0x00000000899ffff0, 0x0000000089a00000| 99%| O|  |TAMS 0x00000000899ffff0, 0x00000000899ffff0| Untracked 
|  46|0x0000000089a00000, 0x0000000089afffe8, 0x0000000089b00000| 99%| O|  |TAMS 0x0000000089afffe8, 0x0000000089afffe8| Untracked 
|  47|0x0000000089b00000, 0x0000000089bfffe0, 0x0000000089c00000| 99%| O|  |TAMS 0x0000000089bfffe0, 0x0000000089bfffe0| Untracked 
|  48|0x0000000089c00000, 0x0000000089cffff0, 0x0000000089d00000| 99%| O|  |TAMS 0x0000000089cffff0, 0x0000000089cffff0| Untracked 
|  49|0x0000000089d00000, 0x0000000089e00000, 0x0000000089e00000|100%| O|  |TAMS 0x0000000089e00000, 0x0000000089e00000| Untracked 
|  50|0x0000000089e00000, 0x0000000089efffb8, 0x0000000089f00000| 99%| O|  |TAMS 0x0000000089efffb8, 0x0000000089efffb8| Untracked 
|  51|0x0000000089f00000, 0x0000000089fffff8, 0x000000008a000000| 99%| O|  |TAMS 0x0000000089fffff8, 0x0000000089fffff8| Untracked 
|  52|0x000000008a000000, 0x000000008a0ffff0, 0x000000008a100000| 99%| O|  |TAMS 0x000000008a0ffff0, 0x000000008a0ffff0| Untracked 
|  53|0x000000008a100000, 0x000000008a1ffff8, 0x000000008a200000| 99%| O|  |TAMS 0x000000008a1ffff8, 0x000000008a1ffff8| Untracked 
|  54|0x000000008a200000, 0x000000008a2fffe8, 0x000000008a300000| 99%| O|  |TAMS 0x000000008a2fffe8, 0x000000008a2fffe8| Untracked 
|  55|0x000000008a300000, 0x000000008a3ffff0, 0x000000008a400000| 99%| O|  |TAMS 0x000000008a3ffff0, 0x000000008a3ffff0| Untracked 
|  56|0x000000008a400000, 0x000000008a4ffff0, 0x000000008a500000| 99%| O|  |TAMS 0x000000008a4ffff0, 0x000000008a4ffff0| Untracked 
|  57|0x000000008a500000, 0x000000008a600000, 0x000000008a600000|100%| O|  |TAMS 0x000000008a600000, 0x000000008a600000| Untracked 
|  58|0x000000008a600000, 0x000000008a6ffff0, 0x000000008a700000| 99%| O|  |TAMS 0x000000008a6ffff0, 0x000000008a6ffff0| Untracked 
|  59|0x000000008a700000, 0x000000008a7ffff8, 0x000000008a800000| 99%| O|  |TAMS 0x000000008a7ffff8, 0x000000008a7ffff8| Untracked 
|  60|0x000000008a800000, 0x000000008a900000, 0x000000008a900000|100%| O|  |TAMS 0x000000008a900000, 0x000000008a900000| Untracked 
|  61|0x000000008a900000, 0x000000008aa00000, 0x000000008aa00000|100%| O|  |TAMS 0x000000008aa00000, 0x000000008aa00000| Untracked 
|  62|0x000000008aa00000, 0x000000008aafffd8, 0x000000008ab00000| 99%| O|  |TAMS 0x000000008aafffd8, 0x000000008aafffd8| Untracked 
|  63|0x000000008ab00000, 0x000000008abfffd0, 0x000000008ac00000| 99%| O|  |TAMS 0x000000008abfffd0, 0x000000008abfffd0| Untracked 
|  64|0x000000008ac00000, 0x000000008acffff8, 0x000000008ad00000| 99%| O|  |TAMS 0x000000008acffff8, 0x000000008acffff8| Untracked 
|  65|0x000000008ad00000, 0x000000008adffff8, 0x000000008ae00000| 99%| O|  |TAMS 0x000000008adffff8, 0x000000008adffff8| Untracked 
|  66|0x000000008ae00000, 0x000000008aefffe8, 0x000000008af00000| 99%| O|  |TAMS 0x000000008aefffe8, 0x000000008aefffe8| Untracked 
|  67|0x000000008af00000, 0x000000008afffff8, 0x000000008b000000| 99%| O|  |TAMS 0x000000008afffff8, 0x000000008afffff8| Untracked 
|  68|0x000000008b000000, 0x000000008b0ffff0, 0x000000008b100000| 99%| O|  |TAMS 0x000000008b0ffff0, 0x000000008b0ffff0| Untracked 
|  69|0x000000008b100000, 0x000000008b200000, 0x000000008b200000|100%| O|  |TAMS 0x000000008b200000, 0x000000008b200000| Untracked 
|  70|0x000000008b200000, 0x000000008b300000, 0x000000008b300000|100%| O|  |TAMS 0x000000008b300000, 0x000000008b300000| Untracked 
|  71|0x000000008b300000, 0x000000008b3fffe0, 0x000000008b400000| 99%| O|  |TAMS 0x000000008b3fffe0, 0x000000008b3fffe0| Untracked 
|  72|0x000000008b400000, 0x000000008b4ff040, 0x000000008b500000| 99%| O|  |TAMS 0x000000008b4ff040, 0x000000008b4ff040| Untracked 
|  73|0x000000008b500000, 0x000000008b600000, 0x000000008b600000|100%| O|  |TAMS 0x000000008b600000, 0x000000008b600000| Untracked 
|  74|0x000000008b600000, 0x000000008b6ffff0, 0x000000008b700000| 99%| O|  |TAMS 0x000000008b6ffff0, 0x000000008b6ffff0| Untracked 
|  75|0x000000008b700000, 0x000000008b7fffe8, 0x000000008b800000| 99%| O|  |TAMS 0x000000008b7fffe8, 0x000000008b7fffe8| Untracked 
|  76|0x000000008b800000, 0x000000008b8ffff0, 0x000000008b900000| 99%| O|  |TAMS 0x000000008b8ffff0, 0x000000008b8ffff0| Untracked 
|  77|0x000000008b900000, 0x000000008b9ffff0, 0x000000008ba00000| 99%| O|  |TAMS 0x000000008b9ffff0, 0x000000008b9ffff0| Untracked 
|  78|0x000000008ba00000, 0x000000008bafffe8, 0x000000008bb00000| 99%| O|  |TAMS 0x000000008bafffe8, 0x000000008bafffe8| Untracked 
|  79|0x000000008bb00000, 0x000000008bbfffe8, 0x000000008bc00000| 99%| O|  |TAMS 0x000000008bbfffe8, 0x000000008bbfffe8| Untracked 
|  80|0x000000008bc00000, 0x000000008bd00000, 0x000000008bd00000|100%| O|  |TAMS 0x000000008bd00000, 0x000000008bd00000| Untracked 
|  81|0x000000008bd00000, 0x000000008bdf18a0, 0x000000008be00000| 94%| O|  |TAMS 0x000000008bdf18a0, 0x000000008bdf18a0| Untracked 
|  82|0x000000008be00000, 0x000000008beffff0, 0x000000008bf00000| 99%| O|  |TAMS 0x000000008beffff0, 0x000000008beffff0| Untracked 
|  83|0x000000008bf00000, 0x000000008bffa738, 0x000000008c000000| 97%| O|  |TAMS 0x000000008bffa738, 0x000000008bffa738| Untracked 
|  84|0x000000008c000000, 0x000000008c0fffe8, 0x000000008c100000| 99%| O|  |TAMS 0x000000008c0fffe8, 0x000000008c0fffe8| Untracked 
|  85|0x000000008c100000, 0x000000008c200000, 0x000000008c200000|100%| O|  |TAMS 0x000000008c200000, 0x000000008c200000| Untracked 
|  86|0x000000008c200000, 0x000000008c289fc8, 0x000000008c300000| 53%| O|  |TAMS 0x000000008c289fc8, 0x000000008c289fc8| Untracked 
|  87|0x000000008c300000, 0x000000008c33f570, 0x000000008c400000| 24%| O|  |TAMS 0x000000008c33f570, 0x000000008c33f570| Untracked 
|  88|0x000000008c400000, 0x000000008c402638, 0x000000008c500000|  0%| O|  |TAMS 0x000000008c402638, 0x000000008c402638| Untracked 
|  89|0x000000008c500000, 0x000000008c600000, 0x000000008c600000|100%| O|  |TAMS 0x000000008c500000, 0x000000008c600000| Untracked 
|  90|0x000000008c600000, 0x000000008c700000, 0x000000008c700000|100%| O|  |TAMS 0x000000008c600000, 0x000000008c700000| Untracked 
|  91|0x000000008c700000, 0x000000008c800000, 0x000000008c800000|100%| O|  |TAMS 0x000000008c700000, 0x000000008c800000| Untracked 
|  92|0x000000008c800000, 0x000000008c900000, 0x000000008c900000|100%| O|  |TAMS 0x000000008c800000, 0x000000008c900000| Untracked 
|  93|0x000000008c900000, 0x000000008ca00000, 0x000000008ca00000|100%| O|  |TAMS 0x000000008c900000, 0x000000008ca00000| Untracked 
|  94|0x000000008ca00000, 0x000000008ca70f50, 0x000000008cb00000| 44%| O|  |TAMS 0x000000008ca00000, 0x000000008cb00000| Untracked 
|  95|0x000000008cb00000, 0x000000008cb00000, 0x000000008cc00000|  0%| F|  |TAMS 0x000000008cb00000, 0x000000008cb00000| Untracked 
|  96|0x000000008cc00000, 0x000000008cc00000, 0x000000008cd00000|  0%| F|  |TAMS 0x000000008cc00000, 0x000000008cc00000| Untracked 
|  97|0x000000008cd00000, 0x000000008cd00000, 0x000000008ce00000|  0%| F|  |TAMS 0x000000008cd00000, 0x000000008cd00000| Untracked 
|  98|0x000000008ce00000, 0x000000008ce00000, 0x000000008cf00000|  0%| F|  |TAMS 0x000000008ce00000, 0x000000008ce00000| Untracked 
|  99|0x000000008cf00000, 0x000000008cf00000, 0x000000008d000000|  0%| F|  |TAMS 0x000000008cf00000, 0x000000008cf00000| Untracked 
| 100|0x000000008d000000, 0x000000008d000000, 0x000000008d100000|  0%| F|  |TAMS 0x000000008d000000, 0x000000008d000000| Untracked 
| 101|0x000000008d100000, 0x000000008d100000, 0x000000008d200000|  0%| F|  |TAMS 0x000000008d100000, 0x000000008d100000| Untracked 
| 102|0x000000008d200000, 0x000000008d200000, 0x000000008d300000|  0%| F|  |TAMS 0x000000008d200000, 0x000000008d200000| Untracked 
| 103|0x000000008d300000, 0x000000008d300000, 0x000000008d400000|  0%| F|  |TAMS 0x000000008d300000, 0x000000008d300000| Untracked 
| 104|0x000000008d400000, 0x000000008d400000, 0x000000008d500000|  0%| F|  |TAMS 0x000000008d400000, 0x000000008d400000| Untracked 
| 105|0x000000008d500000, 0x000000008d500000, 0x000000008d600000|  0%| F|  |TAMS 0x000000008d500000, 0x000000008d500000| Untracked 
| 106|0x000000008d600000, 0x000000008d600000, 0x000000008d700000|  0%| F|  |TAMS 0x000000008d600000, 0x000000008d600000| Untracked 
| 107|0x000000008d700000, 0x000000008d700000, 0x000000008d800000|  0%| F|  |TAMS 0x000000008d700000, 0x000000008d700000| Untracked 
| 108|0x000000008d800000, 0x000000008d800000, 0x000000008d900000|  0%| F|  |TAMS 0x000000008d800000, 0x000000008d800000| Untracked 
| 109|0x000000008d900000, 0x000000008d900000, 0x000000008da00000|  0%| F|  |TAMS 0x000000008d900000, 0x000000008d900000| Untracked 
| 110|0x000000008da00000, 0x000000008da00000, 0x000000008db00000|  0%| F|  |TAMS 0x000000008da00000, 0x000000008da00000| Untracked 
| 111|0x000000008db00000, 0x000000008db00000, 0x000000008dc00000|  0%| F|  |TAMS 0x000000008db00000, 0x000000008db00000| Untracked 
| 112|0x000000008dc00000, 0x000000008dc00000, 0x000000008dd00000|  0%| F|  |TAMS 0x000000008dc00000, 0x000000008dc00000| Untracked 
| 113|0x000000008dd00000, 0x000000008dd00000, 0x000000008de00000|  0%| F|  |TAMS 0x000000008dd00000, 0x000000008dd00000| Untracked 
| 114|0x000000008de00000, 0x000000008de00000, 0x000000008df00000|  0%| F|  |TAMS 0x000000008de00000, 0x000000008de00000| Untracked 
| 115|0x000000008df00000, 0x000000008e000000, 0x000000008e000000|100%| E|CS|TAMS 0x000000008df00000, 0x000000008e000000| Complete 
| 116|0x000000008e000000, 0x000000008e100000, 0x000000008e100000|100%| E|CS|TAMS 0x000000008e000000, 0x000000008e100000| Complete 
| 117|0x000000008e100000, 0x000000008e200000, 0x000000008e200000|100%| E|CS|TAMS 0x000000008e100000, 0x000000008e200000| Complete 
| 118|0x000000008e200000, 0x000000008e300000, 0x000000008e300000|100%| E|CS|TAMS 0x000000008e200000, 0x000000008e300000| Complete 
| 119|0x000000008e300000, 0x000000008e400000, 0x000000008e400000|100%| E|CS|TAMS 0x000000008e300000, 0x000000008e400000| Complete 
| 120|0x000000008e400000, 0x000000008e400000, 0x000000008e500000|  0%| F|  |TAMS 0x000000008e400000, 0x000000008e400000| Untracked 
| 121|0x000000008e500000, 0x000000008e500000, 0x000000008e600000|  0%| F|  |TAMS 0x000000008e500000, 0x000000008e500000| Untracked 
| 122|0x000000008e600000, 0x000000008e600000, 0x000000008e700000|  0%| F|  |TAMS 0x000000008e600000, 0x000000008e600000| Untracked 
| 123|0x000000008e700000, 0x000000008e800000, 0x000000008e800000|100%| E|CS|TAMS 0x000000008e700000, 0x000000008e800000| Complete 
| 124|0x000000008e800000, 0x000000008e900000, 0x000000008e900000|100%| E|CS|TAMS 0x000000008e800000, 0x000000008e900000| Complete 
| 125|0x000000008e900000, 0x000000008e9a9740, 0x000000008ea00000| 66%| S|  |TAMS 0x000000008e900000, 0x000000008e900000| Complete 
| 126|0x000000008ea00000, 0x000000008eb00000, 0x000000008eb00000|100%| S|  |TAMS 0x000000008ea00000, 0x000000008ea00000| Complete 
| 127|0x000000008eb00000, 0x000000008ec00000, 0x000000008ec00000|100%| S|  |TAMS 0x000000008eb00000, 0x000000008eb00000| Complete 
| 128|0x000000008ec00000, 0x000000008ed00000, 0x000000008ed00000|100%| E|CS|TAMS 0x000000008ec00000, 0x000000008ed00000| Complete 
| 129|0x000000008ed00000, 0x000000008ee00000, 0x000000008ee00000|100%| E|CS|TAMS 0x000000008ed00000, 0x000000008ee00000| Complete 
| 130|0x000000008ee00000, 0x000000008ef00000, 0x000000008ef00000|100%| E|CS|TAMS 0x000000008ee00000, 0x000000008ef00000| Complete 
| 131|0x000000008ef00000, 0x000000008f000000, 0x000000008f000000|100%| E|CS|TAMS 0x000000008ef00000, 0x000000008f000000| Complete 
| 132|0x000000008f000000, 0x000000008f100000, 0x000000008f100000|100%| E|CS|TAMS 0x000000008f000000, 0x000000008f100000| Complete 
| 133|0x000000008f100000, 0x000000008f200000, 0x000000008f200000|100%| E|CS|TAMS 0x000000008f100000, 0x000000008f200000| Complete 
| 134|0x000000008f200000, 0x000000008f300000, 0x000000008f300000|100%| E|CS|TAMS 0x000000008f200000, 0x000000008f300000| Complete 
| 135|0x000000008f300000, 0x000000008f400000, 0x000000008f400000|100%| E|CS|TAMS 0x000000008f300000, 0x000000008f400000| Complete 
| 136|0x000000008f400000, 0x000000008f500000, 0x000000008f500000|100%| E|CS|TAMS 0x000000008f400000, 0x000000008f500000| Complete 
| 137|0x000000008f500000, 0x000000008f600000, 0x000000008f600000|100%| E|CS|TAMS 0x000000008f500000, 0x000000008f600000| Complete 
| 138|0x000000008f600000, 0x000000008f700000, 0x000000008f700000|100%| E|CS|TAMS 0x000000008f600000, 0x000000008f700000| Complete 
| 139|0x000000008f700000, 0x000000008f800000, 0x000000008f800000|100%| E|CS|TAMS 0x000000008f700000, 0x000000008f800000| Complete 
| 140|0x000000008f800000, 0x000000008f900000, 0x000000008f900000|100%| E|CS|TAMS 0x000000008f800000, 0x000000008f900000| Complete 
| 141|0x000000008f900000, 0x000000008fa00000, 0x000000008fa00000|100%| E|CS|TAMS 0x000000008f900000, 0x000000008fa00000| Complete 
| 142|0x000000008fa00000, 0x000000008fb00000, 0x000000008fb00000|100%| E|CS|TAMS 0x000000008fa00000, 0x000000008fb00000| Complete 
| 143|0x000000008fb00000, 0x000000008fc00000, 0x000000008fc00000|100%| E|CS|TAMS 0x000000008fb00000, 0x000000008fc00000| Complete 
| 144|0x000000008fc00000, 0x000000008fd00000, 0x000000008fd00000|100%| E|CS|TAMS 0x000000008fc00000, 0x000000008fd00000| Complete 
| 145|0x000000008fd00000, 0x000000008fe00000, 0x000000008fe00000|100%| E|CS|TAMS 0x000000008fd00000, 0x000000008fe00000| Complete 
| 146|0x000000008fe00000, 0x000000008ff00000, 0x000000008ff00000|100%| E|CS|TAMS 0x000000008fe00000, 0x000000008ff00000| Complete 
| 147|0x000000008ff00000, 0x0000000090000000, 0x0000000090000000|100%| E|CS|TAMS 0x000000008ff00000, 0x0000000090000000| Complete 
| 148|0x0000000090000000, 0x0000000090100000, 0x0000000090100000|100%| E|CS|TAMS 0x0000000090000000, 0x0000000090100000| Complete 
| 149|0x0000000090100000, 0x0000000090200000, 0x0000000090200000|100%| E|CS|TAMS 0x0000000090100000, 0x0000000090200000| Complete 
| 150|0x0000000090200000, 0x0000000090300000, 0x0000000090300000|100%| E|CS|TAMS 0x0000000090200000, 0x0000000090300000| Complete 
| 151|0x0000000090300000, 0x0000000090400000, 0x0000000090400000|100%| E|CS|TAMS 0x0000000090300000, 0x0000000090400000| Complete 
| 152|0x0000000090400000, 0x0000000090500000, 0x0000000090500000|100%| E|CS|TAMS 0x0000000090400000, 0x0000000090500000| Complete 
| 153|0x0000000090500000, 0x0000000090600000, 0x0000000090600000|100%| E|CS|TAMS 0x0000000090500000, 0x0000000090600000| Complete 
| 154|0x0000000090600000, 0x0000000090700000, 0x0000000090700000|100%| E|CS|TAMS 0x0000000090600000, 0x0000000090700000| Complete 
| 155|0x0000000090700000, 0x0000000090800000, 0x0000000090800000|100%| E|CS|TAMS 0x0000000090700000, 0x0000000090800000| Complete 
| 156|0x0000000090800000, 0x0000000090900000, 0x0000000090900000|100%| E|CS|TAMS 0x0000000090800000, 0x0000000090900000| Complete 
| 157|0x0000000090900000, 0x0000000090a00000, 0x0000000090a00000|100%| E|CS|TAMS 0x0000000090900000, 0x0000000090a00000| Complete 
| 158|0x0000000090a00000, 0x0000000090b00000, 0x0000000090b00000|100%| E|CS|TAMS 0x0000000090a00000, 0x0000000090b00000| Complete 
| 159|0x0000000090b00000, 0x0000000090c00000, 0x0000000090c00000|100%| E|CS|TAMS 0x0000000090b00000, 0x0000000090c00000| Complete 
| 160|0x0000000090c00000, 0x0000000090d00000, 0x0000000090d00000|100%| E|CS|TAMS 0x0000000090c00000, 0x0000000090d00000| Complete 
| 161|0x0000000090d00000, 0x0000000090e00000, 0x0000000090e00000|100%| E|CS|TAMS 0x0000000090d00000, 0x0000000090e00000| Complete 
| 162|0x0000000090e00000, 0x0000000090f00000, 0x0000000090f00000|100%| E|CS|TAMS 0x0000000090e00000, 0x0000000090f00000| Complete 
| 163|0x0000000090f00000, 0x0000000091000000, 0x0000000091000000|100%| E|CS|TAMS 0x0000000090f00000, 0x0000000091000000| Complete 
| 164|0x0000000091000000, 0x0000000091100000, 0x0000000091100000|100%| E|CS|TAMS 0x0000000091000000, 0x0000000091100000| Complete 
| 165|0x0000000091100000, 0x0000000091200000, 0x0000000091200000|100%| E|CS|TAMS 0x0000000091100000, 0x0000000091200000| Complete 
| 166|0x0000000091200000, 0x0000000091300000, 0x0000000091300000|100%| E|CS|TAMS 0x0000000091200000, 0x0000000091300000| Complete 
| 167|0x0000000091300000, 0x0000000091400000, 0x0000000091400000|100%| E|CS|TAMS 0x0000000091300000, 0x0000000091400000| Complete 
| 168|0x0000000091400000, 0x0000000091500000, 0x0000000091500000|100%| E|CS|TAMS 0x0000000091400000, 0x0000000091500000| Complete 
| 169|0x0000000091500000, 0x0000000091600000, 0x0000000091600000|100%| E|CS|TAMS 0x0000000091500000, 0x0000000091600000| Complete 
| 170|0x0000000091600000, 0x0000000091700000, 0x0000000091700000|100%| E|CS|TAMS 0x0000000091600000, 0x0000000091700000| Complete 
|1938|0x00000000ffe00000, 0x00000000ffe44000, 0x00000000fff00000| 26%|OA|  |TAMS 0x00000000ffe44000, 0x00000000ffe44000| Untracked 
|1939|0x00000000fff00000, 0x00000000fff6a000, 0x0000000100000000| 41%|CA|  |TAMS 0x00000000fff6a000, 0x00000000fff6a000| Untracked 

Card table byte_map: [0x00007f4c32d58000,0x00007f4c33122000] _byte_map_base: 0x00007f4c32922000

Marking Bits (Prev, Next): (CMBitMap*) 0x00007f4c4c057458, (CMBitMap*) 0x00007f4c4c057490
 Prev Bits: [0x00007f4c30b3e000, 0x00007f4c3298e000)
 Next Bits: [0x00007f4c2a1b0000, 0x00007f4c2c000000)

Polling page: 0x00007f4c531a4000

Metaspace:

Usage:
  Non-class:     67.82 MB capacity,    65.40 MB ( 96%) used,     2.15 MB (  3%) free+waste,   284.75 KB ( <1%) overhead. 
      Class:     10.56 MB capacity,     9.21 MB ( 87%) used,     1.21 MB ( 11%) free+waste,   138.00 KB (  1%) overhead. 
       Both:     78.38 MB capacity,    74.61 MB ( 95%) used,     3.36 MB (  4%) free+waste,   422.75 KB ( <1%) overhead. 

Virtual space:
  Non-class space:       70.00 MB reserved,      68.09 MB ( 97%) committed 
      Class space:        1.00 GB reserved,      10.57 MB (  1%) committed 
             Both:        1.07 GB reserved,      78.66 MB (  7%) committed 

Chunk freelists:
   Non-Class:  104.00 KB
       Class:  7.00 KB
        Both:  111.00 KB

MaxMetaspaceSize: unlimited
CompressedClassSpaceSize: 1.00 GB

CodeHeap 'non-profiled nmethods': size=238948Kb used=28661Kb max_used=28661Kb free=210286Kb
 bounds [0x00007f4c3416a000, 0x00007f4c35d7a000, 0x00007f4c42ac3000]
CodeHeap 'non-nmethods': size=6812Kb used=1280Kb max_used=1280Kb free=5531Kb
 bounds [0x00007f4c33ac3000, 0x00007f4c33d33000, 0x00007f4c3416a000]
 total_blobs=15841 nmethods=14951 adapters=608
 compilation: enabled
              stopped_count=0, restarted_count=0
 full_count=0

Compilation events (20 events):
Event: 1034.221 Thread 0x00007f4c4c11f000 15136   !   1       jdk.internal.reflect.GeneratedMethodAccessor89::invoke (66 bytes)
Event: 1034.221 Thread 0x00007f4c4c11f000 nmethod 15136 0x00007f4c35d61190 code [0x00007f4c35d613c0, 0x00007f4c35d618b8]
Event: 1034.231 Thread 0x00007f4c4c11f000 15137       1       sun.reflect.generics.parser.SignatureParser::parseFormalTypeParameters (119 bytes)
Event: 1034.232 Thread 0x00007f4c4c11f000 nmethod 15137 0x00007f4c35d61b90 code [0x00007f4c35d61e80, 0x00007f4c35d62a78]
Event: 1034.245 Thread 0x00007f4c4c11f000 15138       1       org.springframework.data.repository.core.support.RepositoryFactorySupport::getRepositoryComposition (36 bytes)
Event: 1034.247 Thread 0x00007f4c4c11f000 nmethod 15138 0x00007f4c35d63110 code [0x00007f4c35d635e0, 0x00007f4c35d65458]
Event: 1034.247 Thread 0x00007f4c4c11f000 15139       1       org.springframework.data.repository.core.support.RepositoryFactorySupport::getRepositoryComposition (37 bytes)
Event: 1034.249 Thread 0x00007f4c4c11f000 nmethod 15139 0x00007f4c35d66110 code [0x00007f4c35d663c0, 0x00007f4c35d672f8]
Event: 1034.249 Thread 0x00007f4c4c11f000 15140       1       org.springframework.data.repository.core.support.RepositoryComposition::empty (4 bytes)
Event: 1034.249 Thread 0x00007f4c4c11f000 nmethod 15140 0x00007f4c34bdd790 code [0x00007f4c34bdd940, 0x00007f4c34bdda30]
Event: 1034.249 Thread 0x00007f4c4c11f000 15141       1       org.springframework.data.repository.core.support.MethodLookups::forRepositoryTypes (17 bytes)
Event: 1034.249 Thread 0x00007f4c4c11f000 nmethod 15141 0x00007f4c35d67790 code [0x00007f4c35d67960, 0x00007f4c35d67d08]
Event: 1034.249 Thread 0x00007f4c4c11f000 15142       1       org.springframework.data.repository.core.support.MethodLookups$RepositoryAwareMethodLookup::<init> (47 bytes)
Event: 1034.250 Thread 0x00007f4c4c11f000 nmethod 15142 0x00007f4c35d67e90 code [0x00007f4c35d680a0, 0x00007f4c35d68578]
Event: 1034.250 Thread 0x00007f4c4c11f000 15143       1       org.springframework.data.repository.core.support.MethodLookup::and (14 bytes)
Event: 1034.250 Thread 0x00007f4c4c11f000 nmethod 15143 0x00007f4c35d68710 code [0x00007f4c35d688e0, 0x00007f4c35d68c28]
Event: 1034.250 Thread 0x00007f4c4c11f000 15144   !   1       org.springframework.context.annotation.ConfigurationClassEnhancer$BeanMethodInterceptor::resolveBeanReference (378 bytes)
Event: 1034.254 Thread 0x00007f4c4c11f000 nmethod 15144 0x00007f4c35d68d90 code [0x00007f4c35d692a0, 0x00007f4c35d6b128]
Event: 1034.276 Thread 0x00007f4c4c11f000 15145       1       org.springframework.web.util.UrlPathHelper::<init> (26 bytes)
Event: 1034.277 Thread 0x00007f4c4c11f000 nmethod 15145 0x00007f4c35d6cb90 code [0x00007f4c35d6cd40, 0x00007f4c35d6ced0]

GC Heap History (20 events):
Event: 997.154 GC heap after
{Heap after GC invocations=177 (full 8):
 garbage-first heap   total 147456K, used 90550K [0x0000000086c00000, 0x0000000100000000)
  region size 1024K, 4 young (4096K), 4 survivors (4096K)
 Metaspace       used 75367K, capacity 79149K, committed 79400K, reserved 1118208K
  class space    used 9352K, capacity 10685K, committed 10700K, reserved 1048576K
}
Event: 997.347 GC heap before
{Heap before GC invocations=177 (full 8):
 garbage-first heap   total 147456K, used 119222K [0x0000000086c00000, 0x0000000100000000)
  region size 1024K, 33 young (33792K), 4 survivors (4096K)
 Metaspace       used 75490K, capacity 79307K, committed 79400K, reserved 1118208K
  class space    used 9364K, capacity 10692K, committed 10700K, reserved 1048576K
}
Event: 997.358 GC heap after
{Heap after GC invocations=178 (full 8):
 garbage-first heap   total 147456K, used 94248K [0x0000000086c00000, 0x0000000100000000)
  region size 1024K, 5 young (5120K), 5 survivors (5120K)
 Metaspace       used 75490K, capacity 79307K, committed 79400K, reserved 1118208K
  class space    used 9364K, capacity 10692K, committed 10700K, reserved 1048576K
}
Event: 997.645 GC heap before
{Heap before GC invocations=178 (full 8):
 garbage-first heap   total 147456K, used 121896K [0x0000000086c00000, 0x0000000100000000)
  region size 1024K, 32 young (32768K), 5 survivors (5120K)
 Metaspace       used 75747K, capacity 79573K, committed 79784K, reserved 1118208K
  class space    used 9382K, capacity 10732K, committed 10828K, reserved 1048576K
}
Event: 997.655 GC heap after
{Heap after GC invocations=179 (full 8):
 garbage-first heap   total 147456K, used 97553K [0x0000000086c00000, 0x0000000100000000)
  region size 1024K, 4 young (4096K), 4 survivors (4096K)
 Metaspace       used 75747K, capacity 79573K, committed 79784K, reserved 1118208K
  class space    used 9382K, capacity 10732K, committed 10828K, reserved 1048576K
}
Event: 1004.407 GC heap before
{Heap before GC invocations=180 (full 8):
 garbage-first heap   total 147456K, used 121105K [0x0000000086c00000, 0x0000000100000000)
  region size 1024K, 27 young (27648K), 4 survivors (4096K)
 Metaspace       used 75747K, capacity 79573K, committed 79784K, reserved 1118208K
  class space    used 9382K, capacity 10732K, committed 10828K, reserved 1048576K
}
Event: 1004.415 GC heap after
{Heap after GC invocations=181 (full 8):
 garbage-first heap   total 147456K, used 97905K [0x0000000086c00000, 0x0000000100000000)
  region size 1024K, 2 young (2048K), 2 survivors (2048K)
 Metaspace       used 75747K, capacity 79573K, committed 79784K, reserved 1118208K
  class space    used 9382K, capacity 10732K, committed 10828K, reserved 1048576K
}
Event: 1017.404 GC heap before
{Heap before GC invocations=181 (full 8):
 garbage-first heap   total 147456K, used 122481K [0x0000000086c00000, 0x0000000100000000)
  region size 1024K, 26 young (26624K), 2 survivors (2048K)
 Metaspace       used 75747K, capacity 79573K, committed 79784K, reserved 1118208K
  class space    used 9382K, capacity 10732K, committed 10828K, reserved 1048576K
}
Event: 1017.409 GC heap after
{Heap after GC invocations=182 (full 8):
 garbage-first heap   total 147456K, used 97412K [0x0000000086c00000, 0x0000000100000000)
  region size 1024K, 1 young (1024K), 1 survivors (1024K)
 Metaspace       used 75747K, capacity 79573K, committed 79784K, reserved 1118208K
  class space    used 9382K, capacity 10732K, committed 10828K, reserved 1048576K
}
Event: 1030.586 GC heap before
{Heap before GC invocations=183 (full 8):
 garbage-first heap   total 147456K, used 124036K [0x0000000086c00000, 0x0000000100000000)
  region size 1024K, 27 young (27648K), 1 survivors (1024K)
 Metaspace       used 75747K, capacity 79573K, committed 79784K, reserved 1118208K
  class space    used 9382K, capacity 10732K, committed 10828K, reserved 1048576K
}
Event: 1030.590 GC heap after
{Heap after GC invocations=184 (full 8):
 garbage-first heap   total 177152K, used 97531K [0x0000000086c00000, 0x0000000100000000)
  region size 1024K, 1 young (1024K), 1 survivors (1024K)
 Metaspace       used 75747K, capacity 79573K, committed 79784K, reserved 1118208K
  class space    used 9382K, capacity 10732K, committed 10828K, reserved 1048576K
}
Event: 1032.537 GC heap before
{Heap before GC invocations=184 (full 8):
 garbage-first heap   total 177152K, used 104699K [0x0000000086c00000, 0x0000000100000000)
  region size 1024K, 9 young (9216K), 1 survivors (1024K)
 Metaspace       used 75758K, capacity 79591K, committed 79784K, reserved 1118208K
  class space    used 9384K, capacity 10736K, committed 10828K, reserved 1048576K
}
Event: 1032.793 GC heap after
{Heap after GC invocations=185 (full 9):
 garbage-first heap   total 177152K, used 89488K [0x0000000086c00000, 0x0000000100000000)
  region size 1024K, 0 young (0K), 0 survivors (0K)
 Metaspace       used 75758K, capacity 79591K, committed 79784K, reserved 1118208K
  class space    used 9384K, capacity 10736K, committed 10828K, reserved 1048576K
}
Event: 1033.414 GC heap before
{Heap before GC invocations=185 (full 9):
 garbage-first heap   total 177152K, used 135568K [0x0000000086c00000, 0x0000000100000000)
  region size 1024K, 45 young (46080K), 0 survivors (0K)
 Metaspace       used 75987K, capacity 79839K, committed 80040K, reserved 1118208K
  class space    used 9402K, capacity 10776K, committed 10828K, reserved 1048576K
}
Event: 1033.425 GC heap after
{Heap after GC invocations=186 (full 9):
 garbage-first heap   total 177152K, used 92213K [0x0000000086c00000, 0x0000000100000000)
  region size 1024K, 3 young (3072K), 3 survivors (3072K)
 Metaspace       used 75987K, capacity 79839K, committed 80040K, reserved 1118208K
  class space    used 9402K, capacity 10776K, committed 10828K, reserved 1048576K
}
Event: 1033.569 GC heap before
{Heap before GC invocations=186 (full 9):
 garbage-first heap   total 177152K, used 136245K [0x0000000086c00000, 0x0000000100000000)
  region size 1024K, 47 young (48128K), 3 survivors (3072K)
 Metaspace       used 76023K, capacity 79903K, committed 80040K, reserved 1118208K
  class space    used 9404K, capacity 10776K, committed 10828K, reserved 1048576K
}
Event: 1033.574 GC heap after
{Heap after GC invocations=187 (full 9):
 garbage-first heap   total 177152K, used 92883K [0x0000000086c00000, 0x0000000100000000)
  region size 1024K, 4 young (4096K), 4 survivors (4096K)
 Metaspace       used 76023K, capacity 79903K, committed 80040K, reserved 1118208K
  class space    used 9404K, capacity 10776K, committed 10828K, reserved 1048576K
}
Event: 1033.954 GC heap before
{Heap before GC invocations=188 (full 9):
 garbage-first heap   total 177152K, used 138963K [0x0000000086c00000, 0x0000000100000000)
  region size 1024K, 49 young (50176K), 4 survivors (4096K)
 Metaspace       used 76147K, capacity 79967K, committed 80296K, reserved 1118208K
  class space    used 9414K, capacity 10776K, committed 10828K, reserved 1048576K
}
Event: 1033.962 GC heap after
{Heap after GC invocations=189 (full 9):
 garbage-first heap   total 177152K, used 96658K [0x0000000086c00000, 0x0000000100000000)
  region size 1024K, 7 young (7168K), 7 survivors (7168K)
 Metaspace       used 76147K, capacity 79967K, committed 80296K, reserved 1118208K
  class space    used 9414K, capacity 10776K, committed 10828K, reserved 1048576K
}
Event: 1034.332 GC heap before
{Heap before GC invocations=189 (full 9):
 garbage-first heap   total 177152K, used 139666K [0x0000000086c00000, 0x0000000100000000)
  region size 1024K, 50 young (51200K), 7 survivors (7168K)
 Metaspace       used 76396K, capacity 80261K, committed 80552K, reserved 1120256K
  class space    used 9430K, capacity 10809K, committed 10828K, reserved 1048576K
}

Deoptimization events (8 events):
Event: 8.492 Thread 0x00007f4bdc002800 DEOPT PACKING pc=0x00007f4c344c321c sp=0x00007f4c191c3b40
Event: 8.492 Thread 0x00007f4bdc002800 DEOPT UNPACKING pc=0x00007f4c33aeaa2b sp=0x00007f4c191c3068 mode 0
Event: 16.190 Thread 0x00007f4bdc002800 DEOPT PACKING pc=0x00007f4c3442e79d sp=0x00007f4c191c1e60
Event: 16.190 Thread 0x00007f4bdc002800 DEOPT UNPACKING pc=0x00007f4c33aeaa2b sp=0x00007f4c191c1388 mode 3
Event: 21.693 Thread 0x00007f4bd1310800 DEOPT PACKING pc=0x00007f4c34dc175c sp=0x00007f4bc5bc5640
Event: 21.693 Thread 0x00007f4bd1310800 DEOPT UNPACKING pc=0x00007f4c33aeaa2b sp=0x00007f4bc5bc4b28 mode 0
Event: 21.693 Thread 0x00007f4bd1310800 DEOPT PACKING pc=0x00007f4c34dd90ec sp=0x00007f4bc5bc60b0
Event: 21.693 Thread 0x00007f4bd1310800 DEOPT UNPACKING pc=0x00007f4c33aeaa2b sp=0x00007f4bc5bc55b0 mode 0

Classes redefined (0 events):
No events

Internal exceptions (20 events):
Event: 1033.682 Thread 0x000055611982e800 Implicit null exception at 0x00007f4c3466c60d to 0x00007f4c3466c957
Event: 1033.682 Thread 0x000055611982e800 Exception <a 'java/lang/NullPointerException'{0x0000000090a90a30}> (0x0000000090a90a30) thrown at [/build/openjdk-lts-ioLltV/openjdk-lts-11.0.5+10/src/hotspot/share/runtime/sharedRuntime.cpp, line 584]
Event: 1034.065 Thread 0x000055611982e800 Exception <a 'java/lang/ClassNotFoundException'{0x0000000090923fb0}: java/lang/ObjectCustomizer> (0x0000000090923fb0) thrown at [/build/openjdk-lts-ioLltV/openjdk-lts-11.0.5+10/src/hotspot/share/classfile/systemDictionary.cpp, line 231]
Event: 1034.066 Thread 0x000055611982e800 Exception <a 'java/lang/ClassNotFoundException'{0x00000000909333d0}: com/AMS/model/AppuserCustomizer> (0x00000000909333d0) thrown at [/build/openjdk-lts-ioLltV/openjdk-lts-11.0.5+10/src/hotspot/share/classfile/systemDictionary.cpp, line 231]
Event: 1034.069 Thread 0x000055611982e800 Exception <a 'java/lang/ClassNotFoundException'{0x00000000909aa1d8}: java/lang/ObjectCustomizer> (0x00000000909aa1d8) thrown at [/build/openjdk-lts-ioLltV/openjdk-lts-11.0.5+10/src/hotspot/share/classfile/systemDictionary.cpp, line 231]
Event: 1034.069 Thread 0x000055611982e800 Exception <a 'java/lang/ClassNotFoundException'{0x00000000909b9598}: com/AMS/model/StatusCustomizer> (0x00000000909b9598) thrown at [/build/openjdk-lts-ioLltV/openjdk-lts-11.0.5+10/src/hotspot/share/classfile/systemDictionary.cpp, line 231]
Event: 1034.070 Thread 0x000055611982e800 Exception <a 'java/lang/ClassNotFoundException'{0x00000000909ee7e0}: java/lang/ObjectCustomizer> (0x00000000909ee7e0) thrown at [/build/openjdk-lts-ioLltV/openjdk-lts-11.0.5+10/src/hotspot/share/classfile/systemDictionary.cpp, line 231]
Event: 1034.071 Thread 0x000055611982e800 Exception <a 'java/lang/ClassNotFoundException'{0x00000000909fda10}: com/AMS/model/RoleCustomizer> (0x00000000909fda10) thrown at [/build/openjdk-lts-ioLltV/openjdk-lts-11.0.5+10/src/hotspot/share/classfile/systemDictionary.cpp, line 231]
Event: 1034.072 Thread 0x000055611982e800 Exception <a 'java/lang/ClassNotFoundException'{0x0000000090830400}: java/lang/ObjectCustomizer> (0x0000000090830400) thrown at [/build/openjdk-lts-ioLltV/openjdk-lts-11.0.5+10/src/hotspot/share/classfile/systemDictionary.cpp, line 231]
Event: 1034.072 Thread 0x000055611982e800 Exception <a 'java/lang/ClassNotFoundException'{0x000000009083f820}: com/AMS/model/CompanyCustomizer> (0x000000009083f820) thrown at [/build/openjdk-lts-ioLltV/openjdk-lts-11.0.5+10/src/hotspot/share/classfile/systemDictionary.cpp, line 231]
Event: 1034.077 Thread 0x000055611982e800 Exception <a 'java/lang/ClassNotFoundException'{0x000000009070fd58}: java/lang/ObjectCustomizer> (0x000000009070fd58) thrown at [/build/openjdk-lts-ioLltV/openjdk-lts-11.0.5+10/src/hotspot/share/classfile/systemDictionary.cpp, line 231]
Event: 1034.077 Thread 0x000055611982e800 Exception <a 'java/lang/ClassNotFoundException'{0x000000009071fc58}: com/AMS/model/DesignationCustomizer> (0x000000009071fc58) thrown at [/build/openjdk-lts-ioLltV/openjdk-lts-11.0.5+10/src/hotspot/share/classfile/systemDictionary.cpp, line 231]
Event: 1034.128 Thread 0x000055611982e800 Exception <a 'java/lang/ClassNotFoundException'{0x0000000090115c00}: java/lang/ObjectCustomizer> (0x0000000090115c00) thrown at [/build/openjdk-lts-ioLltV/openjdk-lts-11.0.5+10/src/hotspot/share/classfile/systemDictionary.cpp, line 231]
Event: 1034.128 Thread 0x000055611982e800 Exception <a 'java/lang/ClassNotFoundException'{0x0000000090125020}: com/AMS/model/EmployeeCustomizer> (0x0000000090125020) thrown at [/build/openjdk-lts-ioLltV/openjdk-lts-11.0.5+10/src/hotspot/share/classfile/systemDictionary.cpp, line 231]
Event: 1034.151 Thread 0x000055611982e800 Exception <a 'java/lang/ClassNotFoundException'{0x000000008ffd4118}: java/lang/ObjectCustomizer> (0x000000008ffd4118) thrown at [/build/openjdk-lts-ioLltV/openjdk-lts-11.0.5+10/src/hotspot/share/classfile/systemDictionary.cpp, line 231]
Event: 1034.151 Thread 0x000055611982e800 Exception <a 'java/lang/ClassNotFoundException'{0x000000008ffe35f8}: com/AMS/model/PunchLogsCustomizer> (0x000000008ffe35f8) thrown at [/build/openjdk-lts-ioLltV/openjdk-lts-11.0.5+10/src/hotspot/share/classfile/systemDictionary.cpp, line 231]
Event: 1034.153 Thread 0x000055611982e800 Exception <a 'java/lang/ClassNotFoundException'{0x000000008fe27228}: java/lang/ObjectCustomizer> (0x000000008fe27228) thrown at [/build/openjdk-lts-ioLltV/openjdk-lts-11.0.5+10/src/hotspot/share/classfile/systemDictionary.cpp, line 231]
Event: 1034.154 Thread 0x000055611982e800 Exception <a 'java/lang/ClassNotFoundException'{0x000000008fe37128}: com/AMS/model/PunchMachineCustomizer> (0x000000008fe37128) thrown at [/build/openjdk-lts-ioLltV/openjdk-lts-11.0.5+10/src/hotspot/share/classfile/systemDictionary.cpp, line 231]
Event: 1034.168 Thread 0x000055611982e800 Exception <a 'java/lang/ClassNotFoundException'{0x000000008fdda1a8}: java/lang/ObjectCustomizer> (0x000000008fdda1a8) thrown at [/build/openjdk-lts-ioLltV/openjdk-lts-11.0.5+10/src/hotspot/share/classfile/systemDictionary.cpp, line 231]
Event: 1034.168 Thread 0x000055611982e800 Exception <a 'java/lang/ClassNotFoundException'{0x000000008fde9438}: com/AMS/model/LeaveCustomizer> (0x000000008fde9438) thrown at [/build/openjdk-lts-ioLltV/openjdk-lts-11.0.5+10/src/hotspot/share/classfile/systemDictionary.cpp, line 231]

Events (20 events):
Event: 1034.291 loading class com/samskivert/mustache$Template done
Event: 1034.291 loading class groovy/text/TemplateEngine
Event: 1034.291 loading class groovy/text/TemplateEngine done
Event: 1034.291 loading class groovy/text$TemplateEngine
Event: 1034.291 loading class groovy/text$TemplateEngine done
Event: 1034.291 loading class org/thymeleaf/spring5/SpringTemplateEngine
Event: 1034.291 loading class org/thymeleaf/spring5/SpringTemplateEngine done
Event: 1034.292 loading class org/thymeleaf/spring5$SpringTemplateEngine
Event: 1034.292 loading class org/thymeleaf/spring5$SpringTemplateEngine done
Event: 1034.312 loading class org/springframework/session/hazelcast/HazelcastSessionRepository
Event: 1034.312 loading class org/springframework/session/hazelcast/HazelcastSessionRepository done
Event: 1034.312 loading class org/springframework/session/jdbc/JdbcOperationsSessionRepository
Event: 1034.312 loading class org/springframework/session/jdbc/JdbcOperationsSessionRepository done
Event: 1034.313 loading class org/springframework/session/data/mongo/MongoOperationsSessionRepository
Event: 1034.313 loading class org/springframework/session/data/mongo/MongoOperationsSessionRepository done
Event: 1034.313 loading class org/springframework/session/data/redis/RedisOperationsSessionRepository
Event: 1034.313 loading class org/springframework/session/data/redis/RedisOperationsSessionRepository done
Event: 1034.329 Thread 0x00007f4bb8039800 Thread added: 0x00007f4bb8039800
Event: 1034.329 Protecting memory [0x00007f4bc56c6000,0x00007f4bc56ca000] with protection modes 0
Event: 1034.332 Executing VM operation: G1CollectForAllocation


Dynamic libraries:
86c00000-91700000 rw-p 00000000 00:00 0 
91700000-ffe00000 ---p 00000000 00:00 0 
ffe00000-ffe44000 rw-p 01104000 08:02 669192                             /usr/lib/jvm/java-11-openjdk-amd64/lib/server/classes.jsa
ffe44000-fff00000 rw-p 00000000 00:00 0 
fff00000-fff6a000 rw-p 0109a000 08:02 669192                             /usr/lib/jvm/java-11-openjdk-amd64/lib/server/classes.jsa
fff6a000-100000000 rw-p 00000000 00:00 0 
800000000-800002000 rwxp 00001000 08:02 669192                           /usr/lib/jvm/java-11-openjdk-amd64/lib/server/classes.jsa
800002000-8003b8000 rw-p 00003000 08:02 669192                           /usr/lib/jvm/java-11-openjdk-amd64/lib/server/classes.jsa
8003b8000-800a8c000 r--p 003b9000 08:02 669192                           /usr/lib/jvm/java-11-openjdk-amd64/lib/server/classes.jsa
800a8c000-800a8d000 rw-p 00a8d000 08:02 669192                           /usr/lib/jvm/java-11-openjdk-amd64/lib/server/classes.jsa
800a8d000-801099000 r--p 00a8e000 08:02 669192                           /usr/lib/jvm/java-11-openjdk-amd64/lib/server/classes.jsa
840000000-840a93000 rw-p 00000000 00:00 0 
840a93000-880000000 ---p 00000000 00:00 0 
556119300000-556119301000 r-xp 00000000 08:02 658219                     /usr/lib/jvm/java-11-openjdk-amd64/bin/java
556119501000-556119502000 r--p 00001000 08:02 658219                     /usr/lib/jvm/java-11-openjdk-amd64/bin/java
556119502000-556119503000 rw-p 00002000 08:02 658219                     /usr/lib/jvm/java-11-openjdk-amd64/bin/java
55611980d000-55611984f000 rw-p 00000000 00:00 0                          [heap]
7f4baaffa000-7f4bab03a000 rw-p 00000000 00:00 0 
7f4bab03a000-7f4bab1fa000 ---p 00000000 00:00 0 
7f4bab1fa000-7f4bab3fa000 rw-p 00000000 00:00 0 
7f4bab3fa000-7f4bab3fe000 ---p 00000000 00:00 0 
7f4bab3fe000-7f4bab4fb000 rw-p 00000000 00:00 0 
7f4bab4fb000-7f4bab4ff000 ---p 00000000 00:00 0 
7f4bab4ff000-7f4bab5fc000 rw-p 00000000 00:00 0 
7f4bab5fc000-7f4bab600000 ---p 00000000 00:00 0 
7f4bab600000-7f4bab6fd000 rw-p 00000000 00:00 0 
7f4bab6fd000-7f4bab701000 ---p 00000000 00:00 0 
7f4bab701000-7f4bab7fe000 rw-p 00000000 00:00 0 
7f4bab7fe000-7f4bab802000 ---p 00000000 00:00 0 
7f4bab802000-7f4bab8ff000 rw-p 00000000 00:00 0 
7f4bab8ff000-7f4bab903000 ---p 00000000 00:00 0 
7f4bab903000-7f4babc00000 rw-p 00000000 00:00 0 
7f4babc00000-7f4babe00000 rw-p 00000000 00:00 0 
7f4babe00000-7f4bac000000 rw-p 00000000 00:00 0 
7f4bac000000-7f4bac039000 rw-p 00000000 00:00 0 
7f4bac039000-7f4bb0000000 ---p 00000000 00:00 0 
7f4bb0000000-7f4bb02f8000 rw-p 00000000 00:00 0 
7f4bb02f8000-7f4bb4000000 ---p 00000000 00:00 0 
7f4bb4000000-7f4bb40f7000 rw-p 00000000 00:00 0 
7f4bb40f7000-7f4bb8000000 ---p 00000000 00:00 0 
7f4bb8000000-7f4bb8057000 rw-p 00000000 00:00 0 
7f4bb8057000-7f4bbc000000 ---p 00000000 00:00 0 
7f4bbc000000-7f4bbc054000 rw-p 00000000 00:00 0 
7f4bbc054000-7f4bc0000000 ---p 00000000 00:00 0 
7f4bc0000000-7f4bc00b2000 rw-p 00000000 00:00 0 
7f4bc00b2000-7f4bc4000000 ---p 00000000 00:00 0 
7f4bc40bc000-7f4bc40c0000 ---p 00000000 00:00 0 
7f4bc40c0000-7f4bc43bd000 rw-p 00000000 00:00 0 
7f4bc43bd000-7f4bc45bd000 rw-p 00000000 00:00 0 
7f4bc45bd000-7f4bc47bd000 rw-p 00000000 00:00 0 
7f4bc47bd000-7f4bc49bd000 rw-p 00000000 00:00 0 
7f4bc49bd000-7f4bc4ba0000 rw-p 00000000 00:00 0 
7f4bc4ba0000-7f4bc4bbd000 ---p 00000000 00:00 0 
7f4bc4bbd000-7f4bc4dbd000 rw-p 00000000 00:00 0 
7f4bc4dbd000-7f4bc4dc1000 ---p 00000000 00:00 0 
7f4bc4dc1000-7f4bc4ebe000 rw-p 00000000 00:00 0 
7f4bc4ebe000-7f4bc4ec2000 ---p 00000000 00:00 0 
7f4bc4ec2000-7f4bc4fbf000 rw-p 00000000 00:00 0 
7f4bc4fbf000-7f4bc4fc3000 ---p 00000000 00:00 0 
7f4bc4fc3000-7f4bc50c0000 rw-p 00000000 00:00 0 
7f4bc50c0000-7f4bc50c4000 ---p 00000000 00:00 0 
7f4bc50c4000-7f4bc51c1000 rw-p 00000000 00:00 0 
7f4bc51c1000-7f4bc51c5000 ---p 00000000 00:00 0 
7f4bc51c5000-7f4bc52c2000 rw-p 00000000 00:00 0 
7f4bc52c2000-7f4bc52c6000 ---p 00000000 00:00 0 
7f4bc52c6000-7f4bc53c3000 rw-p 00000000 00:00 0 
7f4bc53c3000-7f4bc53c7000 ---p 00000000 00:00 0 
7f4bc53c7000-7f4bc54c4000 rw-p 00000000 00:00 0 
7f4bc54c4000-7f4bc54c8000 ---p 00000000 00:00 0 
7f4bc54c8000-7f4bc55c5000 rw-p 00000000 00:00 0 
7f4bc55c5000-7f4bc55c9000 ---p 00000000 00:00 0 
7f4bc55c9000-7f4bc56c6000 rw-p 00000000 00:00 0 
7f4bc56c6000-7f4bc56ca000 ---p 00000000 00:00 0 
7f4bc56ca000-7f4bc57c7000 rw-p 00000000 00:00 0 
7f4bc57c7000-7f4bc57cb000 ---p 00000000 00:00 0 
7f4bc57cb000-7f4bc58c8000 rw-p 00000000 00:00 0 
7f4bc58c8000-7f4bc58cc000 ---p 00000000 00:00 0 
7f4bc58cc000-7f4bc59c9000 rw-p 00000000 00:00 0 
7f4bc59c9000-7f4bc59cd000 ---p 00000000 00:00 0 
7f4bc59cd000-7f4bc5aca000 rw-p 00000000 00:00 0 
7f4bc5aca000-7f4bc5ace000 ---p 00000000 00:00 0 
7f4bc5ace000-7f4bc5bcb000 rw-p 00000000 00:00 0 
7f4bc5bcb000-7f4bc5bcf000 ---p 00000000 00:00 0 
7f4bc5bcf000-7f4bc5ccc000 rw-p 00000000 00:00 0 
7f4bc5ccc000-7f4bc5cd0000 ---p 00000000 00:00 0 
7f4bc5cd0000-7f4bc5fcd000 rw-p 00000000 00:00 0 
7f4bc5fcd000-7f4bc61cd000 rw-p 00000000 00:00 0 
7f4bc61cd000-7f4bc63cd000 rw-p 00000000 00:00 0 
7f4bc63cd000-7f4bc63d1000 ---p 00000000 00:00 0 
7f4bc63d1000-7f4bc66ce000 rw-p 00000000 00:00 0 
7f4bc66ce000-7f4bc68ce000 rw-p 00000000 00:00 0 
7f4bc68ce000-7f4bc6ace000 rw-p 00000000 00:00 0 
7f4bc6ace000-7f4bc6cce000 rw-p 00000000 00:00 0 
7f4bc6cce000-7f4bc6ece000 rw-p 00000000 00:00 0 
7f4bc6ece000-7f4bc6ed2000 ---p 00000000 00:00 0 
7f4bc6ed2000-7f4bc6fcf000 rw-p 00000000 00:00 0 
7f4bc6fcf000-7f4bc6fd3000 ---p 00000000 00:00 0 
7f4bc6fd3000-7f4bc72c5000 rw-p 00000000 00:00 0 
7f4bc72c5000-7f4bc72d0000 ---p 00000000 00:00 0 
7f4bc72d0000-7f4bc74d0000 rw-p 00000000 00:00 0 
7f4bc74d0000-7f4bc74fa000 r-xp 00000000 08:02 676448                     /usr/lib/jvm/java-11-openjdk-amd64/lib/libsunec.so
7f4bc74fa000-7f4bc76f9000 ---p 0002a000 08:02 676448                     /usr/lib/jvm/java-11-openjdk-amd64/lib/libsunec.so
7f4bc76f9000-7f4bc76fd000 r--p 00029000 08:02 676448                     /usr/lib/jvm/java-11-openjdk-amd64/lib/libsunec.so
7f4bc76fd000-7f4bc76ff000 rw-p 0002d000 08:02 676448                     /usr/lib/jvm/java-11-openjdk-amd64/lib/libsunec.so
7f4bc76ff000-7f4bc78ff000 rw-p 00000000 00:00 0 
7f4bc78ff000-7f4bc7903000 ---p 00000000 00:00 0 
7f4bc7903000-7f4bc7c00000 rw-p 00000000 00:00 0 
7f4bc7c00000-7f4bc7e00000 rw-p 00000000 00:00 0 
7f4bc7e00000-7f4bc8000000 rw-p 00000000 00:00 0 
7f4bc8000000-7f4bc8081000 rw-p 00000000 00:00 0 
7f4bc8081000-7f4bcc000000 ---p 00000000 00:00 0 
7f4bcc000000-7f4bcc07c000 rw-p 00000000 00:00 0 
7f4bcc07c000-7f4bd0000000 ---p 00000000 00:00 0 
7f4bd0000000-7f4bd1340000 rw-p 00000000 00:00 0 
7f4bd1340000-7f4bd4000000 ---p 00000000 00:00 0 
7f4bd4000000-7f4bd438a000 rw-p 00000000 00:00 0 
7f4bd438a000-7f4bd8000000 ---p 00000000 00:00 0 
7f4bd8000000-7f4bd8021000 rw-p 00000000 00:00 0 
7f4bd8021000-7f4bdc000000 ---p 00000000 00:00 0 
7f4bdc000000-7f4bdc0f8000 rw-p 00000000 00:00 0 
7f4bdc0f8000-7f4be0000000 ---p 00000000 00:00 0 
7f4be0000000-7f4be0021000 rw-p 00000000 00:00 0 
7f4be0021000-7f4be4000000 ---p 00000000 00:00 0 
7f4be4000000-7f4be407e000 rw-p 00000000 00:00 0 
7f4be407e000-7f4be8000000 ---p 00000000 00:00 0 
7f4be8000000-7f4be8021000 rw-p 00000000 00:00 0 
7f4be8021000-7f4bec000000 ---p 00000000 00:00 0 
7f4bec000000-7f4bec031000 rw-p 00000000 00:00 0 
7f4bec031000-7f4bf0000000 ---p 00000000 00:00 0 
7f4bf0000000-7f4bf0021000 rw-p 00000000 00:00 0 
7f4bf0021000-7f4bf4000000 ---p 00000000 00:00 0 
7f4bf4000000-7f4bf4051000 rw-p 00000000 00:00 0 
7f4bf4051000-7f4bf8000000 ---p 00000000 00:00 0 
7f4bf8000000-7f4bf8125000 rw-p 00000000 00:00 0 
7f4bf8125000-7f4bfc000000 ---p 00000000 00:00 0 
7f4bfc000000-7f4bfc021000 rw-p 00000000 00:00 0 
7f4bfc021000-7f4c00000000 ---p 00000000 00:00 0 
7f4c00000000-7f4c00021000 rw-p 00000000 00:00 0 
7f4c00021000-7f4c04000000 ---p 00000000 00:00 0 
7f4c04000000-7f4c04a32000 rw-p 00000000 00:00 0 
7f4c04a32000-7f4c08000000 ---p 00000000 00:00 0 
7f4c08000000-7f4c08040000 rw-p 00000000 00:00 0 
7f4c08040000-7f4c0c000000 ---p 00000000 00:00 0 
7f4c0c000000-7f4c0c021000 rw-p 00000000 00:00 0 
7f4c0c021000-7f4c10000000 ---p 00000000 00:00 0 
7f4c10000000-7f4c10e7f000 rw-p 00000000 00:00 0 
7f4c10e7f000-7f4c14000000 ---p 00000000 00:00 0 
7f4c14000000-7f4c14021000 rw-p 00000000 00:00 0 
7f4c14021000-7f4c18000000 ---p 00000000 00:00 0 
7f4c180c0000-7f4c182c0000 rw-p 00000000 00:00 0 
7f4c182c0000-7f4c184bf000 rw-p 00000000 00:00 0 
7f4c184bf000-7f4c184c0000 ---p 00000000 00:00 0 
7f4c184c0000-7f4c184c4000 ---p 00000000 00:00 0 
7f4c184c4000-7f4c187c1000 rw-p 00000000 00:00 0 
7f4c187c1000-7f4c189c1000 rw-p 00000000 00:00 0 
7f4c189c1000-7f4c18bc1000 rw-p 00000000 00:00 0 
7f4c18bc1000-7f4c18dc1000 rw-p 00000000 00:00 0 
7f4c18dc1000-7f4c18dc2000 ---p 00000000 00:00 0 
7f4c18dc2000-7f4c18ec3000 rw-p 00000000 00:00 0 
7f4c18ec3000-7f4c18ec4000 ---p 00000000 00:00 0 
7f4c18ec4000-7f4c18fc5000 rw-p 00000000 00:00 0 
7f4c18fc5000-7f4c18fc9000 ---p 00000000 00:00 0 
7f4c18fc9000-7f4c190c6000 rw-p 00000000 00:00 0 
7f4c190c6000-7f4c190ca000 ---p 00000000 00:00 0 
7f4c190ca000-7f4c191c7000 rw-p 00000000 00:00 0 
7f4c191c7000-7f4c191cb000 ---p 00000000 00:00 0 
7f4c191cb000-7f4c192c8000 rw-p 00000000 00:00 0 
7f4c192c8000-7f4c192c9000 ---p 00000000 00:00 0 
7f4c192c9000-7f4c193ca000 rw-p 00000000 00:00 0 
7f4c193ca000-7f4c193cb000 ---p 00000000 00:00 0 
7f4c193cb000-7f4c194cc000 rw-p 00000000 00:00 0 
7f4c194cc000-7f4c194cd000 ---p 00000000 00:00 0 
7f4c194cd000-7f4c195ce000 rw-p 00000000 00:00 0 
7f4c195ce000-7f4c195d2000 ---p 00000000 00:00 0 
7f4c195d2000-7f4c196cf000 rw-p 00000000 00:00 0 
7f4c196cf000-7f4c196d3000 ---p 00000000 00:00 0 
7f4c196d3000-7f4c197d0000 rw-p 00000000 00:00 0 
7f4c197d0000-7f4c197d4000 ---p 00000000 00:00 0 
7f4c197d4000-7f4c198d1000 rw-p 00000000 00:00 0 
7f4c198d1000-7f4c198d3000 r-xp 00000000 08:02 676423                     /usr/lib/jvm/java-11-openjdk-amd64/lib/libextnet.so
7f4c198d3000-7f4c19ad2000 ---p 00002000 08:02 676423                     /usr/lib/jvm/java-11-openjdk-amd64/lib/libextnet.so
7f4c19ad2000-7f4c19ad3000 r--p 00001000 08:02 676423                     /usr/lib/jvm/java-11-openjdk-amd64/lib/libextnet.so
7f4c19ad3000-7f4c19ad4000 rw-p 00002000 08:02 676423                     /usr/lib/jvm/java-11-openjdk-amd64/lib/libextnet.so
7f4c19ad4000-7f4c19aeb000 r-xp 00000000 08:02 397818                     /lib/x86_64-linux-gnu/libresolv-2.27.so
7f4c19aeb000-7f4c19ceb000 ---p 00017000 08:02 397818                     /lib/x86_64-linux-gnu/libresolv-2.27.so
7f4c19ceb000-7f4c19cec000 r--p 00017000 08:02 397818                     /lib/x86_64-linux-gnu/libresolv-2.27.so
7f4c19cec000-7f4c19ced000 rw-p 00018000 08:02 397818                     /lib/x86_64-linux-gnu/libresolv-2.27.so
7f4c19ced000-7f4c19cef000 rw-p 00000000 00:00 0 
7f4c19cef000-7f4c19cf4000 r-xp 00000000 08:02 397767                     /lib/x86_64-linux-gnu/libnss_dns-2.27.so
7f4c19cf4000-7f4c19ef4000 ---p 00005000 08:02 397767                     /lib/x86_64-linux-gnu/libnss_dns-2.27.so
7f4c19ef4000-7f4c19ef5000 r--p 00005000 08:02 397767                     /lib/x86_64-linux-gnu/libnss_dns-2.27.so
7f4c19ef5000-7f4c19ef6000 rw-p 00006000 08:02 397767                     /lib/x86_64-linux-gnu/libnss_dns-2.27.so
7f4c19ef6000-7f4c19ef8000 r-xp 00000000 08:02 397775                     /lib/x86_64-linux-gnu/libnss_mdns4_minimal.so.2
7f4c19ef8000-7f4c1a0f7000 ---p 00002000 08:02 397775                     /lib/x86_64-linux-gnu/libnss_mdns4_minimal.so.2
7f4c1a0f7000-7f4c1a0f8000 r--p 00001000 08:02 397775                     /lib/x86_64-linux-gnu/libnss_mdns4_minimal.so.2
7f4c1a0f8000-7f4c1a0f9000 rw-p 00002000 08:02 397775                     /lib/x86_64-linux-gnu/libnss_mdns4_minimal.so.2
7f4c1a0f9000-7f4c1a0fe000 r-xp 00000000 08:02 676440                     /usr/lib/jvm/java-11-openjdk-amd64/lib/libmanagement_ext.so
7f4c1a0fe000-7f4c1a2fd000 ---p 00005000 08:02 676440                     /usr/lib/jvm/java-11-openjdk-amd64/lib/libmanagement_ext.so
7f4c1a2fd000-7f4c1a2fe000 r--p 00004000 08:02 676440                     /usr/lib/jvm/java-11-openjdk-amd64/lib/libmanagement_ext.so
7f4c1a2fe000-7f4c1a2ff000 rw-p 00005000 08:02 676440                     /usr/lib/jvm/java-11-openjdk-amd64/lib/libmanagement_ext.so
7f4c1a2ff000-7f4c1a303000 r-xp 00000000 08:02 676438                     /usr/lib/jvm/java-11-openjdk-amd64/lib/libmanagement.so
7f4c1a303000-7f4c1a502000 ---p 00004000 08:02 676438                     /usr/lib/jvm/java-11-openjdk-amd64/lib/libmanagement.so
7f4c1a502000-7f4c1a503000 r--p 00003000 08:02 676438                     /usr/lib/jvm/java-11-openjdk-amd64/lib/libmanagement.so
7f4c1a503000-7f4c1a504000 rw-p 00004000 08:02 676438                     /usr/lib/jvm/java-11-openjdk-amd64/lib/libmanagement.so
7f4c1a504000-7f4c1a51a000 r-xp 00000000 08:02 676442                     /usr/lib/jvm/java-11-openjdk-amd64/lib/libnet.so
7f4c1a51a000-7f4c1a719000 ---p 00016000 08:02 676442                     /usr/lib/jvm/java-11-openjdk-amd64/lib/libnet.so
7f4c1a719000-7f4c1a71a000 r--p 00015000 08:02 676442                     /usr/lib/jvm/java-11-openjdk-amd64/lib/libnet.so
7f4c1a71a000-7f4c1a71b000 rw-p 00016000 08:02 676442                     /usr/lib/jvm/java-11-openjdk-amd64/lib/libnet.so
7f4c1a71b000-7f4c1a72b000 r-xp 00000000 08:02 676443                     /usr/lib/jvm/java-11-openjdk-amd64/lib/libnio.so
7f4c1a72b000-7f4c1a92a000 ---p 00010000 08:02 676443                     /usr/lib/jvm/java-11-openjdk-amd64/lib/libnio.so
7f4c1a92a000-7f4c1a92b000 r--p 0000f000 08:02 676443                     /usr/lib/jvm/java-11-openjdk-amd64/lib/libnio.so
7f4c1a92b000-7f4c1a92c000 rw-p 00010000 08:02 676443                     /usr/lib/jvm/java-11-openjdk-amd64/lib/libnio.so
7f4c1a92c000-7f4c1a930000 ---p 00000000 00:00 0 
7f4c1a930000-7f4c1aa2d000 rw-p 00000000 00:00 0 
7f4c1aa2d000-7f4c1aa31000 ---p 00000000 00:00 0 
7f4c1aa31000-7f4c1ab2e000 rw-p 00000000 00:00 0 
7f4c1ab2e000-7f4c1ab32000 ---p 00000000 00:00 0 
7f4c1ab32000-7f4c1ac2f000 rw-p 00000000 00:00 0 
7f4c1ac2f000-7f4c1ac33000 ---p 00000000 00:00 0 
7f4c1ac33000-7f4c1ad30000 rw-p 00000000 00:00 0 
7f4c1ad30000-7f4c1ad34000 ---p 00000000 00:00 0 
7f4c1ad34000-7f4c1ae31000 rw-p 00000000 00:00 0 
7f4c1ae31000-7f4c1b800000 r--p 00000000 08:02 660012                     /usr/lib/locale/locale-archive
7f4c1b800000-7f4c1c000000 rw-p 00000000 00:00 0 
7f4c1c000000-7f4c1c148000 rw-p 00000000 00:00 0 
7f4c1c148000-7f4c20000000 ---p 00000000 00:00 0 
7f4c20000000-7f4c20021000 rw-p 00000000 00:00 0 
7f4c20021000-7f4c24000000 ---p 00000000 00:00 0 
7f4c24000000-7f4c24021000 rw-p 00000000 00:00 0 
7f4c24021000-7f4c28000000 ---p 00000000 00:00 0 
7f4c280af000-7f4c280b3000 ---p 00000000 00:00 0 
7f4c280b3000-7f4c2a45c000 rw-p 00000000 00:00 0 
7f4c2a45c000-7f4c2bff8000 ---p 00000000 00:00 0 
7f4c2bff8000-7f4c2c000000 rw-p 00000000 00:00 0 
7f4c2c000000-7f4c2c073000 rw-p 00000000 00:00 0 
7f4c2c073000-7f4c30000000 ---p 00000000 00:00 0 
7f4c300ae000-7f4c300b2000 ---p 00000000 00:00 0 
7f4c300b2000-7f4c301af000 rw-p 00000000 00:00 0 
7f4c301af000-7f4c301b0000 ---p 00000000 00:00 0 
7f4c301b0000-7f4c30332000 rw-p 00000000 00:00 0 
7f4c30332000-7f4c30333000 ---p 00000000 00:00 0 
7f4c30333000-7f4c30434000 rw-p 00000000 00:00 0 
7f4c30434000-7f4c30435000 ---p 00000000 00:00 0 
7f4c30435000-7f4c3093a000 rw-p 00000000 00:00 0 
7f4c3093a000-7f4c3093b000 ---p 00000000 00:00 0 
7f4c3093b000-7f4c30a3c000 rw-p 00000000 00:00 0 
7f4c30a3c000-7f4c30a3d000 ---p 00000000 00:00 0 
7f4c30a3d000-7f4c30dea000 rw-p 00000000 00:00 0 
7f4c30dea000-7f4c32986000 ---p 00000000 00:00 0 
7f4c32986000-7f4c329e4000 rw-p 00000000 00:00 0 
7f4c329e4000-7f4c32d57000 ---p 00000000 00:00 0 
7f4c32d57000-7f4c32dae000 rw-p 00000000 00:00 0 
7f4c32dae000-7f4c33121000 ---p 00000000 00:00 0 
7f4c33121000-7f4c33178000 rw-p 00000000 00:00 0 
7f4c33178000-7f4c334eb000 ---p 00000000 00:00 0 
7f4c334eb000-7f4c33929000 rw-p 00000000 00:00 0 
7f4c33929000-7f4c33ac3000 ---p 00000000 00:00 0 
7f4c33ac3000-7f4c33d33000 rwxp 00000000 00:00 0 
7f4c33d33000-7f4c3416a000 ---p 00000000 00:00 0 
7f4c3416a000-7f4c35d7a000 rwxp 00000000 00:00 0 
7f4c35d7a000-7f4c42ac3000 ---p 00000000 00:00 0 
7f4c42ac3000-7f4c4b185000 r--s 00000000 08:02 676452                     /usr/lib/jvm/java-11-openjdk-amd64/lib/modules
7f4c4b185000-7f4c4b18a000 r-xp 00000000 08:02 676434                     /usr/lib/jvm/java-11-openjdk-amd64/lib/libjimage.so
7f4c4b18a000-7f4c4b389000 ---p 00005000 08:02 676434                     /usr/lib/jvm/java-11-openjdk-amd64/lib/libjimage.so
7f4c4b389000-7f4c4b38a000 r--p 00004000 08:02 676434                     /usr/lib/jvm/java-11-openjdk-amd64/lib/libjimage.so
7f4c4b38a000-7f4c4b38b000 rw-p 00005000 08:02 676434                     /usr/lib/jvm/java-11-openjdk-amd64/lib/libjimage.so
7f4c4b38b000-7f4c4b392000 r-xp 00000000 08:02 676451                     /usr/lib/jvm/java-11-openjdk-amd64/lib/libzip.so
7f4c4b392000-7f4c4b591000 ---p 00007000 08:02 676451                     /usr/lib/jvm/java-11-openjdk-amd64/lib/libzip.so
7f4c4b591000-7f4c4b592000 r--p 00006000 08:02 676451                     /usr/lib/jvm/java-11-openjdk-amd64/lib/libzip.so
7f4c4b592000-7f4c4b593000 rw-p 00007000 08:02 676451                     /usr/lib/jvm/java-11-openjdk-amd64/lib/libzip.so
7f4c4b593000-7f4c4b59e000 r-xp 00000000 08:02 397769                     /lib/x86_64-linux-gnu/libnss_files-2.27.so
7f4c4b59e000-7f4c4b79d000 ---p 0000b000 08:02 397769                     /lib/x86_64-linux-gnu/libnss_files-2.27.so
7f4c4b79d000-7f4c4b79e000 r--p 0000a000 08:02 397769                     /lib/x86_64-linux-gnu/libnss_files-2.27.so
7f4c4b79e000-7f4c4b79f000 rw-p 0000b000 08:02 397769                     /lib/x86_64-linux-gnu/libnss_files-2.27.so
7f4c4b79f000-7f4c4b7a5000 rw-p 00000000 00:00 0 
7f4c4b7a5000-7f4c4b7bc000 r-xp 00000000 08:02 397763                     /lib/x86_64-linux-gnu/libnsl-2.27.so
7f4c4b7bc000-7f4c4b9bb000 ---p 00017000 08:02 397763                     /lib/x86_64-linux-gnu/libnsl-2.27.so
7f4c4b9bb000-7f4c4b9bc000 r--p 00016000 08:02 397763                     /lib/x86_64-linux-gnu/libnsl-2.27.so
7f4c4b9bc000-7f4c4b9bd000 rw-p 00017000 08:02 397763                     /lib/x86_64-linux-gnu/libnsl-2.27.so
7f4c4b9bd000-7f4c4b9bf000 rw-p 00000000 00:00 0 
7f4c4b9bf000-7f4c4b9ca000 r-xp 00000000 08:02 397780                     /lib/x86_64-linux-gnu/libnss_nis-2.27.so
7f4c4b9ca000-7f4c4bbc9000 ---p 0000b000 08:02 397780                     /lib/x86_64-linux-gnu/libnss_nis-2.27.so
7f4c4bbc9000-7f4c4bbca000 r--p 0000a000 08:02 397780                     /lib/x86_64-linux-gnu/libnss_nis-2.27.so
7f4c4bbca000-7f4c4bbcb000 rw-p 0000b000 08:02 397780                     /lib/x86_64-linux-gnu/libnss_nis-2.27.so
7f4c4bbcb000-7f4c4bbd3000 r-xp 00000000 08:02 397765                     /lib/x86_64-linux-gnu/libnss_compat-2.27.so
7f4c4bbd3000-7f4c4bdd3000 ---p 00008000 08:02 397765                     /lib/x86_64-linux-gnu/libnss_compat-2.27.so
7f4c4bdd3000-7f4c4bdd4000 r--p 00008000 08:02 397765                     /lib/x86_64-linux-gnu/libnss_compat-2.27.so
7f4c4bdd4000-7f4c4bdd5000 rw-p 00009000 08:02 397765                     /lib/x86_64-linux-gnu/libnss_compat-2.27.so
7f4c4bdd5000-7f4c4bdfe000 r-xp 00000000 08:02 676430                     /usr/lib/jvm/java-11-openjdk-amd64/lib/libjava.so
7f4c4bdfe000-7f4c4bffd000 ---p 00029000 08:02 676430                     /usr/lib/jvm/java-11-openjdk-amd64/lib/libjava.so
7f4c4bffd000-7f4c4bffe000 r--p 00028000 08:02 676430                     /usr/lib/jvm/java-11-openjdk-amd64/lib/libjava.so
7f4c4bffe000-7f4c4c000000 rw-p 00029000 08:02 676430                     /usr/lib/jvm/java-11-openjdk-amd64/lib/libjava.so
7f4c4c000000-7f4c4c8eb000 rw-p 00000000 00:00 0 
7f4c4c8eb000-7f4c50000000 ---p 00000000 00:00 0 
7f4c5003a000-7f4c500c6000 rw-p 00000000 00:00 0 
7f4c500c6000-7f4c500c7000 ---p 00000000 00:00 0 
7f4c500c7000-7f4c501c8000 rw-p 00000000 00:00 0 
7f4c501c8000-7f4c501d5000 r-xp 00000000 08:02 676450                     /usr/lib/jvm/java-11-openjdk-amd64/lib/libverify.so
7f4c501d5000-7f4c503d4000 ---p 0000d000 08:02 676450                     /usr/lib/jvm/java-11-openjdk-amd64/lib/libverify.so
7f4c503d4000-7f4c503d6000 r--p 0000c000 08:02 676450                     /usr/lib/jvm/java-11-openjdk-amd64/lib/libverify.so
7f4c503d6000-7f4c503d7000 rw-p 0000e000 08:02 676450                     /usr/lib/jvm/java-11-openjdk-amd64/lib/libverify.so
7f4c503d7000-7f4c503de000 r-xp 00000000 08:02 397820                     /lib/x86_64-linux-gnu/librt-2.27.so
7f4c503de000-7f4c505dd000 ---p 00007000 08:02 397820                     /lib/x86_64-linux-gnu/librt-2.27.so
7f4c505dd000-7f4c505de000 r--p 00006000 08:02 397820                     /lib/x86_64-linux-gnu/librt-2.27.so
7f4c505de000-7f4c505df000 rw-p 00007000 08:02 397820                     /lib/x86_64-linux-gnu/librt-2.27.so
7f4c505df000-7f4c505f6000 r-xp 00000000 08:02 397503                     /lib/x86_64-linux-gnu/libgcc_s.so.1
7f4c505f6000-7f4c507f5000 ---p 00017000 08:02 397503                     /lib/x86_64-linux-gnu/libgcc_s.so.1
7f4c507f5000-7f4c507f6000 r--p 00016000 08:02 397503                     /lib/x86_64-linux-gnu/libgcc_s.so.1
7f4c507f6000-7f4c507f7000 rw-p 00017000 08:02 397503                     /lib/x86_64-linux-gnu/libgcc_s.so.1
7f4c507f7000-7f4c50994000 r-xp 00000000 08:02 397742                     /lib/x86_64-linux-gnu/libm-2.27.so
7f4c50994000-7f4c50b93000 ---p 0019d000 08:02 397742                     /lib/x86_64-linux-gnu/libm-2.27.so
7f4c50b93000-7f4c50b94000 r--p 0019c000 08:02 397742                     /lib/x86_64-linux-gnu/libm-2.27.so
7f4c50b94000-7f4c50b95000 rw-p 0019d000 08:02 397742                     /lib/x86_64-linux-gnu/libm-2.27.so
7f4c50b95000-7f4c50d0e000 r-xp 00000000 08:02 653459                     /usr/lib/x86_64-linux-gnu/libstdc++.so.6.0.25
7f4c50d0e000-7f4c50f0e000 ---p 00179000 08:02 653459                     /usr/lib/x86_64-linux-gnu/libstdc++.so.6.0.25
7f4c50f0e000-7f4c50f18000 r--p 00179000 08:02 653459                     /usr/lib/x86_64-linux-gnu/libstdc++.so.6.0.25
7f4c50f18000-7f4c50f1a000 rw-p 00183000 08:02 653459                     /usr/lib/x86_64-linux-gnu/libstdc++.so.6.0.25
7f4c50f1a000-7f4c50f1e000 rw-p 00000000 00:00 0 
7f4c50f1e000-7f4c51ff2000 r-xp 00000000 08:02 676455                     /usr/lib/jvm/java-11-openjdk-amd64/lib/server/libjvm.so
7f4c51ff2000-7f4c521f2000 ---p 010d4000 08:02 676455                     /usr/lib/jvm/java-11-openjdk-amd64/lib/server/libjvm.so
7f4c521f2000-7f4c522af000 r--p 010d4000 08:02 676455                     /usr/lib/jvm/java-11-openjdk-amd64/lib/server/libjvm.so
7f4c522af000-7f4c522e8000 rw-p 01191000 08:02 676455                     /usr/lib/jvm/java-11-openjdk-amd64/lib/server/libjvm.so
7f4c522e8000-7f4c5233f000 rw-p 00000000 00:00 0 
7f4c5233f000-7f4c52359000 r-xp 00000000 08:02 397812                     /lib/x86_64-linux-gnu/libpthread-2.27.so
7f4c52359000-7f4c52558000 ---p 0001a000 08:02 397812                     /lib/x86_64-linux-gnu/libpthread-2.27.so
7f4c52558000-7f4c52559000 r--p 00019000 08:02 397812                     /lib/x86_64-linux-gnu/libpthread-2.27.so
7f4c52559000-7f4c5255a000 rw-p 0001a000 08:02 397812                     /lib/x86_64-linux-gnu/libpthread-2.27.so
7f4c5255a000-7f4c5255e000 rw-p 00000000 00:00 0 
7f4c5255e000-7f4c52561000 r-xp 00000000 08:02 397702                     /lib/x86_64-linux-gnu/libdl-2.27.so
7f4c52561000-7f4c52760000 ---p 00003000 08:02 397702                     /lib/x86_64-linux-gnu/libdl-2.27.so
7f4c52760000-7f4c52761000 r--p 00002000 08:02 397702                     /lib/x86_64-linux-gnu/libdl-2.27.so
7f4c52761000-7f4c52762000 rw-p 00003000 08:02 397702                     /lib/x86_64-linux-gnu/libdl-2.27.so
7f4c52762000-7f4c5277e000 r-xp 00000000 08:02 397851                     /lib/x86_64-linux-gnu/libz.so.1.2.11
7f4c5277e000-7f4c5297d000 ---p 0001c000 08:02 397851                     /lib/x86_64-linux-gnu/libz.so.1.2.11
7f4c5297d000-7f4c5297e000 r--p 0001b000 08:02 397851                     /lib/x86_64-linux-gnu/libz.so.1.2.11
7f4c5297e000-7f4c5297f000 rw-p 0001c000 08:02 397851                     /lib/x86_64-linux-gnu/libz.so.1.2.11
7f4c5297f000-7f4c52b66000 r-xp 00000000 08:02 397679                     /lib/x86_64-linux-gnu/libc-2.27.so
7f4c52b66000-7f4c52d66000 ---p 001e7000 08:02 397679                     /lib/x86_64-linux-gnu/libc-2.27.so
7f4c52d66000-7f4c52d6a000 r--p 001e7000 08:02 397679                     /lib/x86_64-linux-gnu/libc-2.27.so
7f4c52d6a000-7f4c52d6c000 rw-p 001eb000 08:02 397679                     /lib/x86_64-linux-gnu/libc-2.27.so
7f4c52d6c000-7f4c52d70000 rw-p 00000000 00:00 0 
7f4c52d70000-7f4c52d80000 r-xp 00000000 08:02 676412                     /usr/lib/jvm/java-11-openjdk-amd64/lib/jli/libjli.so
7f4c52d80000-7f4c52f7f000 ---p 00010000 08:02 676412                     /usr/lib/jvm/java-11-openjdk-amd64/lib/jli/libjli.so
7f4c52f7f000-7f4c52f80000 r--p 0000f000 08:02 676412                     /usr/lib/jvm/java-11-openjdk-amd64/lib/jli/libjli.so
7f4c52f80000-7f4c52f81000 rw-p 00010000 08:02 676412                     /usr/lib/jvm/java-11-openjdk-amd64/lib/jli/libjli.so
7f4c52f81000-7f4c52fa8000 r-xp 00000000 08:02 397651                     /lib/x86_64-linux-gnu/ld-2.27.so
7f4c52fd6000-7f4c53081000 rw-p 00000000 00:00 0 
7f4c53081000-7f4c53085000 ---p 00000000 00:00 0 
7f4c53085000-7f4c53184000 rw-p 00000000 00:00 0 
7f4c5318e000-7f4c53193000 rw-p 00000000 00:00 0 
7f4c53193000-7f4c5319c000 ---p 00000000 00:00 0 
7f4c5319c000-7f4c531a4000 rw-s 00000000 08:02 1310087                    /tmp/hsperfdata_rumit/22998
7f4c531a4000-7f4c531a5000 ---p 00000000 00:00 0 
7f4c531a5000-7f4c531a6000 r--p 00000000 00:00 0 
7f4c531a6000-7f4c531a8000 rw-p 00000000 00:00 0 
7f4c531a8000-7f4c531a9000 r--p 00027000 08:02 397651                     /lib/x86_64-linux-gnu/ld-2.27.so
7f4c531a9000-7f4c531aa000 rw-p 00028000 08:02 397651                     /lib/x86_64-linux-gnu/ld-2.27.so
7f4c531aa000-7f4c531ab000 rw-p 00000000 00:00 0 
7fffaa247000-7fffaa26a000 rw-p 00000000 00:00 0                          [stack]
7fffaa3df000-7fffaa3e2000 r--p 00000000 00:00 0                          [vvar]
7fffaa3e2000-7fffaa3e3000 r-xp 00000000 00:00 0                          [vdso]
ffffffffff600000-ffffffffff601000 --xp 00000000 00:00 0                  [vsyscall]


VM Arguments:
jvm_args: -Dcom.sun.management.jmxremote -Dcom.sun.management.jmxremote.port=39695 -Dcom.sun.management.jmxremote.authenticate=false -Dcom.sun.management.jmxremote.ssl=false -Djava.rmi.server.hostname=localhost -Dspring.jmx.enabled=true -Dspring.liveBeansView.mbeanDomain -Dspring.application.admin.enabled=true -Djava.security.egd=file:/dev/./urandom -Xverify:none -XX:TieredStopAtLevel=1 -Dspring.boot.project.name=AMS3 -Dfile.encoding=UTF-8 
java_command: com.AMS.AMS --spring.output.ansi.enabled=always
java_class_path (initial): /home/rumit/workspace-sts-3.9.11.RELEASE/AMS3/target/classes:/home/rumit/.m2/repository/org/springframework/boot/spring-boot-starter-data-jpa/2.1.0.RELEASE/spring-boot-starter-data-jpa-2.1.0.RELEASE.jar:/home/rumit/.m2/repository/org/springframework/boot/spring-boot-starter-aop/2.1.0.RELEASE/spring-boot-starter-aop-2.1.0.RELEASE.jar:/home/rumit/.m2/repository/org/springframework/spring-aop/5.1.2.RELEASE/spring-aop-5.1.2.RELEASE.jar:/home/rumit/.m2/repository/org/aspectj/aspectjweaver/1.9.2/aspectjweaver-1.9.2.jar:/home/rumit/.m2/repository/org/springframework/boot/spring-boot-starter-jdbc/2.1.0.RELEASE/spring-boot-starter-jdbc-2.1.0.RELEASE.jar:/home/rumit/.m2/repository/com/zaxxer/HikariCP/3.2.0/HikariCP-3.2.0.jar:/home/rumit/.m2/repository/org/springframework/spring-jdbc/5.1.2.RELEASE/spring-jdbc-5.1.2.RELEASE.jar:/home/rumit/.m2/repository/javax/transaction/javax.transaction-api/1.3/javax.transaction-api-1.3.jar:/home/rumit/.m2/repository/javax/xml/bind/jaxb-api/2.3.1/jaxb-api-2.3.1.jar:/home/rumit/.m2/repository/org/springframework/data/spring-data-jpa/2.1.2.RELEASE/spring-data-jpa-2.1.2.RELEASE.jar:/home/rumit/.m2/repository/org/springframework/data/spring-data-commons/2.1.2.RELEASE/spring-data-commons-2.1.2.RELEASE.jar:/home/rumit/.m2/repository/org/springframework/spring-orm/5.1.2.RELEASE/spring-orm-5.1.2.RELEASE.jar:/home/rumit/.m2/repository/org/springframework/spring-context/5.1.2.RELEASE/spring-context-5.1.2.RELEASE.jar:/home/rumit/.m2/repository/org/springframework/spring-tx/5.1.2.RELEASE/spring-tx-5.1.2.RELEASE.jar:/home/rumit/.m2/repository/org/springframework/spring-beans/5.1.2.RELEASE/spring-beans-5.1.2.RELEASE.jar:/home/rumit/.m2/repository/org/slf4j/slf4j-api/1.7.25/slf4j-api-1.7.25.jar:/home/rumit/.m2/repository/org/springframework/spring-aspects/5.1.2.RELEASE/spring-aspects-5.1.2.RELEASE.jar:/home/rumit/.m2/repository/org/apache/tomcat/tomcat-jasper/9.0.30/tomcat-jasper-9.0.30.jar:/home/rumit/.m2/repository/org/apache
Launcher Type: SUN_STANDARD

[Global flags]
     bool BytecodeVerificationLocal                = false                                     {product} {command line}
     bool BytecodeVerificationRemote               = false                                     {product} {command line}
     intx CICompilerCount                          = 3                                         {product} {ergonomic}
     uint ConcGCThreads                            = 1                                         {product} {ergonomic}
     uint G1ConcRefinementThreads                  = 4                                         {product} {ergonomic}
   size_t G1HeapRegionSize                         = 1048576                                   {product} {ergonomic}
    uintx GCDrainStackTargetSize                   = 64                                        {product} {ergonomic}
   size_t InitialHeapSize                          = 127926272                                 {product} {ergonomic}
     bool ManagementServer                         = true                                      {product} {command line}
   size_t MarkStackSize                            = 4194304                                   {product} {ergonomic}
   size_t MaxHeapSize                              = 2034237440                                {product} {ergonomic}
   size_t MaxNewSize                               = 1220542464                                {product} {ergonomic}
   size_t MinHeapDeltaBytes                        = 1048576                                   {product} {ergonomic}
    uintx NonNMethodCodeHeapSize                   = 6973028                                {pd product} {ergonomic}
    uintx NonProfiledCodeHeapSize                  = 244685212                              {pd product} {ergonomic}
    uintx ProfiledCodeHeapSize                     = 0                                      {pd product} {ergonomic}
    uintx ReservedCodeCacheSize                    = 251658240                              {pd product} {ergonomic}
     bool SegmentedCodeCache                       = true                                      {product} {ergonomic}
     intx TieredStopAtLevel                        = 1                                         {product} {command line}
     bool UseCompressedClassPointers               = true                                 {lp64_product} {ergonomic}
     bool UseCompressedOops                        = true                                 {lp64_product} {ergonomic}
     bool UseG1GC                                  = true                                      {product} {ergonomic}

Logging:
Log output configuration:
 #0: stdout all=warning uptime,level,tags
 #1: stderr all=off uptime,level,tags

Environment Variables:
PATH=/usr/local/sbin:/usr/local/bin:/usr/sbin:/usr/bin:/sbin:/bin:/usr/games:/usr/local/games:/snap/bin
USERNAME=rumit
SHELL=/bin/bash
DISPLAY=:0

Signal Handlers:
SIGSEGV: [libjvm.so+0xdeda70], sa_mask[0]=11111111011111111101111111111110, sa_flags=SA_RESTART|SA_SIGINFO
SIGBUS: [libjvm.so+0xdeda70], sa_mask[0]=11111111011111111101111111111110, sa_flags=SA_RESTART|SA_SIGINFO
SIGFPE: [libjvm.so+0xdeda70], sa_mask[0]=11111111011111111101111111111110, sa_flags=SA_RESTART|SA_SIGINFO
SIGPIPE: [libjvm.so+0xbc3040], sa_mask[0]=11111111011111111101111111111110, sa_flags=SA_RESTART|SA_SIGINFO
SIGXFSZ: [libjvm.so+0xbc3040], sa_mask[0]=11111111011111111101111111111110, sa_flags=SA_RESTART|SA_SIGINFO
SIGILL: [libjvm.so+0xdeda70], sa_mask[0]=11111111011111111101111111111110, sa_flags=SA_RESTART|SA_SIGINFO
SIGUSR2: [libjvm.so+0xbc2ee0], sa_mask[0]=00100000000000000000000000000000, sa_flags=SA_RESTART|SA_SIGINFO
SIGHUP: [libjvm.so+0xbc3240], sa_mask[0]=11111111011111111101111111111110, sa_flags=SA_RESTART|SA_SIGINFO
SIGINT: [libjvm.so+0xbc3240], sa_mask[0]=11111111011111111101111111111110, sa_flags=SA_RESTART|SA_SIGINFO
SIGTERM: [libjvm.so+0xbc3240], sa_mask[0]=11111111011111111101111111111110, sa_flags=SA_RESTART|SA_SIGINFO
SIGQUIT: [libjvm.so+0xbc3240], sa_mask[0]=11111111011111111101111111111110, sa_flags=SA_RESTART|SA_SIGINFO


---------------  S Y S T E M  ---------------

OS:DISTRIB_ID=Ubuntu
DISTRIB_RELEASE=18.04
DISTRIB_CODENAME=bionic
DISTRIB_DESCRIPTION="Ubuntu 18.04.3 LTS"
uname:Linux 5.3.0-26-generic #28~18.04.1-Ubuntu SMP Wed Dec 18 16:40:14 UTC 2019 x86_64
libc:glibc 2.27 NPTL 2.27 
rlimit: STACK 8192k, CORE 0k, NPROC 30843, NOFILE 4096, AS infinity, DATA infinity, FSIZE infinity
load average:2.22 1.83 3.67

/proc/meminfo:
MemTotal:        7943188 kB
MemFree:         2585560 kB
MemAvailable:    3389800 kB
Buffers:           59296 kB
Cached:          1270788 kB
SwapCached:       304620 kB
Active:          3525532 kB
Inactive:        1499492 kB
Active(anon):    3148660 kB
Inactive(anon):   865396 kB
Active(file):     376872 kB
Inactive(file):   634096 kB
Unevictable:       42200 kB
Mlocked:             200 kB
SwapTotal:      15999996 kB
SwapFree:       15293864 kB
Dirty:               916 kB
Writeback:             0 kB
AnonPages:       3647336 kB
Mapped:           580508 kB
Shmem:            319888 kB
KReclaimable:      67012 kB
Slab:             136124 kB
SReclaimable:      67012 kB
SUnreclaim:        69112 kB
KernelStack:       16720 kB
PageTables:        77940 kB
NFS_Unstable:          0 kB
Bounce:                0 kB
WritebackTmp:          0 kB
CommitLimit:    19971588 kB
Committed_AS:   13620148 kB
VmallocTotal:   34359738367 kB
VmallocUsed:       31492 kB
VmallocChunk:          0 kB
Percpu:             5760 kB
HardwareCorrupted:     0 kB
AnonHugePages:         0 kB
ShmemHugePages:        0 kB
ShmemPmdMapped:        0 kB
CmaTotal:              0 kB
CmaFree:               0 kB
HugePages_Total:       0
HugePages_Free:        0
HugePages_Rsvd:        0
HugePages_Surp:        0
Hugepagesize:       2048 kB
Hugetlb:               0 kB
DirectMap4k:      290524 kB
DirectMap2M:     7890944 kB


/proc/sys/kernel/threads-max (system-wide limit on the number of threads):
61687


/proc/sys/vm/max_map_count (maximum number of memory map areas a process may have):
65530


/proc/sys/kernel/pid_max (system-wide limit on number of process identifiers):
32768



container (cgroup) information:
container_type: cgroupv1
cpu_cpuset_cpus: 0-3
cpu_memory_nodes: 0
active_processor_count: 4
cpu_quota: -1
cpu_period: 100000
cpu_shares: -1
memory_limit_in_bytes: -1
memory_and_swap_limit_in_bytes: -2
memory_soft_limit_in_bytes: -1
memory_usage_in_bytes: 5155254272
memory_max_usage_in_bytes: 62918656

Steal ticks since vm start: 0
Steal ticks percentage since vm start:  0.000

CPU:total 4 (initial active 4) (2 cores per cpu, 2 threads per core) family 6 model 37 stepping 5, cmov, cx8, fxsr, mmx, sse, sse2, sse3, ssse3, sse4.1, sse4.2, popcnt, ht, tsc, tscinvbit
CPU Model and flags from /proc/cpuinfo:
model name	: Intel(R) Core(TM) i3 CPU         540  @ 3.07GHz
flags		: fpu vme de pse tsc msr pae mce cx8 apic sep mtrr pge mca cmov pat pse36 clflush dts acpi mmx fxsr sse sse2 ht tm pbe syscall nx rdtscp lm constant_tsc arch_perfmon pebs bts rep_good nopl xtopology nonstop_tsc cpuid aperfmperf pni dtes64 monitor ds_cpl vmx est tm2 ssse3 cx16 xtpr pdcm pcid sse4_1 sse4_2 popcnt lahf_lm pti ssbd ibrs ibpb stibp tpr_shadow vnmi flexpriority ept vpid dtherm arat flush_l1d

Memory: 4k page, physical 7943188k(2585560k free), swap 15999996k(15293864k free)

vm_info: OpenJDK 64-Bit Server VM (11.0.5+10-post-Ubuntu-0ubuntu1.118.04) for linux-amd64 JRE (11.0.5+10-post-Ubuntu-0ubuntu1.118.04), built on Oct 16 2019 22:01:07 by "buildd" with gcc 7.4.0

END.
